16.92
16.8
16.8
16.8
16.8
16.92
16.8
16.8
20.16
22.44
22.56
22.44
22.44
22.56
22.44
22.56
23.04
25.8
25.8
25.8
25.8
25.8
25.92
25.8
25.8
25.8
27.24
33.0
33.12
33.0
33.12
33.0
33.12
33.0
33.12
33.0
31.08
23.52
23.52
23.52
23.64
23.52
23.52
23.52
23.52
28.44
29.76
29.76
29.76
29.76
29.88
29.76
29.76
29.76
29.88
31.56
32.04
32.16
32.04
32.16
32.04
32.16
32.04
32.16
32.04
31.56
31.44
31.56
31.44
31.44
31.56
31.44
31.44
31.56
31.44
32.88
33.24
33.36
33.24
33.36
33.24
33.36
33.36
33.24
33.36
34.8
35.28
35.28
35.28
35.28
35.28
35.28
35.28
35.28
35.28
32.04
31.32
31.32
31.32
31.2
31.32
31.32
31.32
31.2
31.32
28.08
27.12
27.24
27.12
27.24
27.12
27.24
27.24
27.12
27.24
30.12
31.08
31.08
31.08
31.08
31.2
31.08
31.08
31.08
31.08
32.4
33.0
33.0
32.88
33.0
32.88
33.0
33.0
32.88
33.0
36.0
36.96
36.96
36.96
36.96
36.84
36.96
36.96
36.96
36.96
42.24
43.56
43.68
43.68
43.56
43.68
43.68
43.56
43.68
43.56
45.48
45.84
45.96
45.84
45.84
45.96
45.84
45.96
45.84
45.96
44.04
43.56
43.68
43.56
43.68
43.56
43.68
43.56
43.68
43.68
39.6
38.52
38.64
38.52
38.64
38.52
38.64
38.52
38.64
38.52
36.24
35.52
35.52
35.64
35.52
35.52
35.64
35.52
35.52
35.64
40.68
42.24
42.24
42.12
42.24
42.24
42.12
42.24
42.24
42.12
38.88
38.04
38.04
38.04
38.04
38.04
38.04
38.04
38.04
38.04
41.64
42.6
42.6
42.6
42.6
42.6
42.6
42.6
42.6
42.6
39.6
38.88
38.88
38.88
38.88
38.88
38.88
38.88
38.88
38.88
27.96
25.08
25.08
25.08
25.08
25.08
25.08
25.08
25.08
25.08
30.36
31.92
31.92
31.8
31.92
31.92
31.8
31.92
31.92
31.92
33.12
33.6
33.6
33.72
33.6
33.6
33.6
33.72
33.6
33.6
41.4
43.44
43.44
43.44
43.44
43.44
43.56
43.44
43.44
43.44
42.96
42.96
42.96
42.96
42.96
42.96
42.96
42.96
42.96
42.96
23.4
18.24
18.24
18.24
18.24
18.24
18.12
18.24
21.0
25.2
25.32
25.2
25.32
25.32
25.2
25.32
25.2
25.32
28.08
32.4
32.52
32.4
32.52
32.4
32.52
32.4
32.52
32.4
30.6
27.84
27.84
27.96
27.84
27.84
27.84
27.84
27.96
27.84
24.6
19.56
19.68
19.56
19.56
19.56
19.56
19.56
19.68
29.28
29.64
29.52
29.52
29.64
29.52
29.52
29.64
29.52
29.52
17.52
17.4
17.4
17.4
17.28
17.4
17.4
17.4
16.68
16.08
16.2
16.08
16.2
16.08
16.2
16.08
17.52
24.6
24.6
24.48
24.6
24.6
24.48
24.6
24.6
24.6
24.12
22.92
22.92
22.92
22.92
22.92
22.92
22.92
22.92
20.28
19.56
19.56
19.56
19.56
19.56
19.56
19.56
19.56
19.8
19.8
19.92
19.8
19.8
19.92
19.8
19.8
30.24
30.96
30.96
30.96
30.96
30.84
30.96
30.96
30.96
30.96
28.56
28.44
28.56
28.44
28.44
28.44
28.44
28.44
28.44
28.44
17.52
16.8
16.92
16.92
16.92
16.8
16.92
16.92
18.36
19.92
19.8
19.92
19.92
19.8
19.92
19.92
20.64
26.52
26.52
26.52
26.52
26.52
26.52
26.4
26.52
26.52
27.6
34.92
34.92
34.8
34.92
34.92
34.8
34.92
34.92
34.8
31.68
12.36
12.24
12.36
12.36
12.36
12.36
12.24
12.36
15.12
16.08
16.08
16.08
16.08
16.08
16.08
16.08
14.4
11.64
11.64
11.52
11.64
11.64
11.52
11.64
11.64
8.04
7.92
7.92
7.92
7.92
7.92
8.04
7.92
18.6
27.84
27.72
27.84
27.84
27.84
27.84
27.84
27.72
27.84
24.36
21.48
21.48
21.48
21.48
21.48
21.48
21.48
21.96
26.28
26.28
26.28
26.28
26.28
26.28
26.28
26.28
26.28
26.04
24.36
24.36
24.36
24.36
24.36
24.24
24.36
24.36
24.36
24.0
21.84
21.72
21.72
21.72
21.72
21.72
21.72
21.72
37.8
45.12
45.12
45.12
45.12
45.24
45.12
45.12
45.12
45.12
40.68
38.76
38.64
38.76
38.64
38.64
38.76
38.64
38.76
38.64
34.56
32.76
32.64
32.76
32.76
32.76
32.64
32.76
32.76
32.76
31.68
31.44
31.44
31.32
31.44
31.44
31.32
31.44
31.44
31.32
27.36
25.44
25.44
25.44
25.44
25.44
25.44
25.44
25.44
25.44
34.2
38.16
38.04
38.16
38.16
38.16
38.04
38.16
38.16
38.16
43.92
46.8
46.8
46.8
46.8
46.68
46.8
46.8
46.8
46.8
32.28
26.16
26.04
26.04
26.04
26.04
26.04
26.16
26.04
26.04
24.6
24.0
24.0
24.0
24.0
24.12
24.0
24.0
24.0
24.0
16.68
13.68
13.56
13.56
13.56
13.56
13.56
13.56
13.56
13.68
13.8
13.8
13.68
13.8
13.68
13.8
13.68
17.4
17.88
17.88
17.88
17.88
17.88
17.88
17.88
15.72
13.56
13.44
13.56
13.56
13.56
13.56
13.44
14.52
24.84
24.84
24.84
24.72
24.84
24.84
24.84
24.84
24.84
24.72
25.08
25.08
25.08
24.96
25.08
25.08
25.08
24.96
25.08
27.12
48.36
48.36
48.24
48.36
48.36
48.36
48.36
48.36
48.36
47.4
39.84
39.84
39.84
39.84
39.84
39.84
39.84
39.84
39.84
36.84
7.2
7.32
7.2
7.2
7.32
7.2
7.2
7.2
22.44
29.16
29.28
29.16
29.28
29.16
29.28
29.28
29.16
29.28
48.36
57.12
57.12
57.24
57.12
57.12
57.12
57.12
57.12
57.12
51.36
48.72
48.84
48.72
48.72
48.84
48.72
48.72
48.84
48.72
47.28
46.56
46.68
46.56
46.68
46.56
46.68
46.56
46.68
46.56
30.6
23.52
23.52
23.52
23.52
23.4
23.52
23.52
29.28
43.56
43.56
43.56
43.56
43.56
43.44
43.56
43.56
43.56
46.08
52.08
52.2
52.2
52.2
52.08
52.2
52.2
52.2
52.08
48.0
37.92
37.8
37.92
37.8
37.92
37.8
37.92
37.8
37.92
36.6
33.6
33.6
33.6
33.6
33.6
33.72
33.6
33.6
33.6
31.68
27.24
27.24
27.24
27.24
27.24
27.24
27.24
27.24
27.24
32.16
44.28
44.28
44.28
44.28
44.28
44.4
44.28
44.28
44.28
43.2
40.8
40.68
40.8
40.8
40.68
40.8
40.8
40.68
40.8
41.04
42.0
42.0
42.0
42.0
42.0
42.0
42.0
42.0
42.0
42.12
42.84
42.72
42.84
42.84
42.84
42.84
42.72
42.84
42.84
40.2
33.84
33.96
33.96
33.96
33.96
33.84
33.96
33.96
33.96
35.4
39.0
39.0
39.12
39.0
39.0
39.0
39.12
39.0
39.0
43.2
53.76
53.64
53.76
53.76
53.64
53.76
53.64
53.76
53.64
53.28
52.08
52.2
52.08
52.2
52.2
52.08
52.2
52.08
52.2
49.92
44.4
44.4
44.4
44.4
44.52
44.4
44.4
44.4
44.4
39.84
28.8
28.8
28.92
28.8
28.8
28.8
28.8
28.8
28.92
30.84
36.48
36.36
36.36
36.36
36.36
36.36
36.36
36.36
36.48
40.68
51.48
51.48
51.48
51.36
51.48
51.48
51.48
51.48
51.48
46.8
35.76
35.76
35.64
35.76
35.76
35.76
35.76
35.76
35.76
36.84
39.96
39.96
40.08
39.96
39.96
39.96
39.96
39.96
40.08
36.24
27.6
27.48
27.48
27.6
27.48
27.6
27.48
27.6
27.48
30.6
38.16
38.16
38.16
38.16
38.16
38.16
38.28
38.16
38.16
42.0
51.24
51.36
51.36
51.36
51.24
51.36
51.36
51.36
51.24
49.2
43.8
43.92
43.92
43.92
43.92
43.8
43.92
43.92
43.92
42.84
40.92
40.8
40.8
40.92
40.8
40.92
40.8
40.92
40.8
39.24
35.28
35.4
35.28
35.28
35.4
35.28
35.4
35.28
35.28
33.6
29.88
29.76
29.76
29.76
29.88
29.76
29.76
29.76
29.76
36.12
51.6
51.6
51.6
51.6
51.6
51.6
51.6
51.6
51.6
47.76
38.88
38.76
38.76
38.76
38.88
38.76
38.76
38.88
38.76
39.96
43.2
43.2
43.32
43.2
43.2
43.2
43.2
43.32
43.2
36.6
20.76
20.64
20.64
20.76
20.64
20.64
20.76
20.64
33.84
35.88
35.88
36.0
35.88
35.88
36.0
35.88
35.88
35.88
38.52
39.0
39.0
39.0
39.0
39.0
39.0
39.0
39.0
39.0
37.32
37.32
37.2
37.2
37.32
37.2
37.2
37.32
37.2
37.2
41.04
41.76
41.64
41.64
41.64
41.64
41.64
41.64
41.64
41.64
31.44
29.88
29.76
29.88
29.88
29.76
29.88
29.88
29.76
29.88
34.56
35.4
35.4
35.4
35.4
35.52
35.4
35.4
35.4
35.4
42.48
43.56
43.56
43.68
43.56
43.56
43.68
43.56
43.68
43.56
31.8
30.0
30.12
30.12
30.0
30.12
30.12
30.0
30.12
30.12
29.28
29.4
29.4
29.28
29.4
29.4
29.28
29.4
29.4
29.28
27.84
27.6
27.6
27.72
27.6
27.6
27.6
27.72
27.6
27.6
36.6
38.16
38.04
38.04
38.04
38.16
38.04
38.04
38.04
38.16
33.96
33.36
33.48
33.36
33.48
33.36
33.48
33.36
33.48
33.48
22.2
20.64
20.64
20.64
20.64
20.76
20.64
20.64
29.04
39.48
39.6
39.48
39.48
39.6
39.48
39.6
39.48
39.48
36.48
32.52
32.52
32.52
32.64
32.52
32.52
32.52
32.52
32.64
32.88
33.48
33.6
33.48
33.48
33.6
33.48
33.48
33.6
33.48
31.68
29.64
29.64
29.76
29.64
29.64
29.64
29.76
29.64
29.64
29.64
29.76
29.88
29.76
29.76
29.76
29.76
29.88
29.76
29.76
38.4
49.2
49.2
49.2
49.2
49.2
49.2
49.2
49.2
49.2
43.68
37.08
37.08
37.08
37.08
37.08
36.96
37.08
37.08
37.08
34.08
30.48
30.48
30.6
30.48
30.48
30.48
30.48
30.6
30.48
40.44
52.56
52.56
52.56
52.56
52.56
52.56
52.56
52.56
52.56
51.84
51.36
51.36
51.48
51.36
51.36
51.36
51.36
51.36
51.48
50.16
48.84
48.84
48.84
48.84
48.84
48.96
48.84
48.84
48.84
45.12
40.8
40.68
40.68
40.8
40.68
40.68
40.8
40.68
40.68
33.24
24.12
24.24
24.12
24.12
24.12
24.24
24.12
24.12
24.12
36.72
51.96
52.08
51.96
52.08
51.96
52.08
51.96
52.08
51.96
52.56
53.28
53.28
53.28
53.16
53.28
53.28
53.28
53.28
53.16
43.32
31.2
31.32
31.2
31.32
31.32
31.2
31.32
31.2
31.32
27.72
23.52
23.64
23.52
23.64
23.52
23.64
23.52
23.64
23.64
23.88
23.76
23.88
23.88
23.76
23.88
23.76
23.28
22.68
22.56
22.56
22.68
22.56
22.68
22.56
22.56
17.16
16.92
16.92
16.92
16.92
16.8
16.92
16.92
13.44
10.68
10.56
10.68
10.56
10.68
10.68
10.56
10.8
12.72
12.72
12.6
12.72
12.72
12.6
12.72
12.72
9.96
9.0
9.12
9.0
9.0
9.12
9.0
9.12
8.52
7.92
7.92
7.8
7.92
7.92
7.8
7.92
7.92
13.44
13.92
14.04
13.92
14.04
13.92
14.04
13.92
19.68
24.84
24.72
24.84
24.84
24.72
24.84
24.72
24.84
24.84
26.76
28.68
28.68
28.68
28.56
28.68
28.68
28.68
28.68
28.68
31.92
35.04
35.04
35.04
35.04
35.04
35.04
35.04
35.04
35.04
34.44
33.72
33.72
33.72
33.72
33.84
33.72
33.72
33.72
33.72
29.76
26.28
26.28
26.28
26.28
26.28
26.28
26.28
26.16
26.28
24.84
23.76
23.76
23.76
23.76
23.64
23.76
23.76
23.76
21.24
20.88
20.88
20.88
21.0
20.88
20.88
20.88
22.8
25.56
25.56
25.56
25.56
25.68
25.56
25.56
25.56
25.56
29.04
33.84
33.84
33.96
33.84
33.84
33.84
33.96
33.84
33.84
30.36
25.68
25.68
25.68
25.68
25.68
25.56
25.68
25.68
25.68
26.76
28.32
28.32
28.32
28.32
28.32
28.32
28.32
28.32
28.32
28.44
28.8
28.8
28.8
28.68
28.8
28.8
28.8
28.8
28.68
28.2
27.36
27.36
27.36
27.36
27.36
27.24
27.36
27.36
27.36
36.0
48.24
48.24
48.24
48.24
48.24
48.24
48.24
48.24
48.24
46.68
44.52
44.64
44.52
44.64
44.52
44.64
44.52
44.64
44.52
45.84
47.76
47.64
47.64
47.76
47.64
47.64
47.76
47.64
47.64
44.52
40.08
40.2
40.08
40.2
40.08
40.2
40.08
40.2
40.08
31.08
18.48
18.6
18.6
18.6
18.6
18.48
18.6
18.72
37.08
37.2
37.2
37.2
37.08
37.2
37.2
37.2
37.08
37.08
27.72
27.84
27.72
27.84
27.72
27.84
27.72
27.84
27.72
27.84
28.8
28.8
28.92
28.8
28.8
28.8
28.92
28.8
28.8
28.68
21.12
21.0
21.12
21.0
21.12
21.0
21.12
21.0
18.72
17.4
17.4
17.28
17.4
17.4
17.28
17.4
19.68
29.64
29.76
29.64
29.76
29.76
29.64
29.76
29.64
29.76
28.08
21.48
21.48
21.48
21.36
21.48
21.48
21.48
21.36
18.84
18.24
18.24
18.12
18.24
18.24
18.12
18.24
19.56
22.32
22.2
22.32
22.2
22.32
22.32
22.2
22.32
29.16
30.0
29.88
30.0
30.0
30.0
29.88
30.0
30.0
30.0
18.96
18.0
18.0
18.0
18.0
18.0
18.0
18.0
19.44
21.0
21.0
21.0
21.12
21.0
21.0
21.0
20.76
19.2
19.2
19.08
19.2
19.2
19.2
19.08
19.2
26.04
29.28
29.28
29.28
29.28
29.28
29.4
29.28
29.28
29.28
26.52
25.32
25.44
25.32
25.32
25.32
25.32
25.44
25.32
25.32
18.12
14.76
14.64
14.76
14.64
14.76
14.76
14.64
20.28
35.4
35.28
35.4
35.28
35.4
35.28
35.4
35.4
35.28
30.72
18.6
18.6
18.72
18.6
18.6
18.6
18.6
18.6
16.08
15.96
15.84
15.84
15.84
15.96
15.84
15.84
19.44
23.4
23.52
23.52
23.52
23.52
23.52
23.52
23.28
23.16
23.16
23.16
23.16
23.16
23.04
23.16
23.16
15.96
11.88
11.76
11.76
11.88
11.76
11.76
11.88
15.48
29.4
29.4
29.4
29.4
29.52
29.4
29.4
29.4
29.4
28.92
27.24
27.24
27.24
27.36
27.24
27.24
27.36
27.24
27.24
26.88
26.16
26.16
26.04
26.16
26.16
26.04
26.16
26.16
26.04
25.8
24.72
24.72
24.84
24.72
24.72
24.84
24.72
24.72
24.84
22.8
16.8
16.68
16.8
16.68
16.8
16.8
16.68
16.8
19.8
20.64
20.64
20.64
20.64
20.52
20.64
20.64
21.72
23.52
23.52
23.52
23.52
23.52
23.52
23.52
23.52
21.96
22.08
21.96
21.96
21.96
22.08
21.96
21.96
20.88
19.68
19.8
19.8
19.8
19.8
19.8
19.68
19.8
21.12
21.12
21.12
21.12
21.12
21.12
21.12
21.12
22.8
24.0
23.88
23.88
24.0
23.88
24.0
23.88
24.0
19.68
18.24
18.24
18.24
18.12
18.24
18.24
18.24
18.96
21.0
21.0
21.0
21.0
21.0
21.0
21.0
21.0
26.64
27.6
27.48
27.6
27.48
27.6
27.48
27.6
27.48
27.6
31.32
32.04
31.92
32.04
31.92
32.04
32.04
31.92
32.04
31.92
31.2
31.2
31.2
31.2
31.2
31.2
31.2
31.2
31.2
31.2
37.2
38.16
38.16
38.16
38.16
38.16
38.16
38.16
38.16
38.04
31.44
30.6
30.48
30.48
30.6
30.48
30.48
30.6
30.48
30.6
39.48
40.92
40.8
40.92
40.8
40.92
40.92
40.8
40.92
40.8
31.8
30.72
30.6
30.72
30.6
30.72
30.6
30.72
30.6
30.72
40.56
42.0
42.0
42.0
42.0
42.12
42.0
42.0
42.0
42.0
37.08
36.6
36.48
36.6
36.48
36.48
36.6
36.48
36.48
36.6
23.76
22.08
22.2
22.08
22.2
22.08
22.2
22.08
33.0
47.52
47.4
47.52
47.52
47.52
47.52
47.4
47.52
47.52
45.12
42.12
42.12
42.12
42.12
42.12
42.12
42.12
42.12
42.12
37.68
31.92
31.8
31.92
31.92
31.92
31.92
31.92
31.8
31.92
27.36
21.24
21.36
21.36
21.24
21.36
21.24
21.36
21.24
12.72
12.84
12.84
12.84
12.84
12.84
12.84
12.72
11.88
11.4
11.4
11.4
11.4
11.4
11.4
11.4
12.12
15.24
15.24
15.12
15.24
15.24
15.24
15.24
15.24
13.8
13.44
13.56
13.56
13.56
13.44
13.56
13.56
13.8
14.4
14.28
14.4
14.4
14.28
14.4
14.4
14.28
13.92
13.92
13.92
14.04
13.92
13.92
13.92
14.04
10.92
8.88
9.0
9.0
8.88
9.0
9.0
8.88
12.24
26.52
26.52
26.52
26.52
26.52
26.52
26.4
26.52
26.52
27.12
30.12
30.24
30.12
30.12
30.12
30.12
30.12
30.24
30.12
30.48
32.52
32.64
32.52
32.64
32.52
32.52
32.64
32.52
32.64
31.56
27.24
27.36
27.36
27.36
27.24
27.36
27.36
27.24
27.36
27.12
26.52
26.52
26.4
26.52
26.52
26.4
26.52
26.4
26.52
25.68
22.68
22.56
22.68
22.56
22.68
22.56
22.68
22.56
20.52
19.8
19.92
19.92
19.8
19.92
19.8
19.92
21.48
25.08
24.96
25.08
24.96
25.08
24.96
25.08
24.96
25.08
25.68
27.36
27.24
27.36
27.24
27.36
27.36
27.24
27.36
27.36
27.0
26.76
26.88
26.76
26.76
26.76
26.76
26.76
26.76
26.76
23.64
18.0
18.0
18.0
18.0
18.0
18.0
18.0
18.0
21.6
21.96
21.84
21.96
21.84
21.96
21.84
21.96
22.2
22.8
22.68
22.8
22.8
22.68
22.8
22.8
22.68
26.4
26.4
26.4
26.52
26.4
26.4
26.4
26.4
26.4
26.28
20.52
20.64
20.52
20.64
20.52
20.64
20.52
20.64
21.84
22.68
22.68
22.68
22.56
22.68
22.68
22.68
23.28
26.52
26.52
26.52
26.52
26.52
26.52
26.4
26.52
26.52
26.52
27.12
27.0
27.0
27.12
27.0
27.12
27.0
27.12
27.0
26.88
26.52
26.4
26.52
26.4
26.4
26.52
26.4
26.52
26.4
28.56
38.52
38.52
38.4
38.52
38.52
38.4
38.52
38.52
38.4
38.64
39.84
39.84
39.84
39.84
39.84
39.84
39.72
39.84
39.84
41.16
47.76
47.76
47.76
47.76
47.64
47.76
47.76
47.76
47.76
47.28
45.72
45.84
45.72
45.72
45.84
45.72
45.84
45.72
45.72
42.72
29.4
29.28
29.28
29.28
29.4
29.28
29.28
29.28
29.4
28.08
23.28
23.16
23.28
23.16
23.28
23.16
23.28
23.28
32.52
37.08
37.08
37.08
37.08
37.08
37.08
36.96
37.08
37.08
28.68
24.84
24.84
24.72
24.84
24.84
24.84
24.72
24.84
24.84
18.84
16.2
16.2
16.08
16.2
16.2
16.08
16.2
18.48
24.72
24.6
24.6
24.72
24.6
24.72
24.6
24.72
24.6
25.68
28.32
28.32
28.32
28.44
28.32
28.32
28.32
28.44
28.32
26.16
20.88
20.88
20.88
20.76
20.88
20.88
20.88
20.88
19.8
19.92
19.8
19.92
19.8
19.92
19.8
19.92
20.88
22.08
22.2
22.2
22.2
22.2
22.08
22.2
22.08
20.4
20.4
20.52
20.4
20.4
20.4
20.4
20.52
24.48
27.6
27.48
27.6
27.48
27.6
27.48
27.6
27.6
27.48
28.44
29.28
29.28
29.28
29.28
29.16
29.28
29.28
29.28
29.28
26.64
24.96
24.96
24.96
24.84
24.96
24.96
24.96
24.96
24.96
26.64
28.08
28.08
27.96
28.08
27.96
28.08
28.08
27.96
28.08
26.88
26.28
26.16
26.16
26.28
26.16
26.16
26.28
26.16
26.16
26.76
27.12
27.12
27.12
27.12
27.12
27.12
27.12
27.12
27.12
24.36
22.68
22.68
22.56
22.68
22.68
22.68
22.68
23.76
30.84
30.96
30.84
30.84
30.96
30.84
30.84
30.84
30.96
30.6
30.36
30.24
30.36
30.24
30.24
30.36
30.24
30.36
30.24
30.36
31.92
32.04
31.92
31.92
31.92
31.92
31.92
31.92
31.92
32.4
35.16
35.28
35.16
35.28
35.16
35.28
35.28
35.16
35.28
36.36
43.56
43.68
43.56
43.56
43.68
43.56
43.56
43.68
43.56
43.68
44.4
44.4
44.4
44.4
44.4
44.4
44.4
44.4
44.4
44.64
45.72
45.72
45.72
45.72
45.72
45.72
45.72
45.72
45.84
43.68
33.0
33.0
33.12
33.0
33.12
33.0
33.0
33.12
33.0
32.16
27.6
27.72
27.6
27.6
27.6
27.6
27.72
27.6
27.6
31.56
54.12
54.24
54.12
54.12
54.24
54.12
54.12
54.12
54.24
52.92
47.28
47.16
47.16
47.16
47.16
47.16
47.16
47.16
47.16
47.04
46.92
46.92
46.92
46.92
46.92
46.92
46.92
46.92
46.92
46.68
45.6
45.6
45.48
45.6
45.48
45.6
45.48
45.6
45.48
43.08
29.52
29.4
29.52
29.4
29.52
29.4
29.52
29.4
29.52
31.08
41.52
41.4
41.52
41.52
41.4
41.52
41.4
41.52
41.4
43.32
54.24
54.24
54.24
54.36
54.24
54.24
54.24
54.24
54.24
53.28
48.72
48.6
48.6
48.72
48.6
48.72
48.6
48.6
48.72
47.76
43.68
43.8
43.68
43.68
43.8
43.68
43.68
43.8
43.68
40.8
24.0
24.0
24.0
24.0
24.0
24.0
24.0
24.0
24.0
27.12
45.0
45.12
45.0
45.12
45.0
45.12
45.0
45.12
45.0
45.96
50.64
50.76
50.64
50.76
50.64
50.76
50.64
50.64
50.76
50.4
49.2
49.2
49.32
49.2
49.2
49.2
49.32
49.2
49.2
47.64
38.4
38.52
38.52
38.52
38.52
38.52
38.52
38.4
38.52
36.0
21.72
21.84
21.84
21.72
21.84
21.84
21.84
21.72
45.12
53.4
53.4
53.4
53.4
53.4
53.4
53.52
53.4
53.4
52.68
52.68
52.56
52.68
52.56
52.68
52.56
52.68
52.68
52.56
48.84
47.52
47.64
47.52
47.64
47.52
47.64
47.52
47.64
47.52
44.16
42.96
42.96
42.96
42.96
43.08
42.96
42.96
42.96
42.96
30.12
25.44
25.44
25.44
25.44
25.56
25.44
25.44
25.44
25.56
45.12
52.2
52.08
52.2
52.2
52.08
52.2
52.08
52.2
52.2
52.2
52.32
52.2
52.32
52.2
52.32
52.32
52.2
52.32
52.32
48.72
47.52
47.52
47.52
47.52
47.52
47.52
47.52
47.64
47.52
47.64
47.76
47.64
47.76
47.76
47.76
47.76
47.64
47.76
47.76
28.56
21.96
21.96
21.96
21.96
21.96
21.96
21.96
28.92
46.68
46.56
46.56
46.68
46.56
46.68
46.56
46.68
46.56
46.8
47.4
47.28
47.4
47.4
47.4
47.28
47.4
47.4
47.28
48.6
51.6
51.48
51.6
51.48
51.6
51.48
51.6
51.48
51.6
49.8
45.84
45.72
45.84
45.84
45.72
45.84
45.84
45.72
45.84
38.76
21.84
21.84
21.84
21.84
21.84
21.72
21.84
21.84
46.8
51.36
51.36
51.36
51.48
51.36
51.36
51.36
51.36
51.36
52.8
53.16
53.16
53.16
53.16
53.16
53.04
53.16
53.16
53.16
48.24
47.28
47.28
47.28
47.28
47.28
47.4
47.28
47.28
47.28
43.08
42.48
42.48
42.48
42.48
42.48
42.48
42.48
42.48
42.48
33.36
31.92
31.8
31.8
31.92
31.8
31.92
31.8
31.8
31.92
46.68
49.44
49.32
49.44
49.32
49.44
49.32
49.44
49.32
49.44
52.2
52.68
52.8
52.68
52.8
52.68
52.8
52.68
52.8
52.68
35.64
32.64
32.76
32.64
32.64
32.76
32.64
32.64
32.76
32.64
28.44
27.84
27.72
27.84
27.72
27.84
27.72
27.84
27.72
27.72
27.96
28.2
28.08
28.08
28.08
28.08
28.08
28.08
28.08
28.08
30.72
31.2
31.2
31.2
31.32
31.2
31.2
31.2
31.32
31.2
32.4
32.76
32.76
32.64
32.76
32.76
32.64
32.76
32.76
32.76
35.64
36.24
36.24
36.36
36.24
36.36
36.24
36.24
36.36
36.24
31.92
31.2
31.2
31.2
31.08
31.2
31.2
31.2
31.08
31.2
22.92
21.6
21.6
21.48
21.6
21.6
21.6
21.48
18.72
14.76
14.76
14.76
14.76
14.76
14.76
14.76
14.76
25.56
25.56
25.56
25.56
25.68
25.56
25.56
25.56
25.68
25.56
31.2
31.2
31.2
31.32
31.2
31.2
31.32
31.2
31.2
31.2
33.24
33.36
33.36
33.36
33.24
33.36
33.36
33.36
33.24
33.36
29.88
29.88
29.88
30.0
29.88
29.88
29.88
30.0
29.88
29.88
47.4
47.52
47.4
47.52
47.52
47.4
47.52
47.52
47.4
47.52
35.4
35.52
35.52
35.52
35.52
35.52
35.52
35.52
35.52
35.52
38.16
38.16
38.28
38.16
38.28
38.16
38.28
38.16
38.28
38.16
33.24
33.36
33.36
33.36
33.24
33.36
33.36
33.36
33.24
33.36
26.64
26.64
26.64
26.64
26.64
26.64
26.64
26.64
26.76
26.64
45.72
45.72
45.72
45.72
45.72
45.72
45.72
45.72
45.72
45.72
35.28
35.4
35.28
35.4
35.4
35.28
35.4
35.28
35.4
35.4
47.04
47.04
47.04
47.04
47.04
47.04
47.16
47.04
47.04
47.04
38.28
38.4
38.4
38.4
38.4
38.28
38.4
38.4
38.4
38.4
27.24
27.36
27.36
27.24
27.36
27.36
27.36
27.24
27.36
27.36
47.88
47.88
47.88
47.88
47.88
47.88
47.88
47.88
47.88
47.88
54.24
54.24
54.36
54.24
54.24
54.36
54.24
54.24
54.36
54.24
46.8
46.92
46.92
46.92
46.92
46.8
46.92
46.92
46.92
46.92
47.88
47.88
47.88
48.0
47.88
47.88
48.0
47.88
47.88
48.0
35.52
35.52
35.64
35.52
35.64
35.52
35.64
35.52
35.64
35.52
34.32
34.44
34.44
34.44
34.44
34.44
34.32
34.44
34.44
34.44
57.24
57.24
57.24
57.36
57.24
57.24
57.36
57.24
57.24
57.36
49.32
49.44
49.44
49.44
49.44
49.44
49.44
49.44
49.44
49.44
42.36
42.48
42.48
42.48
42.48
42.48
42.48
42.48
42.48
42.48
32.88
33.0
33.0
33.0
32.88
33.0
33.0
33.0
33.0
32.88
36.24
36.24
36.24
36.36
36.24
36.24
36.24
36.36
36.24
36.24
54.72
54.84
54.72
54.84
54.72
54.84
54.72
54.84
54.84
54.72
52.2
52.32
52.2
52.32
52.32
52.2
52.32
52.32
52.2
52.32
39.48
39.6
39.6
39.6
39.6
39.48
39.6
39.6
39.6
39.6
31.44
31.44
31.44
31.56
31.44
31.44
31.44
31.56
31.44
31.44
40.56
40.68
40.68
40.56
40.68
40.68
40.68
40.56
40.68
40.68
59.04
59.16
59.16
59.04
59.16
59.16
59.16
59.04
59.16
59.16
45.96
46.08
46.08
46.08
46.08
46.08
46.08
46.08
45.96
46.08
49.8
49.8
49.8
49.8
49.8
49.8
49.8
49.8
49.8
49.8
37.68
37.68
37.68
37.68
37.68
37.68
37.68
37.68
37.68
37.68
31.92
32.04
31.92
32.04
31.92
32.04
31.92
32.04
31.92
32.04
56.88
57.0
57.0
56.88
57.0
57.0
57.0
56.88
57.0
57.0
51.72
51.72
51.72
51.84
51.72
51.72
51.84
51.72
51.72
51.72
42.96
42.96
42.96
42.96
43.08
42.96
42.96
42.96
43.08
42.96
31.32
31.44
31.44
31.44
31.44
31.44
31.44
31.44
31.44
31.32
33.6
33.6
33.72
33.6
33.72
33.6
33.72
33.6
33.6
33.72
53.04
53.04
53.04
53.04
53.04
53.16
53.04
53.04
53.04
53.04
45.0
45.12
45.12
45.12
45.12
45.0
45.12
45.12
45.12
45.12
41.16
41.16
41.16
41.28
41.16
41.16
41.16
41.28
41.16
41.16
29.4
29.52
29.52
29.52
29.4
29.52
29.52
29.52
29.52
29.4
40.92
40.92
41.04
40.92
40.92
41.04
40.92
40.92
41.04
40.92
58.44
58.56
58.56
58.56
58.56
58.56
58.56
58.56
58.56
58.56
51.6
51.72
51.6
51.72
51.6
51.72
51.6
51.72
51.6
51.72
47.28
47.28
47.28
47.4
47.28
47.28
47.4
47.28
47.28
47.4
31.44
31.44
31.56
31.44
31.56
31.44
31.56
31.44
31.56
31.44
30.48
30.48
30.6
30.48
30.6
30.48
30.6
30.48
30.6
30.48
59.88
59.88
59.88
59.88
59.88
59.88
59.88
59.88
59.88
59.88
47.4
47.52
47.52
47.52
47.52
47.52
47.52
47.52
47.52
47.52
47.76
47.76
47.88
47.76
47.88
47.76
47.76
47.88
47.76
47.88
28.08
28.2
28.08
28.2
28.08
28.2
28.08
28.2
28.08
28.2
38.16
38.16
38.16
38.16
38.16
38.16
38.16
38.16
38.28
38.16
57.12
57.24
57.12
57.24
57.24
57.12
57.24
57.24
57.12
57.24
45.36
45.48
45.36
45.48
45.36
45.48
45.36
45.48
45.48
45.36
48.84
48.96
48.96
48.96
48.96
48.96
48.96
48.96
48.96
48.96
30.6
30.72
30.72
30.72
30.72
30.72
30.72
30.6
30.72
30.72
35.4
35.4
35.4
35.4
35.52
35.4
35.4
35.4
35.4
35.52
57.72
57.72
57.84
57.72
57.84
57.72
57.72
57.84
57.72
57.84
50.52
50.52
50.64
50.52
50.52
50.64
50.52
50.64
50.52
50.52
46.08
46.2
46.08
46.2
46.2
46.08
46.2
46.2
46.08
46.2
40.32
40.32
40.32
40.32
40.32
40.32
40.44
40.32
40.32
40.32
29.76
29.76
29.88
29.76
29.88
29.76
29.88
29.76
29.88
29.76
56.52
56.64
56.64
56.64
56.64
56.64
56.64
56.52
56.64
56.64
52.92
53.04
52.92
53.04
53.04
52.92
53.04
52.92
53.04
53.04
46.32
46.44
46.44
46.44
46.44
46.44
46.44
46.44
46.44
46.44
37.32
37.32
37.32
37.44
37.32
37.32
37.32
37.44
37.32
37.32
27.36
27.48
27.36
27.48
27.36
27.48
27.36
27.48
27.48
27.36
56.88
56.88
56.88
56.88
56.88
57.0
56.88
56.88
56.88
56.88
40.92
41.04
41.04
41.04
41.04
41.04
41.04
41.04
41.04
41.04
39.72
39.84
39.72
39.84
39.72
39.84
39.72
39.84
39.72
39.84
21.0
21.0
21.12
21.0
21.0
21.12
21.0
21.12
30.48
37.56
37.56
37.44
37.56
37.56
37.56
37.56
37.44
37.56
42.96
47.16
47.16
47.16
47.16
47.16
47.16
47.16
47.16
47.16
36.6
29.04
29.04
29.04
29.04
28.92
29.04
29.04
29.04
29.04
29.04
29.04
28.92
29.04
29.04
29.04
29.04
28.92
29.04
29.04
24.24
20.88
20.88
20.88
20.88
20.88
20.88
20.88
22.08
29.04
29.04
29.04
29.04
29.04
29.04
29.04
29.04
29.04
28.2
24.36
24.48
24.36
24.48
24.36
24.48
24.36
24.36
24.48
23.88
21.48
21.6
21.48
21.48
21.48
21.48
21.48
21.48
25.08
26.76
26.64
26.64
26.64
26.64
26.64
26.64
26.64
26.76
25.32
24.84
24.84
24.84
24.84
24.84
24.84
24.84
24.84
24.84
22.8
22.08
22.08
22.08
22.08
22.08
22.08
22.08
21.48
20.52
20.4
20.52
20.52
20.4
20.52
20.52
20.4
21.0
21.24
21.12
21.12
21.24
21.12
21.24
21.12
19.92
18.48
18.48
18.48
18.36
18.48
18.48
18.48
18.36
19.56
19.44
19.44
19.56
19.44
19.56
19.44
19.56
19.68
20.16
20.16
20.04
20.16
20.16
20.04
20.16
20.28
21.84
21.84
21.84
21.84
21.84
21.84
21.84
21.84
19.44
18.84
18.84
18.84
18.84
18.96
18.84
18.84
18.24
17.52
17.4
17.4
17.4
17.52
17.4
17.4
17.4
10.8
10.44
10.56
10.56
10.44
10.56
10.56
10.44
12.6
14.28
14.16
14.28
14.28
14.16
14.28
14.28
13.8
11.4
11.28
11.4
11.4
11.4
11.4
11.4
11.4
10.2
10.08
9.96
10.08
9.96
10.08
9.96
10.08
7.08
1.68
1.8
1.8
1.68
1.8
1.8
1.68
1.8
10.44
11.04
11.04
10.92
11.04
10.92
11.04
10.92
13.92
16.68
16.56
16.56
16.56
16.56
16.56
16.56
16.56
16.56
16.44
16.56
16.56
16.44
16.56
16.44
16.56
20.52
21.96
21.96
22.08
21.96
21.96
21.96
22.08
21.36
20.28
20.4
20.4
20.4
20.4
20.4
20.4
20.4
14.76
14.28
14.4
14.4
14.28
14.4
14.4
14.4
12.96
12.0
12.0
12.0
12.0
12.0
11.88
12.0
11.52
8.4
8.4
8.4
8.4
8.28
8.4
8.4
8.4
8.04
7.8
7.92
7.92
7.8
7.92
7.92
7.92
7.2
6.24
6.24
6.24
6.24
6.12
6.24
6.24
6.24
11.04
11.52
11.52
11.52
11.52
11.64
11.52
11.52
11.64
11.76
11.76
11.76
11.76
11.76
11.76
11.88
11.64
11.4
11.28
11.4
11.28
11.4
11.4
11.28
11.4
8.4
7.32
7.32
7.32
7.32
7.32
7.32
7.2
7.56
7.92
8.04
7.92
7.92
8.04
7.92
8.04
7.92
11.04
11.4
11.4
11.4
11.4
11.4
11.4
11.28
12.24
12.96
13.08
13.08
12.96
13.08
12.96
13.08
12.72
11.76
11.76
11.76
11.76
11.64
11.76
11.76
11.76
8.64
7.56
7.44
7.56
7.56
7.56
7.56
7.44
8.76
11.52
11.52
11.52
11.52
11.52
11.52
11.52
11.52
11.52
11.76
11.64
11.76
11.64
11.76
11.64
11.64
11.64
11.64
11.64
11.52
11.64
11.64
11.64
11.64
11.88
14.16
14.28
14.16
14.16
14.28
14.16
14.28
14.16
12.0
11.16
11.16
11.16
11.16
11.16
11.16
11.16
10.8
9.72
9.84
9.72
9.84
9.72
9.84
9.72
9.84
10.32
10.44
10.44
10.44
10.56
10.44
10.44
10.44
13.92
17.04
17.16
17.04
17.16
17.04
17.16
17.16
16.44
12.24
12.24
12.24
12.24
12.24
12.24
12.24
12.24
12.36
12.48
12.48
12.6
12.48
12.48
12.48
12.48
12.24
12.24
12.36
12.24
12.24
12.24
12.36
12.24
12.24
9.24
9.0
9.12
9.0
9.12
9.0
9.12
9.0
13.68
18.0
18.12
18.0
18.12
18.0
18.12
18.0
18.12
19.32
19.2
19.32
19.2
19.32
19.2
19.32
19.2
17.76
17.28
17.16
17.28
17.28
17.16
17.28
17.16
16.92
15.96
15.96
16.08
15.96
16.08
15.96
16.08
15.96
6.6
5.76
5.64
5.76
5.64
5.76
5.76
5.64
9.24
12.84
12.84
12.96
12.84
12.84
12.84
12.84
13.56
19.68
19.68
19.68
19.68
19.68
19.56
19.68
19.68
20.28
20.52
20.64
20.52
20.64
20.52
20.64
20.52
20.28
19.68
19.68
19.68
19.68
19.68
19.68
19.68
19.68
25.8
27.0
26.88
27.0
27.0
27.0
27.0
27.0
27.0
27.0
34.56
35.76
35.88
35.88
35.88
35.88
35.88
35.88
35.88
35.88
38.64
39.12
39.0
39.12
39.12
39.12
39.12
39.12
39.12
39.12
36.72
36.48
36.36
36.36
36.36
36.48
36.36
36.36
36.36
36.48
36.48
36.6
36.72
36.6
36.72
36.6
36.72
36.6
36.6
36.72
25.92
24.0
24.0
24.12
24.0
24.0
24.0
24.12
24.0
24.0
22.08
21.84
21.84
21.84
21.84
21.84
21.84
21.84
24.72
29.16
29.04
29.16
29.04
29.04
29.16
29.04
29.16
29.04
33.84
40.44
40.32
40.44
40.44
40.44
40.32
40.44
40.44
40.44
40.8
41.4
41.52
41.4
41.52
41.4
41.52
41.4
41.52
41.52
42.84
44.76
44.88
44.88
44.88
44.88
44.76
44.88
44.88
44.88
39.36
31.8
31.92
31.8
31.92
31.8
31.92
31.8
31.8
31.92
38.4
47.52
47.52
47.64
47.52
47.52
47.52
47.52
47.64
47.52
49.8
53.16
53.16
53.16
53.16
53.04
53.16
53.16
53.16
53.16
49.92
45.72
45.84
45.84
45.72
45.84
45.84
45.72
45.84
45.72
44.04
41.76
41.76
41.64
41.76
41.64
41.76
41.76
41.64
41.76
36.96
30.48
30.6
30.6
30.6
30.48
30.6
30.6
30.6
30.6
33.6
38.28
38.16
38.28
38.16
38.28
38.16
38.28
38.16
38.28
46.56
58.56
58.56
58.56
58.56
58.56
58.56
58.56
58.56
58.56
55.32
51.0
51.0
51.0
51.0
50.88
51.0
51.0
51.0
51.0
49.08
46.8
46.92
46.8
46.8
46.8
46.8
46.8
46.8
46.8
39.0
28.08
27.96
28.08
28.08
28.08
28.08
28.08
27.96
28.08
32.88
39.6
39.48
39.6
39.48
39.6
39.48
39.6
39.6
39.48
45.96
55.2
55.08
55.08
55.2
55.08
55.08
55.08
55.2
55.08
50.76
45.24
45.12
45.12
45.12
45.12
45.12
45.12
45.12
45.12
41.16
35.76
35.76
35.88
35.76
35.76
35.76
35.88
35.76
35.76
32.28
27.36
27.48
27.48
27.48
27.48
27.36
27.48
27.48
27.48
32.88
40.56
40.44
40.56
40.44
40.56
40.44
40.56
40.44
40.56
41.28
42.48
42.48
42.48
42.48
42.48
42.48
42.48
42.48
42.48
39.96
36.48
36.6
36.6
36.6
36.6
36.6
36.6
36.48
36.6
37.56
39.12
39.12
39.0
39.12
39.12
39.0
39.12
39.12
39.0
36.72
33.72
33.72
33.6
33.72
33.72
33.72
33.6
33.72
33.72
35.76
38.88
38.88
38.88
38.88
38.88
38.88
38.88
39.0
38.88
34.92
29.52
29.64
29.52
29.52
29.52
29.64
29.52
29.52
29.52
28.68
27.48
27.48
27.48
27.48
27.48
27.48
27.48
27.48
27.48
28.32
29.64
29.76
29.64
29.64
29.64
29.64
29.64
29.64
29.76
29.52
29.76
29.76
29.64
29.76
29.64
29.76
29.64
29.76
29.64
36.6
46.08
46.2
46.08
46.2
46.08
46.2
46.08
46.2
46.08
45.6
44.76
44.88
44.88
44.88
44.88
44.76
44.88
44.88
44.88
45.6
46.56
46.68
46.68
46.56
46.68
46.68
46.68
46.56
46.68
41.16
33.96
33.96
33.96
33.96
33.96
33.84
33.96
33.96
33.96
30.48
25.8
25.8
25.92
25.8
25.8
25.92
25.8
25.8
25.8
31.2
38.76
38.64
38.76
38.64
38.76
38.64
38.76
38.64
38.76
37.2
35.28
35.4
35.28
35.28
35.4
35.28
35.28
35.4
35.28
36.36
37.92
37.8
37.92
37.8
37.92
37.8
37.92
37.8
37.92
42.72
49.44
49.56
49.56
49.44
49.56
49.56
49.44
49.56
49.56
43.8
36.12
36.24
36.12
36.12
36.24
36.12
36.12
36.24
36.12
35.52
34.68
34.68
34.68
34.8
34.68
34.68
34.68
34.68
34.8
41.88
52.2
52.32
52.2
52.2
52.2
52.32
52.2
52.2
52.2
47.4
40.68
40.68
40.68
40.68
40.68
40.68
40.68
40.8
40.68
40.2
39.72
39.72
39.84
39.72
39.72
39.84
39.72
39.72
39.84
38.04
35.88
35.76
35.88
35.88
35.88
35.76
35.88
35.88
35.88
35.28
34.68
34.68
34.68
34.56
34.68
34.68
34.68
34.68
34.68
36.6
39.48
39.36
39.36
39.48
39.36
39.36
39.48
39.36
39.36
35.16
29.4
29.28
29.4
29.4
29.28
29.4
29.4
29.28
29.4
28.44
27.12
27.12
27.24
27.12
27.12
27.12
27.24
27.12
27.12
26.76
26.28
26.16
26.28
26.16
26.28
26.16
26.28
26.16
26.28
32.04
39.96
39.96
40.08
39.96
40.08
39.96
39.96
40.08
39.96
38.64
36.72
36.72
36.84
36.72
36.72
36.72
36.72
36.72
36.72
33.96
30.24
30.12
30.24
30.12
30.24
30.12
30.24
30.12
30.24
32.04
34.56
34.56
34.56
34.56
34.56
34.68
34.56
34.56
34.56
32.28
29.4
29.4
29.4
29.4
29.4
29.4
29.4
29.4
29.4
33.84
39.96
40.08
40.08
40.08
40.08
39.96
40.08
40.08
40.08
32.64
22.56
22.56
22.56
22.56
22.56
22.56
22.56
22.56
20.52
20.64
20.64
20.64
20.52
20.64
20.64
20.64
17.28
15.0
15.12
15.12
15.12
15.0
15.12
15.12
14.52
12.0
12.0
12.0
12.0
12.0
12.0
12.0
12.0
10.8
10.68
10.56
10.56
10.68
10.56
10.56
10.56
10.2
9.48
9.6
9.48
9.6
9.48
9.6
9.48
9.48
12.72
12.84
12.84
12.84
12.84
12.84
12.84
12.84
20.04
25.44
25.32
25.32
25.44
25.32
25.44
25.32
25.32
25.44
25.92
26.4
26.52
26.4
26.4
26.4
26.52
26.4
26.4
26.4
16.92
10.2
10.08
10.08
10.2
10.08
10.08
10.2
12.96
26.28
26.4
26.28
26.4
26.28
26.4
26.28
26.28
26.4
28.8
40.2
40.32
40.2
40.32
40.2
40.32
40.2
40.32
40.2
41.28
45.48
45.36
45.48
45.48
45.48
45.48
45.48
45.48
45.48
