0.12
18.0
24.12
24.84
24.96
24.84
24.96
24.84
24.84
24.96
24.84
24.84
23.52
31.68
35.64
35.76
35.64
35.64
35.76
35.64
35.76
35.64
35.64
30.6
28.08
28.08
28.08
28.08
28.08
28.08
27.96
28.08
28.08
28.2
28.32
28.32
28.32
28.44
28.32
28.32
28.32
28.32
28.32
29.76
30.48
30.36
30.48
30.48
30.48
30.48
30.48
30.48
30.48
25.68
25.8
27.6
27.48
27.6
27.48
27.6
27.48
27.6
27.48
27.6
23.52
22.2
23.04
21.24
18.36
18.48
19.44
10.56
5.4
11.16
13.56
9.96
9.6
7.32
4.32
3.0
3.0
4.08
4.32
3.84
5.4
2.88
3.36
3.24
4.44
1.56
1.32
2.4
2.28
1.68
0.36
0.12
0.12
0.12
0.12
0.12
0.12
0.12
0.12
0.12
0.12
0.12
0.12
0.12
0.12
0.12
0.12
0.12
0.12
0.12
0.12
0.12
0.12
0.12
0.12
0.12
0.12
0.12
0.12
0.12
0.12
0.12
0.12
0.12
0.12
0.12
0.12
0.12
0.12
0.12
0.12
0.12
0.12
0.12
0.12
0.12
0.12
0.12
0.12
0.12
0.12
0.12
0.12
0.12
0.12
0.12
0.12
0.12
0.12
0.12
0.12
0.12
0.12
0.12
0.12
0.12
0.12
0.12
0.12
0.12
0.12
0.12
0.12
0.12
0.12
0.12
0.12
0.12
0.12
0.12
0.12
0.12
0.12
0.12
0.12
0.12
0.12
0.12
0.12
0.12
0.12
0.12
0.12
0.12
0.12
0.12
0.12
0.12
0.12
0.12
0.12
0.12
0.12
20.04
29.64
29.76
29.64
29.64
29.64
29.76
29.64
29.64
29.64
18.0
22.2
47.04
47.16
47.16
47.04
47.16
47.16
47.04
47.16
47.16
44.04
39.96
39.84
39.96
39.84
39.96
39.84
39.96
39.84
39.96
35.28
29.16
29.16
29.16
29.16
29.28
29.16
29.16
29.16
29.16
24.36
24.36
36.48
36.36
36.48
36.48
36.48
36.36
36.48
36.48
36.48
35.64
34.2
34.32
34.32
34.2
34.32
34.32
34.32
34.2
34.32
39.72
51.0
50.88
51.0
51.0
51.0
51.0
51.0
51.0
50.88
51.84
53.64
53.52
53.52
53.52
53.64
53.52
53.52
53.64
53.52
52.8
51.48
51.6
51.48
51.48
51.6
51.48
51.48
51.6
51.48
51.84
52.32
52.32
52.32
52.32
52.32
52.32
52.32
52.32
52.44
54.0
57.36
57.36
57.36
57.24
57.36
57.36
57.36
57.24
57.36
46.2
28.32
28.32
28.32
28.2
28.32
28.32
28.32
28.32
28.32
25.44
23.28
30.24
30.24
30.24
30.24
30.24
30.24
30.24
30.24
30.24
33.12
40.92
41.04
40.92
41.04
40.92
41.04
41.04
40.92
41.04
40.32
38.64
38.76
38.76
38.64
38.76
38.76
38.64
38.76
38.76
35.28
26.52
26.52
26.52
26.52
26.52
26.52
26.52
26.4
26.52
29.88
39.72
39.6
39.6
39.72
39.6
39.6
39.72
39.6
39.6
35.76
24.72
24.72
24.72
24.72
24.72
24.72
24.72
24.84
24.72
25.92
29.88
30.0
29.88
29.88
29.88
29.88
29.88
30.0
29.88
29.04
27.12
27.12
27.12
27.0
27.12
27.12
27.12
27.12
27.0
23.04
14.64
25.68
25.56
25.68
25.56
25.68
25.56
25.68
25.56
25.68
27.0
32.76
32.76
32.76
32.76
32.76
32.76
32.76
32.76
32.76
34.08
39.84
39.84
39.72
39.84
39.84
39.84
39.84
39.84
39.84
38.76
34.32
34.2
34.32
34.32
34.32
34.32
34.2
34.32
34.32
29.4
11.4
25.8
25.68
25.68
25.8
25.68
25.8
25.68
25.68
25.8
30.72
64.68
64.8
64.68
64.8
64.8
64.68
64.8
64.68
64.8
59.88
28.68
28.56
28.56
28.56
28.56
28.56
28.56
28.56
28.56
25.92
9.36
14.16
12.48
7.08
8.76
21.48
24.36
24.36
24.36
24.36
24.36
24.36
24.36
24.36
24.36
12.48
2.4
0.12
0.12
0.12
0.12
0.12
0.12
0.12
0.12
0.12
18.36
25.8
25.68
25.68
25.68
25.68
25.8
25.68
25.68
25.68
16.92
15.72
15.72
13.68
9.24
5.52
5.16
4.8
3.6
4.2
4.2
3.96
4.08
2.76
2.64
3.24
3.6
4.2
5.76
5.64
4.44
6.6
12.24
17.76
16.8
8.52
10.56
37.56
37.56
37.68
37.56
37.56
37.56
37.56
37.56
37.56
32.04
11.4
10.32
12.0
15.96
20.64
13.08
9.36
7.92
13.56
15.0
13.92
12.0
11.52
13.08
11.4
9.36
9.84
11.4
9.96
15.36
18.96
6.48
8.04
10.2
12.0
13.08
13.08
14.52
16.08
17.04
13.44
14.64
28.92
28.92
28.92
28.92
29.04
28.92
28.92
28.92
28.92
30.36
33.48
33.48
33.36
33.48
33.48
33.48
33.36
33.48
33.48
29.64
20.88
17.28
17.64
19.56
12.36
19.32
17.64
20.16
18.12
11.64
17.4
18.6
15.96
16.68
20.28
24.0
24.0
24.12
24.0
24.0
24.0
24.12
24.0
24.0
24.96
26.52
26.4
26.52
26.4
26.52
26.52
26.4
26.52
26.52
26.52
27.0
26.88
27.0
26.88
27.0
26.88
26.88
27.0
26.88
25.68
24.0
25.44
25.44
25.44
25.32
25.44
25.44
25.44
25.44
25.44
21.96
17.04
34.32
34.32
34.44
34.32
34.44
34.32
34.32
34.44
34.32
35.28
39.36
39.48
39.36
39.36
39.48
39.36
39.36
39.48
39.36
39.6
40.8
40.8
40.8
40.8
40.8
40.8
40.8
40.8
40.8
39.48
34.32
34.32
34.32
34.32
34.32
34.32
34.32
34.32
34.32
31.2
17.16
12.12
44.4
44.4
44.28
44.4
44.4
44.28
44.4
44.4
44.4
42.84
29.4
29.28
29.28
29.28
29.28
29.28
29.4
29.28
29.28
29.88
36.24
36.36
36.36
36.36
36.24
36.36
36.36
36.24
36.36
35.28
24.24
24.36
24.24
24.36
24.24
24.36
24.24
24.36
24.24
25.08
34.56
34.56
34.56
34.44
34.56
34.56
34.44
34.56
34.56
34.32
33.36
33.24
33.36
33.36
33.36
33.24
33.36
33.36
33.36
33.24
33.0
33.12
33.0
33.12
33.12
33.0
33.12
33.12
33.0
33.6
39.84
39.72
39.84
39.84
39.84
39.72
39.84
39.84
39.84
39.84
40.44
40.44
40.44
40.56
40.44
40.44
40.44
40.44
40.56
40.32
39.72
39.84
39.72
39.72
39.84
39.72
39.84
39.72
39.72
39.6
36.84
36.84
36.72
36.84
36.84
36.84
36.72
36.84
36.84
36.84
38.28
38.28
38.28
38.28
38.28
38.28
38.28
38.28
38.28
38.88
48.48
48.6
48.48
48.48
48.6
48.48
48.6
48.48
48.6
47.64
37.56
37.44
37.44
37.44
37.56
37.44
37.44
37.56
37.44
36.84
28.8
28.8
28.8
28.92
28.8
28.8
28.8
28.8
28.92
30.6
60.96
60.96
60.96
60.84
60.96
60.96
60.96
60.96
60.96
60.72
59.76
59.76
59.76
59.76
59.76
59.76
59.76
59.76
59.76
58.44
39.36
39.24
39.24
39.36
39.24
39.36
39.24
39.36
39.24
39.24
38.16
38.16
38.16
38.28
38.16
38.16
38.16
38.28
38.16
35.52
6.24
25.2
25.32
25.32
25.32
25.2
25.32
25.32
25.32
25.2
26.16
70.92
70.92
70.92
70.92
70.92
70.92
70.8
70.92
70.92
70.08
35.76
35.64
35.64
35.64
35.64
35.64
35.64
35.76
35.64
35.52
27.48
27.36
27.48
27.48
27.48
27.48
27.36
27.48
27.48
27.36
27.72
27.84
27.84
27.72
27.84
27.84
27.72
27.84
27.72
27.84
30.24
30.36
30.36
30.36
30.36
30.36
30.36
30.36
30.24
30.36
24.96
25.08
25.08
25.08
25.08
25.08
25.08
25.08
25.08
25.08
25.2
25.32
25.32
25.2
25.32
25.32
25.2
25.32
25.32
25.2
24.72
24.84
24.84
24.84
24.72
24.84
24.84
24.84
24.84
24.72
17.64
24.36
24.84
24.84
24.84
24.72
24.84
24.84
24.84
24.84
24.84
8.64
34.44
38.04
38.16
38.04
38.16
38.04
38.16
38.04
38.16
38.04
24.48
21.6
18.48
23.88
26.76
26.88
26.76
26.88
26.76
26.88
26.76
26.88
26.76
29.04
30.12
30.12
30.0
30.12
30.12
30.12
30.0
30.12
30.12
28.2
27.48
27.48
27.48
27.48
27.48
27.6
27.48
27.48
27.48
28.56
29.28
29.28
29.28
29.16
29.28
29.28
29.28
29.28
29.16
26.64
25.44
25.44
25.44
25.56
25.44
25.44
25.44
25.44
25.44
28.08
29.28
29.28
29.28
29.28
29.28
29.28
29.4
29.28
29.28
27.0
26.04
26.04
26.04
25.92
26.04
26.04
26.04
26.04
26.04
20.04
21.24
23.64
24.24
24.24
24.24
24.24
24.24
24.24
24.24
24.24
24.24
23.64
21.6
20.52
19.56
20.4
20.16
22.8
20.04
17.16
20.04
20.64
19.32
20.64
19.68
18.24
22.32
18.12
20.16
17.28
2.88
13.08
26.64
30.0
30.0
30.12
30.0
30.0
30.12
30.0
30.0
30.12
8.04
23.16
33.12
33.24
33.24
33.24
33.24
33.24
33.24
33.24
33.12
23.04
15.0
14.88
14.28
12.48
12.24
11.4
10.8
9.84
7.2
8.64
8.04
9.0
7.08
5.64
5.04
8.28
10.08
10.56
10.92
12.48
13.44
11.52
10.8
13.56
14.64
14.64
11.04
8.52
6.0
3.36
2.52
4.32
2.04
2.16
21.24
29.88
29.88
29.76
29.88
29.88
29.88
29.76
29.88
29.88
26.52
25.2
25.2
25.08
25.2
25.2
25.08
25.2
25.2
25.2
26.52
27.36
27.36
27.36
27.24
27.36
27.36
27.36
27.24
27.36
33.36
36.36
36.24
36.36
36.24
36.24
36.36
36.24
36.36
36.24
36.36
36.36
36.36
36.36
36.48
36.36
36.36
36.48
36.36
36.36
30.84
27.96
28.08
27.96
28.08
28.08
27.96
28.08
27.96
28.08
32.4
34.8
34.68
34.8
34.8
34.8
34.8
34.8
34.68
34.8
13.68
12.84
18.36
24.48
33.84
33.96
33.96
33.96
33.84
33.96
33.96
33.96
33.84
32.16
29.76
29.88
29.76
29.76
29.88
29.76
29.76
29.88
29.76
30.72
32.04
32.04
31.92
32.04
32.04
32.04
32.04
32.04
32.04
30.36
28.32
28.32
28.32
28.32
28.32
28.32
28.32
28.44
28.32
40.32
56.4
56.52
56.4
56.4
56.52
56.4
56.4
56.52
56.4
48.36
37.92
37.92
37.92
37.92
37.8
37.92
37.92
37.92
37.92
33.96
28.92
28.92
28.8
28.92
28.92
28.92
28.92
28.8
28.92
27.6
26.28
26.16
26.16
26.28
26.16
26.16
26.28
26.16
26.16
21.48
18.84
24.96
25.08
24.96
25.08
25.08
24.96
25.08
24.96
25.08
24.0
25.2
31.56
31.56
31.68
31.56
31.68
31.56
31.68
31.56
31.68
31.32
31.08
31.2
31.08
31.08
31.08
31.08
31.08
31.08
31.2
26.4
15.24
21.72
62.16
62.04
62.04
62.04
62.04
62.16
62.04
62.04
62.04
57.36
34.8
34.8
34.8
34.8
34.8
34.8
34.8
34.8
34.8
31.92
17.88
32.04
32.04
32.04
32.04
32.04
32.04
32.04
32.04
32.04
31.68
28.08
28.08
28.08
28.08
28.08
28.08
28.08
28.08
28.08
27.96
27.12
27.12
27.0
27.12
27.12
27.12
27.12
27.12
27.12
26.88
25.44
25.44
25.56
25.44
25.56
25.44
25.44
25.56
25.44
25.8
30.72
30.6
30.6
30.6
30.6
30.6
30.6
30.72
30.6
29.4
15.72
30.48
30.6
30.48
30.6
30.48
30.6
30.48
30.6
30.48
30.6
36.36
36.36
36.36
36.36
36.36
36.36
36.48
36.36
36.36
36.36
30.0
30.12
30.12
30.12
30.12
30.12
30.12
30.12
30.12
30.12
20.28
19.56
24.36
25.44
25.44
25.32
25.44
25.44
25.32
25.44
25.44
25.32
16.56
16.8
18.96
24.96
28.08
28.08
27.96
28.08
28.08
28.08
27.96
28.08
28.08
26.88
26.28
26.28
26.28
26.28
26.28
26.16
26.28
26.28
26.28
27.36
28.08
27.96
28.08
27.96
28.08
28.08
27.96
28.08
28.08
21.96
20.04
22.08
34.2
53.04
53.16
53.04
53.16
53.16
53.04
53.16
53.04
53.16
46.2
35.28
35.28
35.4
35.28
35.28
35.28
35.28
35.28
35.28
37.68
42.0
42.0
42.0
42.0
41.88
42.0
42.0
42.0
42.0
37.92
31.44
31.32
31.44
31.44
31.44
31.32
31.44
31.44
31.32
30.84
30.12
30.0
30.12
30.12
30.0
30.12
30.0
30.12
30.12
32.04
35.76
35.76
35.64
35.76
35.76
35.76
35.76
35.76
35.76
36.72
38.76
38.76
38.76
38.76
38.76
38.76
38.76
38.76
38.76
38.16
37.2
37.08
37.2
37.2
37.08
37.2
37.2
37.08
37.2
31.8
26.64
40.56
40.68
40.56
40.56
40.68
40.56
40.56
40.68
40.56
41.76
44.64
44.76
44.64
44.64
44.76
44.64
44.76
44.64
44.76
49.32
61.32
61.2
61.2
61.2
61.32
61.2
61.2
61.2
61.2
59.88
56.76
56.64
56.76
56.64
56.64
56.76
56.64
56.76
56.64
51.72
39.72
39.84
39.72
39.84
39.72
39.84
39.72
39.84
39.72
37.68
32.4
32.52
32.4
32.52
32.4
32.4
32.52
32.4
32.52
30.72
26.76
26.76
26.76
26.88
26.76
26.76
26.76
26.76
26.76
36.24
60.36
60.48
60.48
60.48
60.36
60.48
60.48
60.48
60.36
57.72
51.0
50.88
50.88
50.88
51.0
50.88
50.88
50.88
51.0
48.48
42.96
42.96
42.96
42.96
42.96
42.96
42.96
43.08
42.96
40.2
33.6
33.72
33.72
33.6
33.72
33.72
33.6
33.72
33.6
32.04
27.84
27.84
27.84
27.84
27.84
27.84
27.96
27.84
27.84
31.8
42.36
42.24
42.36
42.36
42.24
42.36
42.24
42.36
42.24
42.48
42.96
42.84
42.96
42.84
42.96
42.84
42.96
42.84
42.96
42.12
40.32
40.32
40.32
40.44
40.32
40.32
40.32
40.32
40.32
37.56
31.08
30.96
31.08
30.96
31.08
31.08
30.96
31.08
31.08
31.32
32.52
32.52
32.64
32.52
32.52
32.52
32.52
32.52
32.64
40.2
60.48
60.36
60.48
60.36
60.36
60.48
60.36
60.48
60.36
60.6
61.32
61.32
61.44
61.32
61.44
61.32
61.32
61.44
61.32
58.56
51.84
51.84
51.84
51.84
51.84
51.84
51.84
51.84
51.84
46.68
34.44
34.32
34.32
34.32
34.32
34.32
34.44
34.32
34.32
31.08
22.32
22.92
40.56
40.56
40.44
40.56
40.56
40.56
40.56
40.44
40.56
38.4
21.84
29.64
29.52
29.52
29.52
29.52
29.52
29.64
29.52
29.52
29.28
24.0
24.0
24.12
24.0
24.0
24.12
24.0
24.12
24.0
24.84
47.88
47.88
47.76
47.88
47.88
47.76
47.88
47.88
47.76
48.6
62.52
62.52
62.52
62.52
62.52
62.52
62.52
62.52
62.52
62.4
61.92
61.92
62.04
61.92
61.92
61.92
61.92
61.92
61.92
61.68
57.96
57.96
58.08
57.96
58.08
57.96
57.96
58.08
57.96
55.92
25.92
25.92
25.92
25.8
25.92
25.92
25.8
25.92
25.92
26.76
44.88
44.88
44.76
44.88
44.88
44.76
44.88
44.88
44.76
46.2
66.72
66.72
66.84
66.72
66.72
66.72
66.72
66.84
66.72
66.48
63.48
63.36
63.48
63.48
63.36
63.48
63.48
63.36
63.48
63.24
61.92
61.92
61.8
61.92
61.8
61.92
61.8
61.92
61.8
59.16
16.56
15.48
12.6
33.48
36.36
36.48
36.36
36.36
36.36
36.36
36.36
36.36
36.36
51.24
53.52
53.52
53.52
53.52
53.52
53.52
53.52
53.52
53.52
20.04
27.12
29.76
29.76
29.88
29.76
29.76
29.88
29.76
29.76
29.88
58.08
64.8
64.92
64.8
64.8
64.8
64.92
64.8
64.8
64.8
62.16
61.56
61.68
61.56
61.56
61.56
61.68
61.56
61.56
61.56
63.84
64.32
64.32
64.32
64.32
64.32
64.32
64.32
64.32
64.32
36.72
30.36
30.36
30.36
30.36
30.36
30.36
30.24
30.36
30.36
43.8
47.04
47.04
47.04
47.04
47.04
47.04
47.04
47.04
47.04
60.6
63.84
63.72
63.72
63.84
63.72
63.84
63.72
63.72
63.84
63.0
63.12
63.0
63.0
63.12
63.0
63.12
63.0
63.0
63.12
62.04
62.04
61.92
62.04
62.04
61.92
62.04
62.04
61.92
62.04
41.52
37.08
37.08
37.08
37.08
37.2
37.08
37.08
37.08
37.08
33.72
32.88
33.0
33.0
32.88
33.0
33.0
32.88
33.0
33.0
51.6
55.92
55.92
55.8
55.92
55.8
55.92
55.92
55.8
55.92
58.44
59.16
59.16
59.16
59.04
59.16
59.16
59.16
59.04
59.16
48.36
46.32
46.2
46.2
46.2
46.32
46.2
46.2
46.32
46.2
28.44
25.08
25.2
25.08
25.08
25.08
25.08
25.08
25.2
25.08
39.48
42.36
42.36
42.36
42.36
42.36
42.36
42.36
42.36
42.36
37.56
36.72
36.72
36.72
36.72
36.72
36.72
36.72
36.84
36.72
46.44
48.12
48.0
48.12
48.0
48.12
48.12
48.0
48.12
48.0
31.32
28.92
28.92
28.92
28.92
28.92
28.92
28.92
28.92
28.92
23.76
33.84
38.52
38.52
38.52
38.52
38.52
38.52
38.52
38.52
38.4
53.16
59.04
59.04
59.04
59.04
59.04
59.04
59.04
59.04
59.04
58.8
59.04
58.92
59.04
58.92
59.04
58.92
59.04
58.92
59.04
61.44
62.52
62.64
62.64
62.52
62.64
62.52
62.64
62.52
62.64
37.08
26.88
26.76
26.88
26.88
26.76
26.88
26.76
26.88
26.88
39.72
45.12
45.24
45.24
45.12
45.24
45.12
45.24
45.12
45.24
55.2
59.52
59.4
59.4
59.52
59.4
59.4
59.52
59.4
59.4
58.08
57.6
57.48
57.6
57.6
57.48
57.6
57.6
57.48
57.6
61.44
63.0
63.12
63.12
63.0
63.12
63.12
63.0
63.12
63.12
42.24
33.84
33.96
33.84
33.84
33.96
33.84
33.84
33.96
33.84
29.52
27.6
27.72
27.6
27.72
27.6
27.72
27.6
27.72
27.6
49.92
59.52
59.64
59.52
59.64
59.52
59.64
59.52
59.52
59.64
56.52
55.2
55.2
55.2
55.2
55.32
55.2
55.2
55.2
55.2
18.12
0.84
0.12
0.12
0.12
0.12
0.12
0.12
0.12
0.12
0.12
0.12
0.12
0.12
0.12
0.12
0.12
0.12
0.12
0.12
0.12
0.12
0.12
0.12
0.12
0.12
0.12
0.12
0.12
0.12
0.12
23.52
42.12
42.24
42.24
42.24
42.24
42.24
42.12
42.24
42.24
55.32
62.76
62.76
62.64
62.76
62.76
62.76
62.76
62.64
62.76
46.32
37.2
37.08
37.2
37.2
37.2
37.2
37.08
37.2
37.2
48.0
54.48
54.36
54.36
54.48
54.36
54.48
54.36
54.48
54.36
54.48
54.72
54.72
54.72
54.72
54.72
54.72
54.84
54.72
54.72
58.56
60.84
60.72
60.84
60.84
60.72
60.84
60.84
60.72
60.84
59.76
59.52
59.4
59.4
59.4
59.4
59.52
59.4
59.4
59.4
46.2
39.0
39.0
39.12
39.0
39.0
39.0
39.0
39.12
39.0
29.76
24.96
24.84
24.84
24.96
24.84
24.84
24.96
24.84
24.84
45.72
57.0
57.0
57.0
57.0
57.0
57.0
57.0
57.0
57.0
59.64
61.32
61.32
61.32
61.2
61.32
61.32
61.32
61.2
61.32
60.84
60.6
60.6
60.6
60.6
60.6
60.6
60.6
60.6
60.6
43.2
33.72
33.84
33.84
33.84
33.84
33.72
33.84
33.84
33.84
18.24
19.32
25.8
25.8
25.8
25.92
25.8
25.8
25.8
25.92
25.8
44.76
58.2
58.2
58.08
58.2
58.08
58.2
58.08
58.2
58.08
58.92
59.64
59.52
59.64
59.52
59.64
59.52
59.52
59.64
59.52
49.92
43.2
43.2
43.2
43.08
43.2
43.2
43.2
43.2
43.2
42.72
42.36
42.36
42.48
42.36
42.36
42.48
42.36
42.36
42.48
52.92
60.12
60.24
60.12
60.12
60.12
60.24
60.12
60.12
60.12
58.32
57.24
57.12
57.24
57.12
57.24
57.12
57.24
57.12
57.24
55.68
54.6
54.6
54.6
54.6
54.6
54.6
54.6
54.72
54.6
41.88
33.84
33.84
33.96
33.84
33.84
33.96
33.84
33.96
33.84
27.72
32.52
59.88
59.88
59.76
59.88
59.88
59.76
59.88
59.88
59.76
56.28
46.08
45.96
46.08
45.96
46.08
45.96
46.08
45.96
46.08
43.56
36.6
36.6
36.6
36.6
36.6
36.6
36.6
36.6
36.6
35.16
31.56
31.56
31.56
31.56
31.56
31.56
31.56
31.56
31.56
30.96
29.04
29.04
29.04
29.04
29.04
29.04
29.04
29.04
29.04
29.76
31.92
32.04
32.04
31.92
32.04
32.04
31.92
32.04
32.04
27.48
13.68
13.92
17.88
18.12
14.28
10.92
4.32
2.88
17.88
20.4
19.92
18.72
16.92
17.16
21.12
33.6
33.72
33.6
33.6
33.72
33.6
33.72
33.6
33.72
33.72
34.08
34.08
34.08
34.08
34.08
34.08
34.08
34.08
34.08
35.64
40.44
40.56
40.56
40.56
40.56
40.56
40.56
40.56
40.44
35.64
23.04
47.16
47.28
47.16
47.28
47.28
47.16
47.28
47.16
47.28
45.0
33.12
33.0
33.12
33.12
33.12
33.12
33.12
33.12
33.12
32.88
32.04
32.16
32.04
32.04
32.16
32.04
32.16
32.04
32.16
30.96
24.0
24.0
24.12
24.0
24.12
24.0
24.0
24.12
24.0
23.64
21.72
28.44
28.56
28.44
28.44
28.56
28.44
28.56
28.44
28.56
28.56
31.2
31.2
31.32
31.2
31.2
31.32
31.2
31.2
31.32
31.2
30.48
30.48
30.48
30.48
30.48
30.6
30.48
30.48
30.48
30.36
26.88
26.88
26.88
26.88
26.88
26.88
26.88
26.88
26.88
26.64
20.28
21.48
12.6
7.08
13.8
15.24
16.92
18.12
15.24
11.04
12.36
15.96
12.72
9.36
12.12
26.64
26.64
26.64
26.52
26.64
26.64
26.64
26.64
26.64
26.28
24.84
24.84
24.84
24.84
24.84
24.84
24.96
24.84
24.84
23.76
17.76
14.04
9.36
15.0
8.76
13.32
13.44
6.0
4.32
11.04
16.56
21.0
24.48
24.48
24.36
24.48
24.48
24.36
24.48
24.48
24.48
22.44
15.72
7.92
6.12
6.96
7.92
3.0
3.48
8.16
20.76
9.0
23.16
26.4
26.4
26.52
26.4
26.4
26.4
26.4
26.4
26.4
16.44
16.8
10.92
7.44
9.48
15.12
18.6
18.84
18.96
15.0
7.44
4.8
0.72
5.76
9.0
16.2
13.68
15.96
18.36
24.12
26.52
26.52
26.52
26.4
26.52
26.52
26.52
26.52
26.52
24.48
23.64
23.64
24.0
29.88
32.64
32.64
32.64
32.64
32.64
32.64
32.64
32.64
32.52
40.44
44.04
43.92
43.92
43.92
44.04
43.92
43.92
44.04
43.92
47.76
49.56
49.56
49.44
49.56
49.56
49.44
49.56
49.56
49.44
34.32
28.32
28.2
28.2
28.2
28.2
28.2
28.2
28.2
28.32
19.92
15.0
12.72
20.52
29.16
29.16
29.16
29.16
29.16
29.16
29.16
29.16
29.16
20.64
11.04
9.96
9.0
9.6
19.8
10.56
16.08
36.0
36.0
36.0
35.88
36.0
36.0
35.88
36.0
36.0
35.4
24.72
24.84
24.84
24.72
24.84
24.84
24.72
24.84
24.84
24.6
23.04
16.68
10.44
15.6
21.84
26.4
28.2
28.08
28.08
28.2
28.08
28.08
28.08
28.2
28.08
25.2
25.32
30.84
30.96
30.96
30.84
30.96
30.96
30.84
30.96
30.96
28.32
21.48
28.8
28.92
28.8
28.92
28.8
28.92
28.8
28.92
28.8
29.04
30.6
30.6
30.6
30.48
30.6
30.6
30.6
30.6
30.48
29.04
20.52
25.32
25.2
25.2
25.2
25.32
25.2
25.2
25.32
25.2
25.56
32.04
32.04
32.04
32.04
32.16
32.04
32.04
32.04
32.04
32.64
41.16
41.28
41.16
41.28
41.28
41.16
41.28
41.28
41.16
40.8
35.64
35.64
35.64
35.52
35.64
35.64
35.64
35.64
35.52
35.76
39.72
39.6
39.6
39.72
39.6
39.72
39.6
39.6
39.72
39.36
33.84
33.84
33.84
33.84
33.84
33.84
33.84
33.84
33.84
34.32
44.16
44.16
44.16
44.16
44.16
44.16
44.16
44.28
44.16
43.44
32.28
32.28
32.4
32.28
32.4
32.28
32.28
32.4
32.28
33.84
59.64
59.52
59.52
59.52
59.64
59.52
59.52
59.64
59.52
59.28
56.28
56.28
56.28
56.28
56.28
56.28
56.28
56.28
56.4
56.16
54.24
54.24
54.24
54.24
54.36
54.24
54.24
54.24
54.24
53.28
38.16
38.16
38.28
38.16
38.28
38.16
38.28
38.16
38.16
37.08
21.48
54.12
55.2
55.32
55.2
55.32
55.2
55.2
55.32
55.2
55.32
61.44
61.92
61.8
61.92
61.8
61.92
61.8
61.8
61.92
61.8
55.2
54.96
55.08
54.96
54.96
55.08
54.96
54.96
55.08
54.96
47.76
47.76
47.76
47.76
47.76
47.76
47.76
47.64
47.76
47.76
26.4
26.16
26.16
26.16
26.16
26.28
26.16
26.16
26.16
26.28
51.0
51.24
51.36
51.36
51.24
51.36
51.36
51.24
51.36
51.24
52.56
52.56
52.56
52.68
52.56
52.56
52.68
52.56
52.56
52.2
16.44
21.48
33.24
35.04
34.92
35.04
34.92
35.04
34.92
35.04
34.92
35.04
54.24
57.12
57.12
57.12
57.12
57.24
57.12
57.12
57.12
57.12
56.28
56.28
56.28
56.28
56.28
56.4
56.28
56.28
56.28
56.28
56.64
56.76
56.76
56.88
56.76
56.76
56.88
56.76
56.76
56.76
47.76
46.8
46.8
46.8
46.8
46.68
46.8
46.8
46.8
46.68
24.24
45.48
50.52
50.52
50.52
50.52
50.52
50.4
50.52
50.52
50.52
60.48
62.52
62.52
62.52
62.52
62.52
62.52
62.52
62.52
62.52
41.16
36.72
36.84
36.72
36.84
36.72
36.84
36.84
36.72
36.84
28.44
26.64
26.76
26.64
26.64
26.76
26.64
26.64
26.76
26.64
21.12
28.44
31.44
31.44
31.44
31.44
31.44
31.44
31.44
31.44
31.44
23.16
27.72
31.56
31.68
31.56
31.56
31.68
31.56
31.68
31.56
31.56
25.2
20.88
24.24
28.08
28.2
28.2
28.2
28.08
28.2
28.2
28.2
28.08
35.76
42.96
42.84
42.96
42.84
42.84
42.96
42.84
42.96
42.84
28.08
16.2
21.48
26.04
25.92
26.04
26.04
26.04
25.92
26.04
26.04
26.04
24.0
19.92
16.8
16.2
21.72
11.4
15.84
17.4
13.32
15.84
20.28
21.6
21.96
23.16
24.48
24.36
24.36
24.48
24.36
24.36
24.48
24.36
24.48
21.6
21.72
24.12
24.12
24.24
24.12
24.12
24.12
24.12
24.24
24.12
22.08
21.12
21.84
18.24
12.72
11.64
13.08
7.44
18.84
22.68
24.84
25.08
25.08
25.08
25.2
25.08
25.08
25.2
25.08
25.08
26.04
26.16
26.16
26.16
26.16
26.16
26.16
26.16
26.16
26.28
21.12
21.84
27.36
29.4
29.4
29.28
29.4
29.4
29.4
29.28
29.4
29.4
23.16
29.52
34.68
34.68
34.68
34.68
34.68
34.68
34.68
34.68
34.68
34.92
35.28
35.16
35.16
35.16
35.28
35.16
35.16
35.16
35.28
33.36
32.28
32.28
32.28
32.28
32.4
32.28
32.28
32.28
32.28
34.32
35.76
35.76
35.64
35.76
35.76
35.76
35.76
35.64
35.76
33.84
32.76
32.64
32.76
32.76
32.64
32.76
32.76
32.64
32.76
43.8
51.72
51.6
51.6
51.6
51.6
51.72
51.6
51.6
51.6
48.96
47.28
47.4
47.28
47.28
47.28
47.4
47.28
47.28
47.28
41.76
38.28
38.28
38.16
38.28
38.28
38.28
38.28
38.28
38.16
22.44
21.84
29.28
29.16
29.28
29.28
29.28
29.16
29.28
29.28
29.16
34.56
38.88
39.0
38.88
38.88
39.0
38.88
38.88
39.0
38.88
50.4
60.36
60.48
60.36
60.36
60.36
60.48
60.36
60.36
60.36
58.44
56.76
56.88
56.76
56.76
56.88
56.76
56.76
56.76
56.88
57.36
58.08
58.2
58.08
58.08
58.2
58.08
58.2
58.08
58.08
49.8
42.84
42.72
42.84
42.72
42.84
42.72
42.84
42.72
42.84
34.08
26.64
26.76
26.64
26.76
26.64
26.76
26.64
26.76
26.64
37.8
47.64
47.52
47.52
47.52
47.64
47.52
47.52
47.52
47.52
54.96
60.84
60.96
60.84
60.96
60.84
60.96
60.84
60.96
60.84
60.0
59.4
59.52
59.4
59.4
59.52
59.4
59.4
59.52
59.4
56.4
54.12
54.0
54.12
54.0
54.0
54.12
54.0
54.12
54.0
47.28
42.12
42.12
42.0
42.12
42.12
42.12
42.12
42.0
42.12
34.08
27.72
27.72
27.72
27.72
27.72
27.72
27.72
27.72
27.72
39.84
49.56
49.56
49.56
49.56
49.68
49.56
49.56
49.56
49.56
54.84
58.68
58.8
58.68
58.8
58.8
58.68
58.8
58.68
58.8
