0.12
27.48
28.2
28.08
28.2
28.08
28.2
28.08
28.2
28.08
28.2
42.24
42.72
42.6
42.72
42.72
42.6
42.72
42.72
42.6
42.72
46.56
46.68
46.68
46.8
46.68
46.68
46.8
46.68
46.68
46.68
49.08
49.08
49.08
49.2
49.08
49.08
49.08
49.2
49.08
49.08
60.12
60.12
60.24
60.12
60.12
60.24
60.12
60.12
60.24
60.12
65.88
65.88
65.88
66.0
65.88
65.88
66.0
65.88
65.88
66.0
56.4
56.52
56.52
56.52
56.4
56.52
56.52
56.52
56.52
56.4
62.28
62.4
62.4
62.28
62.4
62.4
62.28
62.4
62.4
62.28
49.8
49.8
49.8
49.8
49.8
49.8
49.8
49.8
49.8
49.8
51.96
51.96
51.84
51.96
51.96
51.96
51.96
51.96
51.96
51.84
50.28
50.4
50.4
50.4
50.28
50.4
50.4
50.4
50.4
49.68
20.16
48.72
48.84
48.84
48.84
48.84
48.84
48.84
48.72
48.84
48.96
66.6
66.72
66.6
66.6
66.6
66.72
66.6
66.6
66.6
66.36
46.68
46.56
46.56
46.56
46.68
46.56
46.56
46.68
46.56
46.44
42.6
42.6
42.6
42.6
42.6
42.6
42.6
42.6
42.6
42.24
29.04
29.04
28.92
29.04
28.92
29.04
29.04
28.92
29.04
29.16
57.12
57.12
57.12
57.12
57.12
57.12
57.12
57.12
57.12
57.12
59.28
59.28
59.28
59.28
59.28
59.28
59.28
59.28
59.28
59.16
48.72
48.6
48.72
48.72
48.72
48.72
48.72
48.72
48.72
48.72
50.52
50.52
50.52
50.52
50.52
50.52
50.52
50.52
50.52
49.8
26.04
26.04
26.04
25.92
26.04
26.04
26.04
26.04
26.04
26.52
47.28
47.28
47.28
47.16
47.28
47.28
47.28
47.16
47.28
47.16
47.76
47.64
47.64
47.64
47.64
47.64
47.76
47.64
47.64
48.72
71.4
71.4
71.28
71.4
71.4
71.28
71.4
71.4
71.28
70.44
53.88
53.88
53.88
53.88
53.88
54.0
53.88
53.88
53.88
53.28
45.72
45.72
45.72
45.72
45.72
45.72
45.72
45.72
45.72
45.12
38.52
38.52
38.64
38.52
38.52
38.52
38.52
38.64
38.52
37.32
21.96
59.76
59.76
59.88
59.76
59.76
59.88
59.76
59.88
59.76
59.76
68.4
68.4
68.52
68.4
68.52
68.4
68.52
68.4
68.52
68.4
61.92
62.04
62.04
62.04
62.04
62.04
62.04
62.04
62.04
61.92
19.8
57.6
58.8
58.8
58.8
58.92
58.8
58.8
58.8
58.8
58.8
63.96
64.08
64.08
64.08
64.08
64.08
64.08
64.2
64.08
64.08
33.12
32.16
32.28
32.16
32.28
32.16
32.16
32.28
32.16
32.28
61.68
63.0
63.0
63.0
63.0
63.0
63.0
63.0
63.0
63.12
63.6
63.72
63.84
63.72
63.72
63.72
63.72
63.72
63.72
63.72
56.16
55.68
55.8
55.8
55.68
55.8
55.8
55.8
55.68
55.8
50.64
50.52
50.52
50.52
50.52
50.52
50.4
50.52
50.52
50.52
22.08
33.24
34.32
34.32
34.32
34.32
34.32
34.32
34.32
34.32
34.2
64.92
67.68
67.68
67.56
67.68
67.68
67.68
67.56
67.68
67.68
62.64
62.28
62.28
62.28
62.28
62.4
62.28
62.28
62.28
62.28
65.64
66.0
66.0
66.0
66.12
66.0
66.0
66.0
66.12
66.0
52.68
51.6
51.48
51.6
51.6
51.6
51.48
51.6
51.6
51.6
31.92
30.48
30.48
30.48
30.36
30.48
30.48
30.48
30.48
30.48
27.6
27.36
27.24
27.36
27.36
27.36
27.24
27.36
27.36
27.36
49.2
51.12
51.24
51.12
51.24
51.24
51.12
51.24
51.12
51.24
66.48
67.92
67.8
67.92
67.92
67.8
67.92
67.92
67.8
67.92
51.12
49.8
49.8
49.68
49.8
49.8
49.8
49.8
49.68
49.8
43.08
42.72
42.6
42.72
42.72
42.6
42.72
42.6
42.72
42.72
51.0
51.6
51.6
51.6
51.72
51.6
51.6
51.6
51.6
51.6
12.84
13.68
18.72
50.64
55.2
55.32
55.32
55.32
55.32
55.32
55.32
55.32
55.32
64.56
66.0
66.0
66.0
66.0
65.88
66.0
66.0
66.0
66.0
54.24
52.68
52.68
52.68
52.68
52.68
52.68
52.68
52.68
52.8
29.4
26.52
26.4
26.52
26.4
26.4
26.52
26.4
26.4
26.52
52.56
56.28
56.28
56.28
56.28
56.28
56.28
56.28
56.28
56.16
35.64
32.64
32.76
32.76
32.76
32.64
32.76
32.76
32.76
32.64
25.44
24.48
24.36
24.36
24.36
24.36
24.48
24.36
24.36
24.36
20.04
18.72
22.68
19.44
18.0
24.84
24.84
24.84
24.84
24.84
24.84
24.84
24.84
24.84
23.28
19.56
19.68
25.56
25.44
25.44
25.44
25.44
25.44
25.44
25.44
25.44
21.12
24.48
51.36
51.24
51.36
51.24
51.36
51.24
51.36
51.24
51.36
43.44
26.16
26.16
26.16
26.16
26.16
26.16
26.16
26.16
26.16
30.24
39.6
39.72
39.72
39.6
39.72
39.6
39.72
39.72
39.6
38.04
34.32
34.2
34.2
34.32
34.2
34.32
34.2
34.32
34.2
34.32
34.68
34.68
34.56
34.68
34.68
34.68
34.56
34.68
34.68
37.08
43.32
43.32
43.32
43.32
43.32
43.32
43.32
43.32
43.32
40.08
32.76
32.64
32.64
32.64
32.64
32.64
32.76
32.64
32.64
30.24
24.0
24.12
24.12
24.0
24.12
24.12
24.0
24.12
24.12
23.04
21.48
24.0
34.44
35.16
35.28
35.16
35.16
35.28
35.16
35.16
35.28
35.16
40.8
41.28
41.28
41.16
41.28
41.16
41.28
41.16
41.28
41.28
34.2
33.96
33.96
33.96
33.96
33.96
33.96
33.96
33.96
33.84
40.44
40.8
40.92
40.8
40.8
40.92
40.8
40.92
40.8
40.92
38.28
38.28
38.28
38.16
38.28
38.28
38.16
38.28
38.28
38.16
52.44
53.28
53.4
53.4
53.4
53.4
53.28
53.4
53.4
53.4
35.52
34.44
34.56
34.56
34.44
34.56
34.44
34.56
34.44
34.56
27.48
27.0
27.12
27.0
27.0
27.0
27.12
27.0
27.0
27.12
58.68
61.2
61.2
61.32
61.2
61.2
61.2
61.2
61.2
61.32
48.0
47.16
47.16
47.16
47.28
47.16
47.16
47.16
47.16
47.16
48.48
48.72
48.6
48.6
48.6
48.6
48.6
48.6
48.72
48.6
48.96
49.2
49.08
49.08
49.08
49.2
49.08
49.08
49.2
49.08
28.92
28.08
28.2
28.08
28.2
28.08
28.08
28.2
28.08
28.2
49.68
50.64
50.76
50.64
50.76
50.64
50.64
50.76
50.64
50.76
36.36
36.0
36.12
36.0
36.12
36.0
36.12
36.0
36.0
36.12
48.0
48.6
48.48
48.6
48.6
48.48
48.6
48.6
48.48
48.6
48.0
48.0
48.12
48.0
48.12
48.0
48.12
48.0
48.0
48.12
31.68
31.44
31.44
31.32
31.44
31.44
31.44
31.44
31.32
31.44
46.8
47.28
47.28
47.28
47.28
47.28
47.28
47.16
47.28
47.28
28.8
28.68
28.68
28.68
28.68
28.68
28.68
28.68
28.8
28.68
20.52
14.4
26.28
26.88
27.0
26.88
26.88
27.0
26.88
27.0
26.88
27.0
15.0
10.92
10.8
19.68
40.2
43.8
43.68
43.68
43.8
43.68
43.68
43.8
43.68
43.68
28.44
25.8
25.8
25.8
25.8
25.8
25.8
25.8
25.8
25.8
20.04
17.52
24.36
26.4
26.28
26.4
26.4
26.28
26.4
26.4
26.28
26.4
28.32
29.04
28.92
29.04
28.92
29.04
29.04
28.92
29.04
28.92
22.68
33.48
37.8
37.68
37.8
37.68
37.68
37.8
37.68
37.8
37.68
35.28
34.56
34.56
34.56
34.56
34.56
34.56
34.56
34.56
34.56
21.24
14.64
23.16
27.6
27.6
27.6
27.6
27.6
27.48
27.6
27.6
27.6
41.28
47.52
47.52
47.52
47.52
47.52
47.52
47.52
47.52
47.52
31.68
24.84
24.96
24.96
24.84
24.96
24.96
24.84
24.96
24.84
30.36
32.64
32.52
32.64
32.64
32.64
32.64
32.64
32.52
32.64
29.04
27.6
27.6
27.6
27.6
27.6
27.6
27.48
27.6
27.6
18.24
25.92
31.92
31.8
31.92
31.8
31.8
31.92
31.8
31.92
31.8
42.6
48.12
48.24
48.24
48.12
48.24
48.24
48.12
48.24
48.24
40.68
37.2
37.2
37.2
37.2
37.2
37.2
37.08
37.2
37.2
28.92
24.72
24.72
24.84
24.72
24.72
24.72
24.84
24.72
24.72
32.16
35.88
35.88
35.88
35.88
36.0
35.88
35.88
35.88
35.88
32.04
30.0
30.0
30.0
30.12
30.0
30.0
30.12
30.0
30.0
29.04
28.56
28.56
28.56
28.68
28.56
28.56
28.56
28.68
28.56
28.32
28.32
28.2
28.32
28.32
28.32
28.2
28.32
28.32
28.2
32.76
35.04
35.04
35.16
35.04
35.04
35.16
35.04
35.04
35.16
33.48
32.76
32.64
32.76
32.76
32.64
32.76
32.76
32.64
32.76
29.88
28.2
28.2
28.2
28.2
28.2
28.32
28.2
28.2
28.2
25.92
24.6
24.72
24.6
24.72
24.6
24.72
24.6
24.72
24.6
26.64
27.96
27.96
27.84
27.96
27.96
27.96
27.84
27.96
27.96
28.32
28.8
28.68
28.68
28.8
28.68
28.8
28.68
28.68
28.8
28.08
27.84
27.96
27.84
27.96
27.84
27.96
27.84
27.96
27.84
29.76
30.96
30.96
30.84
30.96
30.96
30.96
30.96
30.96
30.84
34.92
37.44
37.44
37.44
37.44
37.44
37.44
37.56
37.44
37.44
43.32
47.28
47.28
47.28
47.28
47.28
47.28
47.28
47.28
47.28
36.6
30.0
30.0
30.0
30.0
30.0
30.0
30.0
30.0
30.0
30.24
30.36
30.48
30.48
30.36
30.48
30.48
30.48
30.36
30.48
48.6
60.0
60.0
59.88
60.0
60.0
60.0
59.88
60.0
60.0
63.36
65.64
65.52
65.52
65.64
65.52
65.64
65.52
65.64
65.52
66.0
66.24
66.12
66.24
66.24
66.24
66.24
66.24
66.24
66.12
45.96
33.6
33.48
33.6
33.6
33.48
33.6
33.6
33.48
33.6
31.92
31.08
30.96
31.08
30.96
31.08
31.08
30.96
31.08
31.08
37.68
42.12
42.0
42.12
42.0
42.0
42.12
42.0
42.12
42.0
56.16
65.16
65.16
65.04
65.16
65.16
65.16
65.16
65.16
65.16
52.2
44.04
44.04
44.04
44.04
44.04
43.92
44.04
44.04
44.04
41.76
40.44
40.44
40.44
40.44
40.44
40.44
40.44
40.44
40.44
37.2
34.92
35.04
35.04
35.04
35.04
35.04
35.04
35.04
35.04
40.92
44.76
44.76
44.88
44.76
44.88
44.76
44.76
44.88
44.76
57.24
65.28
65.16
65.28
65.16
65.28
65.16
65.28
65.16
65.28
63.84
63.0
63.0
63.0
63.0
63.0
63.0
63.0
63.12
63.0
56.52
52.56
52.44
52.56
52.56
52.56
52.56
52.56
52.56
52.56
32.28
34.32
44.52
44.4
44.52
44.52
44.4
44.52
44.52
44.4
44.52
55.44
63.24
63.12
63.24
63.24
63.12
63.24
63.12
63.24
63.24
64.56
65.4
65.52
65.52
65.52
65.52
65.52
65.52
65.4
65.52
63.0
61.44
61.44
61.44
61.44
61.44
61.44
61.44
61.32
61.44
41.16
27.12
27.24
27.12
27.24
27.12
27.12
27.24
27.12
27.12
36.6
43.32
43.32
43.32
43.2
43.32
43.32
43.32
43.32
43.2
55.8
64.2
64.2
64.08
64.2
64.2
64.08
64.2
64.2
64.08
62.52
61.68
61.56
61.56
61.68
61.56
61.56
61.56
61.68
61.56
61.56
61.68
61.68
61.68
61.68
61.68
61.68
61.68
61.68
61.68
49.08
40.68
40.68
40.56
40.68
40.68
40.68
40.68
40.68
40.68
33.24
28.68
28.68
28.68
28.68
28.68
28.68
28.68
28.68
28.68
50.4
65.16
65.16
65.04
65.16
65.16
65.04
65.16
65.16
65.16
63.24
61.92
62.04
62.04
61.92
62.04
62.04
61.92
62.04
62.04
60.36
59.52
59.64
59.52
59.52
59.52
59.64
59.52
59.52
59.52
44.16
33.72
33.84
33.84
33.84
33.84
33.72
33.84
33.84
33.84
31.32
29.88
29.76
29.88
29.76
29.88
29.76
29.88
29.76
29.88
50.64
65.52
65.4
65.4
65.4
65.52
65.4
65.4
65.52
65.4
64.08
63.24
63.12
63.24
63.24
63.12
63.24
63.24
63.12
63.24
64.32
65.04
65.16
65.16
65.16
65.04
65.16
65.16
65.04
65.16
52.8
44.16
44.16
44.28
44.16
44.16
44.16
44.28
44.16
44.16
37.2
32.4
32.4
32.52
32.4
32.4
32.52
32.4
32.4
32.52
48.12
59.04
59.04
59.04
58.92
59.04
59.04
59.04
59.04
59.04
62.52
64.92
65.04
64.92
64.92
65.04
64.92
64.92
65.04
64.92
53.16
45.12
45.12
45.12
45.12
45.0
45.12
45.12
45.12
45.12
38.88
34.92
35.04
34.92
34.92
34.92
34.92
35.04
34.92
34.92
28.8
24.96
24.84
24.96
24.84
24.96
24.84
24.96
24.84
24.96
33.12
38.76
38.76
38.76
38.76
38.88
38.76
38.76
38.76
38.76
52.2
61.08
60.96
60.96
60.96
60.96
60.96
60.96
60.96
60.96
64.32
66.6
66.48
66.6
66.6
66.6
66.48
66.6
66.6
66.6
44.64
30.72
30.84
30.72
30.84
30.72
30.72
30.84
30.72
30.84
29.4
28.8
28.68
28.8
28.68
28.8
28.68
28.8
28.68
28.8
41.52
50.4
50.28
50.4
50.28
50.4
50.4
50.28
50.4
50.28
56.88
61.08
61.2
61.08
61.08
61.08
61.2
61.08
61.08
61.08
61.56
61.8
61.8
61.92
61.8
61.8
61.8
61.92
61.8
61.8
49.44
41.52
41.52
41.52
41.64
41.52
41.52
41.52
41.64
41.52
31.08
24.72
24.84
24.72
24.72
24.72
24.72
24.72
24.84
24.72
46.32
59.76
59.64
59.76
59.76
59.64
59.76
59.76
59.64
59.76
60.6
61.2
61.2
61.2
61.2
61.2
61.2
61.2
61.2
61.32
61.08
61.08
61.2
61.2
61.2
61.2
61.08
61.2
61.2
61.2
50.4
43.8
43.8
43.8
43.8
43.8
43.68
43.8
43.8
43.8
33.6
27.24
27.36
27.36
27.36
27.24
27.36
27.36
27.36
27.24
45.6
56.88
56.76
56.88
56.88
56.76
56.88
56.88
56.76
56.88
57.72
58.32
58.32
58.44
58.32
58.32
58.32
58.32
58.44
58.32
57.6
57.48
57.48
57.36
57.48
57.48
57.36
57.48
57.48
57.36
45.48
38.16
38.16
38.16
38.16
38.16
38.16
38.16
38.16
38.16
31.92
28.08
27.96
28.08
27.96
28.08
28.08
27.96
28.08
27.96
46.92
59.64
59.64
59.52
59.64
59.52
59.64
59.52
59.64
59.64
60.72
61.8
61.68
61.68
61.8
61.68
61.8
61.68
61.8
61.68
62.16
62.52
62.52
62.64
62.52
62.52
62.52
62.52
62.52
62.64
47.64
37.8
37.8
37.8
37.8
37.8
37.8
37.8
37.8
37.8
29.76
24.24
24.24
24.24
24.24
24.24
24.36
24.24
24.24
24.24
43.56
57.0
57.0
57.0
57.0
57.0
57.0
57.0
57.0
57.0
57.84
58.56
58.56
58.68
58.56
58.68
58.56
58.56
58.68
58.56
59.28
59.76
59.88
59.88
59.76
59.88
59.88
59.76
59.88
59.88
53.16
48.84
48.84
48.84
48.84
48.96
48.84
48.84
48.84
48.84
35.04
26.28
26.28
26.28
26.28
26.16
26.28
26.28
26.28
26.28
42.6
53.28
53.28
53.28
53.28
53.28
53.28
53.28
53.28
53.28
57.12
59.64
59.52
59.64
59.52
59.52
59.64
59.52
59.64
59.52
58.68
57.96
58.08
58.08
58.08
58.08
58.08
58.08
58.08
58.08
49.32
43.92
43.92
43.92
43.92
43.92
43.92
43.92
44.04
43.92
30.12
42.48
57.72
57.6
57.72
57.6
57.72
57.6
57.72
57.6
57.72
57.96
58.2
58.32
58.2
58.32
58.2
58.2
58.32
58.2
58.2
60.48
62.04
62.16
62.04
62.16
62.04
62.04
62.16
62.04
62.16
48.12
38.52
38.52
38.4
38.52
38.52
38.52
38.52
38.52
38.4
33.12
29.16
29.28
29.28
29.16
29.28
29.16
29.28
29.16
29.28
47.76
61.32
61.32
61.44
61.32
61.32
61.32
61.32
61.32
61.44
47.28
37.44
37.44
37.44
37.44
37.44
37.44
37.44
37.44
37.44
33.84
31.56
31.44
31.44
31.44
31.44
31.44
31.44
31.44
31.44
25.68
22.08
23.88
25.08
25.2
25.2
25.08
25.2
25.2
25.2
25.08
25.2
26.88
29.4
29.4
29.28
29.4
29.4
29.28
29.4
29.4
29.28
25.56
22.44
25.56
25.56
25.56
25.56
25.56
25.56
25.56
25.56
25.68
33.48
46.44
46.56
46.44
46.44
46.56
46.44
46.56
46.44
46.44
43.2
37.8
37.92
37.92
37.8
37.92
37.8
37.92
37.92
37.8
41.76
48.0
48.12
48.12
48.0
48.12
48.12
48.0
48.12
48.12
38.88
24.96
24.96
24.84
24.96
24.84
24.96
24.84
24.96
24.84
32.76
45.24
45.24
45.12
45.24
45.24
45.12
45.24
45.24
45.12
38.28
27.36
27.48
27.36
27.48
27.36
27.48
27.48
27.36
27.48
36.0
49.56
49.56
49.56
49.56
49.56
49.68
49.56
49.56
49.56
54.48
62.04
62.04
62.04
62.04
62.04
62.04
61.92
62.04
62.04
55.08
44.76
44.76
44.76
44.76
44.76
44.64
44.76
44.76
44.76
37.68
27.24
27.24
27.24
27.24
27.24
27.24
27.24
27.24
27.24
29.28
32.64
32.64
32.52
32.64
32.64
32.52
32.64
32.64
32.64
29.52
24.96
25.08
24.96
25.08
24.96
25.08
25.08
24.96
25.08
25.68
27.0
27.12
27.0
27.0
27.0
27.0
27.0
27.12
27.0
26.76
26.76
26.64
26.76
26.64
26.64
26.76
26.64
26.76
26.64
25.32
23.16
24.0
24.0
24.0
24.0
24.0
24.0
24.0
24.0
24.0
22.8
21.0
24.0
23.16
19.32
19.08
24.0
23.88
24.12
24.12
24.12
24.12
24.12
24.12
24.24
24.12
24.12
24.12
24.12
24.12
24.12
24.24
24.12
24.12
24.12
24.24
24.12
23.88
22.44
19.8
15.12
27.6
27.6
27.6
27.6
27.48
27.6
27.6
27.6
27.48
26.76
19.92
25.08
25.08
25.08
25.08
24.96
25.08
25.08
25.08
25.08
24.12
12.24
15.24
36.0
36.0
35.88
36.0
36.0
35.88
36.0
36.0
35.88
35.76
27.96
27.96
27.96
27.96
27.84
27.96
27.96
27.96
27.96
27.72
22.8
20.76
19.2
23.28
24.36
24.72
24.84
24.72
24.84
24.72
24.84
24.84
24.72
24.84
19.8
19.08
21.48
23.64
24.96
24.84
24.96
24.84
24.96
24.84
24.84
24.96
24.84
23.76
25.8
29.04
29.16
29.04
29.04
29.04
29.04
29.16
29.04
29.04
23.64
21.0
24.24
24.36
24.36
24.24
24.36
24.36
24.24
24.36
24.36
22.92
22.2
22.8
23.52
26.28
26.4
26.4
26.4
26.28
26.4
26.4
26.28
26.4
25.2
22.32
20.04
17.88
21.6
21.72
23.88
20.76
18.84
17.04
18.36
23.4
25.56
25.68
25.56
25.56
25.68
25.56
25.68
25.56
25.68
26.76
28.32
28.2
28.32
28.32
28.2
28.32
28.32
28.2
28.32
28.08
28.2
28.2
28.08
28.2
28.2
28.08
28.2
28.2
28.08
26.28
24.0
24.12
24.0
24.12
24.12
24.0
24.12
24.0
24.12
18.0
16.2
24.0
26.04
26.04
26.16
26.04
26.04
26.16
26.04
26.04
26.16
29.52
36.12
36.12
36.12
36.24
36.12
36.12
36.12
36.12
36.24
32.88
27.0
27.12
27.0
27.12
27.0
27.0
27.12
27.0
27.0
24.12
16.08
13.8
19.56
19.68
20.88
20.64
20.16
20.64
21.84
21.48
22.92
16.2
15.72
17.4
19.44
14.52
15.0
11.4
14.16
14.16
32.88
39.0
39.12
39.12
39.12
39.0
39.12
39.12
39.0
39.12
42.6
43.68
43.68
43.68
43.68
43.68
43.68
43.68
43.68
43.68
49.56
51.6
51.72
51.6
51.6
51.6
51.72
51.6
51.6
51.6
45.72
43.68
43.68
43.68
43.68
43.68
43.68
43.68
43.68
43.68
58.32
63.36
63.24
63.36
63.24
63.36
63.36
63.24
63.36
63.24
62.88
62.88
62.76
62.76
62.88
62.76
62.88
62.76
62.88
62.76
52.56
49.2
49.2
49.32
49.2
49.2
49.2
49.2
49.2
49.2
36.6
32.64
32.52
32.64
32.64
32.52
32.64
32.64
32.64
32.52
41.28
44.4
44.28
44.28
44.28
44.28
44.4
44.28
44.28
44.28
44.76
45.0
45.0
45.0
45.0
45.0
45.0
45.0
45.0
45.0
31.56
27.36
27.24
27.36
27.36
27.36
27.36
27.36
27.36
27.24
25.68
25.32
25.2
25.32
25.2
25.32
25.2
25.32
25.2
25.32
30.36
32.04
32.04
32.04
32.16
32.04
32.04
32.04
32.16
32.04
30.48
29.88
30.0
29.88
30.0
29.88
30.0
29.88
30.0
29.88
33.6
35.04
34.92
35.04
34.92
34.92
35.04
34.92
35.04
34.92
36.36
36.84
36.84
36.84
36.84
36.96
36.84
36.84
36.84
36.84
33.48
32.28
32.28
32.16
32.28
32.28
32.28
32.28
32.16
32.28
25.08
19.8
17.52
31.08
38.88
38.88
38.88
38.88
38.88
38.88
38.88
38.88
38.88
43.2
45.36
45.48
45.36
45.36
45.48
45.36
45.36
45.36
45.48
39.24
36.36
36.24
36.36
36.24
36.36
36.24
36.36
36.24
36.36
53.04
61.8
61.8
61.68
61.8
61.8
61.8
61.68
61.8
61.8
61.92
62.04
62.04
62.04
62.16
62.04
62.04
62.04
62.04
62.04
55.92
52.8
52.8
52.8
52.8
52.68
52.8
52.8
52.8
52.8
51.48
51.0
50.88
51.0
50.88
51.0
50.88
51.0
51.0
50.88
32.4
33.72
42.72
42.72
42.72
42.72
42.72
42.72
42.72
42.72
42.72
50.28
56.76
56.88
56.76
56.76
56.88
56.76
56.76
56.76
56.88
56.76
57.0
57.12
57.0
57.0
57.12
57.0
57.0
57.0
57.12
60.12
62.76
62.88
62.88
62.88
62.76
62.88
62.88
62.88
62.76
41.76
24.72
24.6
24.6
24.72
24.6
24.6
24.6
24.72
24.6
32.88
39.84
39.84
39.72
39.84
39.84
39.84
39.72
39.84
39.84
51.12
60.84
60.72
60.84
60.72
60.84
60.84
60.72
60.84
60.72
61.8
62.76
62.76
62.76
62.64
62.76
62.76
62.76
62.76
62.76
63.6
64.56
64.68
64.56
64.56
64.56
64.56
64.68
64.56
64.56
47.16
32.28
32.16
32.28
32.28
32.28
32.28
32.28
32.16
32.28
33.24
33.96
34.08
33.96
34.08
34.08
33.96
34.08
33.96
34.08
50.64
66.24
66.12
66.12
66.12
66.24
66.12
66.12
66.24
66.12
63.6
61.2
61.2
61.32
61.2
61.2
61.2
61.32
61.2
61.2
61.44
61.8
61.68
61.8
61.68
61.8
61.68
61.8
61.8
61.68
49.44
38.16
38.04
38.16
38.16
38.16
38.16
38.04
38.16
38.16
38.76
39.24
39.24
39.36
39.24
39.24
39.36
39.24
39.24
39.36
48.36
56.76
56.76
56.76
56.76
56.76
56.76
56.76
56.76
56.76
58.68
60.48
60.48
60.48
60.6
60.48
60.48
60.48
60.48
60.6
61.44
62.52
62.4
62.52
62.52
62.4
62.52
62.4
62.52
62.52
47.76
34.08
34.2
34.2
34.2
34.2
34.08
34.2
34.2
34.2
28.56
35.76
58.2
58.32
58.32
58.2
58.32
58.32
58.32
58.2
58.32
58.92
60.36
60.36
60.36
60.24
60.36
60.36
60.24
60.36
60.36
59.4
57.84
57.72
57.84
57.84
57.84
57.72
57.84
57.84
57.72
49.8
35.16
35.28
35.16
35.16
35.28
35.16
35.16
35.16
35.28
24.36
15.6
40.92
40.92
41.04
40.92
40.92
41.04
40.92
40.92
41.04
44.52
52.2
52.08
52.2
52.2
52.2
52.2
52.2
52.2
52.2
49.56
44.28
44.4
44.4
44.28
44.4
44.4
44.4
44.28
44.4
37.56
24.72
24.72
24.6
24.72
24.72
24.6
24.72
24.6
24.72
25.08
25.68
25.8
25.8
25.8
25.8
25.8
25.8
25.8
25.8
34.8
53.28
53.28
53.16
53.28
53.28
53.28
53.28
53.28
53.16
57.12
64.68
64.68
64.8
64.68
64.68
64.8
64.68
64.68
64.8
62.76
59.64
59.52
59.52
59.52
59.64
59.52
59.52
59.64
59.52
52.32
38.64
38.76
38.64
38.64
38.76
38.64
38.64
38.76
38.64
35.28
28.8
28.8
28.8
28.8
28.8
28.8
28.8
28.8
28.8
39.96
61.8
61.92
61.8
61.92
61.92
61.8
61.92
61.8
61.92
63.24
66.24
66.24
66.36
66.24
66.24
66.24
66.24
66.24
66.24
64.2
60.12
60.12
60.12
60.12
60.12
60.12
60.12
60.12
60.24
56.52
49.8
49.92
49.8
49.92
49.8
49.92
49.8
49.92
49.8
43.92
33.12
33.12
33.12
33.12
33.12
33.24
33.12
33.12
33.12
38.88
50.4
50.4
50.4
50.4
50.4
50.4
50.4
50.4
50.4
53.76
60.24
60.24
60.24
60.24
60.24
60.24
60.12
60.24
60.24
60.24
60.6
60.6
60.6
60.6
60.6
60.6
60.6
60.48
60.6
53.28
39.36
39.48
39.48
39.48
39.36
39.48
39.48
39.48
39.48
33.72
33.96
60.84
60.84
60.84
60.84
60.84
60.84
60.84
60.84
60.84
61.68
63.96
63.96
63.96
64.08
63.96
63.96
63.96
63.96
63.96
56.16
38.28
38.28
38.28
38.28
38.28
38.28
38.28
38.28
38.28
34.44
25.92
26.04
25.92
26.04
25.92
26.04
25.92
26.04
25.92
26.16
26.88
27.0
26.88
27.0
26.88
26.88
27.0
26.88
27.0
27.84
30.12
30.24
30.24
30.24
30.12
30.24
30.24
30.24
30.12
27.72
21.72
19.44
12.84
13.8
30.36
30.48
30.48
30.36
30.48
30.48
30.48
30.36
30.48
31.2
36.0
36.12
36.12
36.0
36.12
36.12
36.0
36.12
36.12
36.6
41.16
41.16
41.04
41.16
41.16
41.16
41.04
41.16
41.16
39.96
32.88
33.0
32.88
32.88
33.0
32.88
32.88
33.0
32.88
33.6
39.24
39.24
39.24
39.24
39.24
39.24
39.24
39.24
39.24
39.0
37.92
37.92
37.92
37.92
37.92
37.92
37.92
37.92
37.92
37.92
38.28
38.16
38.28
38.16
38.28
38.16
38.28
38.28
38.16
38.28
38.28
38.28
38.4
38.28
38.28
38.4
38.28
38.28
38.28
37.08
30.24
30.24
30.36
30.24
30.24
30.36
30.24
30.24
30.24
31.92
41.16
41.04
41.16
41.16
41.04
41.16
41.04
41.16
41.04
40.92
39.48
39.6
39.6
39.48
39.6
39.6
39.48
39.6
39.6
38.76
34.44
34.56
34.56
34.56
34.56
34.44
34.56
34.56
34.56
35.16
39.6
39.6
39.6
39.6
39.6
39.6
39.48
39.6
39.6
38.64
33.0
33.12
33.12
33.0
33.12
33.0
33.12
33.12
33.0
33.84
39.24
39.12
39.24
39.12
39.24
39.12
39.24
39.12
39.24
38.04
32.52
32.4
32.52
32.52
32.52
32.4
32.52
32.52
32.52
32.16
31.2
31.2
31.2
31.2
31.2
31.2
31.2
31.2
31.2
31.92
36.12
36.12
36.24
36.12
36.24
36.12
36.12
36.24
36.12
35.76
34.32
34.2
34.32
34.2
34.2
34.32
34.2
34.32
34.2
33.48
28.56
28.56
28.68
28.56
28.56
28.68
28.56
28.56
28.56
28.44
27.96
27.96
28.08
27.96
27.96
27.96
27.96
27.96
27.96
28.2
29.28
29.4
29.28
29.4
29.4
29.28
29.4
29.28
29.4
29.64
31.8
31.8
31.92
31.8
31.92
31.8
31.92
31.8
31.8
31.08
26.28
26.28
26.28
26.28
26.28
26.28
26.28
26.28
26.28
27.12
33.72
33.84
33.72
33.84
33.72
33.72
33.84
33.72
33.84
33.48
32.76
32.76
32.88
32.76
32.76
32.76
32.76
32.88
32.76
32.76
33.72
33.72
33.84
33.72
33.72
33.72
33.72
33.72
33.72
36.36
57.72
57.6
57.6
57.72
57.6
57.6
57.72
57.6
57.6
56.76
49.92
49.8
49.92
49.92
49.8
49.92
49.92
49.8
49.92
48.0
33.72
33.72
33.6
33.72
33.6
33.72
33.6
33.72
33.72
36.48
63.24
63.24
63.12
63.24
63.24
63.24
63.12
63.24
63.24
63.24
64.68
64.68
64.8
64.68
64.68
64.68
64.68
64.68
64.68
