14.52
14.52
14.52
14.4
14.52
14.52
14.52
28.56
38.4
38.4
38.52
38.4
38.4
38.52
38.4
38.52
38.4
37.08
36.36
36.36
36.36
36.24
36.36
36.36
36.36
36.36
36.24
36.36
36.24
36.36
36.36
36.24
36.36
36.24
36.36
36.24
36.36
39.36
41.88
41.76
41.88
41.88
41.88
41.76
41.88
41.88
41.88
40.8
40.08
40.2
40.08
40.08
40.08
40.08
40.08
40.08
40.2
38.28
36.84
36.96
36.84
36.96
36.84
36.96
36.84
36.96
36.84
36.24
35.76
35.76
35.76
35.76
35.76
35.76
35.76
35.76
35.76
29.64
24.12
24.0
24.12
24.12
24.0
24.12
24.12
24.0
24.12
21.96
20.28
20.28
20.28
20.28
20.28
20.28
19.92
18.0
18.12
18.0
18.12
18.0
18.0
18.12
20.28
21.36
21.48
21.36
21.48
21.36
21.36
21.36
21.6
21.48
21.6
21.6
21.48
21.6
21.48
18.6
18.0
17.88
18.0
18.0
18.0
17.88
18.0
18.0
18.0
18.12
18.0
18.0
18.12
18.0
14.88
14.88
14.88
14.76
14.88
14.88
14.88
8.04
3.12
3.12
3.12
3.0
3.12
3.12
7.08
28.2
28.2
28.2
28.08
28.2
28.2
28.2
28.2
28.08
24.48
3.72
3.84
3.72
3.72
3.84
3.72
3.72
17.88
22.8
22.92
22.92
22.92
22.92
22.8
23.4
25.44
25.44
25.32
25.44
25.32
25.44
25.32
25.44
25.44
24.72
23.28
23.28
23.28
23.28
23.28
23.28
23.28
29.4
32.04
31.92
31.92
32.04
31.92
31.92
32.04
31.92
32.04
40.92
44.64
44.76
44.64
44.76
44.64
44.64
44.76
44.64
44.76
43.56
43.32
43.2
43.32
43.2
43.32
43.2
43.32
43.2
43.32
38.88
37.32
37.32
37.32
37.2
37.32
37.32
37.32
37.32
37.2
35.64
34.92
35.04
34.92
34.92
34.92
34.92
34.92
35.04
34.92
32.4
31.44
31.56
31.44
31.44
31.44
31.44
31.56
31.44
31.44
32.28
32.52
32.52
32.52
32.52
32.52
32.52
32.52
32.52
32.52
36.36
38.04
38.16
38.16
38.04
38.16
38.16
38.04
38.16
38.16
43.44
45.96
46.08
46.08
46.08
46.08
45.96
46.08
46.08
46.08
50.4
52.56
52.44
52.56
52.44
52.56
52.44
52.56
52.44
52.56
49.92
48.72
48.72
48.72
48.72
48.72
48.72
48.72
48.72
48.72
49.8
50.4
50.4
50.4
50.4
50.52
50.4
50.4
50.4
50.4
37.56
31.8
31.68
31.68
31.8
31.68
31.68
31.8
31.68
31.68
25.68
22.8
22.68
22.8
22.68
22.8
22.68
24.36
32.64
32.64
32.64
32.64
32.64
32.64
32.52
32.64
32.64
33.6
38.4
38.4
38.4
38.4
38.4
38.52
38.4
38.4
38.4
36.12
25.32
25.2
25.32
25.2
25.32
25.2
25.32
25.2
25.32
28.56
44.52
44.52
44.52
44.52
44.52
44.52
44.64
44.52
44.52
46.68
57.24
57.24
57.24
57.36
57.24
57.24
57.24
57.36
57.24
54.0
39.72
39.84
39.72
39.72
39.72
39.84
39.72
39.72
39.84
39.96
42.12
42.12
42.12
42.0
42.12
42.12
42.12
42.12
42.12
43.08
48.36
48.36
48.36
48.24
48.36
48.36
48.36
48.36
48.36
48.36
49.2
49.2
49.2
49.08
49.2
49.2
49.2
49.2
49.08
48.12
43.2
43.32
43.32
43.2
43.32
43.2
43.32
43.2
43.32
44.28
49.92
49.92
50.04
49.92
49.92
49.92
49.92
49.92
50.04
50.04
51.0
51.0
51.0
51.0
51.0
51.0
51.12
51.0
51.0
48.96
38.76
38.88
38.76
38.76
38.76
38.76
38.88
38.76
38.76
41.4
56.76
56.64
56.64
56.64
56.76
56.64
56.64
56.76
56.64
54.72
44.52
44.52
44.52
44.52
44.52
44.52
44.52
44.64
44.52
44.64
45.72
45.72
45.72
45.84
45.72
45.72
45.84
45.72
45.72
47.04
54.6
54.72
54.6
54.6
54.72
54.6
54.6
54.72
54.6
54.84
56.16
56.16
56.16
56.16
56.16
56.16
56.16
56.16
56.16
52.8
34.56
34.68
34.68
34.56
34.68
34.56
34.68
34.68
34.56
38.4
59.28
59.4
59.28
59.4
59.28
59.4
59.28
59.4
59.28
59.76
61.44
61.56
61.56
61.56
61.56
61.44
61.56
61.56
61.56
60.96
57.84
57.84
57.96
57.84
57.96
57.84
57.84
57.96
57.84
55.56
43.44
43.56
43.44
43.56
43.44
43.56
43.56
43.44
43.56
42.36
36.24
36.36
36.36
36.24
36.36
36.24
36.36
36.24
36.36
37.32
44.52
44.4
44.52
44.52
44.4
44.52
44.4
44.52
44.4
46.44
58.44
58.32
58.44
58.44
58.44
58.44
58.44
58.44
58.44
58.08
56.76
56.76
56.76
56.76
56.64
56.76
56.76
56.76
56.76
55.68
49.56
49.68
49.56
49.56
49.56
49.56
49.56
49.68
49.56
47.04
32.28
32.28
32.28
32.28
32.28
32.28
32.28
32.28
32.28
32.88
37.44
37.44
37.44
37.44
37.44
37.44
37.44
37.44
37.44
40.44
60.48
60.6
60.48
60.48
60.6
60.48
60.6
60.48
60.48
57.84
41.88
41.88
41.76
41.88
41.88
41.88
41.76
41.88
41.88
41.52
39.72
39.84
39.72
39.84
39.72
39.72
39.84
39.72
39.84
38.64
32.52
32.4
32.4
32.4
32.52
32.4
32.4
32.4
32.52
33.6
42.0
42.0
42.12
42.0
42.0
42.0
42.0
42.12
42.0
41.88
41.4
41.4
41.4
41.4
41.4
41.4
41.4
41.4
41.4
40.8
37.56
37.68
37.56
37.56
37.68
37.56
37.56
37.56
37.68
36.24
27.12
27.24
27.24
27.12
27.24
27.24
27.12
27.24
27.12
27.12
26.88
26.76
26.76
26.76
26.88
26.76
26.76
26.76
26.88
28.32
40.08
40.08
40.2
40.08
40.08
40.2
40.08
40.2
40.08
40.2
40.44
40.32
40.44
40.44
40.44
40.44
40.44
40.44
40.44
39.48
30.72
30.72
30.72
30.72
30.72
30.72
30.72
30.72
30.72
31.2
37.2
37.32
37.2
37.2
37.2
37.2
37.2
37.2
37.2
36.84
33.72
33.84
33.72
33.84
33.72
33.84
33.72
33.84
33.72
33.96
37.44
37.44
37.32
37.44
37.44
37.44
37.32
37.44
37.44
37.68
41.52
41.52
41.64
41.52
41.64
41.52
41.52
41.64
41.52
41.52
40.56
40.56
40.56
40.56
40.56
40.56
40.56
40.56
40.56
40.2
34.2
34.2
34.32
34.2
34.2
34.2
34.32
34.2
34.2
33.96
27.72
27.72
27.6
27.72
27.72
27.72
27.72
27.72
27.72
27.96
36.84
36.96
36.84
36.96
36.84
36.96
36.84
36.96
36.84
36.72
28.68
28.56
28.68
28.68
28.56
28.68
28.56
28.68
28.68
28.56
31.08
31.2
31.08
31.2
31.08
31.08
31.2
31.08
31.2
31.08
31.8
31.8
31.68
31.8
31.8
31.8
31.8
31.8
31.8
31.56
27.84
27.84
27.84
27.72
27.84
27.84
27.84
27.84
27.72
27.36
9.96
9.96
9.96
9.96
9.96
9.96
9.96
35.04
51.0
51.0
51.0
51.0
51.0
51.0
51.12
51.0
51.0
38.88
31.08
31.08
31.2
31.08
31.08
31.2
31.08
31.2
31.08
27.96
26.04
25.92
26.04
25.92
26.04
25.92
26.04
25.92
26.04
26.64
27.24
27.24
27.36
27.24
27.24
27.36
27.24
27.24
27.36
24.96
23.64
23.64
23.64
23.64
23.52
23.64
23.88
34.68
34.68
34.56
34.68
34.68
34.56
34.68
34.68
34.68
34.56
34.8
34.8
34.8
34.68
34.8
34.8
34.8
34.68
34.8
34.68
26.88
26.76
26.88
26.88
26.88
26.76
26.88
26.88
26.88
26.76
27.0
27.0
27.12
27.0
27.0
27.12
27.0
27.0
27.12
27.0
28.92
28.8
28.92
28.92
28.8
28.92
28.92
28.8
28.92
28.68
21.6
21.72
21.6
21.6
21.6
21.6
21.6
21.72
21.96
21.96
21.96
21.84
21.96
21.96
22.08
24.0
24.0
23.88
24.0
23.88
24.0
24.0
23.88
24.0
26.04
27.72
27.72
27.72
27.72
27.72
27.72
27.72
27.72
27.6
29.88
31.32
31.32
31.32
31.32
31.32
31.32
31.32
31.32
31.32
30.72
30.36
30.36
30.36
30.36
30.36
30.36
30.36
30.36
30.36
28.56
27.36
27.24
27.36
27.36
27.36
27.36
27.36
27.36
27.36
26.28
25.68
25.68
25.68
25.56
25.68
25.68
25.68
25.68
25.68
23.76
22.44
22.56
22.44
22.44
22.44
22.56
22.2
21.84
21.84
21.84
21.84
21.84
21.84
21.84
21.12
21.0
21.12
21.0
21.12
21.0
21.12
20.4
19.44
19.44
19.56
19.44
19.44
19.44
19.44
24.6
25.44
25.56
25.44
25.44
25.44
25.44
25.56
25.44
25.44
14.76
13.08
13.08
13.08
13.08
13.08
12.96
28.56
47.4
47.52
47.52
47.4
47.52
47.52
47.4
47.52
47.52
40.68
32.64
32.64
32.52
32.64
32.64
32.64
32.64
32.64
32.64
30.48
28.2
28.2
28.2
28.2
28.2
28.2
28.2
28.2
28.2
29.04
30.36
30.24
30.24
30.36
30.24
30.24
30.24
30.36
30.24
29.04
27.84
27.72
27.84
27.72
27.72
27.84
27.72
27.84
27.72
28.92
30.48
30.48
30.48
30.48
30.6
30.48
30.48
30.48
30.48
32.64
35.64
35.64
35.52
35.64
35.64
35.64
35.52
35.64
35.64
38.52
42.6
42.6
42.6
42.6
42.6
42.6
42.72
42.6
42.6
34.2
22.68
22.68
22.8
22.68
22.68
22.68
22.68
50.64
52.8
52.92
52.8
52.8
52.92
52.8
52.8
52.92
52.8
35.04
33.84
33.84
33.84
33.72
33.84
33.84
33.72
33.84
33.84
38.76
39.24
39.24
39.36
39.24
39.24
39.24
39.24
39.36
39.24
37.92
37.92
37.8
37.92
37.92
37.92
37.8
37.92
37.92
37.92
37.44
37.56
37.56
37.68
37.56
37.56
37.56
37.56
37.56
37.56
35.64
35.64
35.52
35.64
35.52
35.64
35.52
35.64
35.52
35.52
33.6
33.48
33.36
33.36
33.48
33.36
33.48
33.36
33.36
33.48
33.84
33.96
33.96
33.96
33.96
33.96
33.96
34.08
33.96
33.96
36.0
36.24
36.24
36.36
36.24
36.24
36.36
36.24
36.36
36.24
40.92
41.64
41.76
41.64
41.64
41.76
41.64
41.64
41.76
41.64
33.48
32.04
32.16
32.04
32.16
32.04
32.16
32.04
32.16
32.04
36.12
36.96
36.84
36.96
36.96
36.96
36.84
36.96
36.96
36.84
31.8
30.84
30.96
30.84
30.84
30.96
30.84
30.84
30.84
30.96
31.8
32.04
32.04
32.04
32.04
32.16
32.04
32.04
32.04
32.04
33.84
34.2
34.2
34.2
34.2
34.2
34.2
34.2
34.2
34.2
30.24
29.52
29.64
29.52
29.64
29.52
29.64
29.52
29.64
29.52
31.56
32.04
32.04
32.04
32.04
32.04
32.16
32.04
32.04
32.04
35.76
36.72
36.72
36.6
36.72
36.72
36.6
36.72
36.72
36.6
32.52
31.68
31.68
31.68
31.68
31.68
31.68
31.68
31.68
31.68
30.48
30.24
30.36
30.24
30.36
30.24
30.36
30.24
30.36
30.36
27.48
26.88
27.0
26.88
26.88
27.0
26.88
26.88
26.88
27.0
33.6
35.52
35.52
35.52
35.52
35.52
35.52
35.52
35.52
35.52
33.96
33.6
33.48
33.6
33.6
33.6
33.48
33.6
33.6
33.6
29.04
27.84
27.96
27.84
27.84
27.84
27.84
27.84
27.84
27.84
26.76
26.28
26.4
26.28
26.4
26.28
26.4
26.28
26.4
26.28
12.0
7.8
7.8
7.68
7.8
7.8
7.68
20.04
41.76
41.88
41.76
41.88
41.76
41.88
41.76
41.76
41.88
39.72
36.36
36.24
36.36
36.36
36.24
36.36
36.24
36.36
36.24
33.84
29.4
29.28
29.4
29.28
29.4
29.4
29.28
29.4
29.28
28.08
25.8
25.8
25.8
25.8
25.8
25.8
25.8
25.8
25.8
25.68
25.56
25.44
25.56
25.56
25.56
25.56
25.44
25.56
25.56
23.64
20.4
20.52
20.4
20.4
20.52
20.4
20.4
42.96
44.88
44.76
44.76
44.76
44.76
44.76
44.76
44.76
44.76
42.84
42.72
42.72
42.84
42.72
42.72
42.72
42.84
42.72
42.72
46.2
46.44
46.44
46.44
46.44
46.56
46.44
46.44
46.44
46.56
44.28
44.28
44.16
44.28
44.16
44.28
44.28
44.16
44.28
44.16
27.24
25.92
26.04
26.04
25.92
26.04
25.92
26.04
25.92
26.04
46.92
48.6
48.6
48.72
48.6
48.6
48.6
48.6
48.6
48.6
57.0
57.84
57.84
57.84
57.72
57.84
57.84
57.72
57.84
57.84
34.44
32.88
33.0
32.88
33.0
33.0
32.88
33.0
32.88
33.0
32.88
33.0
32.88
33.0
33.0
32.88
33.0
33.0
33.0
32.88
31.68
31.56
31.56
31.56
31.56
31.56
31.56
31.56
31.56
31.68
47.04
48.36
48.36
48.48
48.36
48.36
48.36
48.48
48.36
48.36
57.84
58.68
58.68
58.56
58.68
58.68
58.56
58.68
58.68
58.68
51.84
51.48
51.48
51.48
51.48
51.36
51.48
51.48
51.48
51.48
39.24
38.28
38.4
38.28
38.4
38.4
38.28
38.4
38.28
38.4
41.28
41.4
41.52
41.52
41.4
41.52
41.52
41.52
41.4
41.52
32.52
31.68
31.68
31.8
31.68
31.68
31.8
31.68
31.68
31.8
49.92
51.96
51.84
51.96
51.84
51.96
51.84
51.96
51.84
51.96
57.0
57.48
57.48
57.48
57.48
57.48
57.48
57.48
57.48
57.48
45.36
44.52
44.4
44.52
44.4
44.52
44.4
44.52
44.4
44.52
41.88
41.76
41.88
41.76
41.76
41.76
41.76
41.76
41.88
41.76
28.92
27.48
27.48
27.48
27.48
27.48
27.48
27.48
27.48
27.48
37.08
38.16
38.28
38.16
38.28
38.16
38.28
38.16
38.16
38.28
31.92
31.32
31.32
31.32
31.32
31.32
31.32
31.32
31.32
31.32
31.92
32.16
32.16
32.04
32.16
32.04
32.16
32.16
32.04
32.16
27.48
27.12
27.12
27.12
27.0
27.12
27.12
27.0
27.12
27.12
30.72
31.2
31.32
31.32
31.2
31.32
31.2
31.32
31.32
31.2
36.96
37.92
37.92
37.92
37.92
37.92
37.92
37.92
37.92
37.8
30.12
28.8
28.92
28.8
28.8
28.92
28.8
28.92
28.8
28.92
25.8
25.44
25.44
25.32
25.44
25.44
25.44
25.44
25.44
25.32
26.52
26.64
26.64
26.64
26.64
26.64
26.64
26.64
26.52
26.64
26.76
26.88
26.88
26.88
26.88
26.88
26.88
26.88
26.88
26.76
32.4
33.24
33.36
33.24
33.24
33.36
33.24
33.36
33.24
33.24
31.08
30.6
30.6
30.72
30.6
30.72
30.6
30.6
30.72
30.6
27.96
27.6
27.6
27.48
27.6
27.48
27.6
27.48
27.6
27.6
24.96
24.6
24.6
24.6
24.6
24.6
24.72
24.6
24.6
24.6
23.76
23.52
23.64
23.52
23.64
23.64
23.52
23.76
24.72
24.72
24.72
24.84
24.72
24.72
24.72
24.72
24.84
24.0
21.0
21.12
21.0
21.12
21.12
21.0
21.12
18.84
18.36
18.36
18.36
18.36
18.36
18.24
16.92
14.4
14.52
14.52
14.4
14.52
14.4
14.52
12.12
12.12
12.12
12.12
12.12
12.12
12.12
12.0
12.12
12.0
12.12
12.12
12.12
12.0
12.0
11.28
11.28
11.4
11.28
11.28
11.28
11.4
11.76
12.24
12.12
12.12
12.24
12.12
12.12
12.36
12.96
12.96
12.84
12.96
12.96
12.96
12.96
11.4
11.28
11.4
11.28
11.28
11.28
11.28
11.16
11.04
11.16
11.04
11.16
11.04
11.04
11.04
10.44
10.32
10.32
10.32
10.32
10.32
10.32
8.64
7.92
7.8
7.92
7.8
7.92
7.8
8.52
10.56
10.56
10.56
10.56
10.56
10.56
10.56
10.2
10.2
10.2
10.2
10.32
10.2
10.2
9.24
8.04
8.16
8.04
8.04
8.04
8.04
8.04
7.08
7.08
7.08
7.08
7.08
7.08
7.08
8.04
8.76
8.76
8.76
8.76
8.76
8.76
8.88
10.08
10.08
10.08
10.08
10.08
10.08
10.08
10.32
10.44
10.44
10.44
10.44
10.44
10.32
9.48
8.16
8.16
8.16
8.16
8.16
8.04
8.16
0.24
0.12
0.12
0.12
0.12
0.12
0.12
0.12
0.12
0.12
0.12
0.12
0.12
0.12
0.12
0.12
0.12
0.12
0.12
0.12
17.88
20.76
20.88
20.76
20.88
20.76
20.76
13.08
6.72
6.84
6.72
6.84
6.72
6.84
5.76
0.12
0.12
0.12
0.12
0.12
0.12
0.12
0.12
0.12
0.12
0.12
0.12
0.12
0.12
0.12
0.12
0.12
15.24
22.56
22.56
22.68
22.56
22.56
22.56
18.24
6.96
7.08
6.96
6.96
7.08
6.96
6.96
7.2
7.44
7.44
7.32
7.44
7.32
7.44
4.68
1.56
1.56
1.56
1.56
1.56
1.56
1.56
0.12
0.12
0.12
0.12
0.12
0.12
0.12
0.12
0.12
0.12
0.12
0.12
0.12
0.12
0.12
0.12
0.12
0.12
0.12
0.12
0.12
0.12
0.12
0.12
0.12
0.12
0.12
0.12
0.12
0.12
6.6
9.84
9.96
9.84
9.96
9.84
9.84
7.68
6.48
6.48
6.48
6.48
6.36
6.48
5.52
2.64
2.64
2.64
2.64
2.64
2.64
2.64
2.16
2.16
2.28
2.16
2.16
2.16
2.16
1.32
0.12
0.12
0.12
0.12
0.12
0.12
0.12
0.12
0.12
0.12
0.12
0.12
0.12
0.12
0.12
0.12
0.12
0.12
0.12
0.12
0.12
0.12
0.12
0.12
0.12
0.12
0.12
0.12
0.12
0.72
10.8
10.92
10.8
10.92
10.8
10.92
10.8
1.8
1.68
1.68
1.68
1.68
1.68
1.68
2.4
2.88
3.0
3.0
2.88
3.0
3.0
3.12
4.92
5.04
4.92
4.92
5.04
4.92
4.92
2.88
2.28
2.28
2.28
2.28
2.28
2.4
1.68
0.84
0.84
0.84
0.84
0.72
0.84
0.84
0.96
0.96
0.84
0.96
0.96
0.96
0.96
0.84
0.96
0.96
0.96
0.96
0.96
0.96
1.08
2.64
2.52
2.64
2.64
2.52
2.64
2.52
2.28
2.28
2.16
2.16
2.28
2.16
2.16
2.16
2.16
2.04
2.16
2.16
2.16
2.16
2.16
1.8
1.8
1.8
1.8
1.8
1.8
1.8
1.8
1.92
1.92
1.8
1.92
1.92
1.92
1.92
2.88
3.0
2.88
3.0
3.0
2.88
3.0
2.04
1.92
1.8
1.8
1.8
1.92
1.8
1.8
2.16
2.16
2.16
2.16
2.16
2.16
2.16
2.28
2.4
2.4
2.4
2.4
2.4
2.4
2.64
3.12
3.12
3.12
3.0
3.12
3.12
3.12
3.48
3.6
3.48
3.6
3.48
3.48
3.6
4.56
5.28
5.28
5.28
5.28
5.28
5.28
5.4
6.72
6.6
6.72
6.72
6.6
6.72
6.72
7.2
7.44
7.56
7.44
7.44
7.44
7.56
8.04
9.12
9.12
9.12
9.24
9.12
9.12
9.12
10.92
11.16
11.04
11.16
11.16
11.04
11.16
10.08
9.48
9.48
9.48
9.48
9.36
9.48
9.6
10.92
10.8
10.92
10.8
10.92
10.8
10.92
14.28
15.6
15.72
15.6
15.72
15.6
15.72
14.64
12.84
12.72
12.72
12.72
12.84
12.72
12.72
1.32
0.12
0.12
0.12
0.12
0.12
0.12
0.12
0.12
0.12
14.28
17.16
17.16
17.16
17.16
17.16
17.16
16.44
15.84
15.84
15.84
15.84
15.72
15.84
14.76
0.12
0.12
0.12
0.12
0.12
0.12
0.12
0.12
0.12
0.48
20.28
20.28
20.28
20.28
20.28
20.28
20.28
12.72
9.12
9.24
9.12
9.24
9.12
9.24
8.28
6.48
6.36
6.48
6.36
6.36
6.48
6.36
8.16
8.64
8.52
8.64
8.64
8.52
8.64
8.52
8.52
8.52
8.64
8.52
8.52
8.52
8.52
5.88
5.76
5.88
5.88
5.76
5.88
5.88
5.16
4.92
4.8
4.92
4.92
4.92
4.92
4.68
4.56
4.68
4.56
4.56
4.56
4.56
4.56
4.8
5.04
5.16
5.04
5.04
5.04
5.04
5.04
4.92
5.04
5.04
4.92
5.04
4.92
5.04
3.36
3.48
3.36
3.48
3.36
3.48
3.36
3.24
3.24
3.12
3.12
3.24
3.12
3.12
3.0
2.88
2.88
2.88
2.88
2.88
2.88
2.88
3.12
3.24
3.36
3.24
3.24
3.24
3.36
6.12
11.76
11.76
11.76
11.76
11.76
11.88
11.76
33.36
35.16
35.04
35.16
35.04
35.16
35.04
35.16
35.04
35.04
13.2
11.28
11.4
11.28
11.28
11.28
11.4
18.72
25.92
25.92
25.92
25.92
25.92
25.92
25.92
25.92
25.92
21.12
16.92
16.92
16.92
16.92
16.92
16.92
17.04
19.68
19.8
19.68
19.68
19.68
19.68
19.8
16.68
15.48
15.48
15.48
15.48
15.36
15.48
13.92
9.48
9.48
9.48
9.48
9.48
9.36
9.48
24.72
27.72
27.6
27.72
27.6
27.6
27.72
27.6
27.72
27.6
26.88
26.88
26.88
26.76
26.88
26.88
26.76
26.88
26.88
26.76
33.6
34.8
34.92
34.92
34.8
34.92
34.92
34.8
34.92
34.92
40.56
41.76
41.88
41.76
41.88
41.76
41.88
41.76
41.88
41.76
28.08
25.2
25.32
25.2
25.2
25.2
25.32
25.2
25.2
25.2
27.48
27.96
27.96
27.96
27.96
27.96
27.96
27.96
27.96
27.96
25.68
25.32
25.32
25.32
25.2
25.32
25.32
25.32
25.2
25.32
23.16
22.8
22.8
22.8
22.92
22.8
22.8
23.4
24.96
24.96
24.84
24.96
24.84
24.96
24.84
24.96
24.84
24.36
23.64
23.76
23.64
23.64
23.64
23.64
23.64
27.84
28.56
28.56
28.56
28.56
28.56
28.56
28.56
28.56
28.56
24.0
23.4
23.28
23.4
23.4
23.4
23.4
26.04
30.0
30.12
30.0
30.12
30.0
30.12
30.0
30.12
30.0
31.2
33.12
33.12
33.12
33.12
33.0
33.12
33.12
33.12
33.12
32.4
31.92
31.8
31.8
31.92
31.8
31.8
31.92
31.8
31.8
31.32
30.36
30.36
30.36
30.48
30.36
30.36
30.36
30.36
30.48
32.04
34.8
34.8
34.92
34.8
34.8
34.92
34.8
34.92
34.8
36.84
40.08
40.08
40.08
40.08
40.08
40.08
40.08
40.08
40.2
39.72
39.36
39.36
39.36
39.36
39.36
39.36
39.36
39.36
39.36
37.8
35.04
35.04
35.04
35.04
35.04
35.04
35.04
35.04
35.04
35.04
35.28
35.28
35.4
35.28
35.28
35.28
35.28
35.28
35.28
36.12
37.68
37.8
37.8
37.68
37.8
37.68
37.8
37.8
37.68
36.12
33.24
33.12
33.24
33.12
33.24
33.12
33.24
33.12
33.24
30.72
26.16
26.16
26.16
26.16
26.16
26.16
26.16
26.16
26.16
32.04
43.56
43.44
43.56
43.56
43.44
43.56
43.56
43.44
43.56
40.8
35.28
35.4
35.4
35.28
35.4
35.4
35.28
35.4
35.4
32.04
25.32
25.32
25.44
25.32
25.32
25.32
25.32
25.44
25.32
22.44
16.68
16.68
16.68
16.8
16.68
16.68
16.68
53.28
57.0
57.12
57.0
57.0
57.12
57.0
57.0
57.12
57.0
37.2
35.52
35.52
35.52
35.64
35.52
35.52
35.52
35.52
35.52
30.36
29.88
29.88
29.88
29.88
29.88
29.88
29.88
29.88
29.88
36.0
36.72
36.72
36.72
36.84
36.72
36.72
36.72
36.72
36.72
46.2
47.4
47.4
47.52
47.4
47.4
47.4
47.4
47.4
47.4
37.44
36.36
36.24
36.24
36.24
36.24
36.24
36.36
36.24
36.24
39.84
40.32
40.44
40.44
40.32
40.44
40.44
40.32
40.44
40.44
28.32
26.64
26.52
26.64
26.52
26.64
26.52
26.64
26.52
26.52
42.24
44.64
44.76
44.64
44.64
44.64
44.64
44.76
44.64
44.64
35.76
34.32
34.32
34.44
34.32
34.32
34.44
34.32
34.32
34.44
37.32
37.92
38.04
37.92
38.04
38.04
37.92
38.04
37.92
38.04
41.64
42.36
42.36
42.24
42.36
42.36
42.36
42.36
42.36
42.36
39.24
38.76
38.76
38.76
38.76
38.76
38.76
38.76
38.76
38.76
31.56
30.0
30.12
30.0
30.12
30.12
30.0
30.12
30.0
30.12
35.28
36.6
36.48
36.6
36.6
36.48
36.6
36.48
36.6
36.48
32.52
31.56
31.68
31.56
31.68
31.56
31.68
31.56
31.56
31.68
32.16
32.4
32.28
32.4
32.28
32.4
32.28
32.28
32.4
32.28
27.84
26.76
26.76
26.76
26.76
26.76
26.76
26.76
26.76
26.76
30.84
31.8
31.8
31.92
31.8
31.8
31.8
31.92
31.8
31.8
17.76
14.28
14.4
14.28
14.28
14.4
14.28
21.84
33.6
33.72
33.6
33.6
33.72
33.6
33.72
33.6
33.72
38.52
47.04
47.04
47.04
47.04
46.92
47.04
47.04
47.04
47.04
40.32
29.28
29.4
29.4
29.4
29.4
29.28
29.4
29.4
29.4
28.8
28.2
28.2
28.2
28.08
28.2
28.2
28.2
28.08
28.2
29.28
31.2
31.2
31.2
31.2
31.2
31.2
31.2
31.2
31.2
30.48
29.64
29.64
29.64
29.64
29.64
29.64
29.64
29.64
29.64
29.88
30.48
30.6
30.48
30.6
30.6
30.48
30.6
30.48
30.6
30.24
29.76
29.88
29.76
29.88
29.76
29.88
29.88
29.76
29.88
29.4
29.04
29.04
29.04
29.04
29.04
29.04
29.04
29.04
29.04
29.04
29.52
29.4
29.52
29.4
29.52
29.4
29.52
29.4
29.52
29.4
29.88
29.76
29.88
29.76
29.88
29.76
29.88
29.76
29.88
29.64
29.52
29.52
29.52
29.64
29.52
29.52
29.64
29.52
29.52
29.88
30.72
30.72
30.72
30.6
30.72
30.72
30.72
30.72
30.72
30.48
30.36
30.24
30.36
30.36
30.24
30.36
30.36
30.24
30.36
31.32
33.6
33.6
33.48
33.6
33.6
33.48
33.6
33.6
33.48
33.36
32.76
32.88
32.88
32.88
32.76
32.88
32.88
32.76
32.88
33.12
33.6
33.6
33.6
33.6
33.6
33.6
33.6
33.6
33.6
33.12
31.8
31.92
31.92
31.8
31.92
31.92
31.92
31.8
31.92
31.92
31.92
31.92
31.8
31.92
31.92
31.92
31.92
31.92
31.8
31.92
32.4
32.4
32.4
32.4
32.4
32.4
32.4
32.4
32.4
32.28
32.04
31.92
32.04
32.04
31.92
32.04
32.04
32.04
31.92
32.88
35.28
35.28
35.28
35.28
35.28
35.28
35.16
35.28
35.28
34.68
32.88
33.0
33.0
32.88
33.0
33.0
32.88
33.0
33.0
32.76
32.4
32.52
32.52
32.52
32.4
32.52
32.52
32.52
32.52
32.16
31.68
31.68
31.68
31.68
31.8
31.68
31.68
31.68
31.68
33.48
38.64
38.52
38.64
38.52
38.64
38.64
38.52
38.64
38.52
37.8
35.16
35.16
35.28
35.16
35.16
35.16
35.16
35.28
35.16
36.6
41.28
41.28
41.28
41.28
41.28
41.28
41.28
41.28
41.28
41.76
43.68
43.56
43.68
43.56
43.68
43.56
43.68
43.56
43.68
44.64
48.12
48.24
48.12
48.12
48.24
48.12
48.24
48.12
48.12
48.12
48.36
48.24
48.36
48.24
48.36
48.24
48.36
48.24
48.36
48.36
48.84
48.84
48.72
48.84
48.84
48.84
48.84
48.72
48.84
48.36
46.92
47.04
46.92
47.04
47.04
46.92
47.04
47.04
46.92
46.44
44.76
44.76
44.76
44.76
44.64
44.76
44.76
44.76
44.76
44.28
42.84
42.84
42.84
42.84
42.84
42.84
42.84
42.84
42.84
43.68
46.92
46.8
46.92
46.8
46.92
46.92
46.8
46.92
46.8
48.24
53.16
53.16
53.16
53.16
53.16
53.16
53.16
53.16
53.16
53.52
54.6
54.6
54.6
54.6
54.6
54.6
54.6
54.48
54.6
54.48
54.24
54.12
54.12
54.24
54.12
54.12
54.12
54.24
54.12
53.4
51.12
51.12
51.12
51.12
51.12
51.12
51.12
51.0
51.12
52.08
55.44
55.56
55.44
55.44
55.56
55.44
55.56
55.44
55.44
57.0
61.8
61.68
61.8
61.68
61.8
61.68
61.8
61.8
61.68
62.16
63.6
63.6
63.6
63.6
63.6
63.6
63.6
63.6
63.48
64.32
66.72
66.72
66.6
66.72
66.6
66.72
66.6
66.72
66.6
68.16
72.96
72.84
72.84
72.96
72.84
72.84
72.96
72.84
72.84
73.08
73.8
73.8
73.8
73.8
73.8
73.8
73.8
73.8
73.8
72.48
68.52
68.4
68.52
68.52
68.52
68.52
68.4
68.52
68.52
68.64
69.72
69.72
69.84
69.72
69.72
69.72
69.72
69.72
69.84
71.76
78.48
78.48
78.6
78.48
78.6
78.48
78.48
78.6
78.48
78.6
79.08
78.96
78.96
79.08
78.96
78.96
78.96
79.08
78.96
78.48
76.92
76.8
76.92
76.92
76.8
76.92
76.92
76.8
76.92
76.08
73.44
73.44
73.44
73.32
73.44
73.44
73.44
73.44
73.32
72.12
67.32
67.32
67.2
67.32
67.32
67.2
67.32
67.2
67.32
67.68
69.72
69.72
69.72
69.6
69.72
69.72
69.72
69.6
69.72
69.24
67.92
67.8
67.8
67.92
67.8
67.92
67.8
67.92
67.8
68.04
69.12
69.12
69.24
69.12
69.24
69.12
69.12
69.24
69.12
71.16
79.68
79.8
79.8
79.68
79.8
79.8
79.68
79.8
79.8
79.68
80.28
80.16
80.16
80.16
80.16
80.16
80.16
80.16
80.28
81.36
87.12
87.12
87.12
87.12
87.0
87.12
87.12
87.12
87.12
87.0
87.0
87.0
86.88
87.0
87.0
86.88
87.0
87.0
86.88
86.52
84.6
84.72
84.72
84.6
84.72
84.72
84.6
84.72
84.72
82.32
72.96
72.84
72.96
72.84
72.96
72.96
72.84
72.96
72.96
73.92
78.84
78.96
78.84
78.96
78.96
78.84
78.96
78.84
78.96
78.12
75.12
75.12
75.0
75.12
75.12
75.0
75.12
75.12
75.12
75.48
77.88
77.88
77.76
77.88
77.88
77.76
77.88
77.88
77.76
78.96
84.48
84.48
84.48
84.36
84.48
84.48
84.48
84.48
84.48
84.72
86.64
86.64
86.76
86.64
86.64
86.64
86.64
86.64
86.64
87.0
89.76
89.64
89.64
89.64
89.64
89.64
89.64
89.64
89.64
88.2
81.48
81.6
81.48
81.48
81.6
81.48
81.48
81.48
81.6
77.64
58.8
58.92
58.92
58.8
58.92
58.8
58.92
58.8
58.92
59.76
64.44
64.44
64.32
64.44
64.44
64.44
64.44
64.32
64.44
63.84
61.68
61.56
61.68
61.56
61.68
61.56
61.56
61.68
61.56
62.16
64.68
64.68
64.68
64.56
64.68
64.68
64.68
64.68
64.56
67.68
79.08
78.96
79.08
79.08
79.08
78.96
79.08
79.08
79.08
73.56
53.4
53.52
53.4
53.4
53.52
53.4
53.52
53.4
53.4
53.64
54.48
54.36
54.48
54.36
54.48
54.36
54.48
54.36
54.48
48.6
29.16
29.16
29.28
29.16
29.28
29.16
29.28
29.16
29.28
29.76
32.04
32.04
32.04
32.04
31.92
32.04
32.04
32.04
32.04
36.36
52.2
52.2
52.2
52.32
52.2
52.2
52.2
52.2
52.2
55.56
68.16
68.16
68.16
68.16
68.16
68.16
68.16
68.16
68.16
63.84
50.16
50.04
50.04
50.04
50.04
50.04
50.04
50.04
50.16
52.56
60.96
61.08
60.96
60.96
60.96
60.96
60.96
60.96
60.96
61.2
62.04
62.04
62.16
62.04
62.04
62.16
62.04
62.04
62.04
71.76
99.36
99.36
99.48
99.36
99.36
99.36
99.48
99.36
99.36
95.52
85.2
85.2
85.2
85.2
85.2
85.2
85.2
85.2
85.2
84.24
81.96
81.96
82.08
81.96
81.96
81.96
82.08
81.96
81.96
81.72
81.24
81.24
81.12
81.24
81.24
81.12
81.24
81.24
81.12
80.52
78.96
78.96
78.84
78.96
78.84
78.96
78.84
78.96
78.84
78.6
77.88
77.88
77.88
77.88
77.88
77.88
77.88
77.88
77.88
77.76
78.0
78.0
77.88
78.0
77.88
78.0
77.88
78.0
78.0
76.2
71.52
71.4
71.52
71.52
71.4
71.52
71.4
71.52
71.4
74.04
82.2
82.32
82.2
82.2
82.32
82.2
82.32
82.2
82.2
84.0
89.52
89.52
89.52
89.52
89.52
89.64
89.52
89.52
89.52
92.88
103.08
102.96
103.08
103.08
102.96
103.08
102.96
103.08
103.08
99.48
88.92
89.04
88.92
89.04
88.92
88.92
89.04
88.92
89.04
89.28
90.48
90.6
90.48
90.48
90.48
90.6
90.48
90.48
90.48
89.64
86.76
86.76
86.76
86.88
86.76
86.76
86.88
86.76
86.76
86.04
83.76
83.76
83.76
83.88
83.76
83.76
83.76
83.76
83.76
80.16
69.96
69.96
69.96
69.96
69.96
69.96
69.96
69.96
69.96
69.12
66.36
66.48
66.36
66.48
66.36
66.36
66.48
66.36
66.48
60.96
45.72
45.72
45.72
45.72
45.72
45.72
45.72
45.84
45.72
54.24
78.96
78.84
78.96
78.84
78.96
78.84
78.84
78.96
78.84
74.76
63.0
63.12
63.0
63.0
63.0
63.12
63.0
63.0
63.0
57.72
43.56
43.44
43.44
43.44
43.44
43.56
43.44
43.44
43.44
43.44
43.32
43.44
43.32
43.32
43.44
43.32
43.32
43.32
43.44
41.16
35.4
35.4
35.4
35.4
35.4
35.4
35.4
35.4
35.4
37.08
42.36
42.36
42.24
42.36
42.24
42.36
42.36
42.24
42.36
47.64
63.6
63.6
63.6
63.72
63.6
63.6
63.6
63.6
63.6
59.28
46.56
46.44
46.44
46.56
46.44
46.56
46.44
46.44
46.56
43.8
36.36
36.36
36.24
36.36
36.36
36.24
36.36
36.36
36.36
40.44
54.0
53.88
54.0
53.88
54.0
53.88
54.0
53.88
54.0
49.32
34.56
34.68
34.56
34.68
34.56
34.56
34.68
34.56
34.68
34.8
36.0
35.88
35.88
36.0
35.88
35.88
36.0
35.88
35.88
38.4
47.28
47.28
47.28
47.28
47.28
47.16
47.28
47.28
47.28
47.4
48.48
48.36
48.48
48.36
48.48
48.36
48.48
48.36
48.48
50.28
56.88
56.88
56.88
56.88
56.88
57.0
56.88
56.88
56.88
58.56
64.32
64.44
64.44
64.32
64.44
64.32
64.44
64.44
64.32
66.12
72.0
72.0
71.88
72.0
72.0
71.88
72.0
72.0
71.88
69.84
63.0
63.0
63.0
63.0
63.0
63.0
63.0
63.12
63.0
62.52
61.32
61.32
61.32
61.32
61.32
61.32
61.32
61.32
61.32
62.4
66.48
66.36
66.36
66.48
66.36
66.36
66.48
66.36
66.36
67.32
70.56
70.44
70.56
70.56
70.44
70.56
70.44
70.56
70.44
69.84
67.44
67.56
67.56
67.56
67.44
67.56
67.56
67.56
67.44
66.0
61.8
61.8
61.8
61.8
61.8
61.8
61.8
61.8
61.8
61.44
60.84
60.72
60.72
60.84
60.72
60.72
60.84
60.72
60.72
60.72
60.84
60.84
60.84
60.84
60.84
60.84
60.84
60.84
60.84
59.28
55.44
55.56
55.44
55.44
55.44
55.56
55.44
55.44
55.44
53.76
49.44
49.44
49.56
49.44
49.44
49.44
49.56
49.44
49.44
50.04
51.6
51.48
51.6
51.48
51.6
51.48
51.6
51.48
51.6
52.2
54.48
54.36
54.36
54.36
54.36
54.36
54.48
54.36
54.36
53.04
49.92
49.92
50.04
49.92
49.92
50.04
49.92
49.92
50.04
53.16
60.72
60.72
60.72
60.72
60.72
60.72
60.72
60.72
60.72
69.36
88.08
88.08
88.08
88.08
88.08
88.08
88.08
88.2
88.08
