16.32
16.2
16.2
16.2
16.32
16.2
16.2
16.2
25.2
25.56
25.44
25.56
25.56
25.56
25.56
25.44
25.56
25.56
27.84
28.08
27.96
27.96
28.08
27.96
27.96
28.08
27.96
27.96
30.72
30.84
30.84
30.84
30.84
30.96
30.84
30.84
30.84
30.84
21.72
21.36
21.36
21.36
21.24
21.36
21.36
21.36
18.6
18.6
18.48
18.48
18.6
18.48
18.48
18.48
13.08
12.24
12.24
12.24
12.24
12.24
12.24
12.24
10.08
9.6
9.72
9.72
9.72
9.6
9.72
9.72
14.16
15.48
15.36
15.36
15.48
15.36
15.48
15.36
24.6
27.6
27.48
27.6
27.48
27.6
27.6
27.48
27.6
27.48
23.16
21.72
21.6
21.72
21.6
21.72
21.6
21.72
23.16
24.0
24.0
23.88
24.0
24.0
24.0
23.88
24.0
24.0
19.44
17.52
17.64
17.52
17.64
17.52
17.64
17.52
11.4
8.4
8.52
8.52
8.52
8.52
8.4
8.52
14.4
17.76
17.64
17.76
17.64
17.76
17.64
17.76
16.44
15.72
15.72
15.72
15.84
15.72
15.72
15.72
17.04
17.88
17.88
17.88
18.0
17.88
17.88
17.88
16.32
15.0
15.0
15.0
15.0
15.12
15.0
15.0
15.72
16.44
16.56
16.56
16.44
16.56
16.56
16.44
15.24
14.04
14.04
14.04
14.04
14.04
14.04
14.04
14.64
15.6
15.6
15.48
15.6
15.48
15.6
15.48
10.92
3.84
3.96
3.96
3.84
3.96
3.96
3.84
13.08
28.68
28.56
28.68
28.68
28.68
28.68
28.56
28.68
28.68
18.6
1.8
1.8
1.68
1.8
1.8
1.8
1.8
12.12
32.28
32.16
32.28
32.28
32.28
32.28
32.16
32.28
32.28
28.92
22.8
22.8
22.8
22.68
22.8
22.8
22.8
22.44
21.72
21.72
21.84
21.72
21.72
21.84
21.72
22.68
26.4
26.4
26.4
26.4
26.4
26.4
26.4
26.4
26.52
27.12
30.48
30.6
30.48
30.48
30.6
30.48
30.6
30.48
30.48
28.92
23.28
23.28
23.28
23.28
23.28
23.28
23.28
21.0
10.32
10.44
10.32
10.32
10.32
10.44
10.32
10.92
15.24
15.36
15.24
15.24
15.24
15.24
15.24
16.8
30.84
30.96
30.84
30.84
30.84
30.84
30.96
30.84
30.84
30.48
26.88
26.88
26.88
26.88
27.0
26.88
26.88
26.88
26.88
27.0
28.32
28.44
28.32
28.44
28.32
28.32
28.44
28.32
28.44
27.48
19.2
19.32
19.2
19.32
19.2
19.32
19.2
19.08
18.96
19.08
18.96
18.96
18.96
18.96
18.96
18.84
24.0
23.88
24.0
23.88
24.0
23.88
23.88
24.0
22.32
19.2
19.32
19.2
19.32
19.32
19.2
19.32
25.32
41.52
41.52
41.52
41.4
41.52
41.52
41.52
41.4
41.52
38.28
30.6
30.6
30.48
30.6
30.48
30.6
30.6
30.48
30.6
30.24
29.76
29.76
29.76
29.76
29.76
29.76
29.76
29.76
29.76
31.08
34.32
34.32
34.32
34.32
34.44
34.32
34.32
34.32
34.32
33.96
33.0
33.12
33.12
33.12
33.0
33.12
33.12
33.12
33.0
33.0
32.76
32.76
32.76
32.76
32.76
32.76
32.76
32.76
32.76
32.28
31.32
31.2
31.32
31.2
31.32
31.32
31.2
31.32
31.32
31.8
33.6
33.6
33.48
33.6
33.6
33.48
33.6
33.48
33.6
33.84
34.92
34.92
35.04
34.92
34.92
34.92
34.92
34.92
34.92
34.44
33.24
33.12
33.24
33.24
33.24
33.24
33.12
33.24
33.24
28.92
15.72
15.72
15.6
15.72
15.72
15.72
15.72
21.12
42.0
42.0
42.0
42.12
42.0
42.0
42.0
42.0
42.0
43.8
50.4
50.4
50.4
50.4
50.4
50.4
50.52
50.4
50.4
45.84
28.56
28.56
28.68
28.56
28.68
28.56
28.56
28.68
28.56
28.32
27.0
27.12
27.12
27.12
27.12
27.12
27.0
27.12
27.12
31.32
48.24
48.24
48.24
48.24
48.36
48.24
48.24
48.24
48.24
44.64
30.84
30.84
30.96
30.84
30.84
30.96
30.84
30.96
30.84
31.08
32.04
32.04
32.04
32.04
32.04
32.04
32.04
32.04
32.04
30.24
24.48
24.36
24.48
24.36
24.36
24.48
24.36
24.48
24.36
25.08
28.08
27.96
27.96
27.96
27.96
27.96
28.08
27.96
27.96
27.96
28.56
28.44
28.44
28.56
28.44
28.44
28.56
28.44
28.44
27.84
25.44
25.56
25.44
25.44
25.44
25.44
25.56
25.44
25.44
25.56
25.68
25.8
25.68
25.8
25.8
25.68
25.8
25.68
25.8
24.36
18.96
19.08
18.96
18.96
19.08
18.96
18.96
20.04
25.68
25.68
25.68
25.56
25.68
25.68
25.68
25.68
25.68
25.44
24.12
24.12
24.24
24.12
24.12
24.24
24.12
24.12
24.12
24.36
24.96
25.08
24.96
25.08
24.96
24.96
25.08
24.96
25.08
25.56
28.56
28.56
28.68
28.56
28.56
28.68
28.56
28.56
28.68
27.96
25.2
25.32
25.2
25.32
25.2
25.2
25.32
25.2
25.32
24.96
24.36
24.36
24.48
24.36
24.36
24.36
24.36
24.36
24.48
24.6
26.64
26.76
26.64
26.76
26.64
26.64
26.76
26.64
26.76
26.4
25.08
25.2
25.08
25.08
25.2
25.08
25.08
25.2
25.08
25.08
25.32
25.2
25.32
25.32
25.2
25.32
25.32
25.2
25.32
25.32
25.8
25.68
25.8
25.8
25.8
25.8
25.8
25.8
25.8
22.08
2.4
2.28
2.4
2.28
2.28
2.4
2.28
6.0
33.24
33.24
33.36
33.24
33.24
33.24
33.36
33.24
33.24
32.16
23.4
23.52
23.4
23.4
23.4
23.52
23.4
23.28
20.52
20.64
20.64
20.64
20.64
20.64
20.52
20.64
16.32
16.32
16.32
16.44
16.32
16.32
16.44
16.32
15.96
15.96
15.96
16.08
15.96
15.96
15.96
16.08
14.76
14.64
14.76
14.76
14.64
14.76
14.76
14.64
11.4
10.92
10.92
11.04
10.92
10.92
11.04
10.92
9.0
8.88
8.76
8.76
8.76
8.76
8.76
8.76
2.52
1.32
1.32
1.32
1.2
1.32
1.32
1.32
18.96
23.52
23.4
23.52
23.52
23.4
23.52
23.52
15.6
13.2
13.2
13.2
13.2
13.2
13.2
13.2
13.44
13.68
13.56
13.56
13.68
13.56
13.56
13.68
13.68
13.92
13.92
13.92
13.92
13.92
13.92
13.92
13.2
12.84
12.96
12.96
12.96
12.84
12.96
12.96
12.24
11.76
11.88
11.88
11.76
11.88
11.76
11.88
14.4
16.2
16.2
16.2
16.2
16.08
16.2
16.2
16.92
17.52
17.52
17.52
17.52
17.64
17.52
17.52
17.88
18.48
18.36
18.48
18.36
18.36
18.48
18.36
21.0
23.76
23.76
23.76
23.64
23.76
23.76
23.76
19.8
14.4
14.4
14.4
14.4
14.4
14.4
14.4
21.96
35.28
35.4
35.28
35.4
35.4
35.28
35.4
35.28
35.4
33.96
31.2
31.32
31.2
31.2
31.32
31.2
31.32
31.2
31.32
32.16
34.08
33.96
34.08
33.96
34.08
34.08
33.96
34.08
34.08
34.8
36.48
36.48
36.6
36.48
36.48
36.6
36.48
36.48
36.48
34.2
29.64
29.64
29.64
29.52
29.64
29.64
29.64
29.52
29.64
32.16
38.28
38.16
38.16
38.28
38.16
38.16
38.28
38.16
38.16
36.84
33.6
33.6
33.6
33.6
33.6
33.6
33.72
33.6
33.6
31.68
27.24
27.12
27.24
27.12
27.24
27.12
27.24
27.12
27.24
27.0
26.76
26.76
26.76
26.76
26.76
26.76
26.88
26.76
26.76
24.72
19.92
19.92
19.92
19.8
19.92
19.92
19.92
20.04
20.64
20.64
20.64
20.64
20.64
20.64
20.64
19.92
18.12
18.12
18.12
18.12
18.12
18.12
18.12
18.12
18.84
18.72
18.84
18.84
18.84
18.84
18.72
19.44
24.0
24.0
24.0
24.0
24.0
24.0
24.0
23.88
24.0
23.88
23.52
23.64
23.52
23.64
23.52
23.52
23.64
23.4
24.0
24.0
24.0
24.0
24.0
23.88
24.0
24.0
24.0
24.72
30.84
30.84
30.96
30.84
30.84
30.84
30.96
30.84
30.84
30.6
27.96
27.84
27.96
27.96
27.96
27.84
27.96
27.96
27.96
28.08
30.48
30.6
30.48
30.6
30.48
30.6
30.48
30.6
30.48
29.64
21.96
22.08
21.96
22.08
22.08
21.96
22.08
22.08
25.44
25.44
25.44
25.44
25.44
25.44
25.44
25.44
25.32
25.56
27.96
27.84
27.96
27.84
27.96
27.84
27.84
27.96
27.84
27.84
28.08
28.08
28.08
28.08
27.96
28.08
28.08
28.08
28.08
27.84
27.0
26.88
26.88
26.88
26.88
26.88
26.88
26.88
26.88
26.76
26.76
26.76
26.64
26.76
26.64
26.76
26.76
26.64
26.76
26.52
27.0
26.88
26.88
26.88
26.88
26.88
26.88
26.88
26.88
26.76
26.4
26.28
26.28
26.4
26.28
26.4
26.28
26.28
26.4
26.28
27.0
27.0
27.0
27.0
27.0
27.0
27.0
27.12
27.0
27.0
28.08
28.08
28.08
28.08
28.2
28.08
28.08
28.08
28.08
28.08
27.72
27.84
27.72
27.84
27.72
27.84
27.72
27.84
27.72
27.72
27.24
27.24
27.24
27.24
27.24
27.12
27.24
27.24
27.24
26.4
7.44
7.44
7.56
7.44
7.44
7.44
7.56
7.56
26.04
26.16
26.16
26.04
26.16
26.16
26.16
26.04
26.16
26.04
32.28
32.28
32.4
32.28
32.28
32.28
32.28
32.28
32.28
32.4
0.72
0.72
0.72
0.72
0.72
0.72
0.72
0.84
24.24
25.08
25.08
24.96
25.08
25.08
25.08
25.08
24.96
25.08
16.8
16.68
16.68
16.68
16.68
16.68
16.68
16.68
15.6
15.6
15.6
15.6
15.6
15.6
15.6
15.6
17.4
17.64
17.76
17.64
17.64
17.76
17.64
17.76
20.64
21.12
21.24
21.24
21.24
21.24
21.24
21.24
21.6
21.96
21.84
21.96
21.84
21.84
21.96
21.84
16.32
14.64
14.64
14.76
14.64
14.64
14.76
14.64
15.0
15.12
15.12
15.0
15.12
15.12
15.12
15.12
17.28
18.24
18.24
18.12
18.24
18.24
18.24
18.24
17.88
17.88
17.76
17.88
17.76
17.88
17.76
17.88
15.12
13.56
13.56
13.56
13.56
13.56
13.56
13.56
12.6
12.12
12.12
12.12
12.12
12.12
12.12
12.24
13.08
14.04
14.04
14.16
14.04
14.04
14.04
14.04
11.88
10.2
10.2
10.2
10.08
10.2
10.2
10.08
11.64
13.08
13.2
13.08
13.08
13.2
13.08
13.08
13.08
13.32
13.32
13.2
13.32
13.2
13.32
13.2
15.24
17.88
17.88
18.0
17.88
17.88
17.88
17.88
20.88
25.44
25.44
25.44
25.32
25.44
25.44
25.32
25.44
25.44
26.28
27.72
27.72
27.72
27.6
27.72
27.72
27.72
27.6
27.72
25.92
23.64
23.64
23.52
23.64
23.64
23.64
23.64
24.0
25.32
25.32
25.2
25.32
25.2
25.32
25.32
25.2
25.32
25.8
26.88
27.0
26.88
27.0
26.88
27.0
26.88
27.0
26.88
26.76
26.76
26.64
26.76
26.64
26.76
26.64
26.64
26.76
26.64
24.0
19.2
19.2
19.08
19.2
19.08
19.2
19.2
17.76
15.12
15.12
15.12
15.12
15.24
15.12
15.12
15.6
17.4
17.4
17.4
17.28
17.4
17.4
17.4
15.36
10.08
10.08
10.08
10.08
10.08
10.08
9.96
12.12
19.08
19.08
19.08
19.2
19.08
19.08
19.08
15.6
0.84
0.84
0.84
0.84
0.84
0.84
0.84
5.16
28.2
28.2
28.2
28.2
28.32
28.2
28.2
28.2
28.2
28.8
32.88
33.0
32.88
32.88
32.88
32.88
32.88
32.88
32.88
32.4
30.72
30.72
30.72
30.72
30.72
30.72
30.84
30.72
30.72
31.68
38.28
38.28
38.16
38.28
38.28
38.28
38.16
38.28
38.28
38.88
42.6
42.72
42.6
42.6
42.6
42.6
42.6
42.6
42.72
42.6
42.84
42.96
42.84
42.84
42.96
42.84
42.96
42.84
42.84
37.8
11.28
11.28
11.16
11.28
11.16
11.28
11.28
12.6
23.04
23.16
23.04
23.04
23.04
23.04
23.04
26.28
56.88
56.88
56.88
56.88
56.88
56.88
56.88
56.88
56.88
57.24
60.96
60.96
60.96
60.84
60.96
60.96
60.96
60.84
60.96
59.28
44.52
44.52
44.52
44.52
44.52
44.52
44.52
44.64
44.52
43.68
37.92
37.8
37.92
37.8
37.92
37.8
37.92
37.8
37.92
39.0
47.4
47.52
47.52
47.4
47.52
47.4
47.52
47.4
47.52
48.0
51.96
51.96
52.08
51.96
51.96
52.08
51.96
51.96
52.08
50.88
44.88
45.0
44.88
45.0
44.88
44.88
45.0
44.88
45.0
45.0
45.84
45.84
45.84
45.96
45.84
45.84
45.84
45.96
45.84
45.36
43.08
43.08
42.96
43.08
43.08
43.08
43.08
42.96
43.08
42.12
37.92
37.8
37.8
37.92
37.8
37.92
37.8
37.92
37.8
40.56
54.84
54.84
54.84
54.84
54.84
54.72
54.84
54.84
54.84
54.84
55.32
55.44
55.32
55.32
55.32
55.32
55.32
55.44
55.32
53.52
45.96
45.84
45.84
45.84
45.84
45.84
45.84
45.84
45.96
45.84
46.2
46.2
46.2
46.2
46.32
46.2
46.2
46.2
46.2
42.6
27.12
27.24
27.12
27.24
27.24
27.12
27.24
27.24
27.12
31.56
50.16
50.04
50.16
50.16
50.16
50.16
50.04
50.16
50.16
51.96
59.52
59.64
59.52
59.64
59.52
59.52
59.64
59.52
59.64
56.76
46.2
46.2
46.08
46.2
46.08
46.2
46.2
46.08
46.2
46.92
49.92
49.92
49.8
49.92
49.92
49.92
49.92
49.92
49.92
47.28
38.16
38.28
38.16
38.28
38.16
38.28
38.16
38.28
38.16
41.4
52.08
52.08
52.08
52.08
52.08
52.08
51.96
52.08
52.08
47.88
34.8
34.92
34.8
34.8
34.8
34.92
34.8
34.8
34.8
39.6
55.56
55.56
55.68
55.56
55.56
55.56
55.56
55.68
55.56
52.32
41.4
41.52
41.4
41.4
41.52
41.4
41.4
41.52
41.4
44.28
53.04
53.16
53.04
53.16
53.04
53.16
53.04
53.16
53.04
46.2
25.8
25.8
25.8
25.8
25.8
25.8
25.8
25.68
25.8
33.72
59.04
59.04
58.92
59.04
58.92
59.04
58.92
59.04
59.04
58.8
58.92
58.92
58.8
58.92
58.8
58.92
58.92
58.8
58.92
57.0
51.0
51.12
51.12
51.12
51.0
51.12
51.12
51.0
51.12
49.2
44.04
43.92
43.92
44.04
43.92
44.04
43.92
44.04
43.92
40.08
28.44
28.44
28.44
28.44
28.56
28.44
28.44
28.44
28.44
35.88
58.56
58.56
58.44
58.56
58.44
58.56
58.44
58.56
58.44
58.08
56.88
56.88
56.88
56.88
56.76
56.88
56.88
56.88
56.88
53.28
42.72
42.72
42.72
42.72
42.72
42.72
42.72
42.72
42.6
42.0
40.08
40.08
40.08
40.08
40.2
40.08
40.08
40.08
40.08
35.4
22.68
22.8
22.68
22.8
22.68
22.8
22.68
23.88
30.36
30.36
30.24
30.36
30.24
30.36
30.24
30.36
30.36
30.48
32.04
32.16
32.04
32.04
32.16
32.04
32.04
32.16
32.04
31.56
29.16
29.16
29.04
29.16
29.16
29.04
29.16
29.16
29.04
29.16
29.16
29.28
29.28
29.28
29.28
29.28
29.16
29.28
29.28
29.28
29.76
29.88
29.76
29.76
29.76
29.88
29.76
29.76
29.76
31.8
42.24
42.36
42.24
42.36
42.24
42.36
42.24
42.36
42.24
41.16
36.0
35.88
35.88
35.88
35.88
36.0
35.88
35.88
35.88
33.48
20.52
20.64
20.52
20.52
20.64
20.52
20.64
22.44
37.32
37.44
37.32
37.32
37.44
37.32
37.32
37.44
37.32
37.08
35.76
35.64
35.76
35.64
35.76
35.64
35.76
35.76
35.64
36.6
45.6
45.6
45.48
45.6
45.48
45.6
45.6
45.48
45.6
44.52
36.72
36.6
36.72
36.72
36.6
36.72
36.72
36.6
36.72
35.64
26.52
26.52
26.52
26.52
26.52
26.4
26.52
26.52
26.52
27.12
32.52
32.52
32.64
32.52
32.52
32.52
32.64
32.52
32.52
32.28
30.6
30.6
30.6
30.6
30.6
30.6
30.48
30.6
30.6
30.24
27.36
27.24
27.36
27.36
27.24
27.36
27.36
27.24
27.36
26.52
19.56
19.56
19.56
19.56
19.56
19.56
19.56
19.44
17.28
17.16
17.28
17.28
17.28
17.28
17.16
17.4
29.52
29.52
29.52
29.52
29.52
29.52
29.52
29.4
29.52
29.4
25.8
25.68
25.8
25.8
25.8
25.8
25.8
25.8
25.68
25.8
28.68
28.68
28.68
28.68
28.68
28.68
28.68
28.68
28.68
28.68
32.64
32.64
32.76
32.64
32.64
32.64
32.76
32.64
32.64
32.52
17.64
17.64
17.64
17.64
17.64
17.64
17.52
17.64
11.28
11.28
11.28
11.16
11.28
11.16
11.28
11.28
15.12
15.36
15.48
15.36
15.48
15.36
15.48
15.36
17.88
18.24
18.24
18.12
18.24
18.24
18.12
18.24
27.36
28.56
28.68
28.68
28.56
28.68
28.68
28.56
28.68
28.68
28.08
28.08
28.08
28.2
28.08
28.08
28.2
28.08
28.08
28.08
29.16
29.4
29.28
29.28
29.4
29.28
29.4
29.28
29.28
29.4
33.84
34.68
34.68
34.8
34.68
34.68
34.68
34.68
34.68
34.8
31.92
31.56
31.56
31.44
31.56
31.56
31.56
31.56
31.44
31.56
25.68
24.72
24.72
24.72
24.72
24.72
24.72
24.72
24.72
24.72
30.36
31.56
31.68
31.68
31.56
31.68
31.56
31.68
31.68
31.56
17.04
14.28
14.28
14.4
14.28
14.4
14.28
14.28
20.64
22.08
22.08
22.2
22.08
22.08
22.08
22.2
17.76
16.32
16.32
16.44
16.32
16.32
16.32
16.44
23.28
26.52
26.52
26.52
26.52
26.4
26.52
26.52
26.52
26.52
15.72
11.28
11.28
11.28
11.28
11.28
11.16
11.28
29.76
39.12
39.0
39.0
39.0
39.12
39.0
39.0
39.0
39.12
30.48
26.52
26.4
26.52
26.52
26.52
26.52
26.52
26.52
26.52
28.56
29.64
29.64
29.64
29.64
29.64
29.64
29.64
29.64
29.64
25.2
22.92
22.92
22.92
22.92
22.92
23.04
22.92
21.6
21.0
21.12
21.0
21.12
21.0
21.12
21.0
19.56
18.6
18.48
18.6
18.6
18.6
18.6
18.6
20.88
23.16
23.16
23.04
23.16
23.16
23.16
23.16
24.96
26.88
27.0
26.88
27.0
26.88
27.0
26.88
27.0
26.88
26.04
24.96
24.96
25.08
24.96
24.96
25.08
24.96
25.08
24.96
20.76
16.44
16.56
16.44
16.56
16.44
16.56
16.44
19.08
22.2
22.2
22.32
22.2
22.2
22.32
22.2
21.24
20.04
20.16
20.04
20.16
20.16
20.04
20.16
19.32
18.6
18.48
18.6
18.48
18.6
18.48
18.6
17.64
16.32
16.32
16.32
16.32
16.32
16.32
16.32
18.48
22.92
22.92
22.92
22.92
22.8
22.92
22.92
21.6
18.72
18.6
18.72
18.72
18.72
18.72
18.6
18.48
18.24
18.12
18.24
18.24
18.12
18.24
18.12
18.24
18.6
18.6
18.6
18.6
18.6
18.6
18.6
17.88
15.12
15.0
15.12
15.0
15.12
15.0
15.12
14.76
13.56
13.68
13.56
13.56
13.56
13.56
13.56
14.16
19.32
19.44
19.32
19.32
19.32
19.32
19.32
19.08
17.4
17.28
17.4
17.28
17.4
17.28
17.4
17.16
15.6
15.6
15.6
15.6
15.6
15.72
15.6
15.6
19.32
19.44
19.32
19.32
19.44
19.32
19.44
19.32
17.64
17.76
17.64
17.76
17.64
17.76
17.76
17.64
11.16
10.8
10.92
10.92
10.92
10.8
10.92
10.92
23.28
24.48
24.48
24.48
24.48
24.48
24.48
24.48
24.48
24.48
9.24
8.04
8.04
7.92
8.04
8.04
8.04
8.04
8.04
8.04
8.16
8.16
8.16
8.04
8.16
8.16
44.64
50.64
50.64
50.64
50.64
50.64
50.64
50.76
50.64
50.64
18.6
13.8
13.92
13.8
13.8
13.92
13.8
13.92
11.04
10.68
10.68
10.68
10.68
10.68
10.68
10.68
9.96
9.96
9.84
9.96
9.84
9.96
9.84
9.96
10.08
10.2
10.32
10.2
10.32
10.2
10.2
10.32
9.96
9.96
9.96
9.84
9.96
9.96
9.96
9.96
15.72
18.24
18.12
18.12
18.24
18.12
18.12
18.24
16.08
15.24
15.24
15.24
15.24
15.36
15.24
15.24
15.84
16.2
16.32
16.32
16.32
16.2
16.32
16.32
16.56
16.92
16.92
16.92
16.92
16.92
16.8
16.92
19.44
21.36
21.36
21.36
21.36
21.36
21.36
21.36
21.96
22.92
22.8
22.8
22.8
22.92
22.8
22.8
21.36
19.8
19.8
19.8
19.8
19.8
19.8
19.8
20.4
21.48
21.6
21.48
21.6
21.6
21.48
21.6
20.64
19.32
19.2
19.2
19.2
19.32
19.2
19.2
17.16
12.72
12.6
12.72
12.72
12.6
12.72
12.6
13.08
14.4
14.28
14.28
14.28
14.28
14.28
14.28
15.0
17.64
17.64
17.64
17.64
17.52
17.64
17.64
17.76
18.72
18.84
18.84
18.72
18.84
18.84
18.72
19.08
20.4
20.28
20.4
20.4
20.4
20.4
20.4
20.16
19.8
19.92
19.8
19.8
19.8
19.8
19.8
19.92
21.48
21.36
21.48
21.48
21.36
21.48
21.48
21.48
24.72
24.84
24.72
24.84
24.72
24.84
24.72
24.84
24.72
24.6
22.08
22.08
21.96
22.08
22.08
22.08
22.08
22.08
19.92
19.92
20.04
20.04
20.04
20.04
19.92
20.04
1.2
0.12
0.12
0.12
0.12
0.12
0.12
0.12
0.12
0.12
28.32
33.96
33.96
33.96
33.84
33.96
33.96
33.96
33.84
33.96
4.8
0.12
0.12
0.12
0.12
0.12
0.12
0.12
0.12
0.12
22.2
30.84
30.84
30.72
30.84
30.72
30.84
30.84
30.72
30.84
16.56
12.24
12.36
12.24
12.24
12.24
12.36
12.24
12.24
12.48
12.36
12.48
12.48
12.36
12.48
12.48
12.48
12.72
12.72
12.6
12.72
12.72
12.6
12.72
16.56
18.48
18.48
18.6
18.48
18.48
18.48
18.48
19.92
20.76
20.76
20.76
20.76
20.76
20.88
20.76
18.96
17.88
17.88
17.88
17.76
17.88
17.88
17.88
21.0
23.76
23.76
23.64
23.76
23.76
23.76
23.64
23.52
22.68
22.8
22.68
22.8
22.68
22.8
22.68
21.84
12.96
12.96
12.84
12.96
12.96
12.96
12.96
12.72
11.64
11.52
11.64
11.52
11.64
11.52
11.52
11.64
12.6
12.72
12.72
12.6
12.72
12.6
12.72
12.72
11.76
11.76
11.88
11.76
11.88
11.76
11.76
11.88
12.48
12.48
12.48
12.6
12.48
12.48
12.6
12.48
12.0
12.0
12.0
12.0
12.12
12.0
12.0
12.0
13.56
13.68
13.68
13.68
13.68
13.8
13.68
13.68
12.6
12.6
12.6
12.48
12.6
12.48
12.6
12.48
11.52
11.28
11.28
11.4
11.28
11.28
11.4
11.28
10.44
10.32
10.44
10.32
10.32
10.32
10.32
10.32
9.84
9.84
9.84
9.72
9.84
9.84
9.72
9.84
12.72
13.8
13.8
13.8
13.68
13.8
13.8
13.8
12.84
12.36
12.36
12.36
12.36
12.48
12.36
12.36
12.24
12.24
12.24
12.24
12.24
12.36
12.24
12.24
9.0
7.44
7.32
7.44
7.44
7.44
7.44
7.32
6.0
5.16
5.28
5.16
5.16
5.16
5.16
5.16
6.12
6.72
6.72
6.72
6.72
6.72
6.72
6.72
22.08
34.2
34.2
34.2
34.2
34.2
34.2
34.2
34.2
34.2
45.12
54.36
54.24
54.24
54.36
54.24
54.36
54.24
54.24
54.36
55.56
56.76
56.76
56.76
56.76
56.88
56.76
56.76
56.76
56.76
53.64
51.48
51.36
51.36
51.48
51.36
51.36
51.48
51.36
51.36
48.84
47.04
47.04
46.92
47.04
47.04
47.04
47.04
47.04
47.04
42.96
40.44
40.32
40.32
40.32
40.32
40.32
40.32
40.44
40.32
41.04
41.64
41.64
41.52
41.64
41.64
41.52
41.64
41.64
41.64
49.32
54.72
54.72
54.84
54.72
54.72
54.72
54.84
54.72
54.72
53.52
52.8
52.8
52.68
52.8
52.8
52.8
52.8
52.68
52.8
51.48
50.76
50.88
50.76
50.76
50.76
50.76
50.76
50.76
50.76
49.44
48.84
48.72
48.84
48.72
48.84
48.72
48.84
48.72
48.84
47.04
46.2
46.08
46.2
46.08
46.2
46.2
46.08
46.2
46.08
42.24
39.96
39.96
39.96
39.96
39.96
39.84
39.96
39.96
39.96
52.32
59.76
59.88
59.88
59.76
59.88
59.76
59.88
59.88
59.76
57.48
56.04
56.04
56.04
56.04
56.04
56.16
56.04
56.04
56.04
51.36
48.6
48.72
48.6
48.6
48.72
48.6
48.6
48.72
48.6
44.88
42.72
42.72
42.72
42.72
42.6
42.72
42.72
42.72
42.72
40.8
39.84
39.84
39.72
39.84
39.84
39.72
39.84
39.84
39.72
51.96
58.68
58.8
58.8
58.68
58.8
58.8
58.68
58.8
58.68
54.48
52.08
52.08
52.08
52.08
52.08
52.2
52.08
52.08
52.08
52.56
53.04
53.04
53.04
53.04
53.04
53.04
53.04
53.04
53.04
50.76
49.56
49.44
49.56
49.56
49.56
49.56
49.56
49.56
49.56
45.48
43.32
43.44
43.44
43.44
43.32
43.44
43.44
43.32
43.44
41.76
40.92
40.92
40.92
40.8
40.92
40.92
40.92
40.92
40.92
52.56
58.8
58.68
58.8
58.68
58.68
58.8
58.68
58.8
58.68
51.36
47.88
47.76
47.88
47.76
47.76
47.88
47.76
47.88
47.76
46.92
46.8
46.68
46.68
46.68
46.8
46.68
46.68
46.68
46.8
45.36
44.88
44.76
44.88
44.88
44.88
44.88
44.88
44.76
44.88
43.32
42.6
42.6
42.6
42.72
42.6
42.6
42.6
42.72
42.6
43.56
44.04
44.04
44.04
44.04
44.04
43.92
44.04
44.04
44.04
50.76
53.76
53.76
53.76
53.76
53.76
53.88
53.76
53.76
53.76
48.84
46.92
46.92
46.92
46.92
46.92
46.8
46.92
46.92
46.92
49.8
50.88
51.0
50.88
51.0
50.88
51.0
50.88
51.0
50.88
38.52
33.84
33.84
33.84
33.84
33.84
33.84
33.84
33.84
33.84
44.88
49.44
49.44
49.44
49.44
49.44
49.44
49.32
49.44
49.44
47.64
47.04
46.92
46.92
47.04
46.92
46.92
46.92
47.04
46.92
44.4
43.44
43.32
43.44
43.44
43.44
43.32
43.44
43.44
43.32
40.68
39.48
39.6
39.6
39.48
39.6
39.6
39.48
39.6
39.6
39.96
40.08
40.2
40.08
40.2
40.08
40.2
40.08
40.2
40.08
41.88
42.48
42.48
42.48
42.36
42.48
42.48
42.48
42.48
42.48
38.4
36.96
37.08
37.08
36.96
37.08
36.96
37.08
36.96
37.08
33.48
32.16
32.28
32.28
32.16
32.28
32.28
32.28
32.16
32.28
30.84
30.6
30.6
30.6
30.6
30.48
30.6
30.6
30.6
30.48
33.48
34.56
34.56
34.56
34.56
34.56
34.56
34.56
34.56
34.68
37.08
38.16
38.28
38.16
38.28
38.28
38.16
38.28
38.16
38.28
51.36
56.16
56.28
56.16
56.28
56.16
56.28
56.16
56.28
56.16
57.0
57.24
57.36
57.24
57.36
57.24
57.24
57.36
57.24
57.24
48.12
44.76
44.76
44.76
44.76
44.76
44.76
44.76
44.76
44.76
51.12
53.28
53.4
53.4
53.28
53.4
53.4
53.28
53.4
53.4
37.2
31.56
31.68
31.68
31.68
31.68
31.56
31.68
31.68
31.68
48.96
55.32
55.32
55.32
55.2
55.32
55.32
55.32
55.2
55.32
56.16
56.64
56.64
56.64
56.64
56.64
56.64
56.64
56.64
56.64
31.68
23.4
23.4
23.4
23.4
23.4
23.4
23.4
26.88
29.52
29.52
29.52
29.52
29.52
29.52
29.52
29.52
29.52
35.04
39.36
39.24
39.36
39.24
39.24
39.36
39.24
39.36
39.24
31.68
26.28
26.16
26.16
26.28
26.16
26.16
26.28
26.16
26.16
43.8
56.52
56.52
56.52
56.52
56.52
56.52
56.52
56.64
56.52
56.64
56.64
56.76
56.76
56.64
56.76
56.76
56.64
56.76
56.76
51.36
47.64
47.64
47.64
47.76
47.64
47.64
47.64
47.64
47.64
47.16
47.04
46.92
46.92
47.04
46.92
46.92
47.04
46.92
46.92
43.56
41.28
41.28
41.16
41.28
41.28
41.28
41.28
41.28
41.28
44.4
46.44
46.56
46.44
46.56
46.44
46.56
46.44
46.56
46.44
50.76
53.64
53.64
53.64
53.64
53.52
53.64
53.64
53.64
53.64
53.4
53.52
53.52
53.52
53.52
53.52
53.52
53.52
53.52
53.4
47.64
44.04
44.04
44.04
44.04
44.04
44.04
44.04
44.04
44.04
35.88
30.84
30.84
30.84
30.72
30.84
30.84
30.84
30.84
30.84
30.48
30.48
30.48
30.48
30.48
30.48
30.48
30.48
30.48
30.48
29.28
28.68
28.68
28.56
28.68
28.68
28.68
28.56
28.68
28.68
22.2
18.0
18.12
18.0
18.12
18.0
18.12
18.0
15.12
12.96
12.96
12.96
12.96
12.96
12.96
13.08
8.16
4.32
4.2
4.32
4.32
4.2
4.32
4.2
4.92
5.52
5.52
5.52
5.64
5.52
5.52
5.64
3.6
1.56
1.68
1.56
1.68
1.56
1.68
1.56
6.6
12.96
12.96
13.08
12.96
12.96
12.96
12.96
19.44
28.8
28.8
28.8
28.8
28.92
28.8
28.8
28.8
28.8
23.16
14.88
14.76
14.88
14.88
14.88
14.76
14.88
15.0
15.36
15.36
15.36
15.36
15.36
15.36
15.36
11.88
5.28
5.28
5.28
5.16
5.28
5.28
5.16
5.64
6.6
6.6
6.6
6.48
6.6
6.6
6.6
10.8
21.96
22.08
21.96
22.08
21.96
22.08
21.96
19.92
12.6
12.6
12.48
12.6
12.6
12.48
12.6
12.6
13.32
13.2
13.32
13.32
13.2
13.32
13.2
14.52
22.44
22.32
22.44
22.32
22.32
22.44
22.32
24.24
50.4
50.4
50.4
50.4
50.4
50.4
50.4
50.4
50.4
47.88
18.96
18.96
18.96
18.96
18.96
18.96
18.96
18.96
21.48
21.6
21.6
21.48
21.6
21.48
21.6
21.6
35.16
35.52
35.52
35.52
35.52
35.52
35.52
35.52
35.4
35.52
21.6
21.48
21.36
21.48
21.36
21.48
21.36
21.48
15.84
15.6
15.6
15.72
15.6
15.6
15.6
15.6
13.56
13.32
13.32
13.32
13.44
13.32
13.32
13.32
11.52
11.4
11.28
11.28
11.4
11.28
11.28
11.28
8.04
7.56
7.44
7.44
7.44
7.56
7.44
7.44
19.2
21.84
21.84
21.96
21.84
21.84
21.84
21.84
19.44
18.96
18.84
18.84
18.96
18.84
18.96
18.84
17.64
17.4
17.28
17.4
17.4
17.4
17.28
17.4
14.28
12.96
12.96
13.08
12.96
13.08
12.96
13.08
15.36
16.8
16.68
16.8
16.68
16.68
16.8
16.68
16.92
17.04
17.04
17.04
17.04
17.04
17.16
17.04
17.4
18.0
17.88
17.88
17.88
17.88
17.88
17.88
17.04
16.44
16.56
16.44
16.44
16.44
16.56
16.44
18.0
19.44
19.56
19.44
19.44
19.44
19.56
19.44
18.6
18.12
18.0
18.12
18.0
18.0
18.12
18.0
16.8
15.48
15.36
15.48
15.36
15.48
15.36
15.48
13.8
12.0
11.88
12.0
12.0
11.88
12.0
11.88
12.0
12.12
12.24
12.12
12.24
12.12
12.12
12.24
14.64
18.72
18.72
18.6
18.72
18.72
18.72
18.72
20.04
22.68
22.68
22.68
22.68
22.68
22.68
22.68
24.12
28.56
28.68
28.56
28.68
28.56
28.68
28.56
28.68
28.68
28.08
27.0
27.0
27.0
26.88
27.0
27.0
27.0
27.0
27.0
28.68
34.2
34.08
34.08
34.2
34.08
34.08
34.2
34.08
34.2
31.92
25.68
25.68
25.68
25.68
25.68
25.68
25.68
25.68
25.68
27.72
34.08
34.08
34.08
34.08
34.08
34.2
34.08
34.08
34.08
33.24
30.72
30.72
30.6
30.72
30.72
30.6
30.72
30.6
30.72
32.52
38.76
38.76
38.76
38.76
38.76
38.76
38.76
38.76
38.76
36.48
28.8
28.8
28.8
28.8
28.8
28.8
28.8
28.8
28.8
29.28
30.96
30.96
30.96
30.96
30.96
30.96
30.96
30.96
30.96
33.96
46.8
46.68
46.8
46.68
46.68
46.8
46.68
46.8
46.68
44.04
33.72
33.84
33.72
33.84
33.72
33.84
33.72
33.84
33.72
38.04
54.84
54.96
54.84
54.96
54.84
54.84
54.96
54.84
54.84
53.04
45.6
45.72
45.72
45.72
45.6
45.72
45.72
45.6
45.72
45.0
42.6
42.6
42.6
42.6
42.6
42.6
42.6
42.72
42.6
43.08
44.76
44.76
44.76
44.88
44.76
44.76
44.76
44.88
44.76
40.68
27.6
27.6
27.6
27.6
27.6
27.6
27.6
27.6
27.6
33.24
53.64
53.64
53.64
53.64
53.64
53.64
53.64
53.64
53.64
54.36
57.0
57.12
57.0
57.0
57.12
57.0
57.12
57.0
57.12
54.48
46.32
46.32
46.32
46.32
46.32
46.32
46.32
46.32
46.32
45.36
42.72
42.84
42.72
42.72
42.72
42.72
42.72
42.72
42.72
40.8
34.68
34.68
34.68
34.56
34.68
34.68
34.68
34.68
34.68
38.4
51.36
51.24
51.36
51.36
51.36
51.24
51.36
51.36
51.36
52.8
57.96
57.96
57.96
57.96
57.96
57.96
57.96
57.96
57.96
55.68
48.72
48.84
48.72
48.84
48.72
48.84
48.72
48.84
48.72
47.52
43.92
43.92
43.8
43.92
43.8
43.92
43.92
43.8
43.92
42.6
38.76
38.76
38.76
38.76
38.76
38.76
38.76
38.76
38.76
39.12
39.84
39.96
39.84
39.84
39.96
39.84
39.96
39.84
39.96
44.52
57.72
57.72
57.84
57.72
57.72
57.84
57.72
57.72
57.84
56.28
52.44
52.32
52.44
52.32
52.44
52.32
52.44
52.32
52.44
50.76
46.92
46.92
47.04
46.92
46.92
46.92
46.92
46.92
47.04
46.44
45.96
45.84
45.84
45.84
45.84
45.84
45.84
45.84
45.84
41.16
29.88
29.88
30.0
29.88
29.88
30.0
29.88
29.88
29.88
37.08
54.84
54.84
54.96
54.84
54.84
54.84
54.96
54.84
54.84
55.68
57.72
57.72
57.84
57.72
57.72
57.72
57.84
57.72
57.72
53.88
44.4
44.28
44.4
44.4
44.4
44.4
44.4
44.4
44.4
44.28
44.52
44.52
44.64
44.52
44.52
44.52
44.52
44.52
44.52
44.28
43.92
44.04
43.92
43.92
43.92
43.92
43.92
43.92
44.04
42.6
39.6
39.72
39.72
39.6
39.72
39.6
39.72
39.72
39.6
39.84
40.2
40.2
40.32
40.2
40.2
40.2
40.2
40.32
40.2
34.92
22.2
22.2
22.08
22.2
22.2
22.2
22.08
22.2
22.44
22.44
22.44
22.44
22.44
22.44
22.44
23.52
33.24
33.36
33.24
33.24
33.36
33.24
33.24
33.36
33.24
33.36
33.84
33.84
33.84
33.84
33.84
33.84
33.84
33.84
33.84
35.52
52.8
52.68
52.8
52.68
52.8
52.68
52.8
52.68
52.8
52.92
55.44
55.56
55.56
55.44
55.56
55.56
55.44
55.56
55.56
54.0
43.2
43.2
43.2
43.2
43.2
43.2
43.2
43.2
43.2
42.84
41.04
41.04
40.92
41.04
41.04
40.92
41.04
40.92
41.04
40.32
35.16
35.16
35.16
35.16
35.16
35.16
35.16
35.16
35.04
37.56
57.0
57.0
57.0
57.0
57.0
57.0
57.0
57.0
57.0
56.64
54.96
55.08
54.96
54.96
55.08
54.96
55.08
54.96
54.96
54.12
46.92
47.04
47.04
47.04
47.04
47.04
47.04
46.92
47.04
46.44
42.12
42.24
42.24
42.24
42.12
42.24
42.24
42.12
42.24
41.88
39.96
39.84
39.96
39.96
39.84
39.96
39.84
39.96
39.84
40.56
44.4
44.4
44.4
44.4
44.4
44.4
44.4
44.4
44.52
46.8
61.92
62.04
61.92
62.04
61.92
62.04
61.92
62.04
61.92
59.52
44.52
44.4
44.52
44.4
44.52
44.4
44.52
44.4
44.52
43.56
38.88
38.88
38.88
39.0
38.88
38.88
38.88
38.88
39.0
38.16
33.24
33.36
33.36
33.24
33.36
33.36
33.24
33.36
33.36
31.8
21.36
21.48
21.36
21.48
21.36
21.48
21.36
20.64
13.32
13.2
13.2
13.2
13.2
13.2
13.32
12.84
8.64
8.76
8.64
8.64
8.76
8.64
8.64
9.12
35.4
35.28
35.28
35.28
35.28
35.4
35.28
35.28
35.28
35.16
32.4
32.28
32.4
32.28
32.4
32.28
32.4
32.28
32.4
32.4
41.64
41.64
41.64
41.64
41.76
41.64
41.64
41.64
41.64
41.76
31.2
31.32
31.32
31.32
31.32
31.32
31.32
31.2
31.32
31.32
33.72
33.84
33.84
33.84
33.84
33.84
33.84
33.72
33.84
33.84
43.68
43.8
43.8
43.8
43.8
43.8
43.8
43.92
43.8
43.8
41.88
41.88
41.88
41.88
41.88
41.88
41.88
41.88
42.0
41.88
27.0
27.0
27.0
27.12
27.0
27.0
27.0
27.12
27.0
27.0
46.8
46.8
46.8
46.8
46.8
46.8
46.8
46.8
46.8
46.56
32.4
32.4
32.4
32.52
32.4
32.4
32.4
32.4
32.4
32.28
35.04
35.04
35.04
34.92
35.04
35.04
35.04
35.04
34.92
35.04
38.76
38.76
38.76
38.76
38.76
38.88
38.76
38.76
38.76
38.76
41.28
41.4
41.28
41.4
41.28
41.4
41.28
41.28
41.4
41.28
28.56
28.44
28.44
28.56
28.44
28.44
28.44
28.44
28.44
28.44
16.32
16.08
15.96
16.08
16.08
16.08
16.08
16.08
10.8
10.68
10.68
10.68
10.68
10.68
10.68
10.68
14.76
15.12
15.12
15.12
15.12
15.24
15.12
15.12
24.24
25.44
25.56
25.44
25.44
25.44
25.44
25.44
25.56
25.44
31.56
32.52
32.52
32.52
32.4
32.52
32.52
32.4
32.52
32.52
38.28
39.12
39.12
39.12
39.12
39.24
39.12
39.12
39.12
39.12
40.56
40.56
40.68
40.68
40.68
40.68
40.56
40.68
40.68
40.68
34.2
33.48
33.36
33.36
33.36
33.36
33.36
33.36
33.48
33.36
39.72
40.8
40.8
40.92
40.8
40.8
40.8
40.8
40.8
40.92
30.72
29.28
29.16
29.28
29.28
29.28
29.28
29.28
29.28
29.28
40.92
42.96
42.96
42.84
42.96
42.96
42.84
42.96
42.96
42.84
35.16
34.08
34.08
33.96
34.08
34.08
33.96
34.08
34.08
33.96
38.28
39.0
39.0
39.0
39.0
39.0
39.0
39.0
39.0
39.0
34.8
34.32
34.32
34.32
34.44
34.32
34.32
34.32
34.32
34.32
35.16
35.4
35.28
35.4
35.4
35.28
35.4
35.4
35.28
35.4
37.68
38.04
38.16
38.16
38.04
38.16
38.04
38.16
38.04
38.16
43.32
44.28
44.16
44.28
44.28
44.28
44.28
44.28
44.16
44.28
40.44
39.72
39.84
39.72
39.84
39.72
39.84
39.72
39.84
39.72
36.72
36.36
36.24
36.24
36.24
36.36
36.24
36.24
36.24
36.36
39.24
39.96
40.08
39.96
39.96
39.96
39.96
39.96
39.96
40.08
30.24
28.44
28.56
28.44
28.44
28.56
28.44
28.56
28.44
28.44
45.84
49.2
49.2
49.2
49.2
49.32
49.2
49.2
49.2
49.2
32.52
29.28
29.28
29.28
29.28
29.28
29.28
29.28
29.28
29.4
34.44
35.64
35.64
35.64
35.76
35.64
35.64
35.64
35.64
35.64
31.2
30.36
30.48
30.36
30.36
30.36
30.36
30.48
30.36
30.36
29.4
29.4
29.28
29.4
29.28
29.4
29.28
29.4
29.28
29.4
32.04
32.88
32.76
32.88
32.88
32.76
32.88
32.76
32.88
32.88
30.84
30.36
30.48
30.48
30.48
30.48
30.36
30.48
30.48
30.48
34.32
35.4
35.4
35.4
35.52
35.4
35.4
35.4
35.4
35.4
28.8
27.0
27.12
27.0
27.12
27.0
27.12
27.0
27.12
27.0
31.44
32.64
32.64
32.52
32.64
32.64
32.52
32.64
32.64
32.64
29.52
28.92
28.8
28.92
28.8
28.92
28.92
28.8
28.92
28.8
41.88
45.6
45.6
45.6
45.6
45.6
45.6
45.6
45.48
45.6
37.56
35.4
35.4
35.4
35.52
35.4
35.4
35.4
35.4
35.52
38.76
39.96
39.84
39.84
39.96
39.84
39.96
39.84
39.96
39.84
38.4
38.16
38.04
38.16
38.04
38.16
38.04
38.04
38.16
38.04
29.52
27.12
27.12
27.12
27.12
27.12
27.12
27.12
27.12
27.12
44.4
49.68
49.56
49.68
49.56
49.68
49.56
49.68
49.56
49.68
43.32
41.52
41.52
41.52
41.52
41.64
41.52
41.52
41.52
41.64
35.76
34.32
34.2
34.32
34.32
34.2
34.32
34.2
34.32
34.2
30.6
29.52
29.52
29.4
29.52
29.52
29.52
29.52
29.52
29.52
29.52
29.76
29.64
29.76
29.64
29.76
29.76
29.64
29.76
29.64
22.92
21.0
20.88
21.0
21.0
20.88
21.0
21.0
39.0
46.56
46.56
46.56
46.44
46.56
46.56
46.56
46.56
46.56
41.52
39.48
39.6
39.6
39.6
39.6
39.48
39.6
39.6
39.6
35.64
34.2
34.08
34.08
34.08
34.08
34.2
34.08
34.08
34.08
31.56
30.48
30.48
30.48
30.48
30.36
30.48
30.48
30.48
30.48
33.72
35.28
35.4
35.28
35.28
35.28
35.28
35.28
35.28
35.28
16.92
8.76
8.76
8.88
8.76
8.76
8.76
8.76
28.08
38.04
38.04
38.04
38.04
38.04
38.04
38.04
38.04
38.04
48.36
54.0
54.0
54.0
54.0
54.0
54.0
54.0
54.0
54.0
41.04
34.32
34.32
34.32
34.32
34.32
34.32
34.32
34.32
34.32
35.64
36.36
36.48
36.36
36.48
36.36
36.48
36.36
36.48
36.48
33.96
32.76
32.64
32.64
32.76
32.64
32.76
32.64
32.64
32.76
28.32
25.68
25.8
25.68
25.8
25.8
25.68
25.8
25.8
25.68
32.4
36.48
36.48
36.48
36.48
36.36
36.48
36.48
36.48
36.48
36.12
35.88
35.88
35.88
35.88
35.88
35.88
35.88
35.88
36.0
35.4
35.28
35.28
35.28
35.28
35.28
35.28
35.28
35.28
35.28
35.76
36.0
36.0
36.12
36.0
36.0
36.12
36.0
36.0
36.12
28.8
23.88
23.88
23.76
23.88
23.88
23.88
23.88
23.88
45.6
52.8
52.68
52.68
52.68
52.8
52.68
52.68
52.68
52.8
