2.28
37.92
37.8
37.8
37.8
37.92
37.8
37.8
37.8
37.92
38.76
60.0
59.88
59.88
59.88
59.88
59.88
60.0
59.88
59.88
59.64
56.16
56.28
56.28
56.16
56.28
56.28
56.28
56.16
56.28
57.24
71.64
71.64
71.64
71.64
71.64
71.64
71.64
71.64
71.64
71.88
76.44
76.44
76.44
76.32
76.44
76.44
76.44
76.44
76.44
76.2
75.0
74.88
75.0
74.88
75.0
75.0
74.88
75.0
74.88
73.8
59.88
59.88
59.88
59.76
59.88
59.88
59.88
59.88
59.76
59.88
60.72
60.84
60.72
60.72
60.84
60.72
60.84
60.72
60.72
61.2
65.64
65.64
65.64
65.76
65.64
65.64
65.64
65.76
65.64
63.96
50.04
50.04
50.04
50.04
49.92
50.04
50.04
50.04
50.04
51.6
66.12
66.12
66.12
66.12
66.24
66.12
66.12
66.12
66.24
63.6
43.68
43.68
43.68
43.68
43.68
43.68
43.68
43.8
43.68
45.24
58.2
58.2
58.2
58.2
58.2
58.2
58.2
58.2
58.2
57.12
50.16
50.28
50.16
50.28
50.16
50.28
50.16
50.28
50.16
49.2
41.52
41.52
41.64
41.52
41.52
41.64
41.52
41.52
41.64
39.84
28.92
29.04
28.92
28.92
29.04
28.92
29.04
28.92
28.92
30.96
44.4
44.4
44.52
44.4
44.4
44.52
44.4
44.52
44.4
41.76
24.84
24.72
24.72
24.84
24.72
24.72
24.84
24.72
24.72
26.16
35.76
35.88
35.76
35.76
35.76
35.76
35.76
35.88
35.76
37.92
54.0
54.0
54.12
54.0
54.0
54.0
54.12
54.0
54.0
54.0
53.52
53.4
53.52
53.52
53.52
53.4
53.52
53.52
53.4
54.12
57.96
57.96
58.08
57.96
58.08
57.96
57.96
58.08
57.96
53.16
26.16
49.32
49.32
49.32
49.44
49.32
49.32
49.32
49.44
49.32
52.32
65.4
65.4
65.4
65.4
65.4
65.4
65.4
65.4
65.4
65.64
66.72
66.72
66.84
66.72
66.84
66.72
66.72
66.84
66.72
66.48
66.0
66.0
66.0
66.0
66.0
66.0
66.0
66.0
66.0
58.44
28.8
28.68
28.68
28.68
28.68
28.8
28.68
28.68
28.68
29.52
33.0
33.12
33.0
33.12
33.0
33.12
33.12
33.0
33.12
37.68
59.88
59.76
59.88
59.88
59.76
59.88
59.88
59.76
59.88
59.88
60.36
60.48
60.36
60.36
60.36
60.36
60.48
60.36
60.36
60.96
63.36
63.36
63.48
63.36
63.36
63.36
63.36
63.36
63.36
67.56
84.24
84.24
84.24
84.24
84.12
84.24
84.24
84.24
84.24
79.8
62.16
62.28
62.16
62.16
62.16
62.16
62.16
62.28
62.16
61.8
61.08
61.08
61.08
61.08
61.08
61.08
61.08
61.08
61.08
59.88
55.68
55.68
55.68
55.68
55.68
55.68
55.68
55.68
55.68
55.08
52.92
53.04
52.92
52.92
53.04
52.92
52.92
52.92
53.04
49.44
37.2
37.2
37.2
37.2
37.2
37.2
37.2
37.2
37.2
35.4
28.92
29.04
28.92
28.92
28.92
29.04
28.92
28.92
28.92
31.8
42.84
42.72
42.84
42.84
42.72
42.84
42.72
42.84
42.72
45.6
56.16
56.28
56.28
56.16
56.28
56.16
56.28
56.28
56.16
57.72
62.76
62.88
62.76
62.76
62.88
62.76
62.88
62.76
62.88
59.28
47.4
47.28
47.28
47.28
47.4
47.28
47.28
47.4
47.28
43.32
29.52
29.4
29.4
29.4
29.52
29.4
29.4
29.4
29.52
33.24
48.12
48.24
48.12
48.24
48.24
48.12
48.24
48.12
48.24
49.92
57.0
57.0
57.0
57.0
57.0
57.0
57.0
57.0
57.0
57.6
60.12
60.12
60.12
60.12
60.12
60.12
60.12
60.12
60.12
57.6
49.08
49.2
49.2
49.2
49.08
49.2
49.2
49.2
49.08
43.56
24.48
24.6
24.48
24.6
24.48
24.6
24.48
24.6
24.48
29.16
44.88
44.76
44.88
44.76
44.76
44.88
44.76
44.76
44.88
48.12
60.36
60.48
60.36
60.36
60.48
60.36
60.36
60.36
60.48
60.24
60.36
60.36
60.36
60.36
60.36
60.36
60.36
60.36
60.36
58.56
52.68
52.68
52.8
52.68
52.68
52.68
52.8
52.68
52.68
47.16
30.72
30.72
30.6
30.72
30.6
30.72
30.72
30.6
30.72
34.32
46.32
46.32
46.32
46.44
46.32
46.32
46.32
46.32
46.32
49.8
61.8
61.92
61.8
61.92
61.8
61.92
61.8
61.8
61.92
60.48
56.88
56.76
56.88
56.88
56.76
56.88
56.88
56.76
56.88
54.0
45.6
45.6
45.6
45.72
45.6
45.6
45.6
45.72
45.6
41.4
29.28
29.28
29.16
29.28
29.16
29.28
29.16
29.28
29.28
33.72
47.76
47.88
47.76
47.76
47.76
47.88
47.76
47.76
47.76
50.4
58.08
58.2
58.08
58.2
58.08
58.2
58.08
58.08
58.2
58.56
60.0
60.12
60.12
60.12
60.0
60.12
60.12
60.12
60.12
56.88
48.48
48.36
48.36
48.48
48.36
48.36
48.48
48.36
48.36
44.28
32.52
32.52
32.52
32.52
32.52
32.52
32.52
32.52
32.52
35.28
43.8
43.8
43.8
43.8
43.8
43.68
43.8
43.8
43.8
48.0
60.96
60.96
60.96
60.96
60.84
60.96
60.96
60.96
60.96
59.52
56.28
56.16
56.16
56.28
56.16
56.28
56.16
56.16
56.28
53.04
44.64
44.64
44.64
44.64
44.64
44.64
44.64
44.64
44.64
38.16
15.6
22.2
49.44
49.44
49.44
49.44
49.44
49.44
49.44
49.44
49.44
48.48
47.04
47.04
47.04
47.04
47.04
47.04
46.92
47.04
47.04
37.68
20.64
17.88
27.0
36.24
36.12
36.12
36.24
36.12
36.12
36.24
36.12
36.12
32.64
29.76
29.64
29.64
29.64
29.64
29.64
29.64
29.64
29.64
29.76
29.88
29.76
29.88
29.88
29.88
29.88
29.76
29.88
29.88
30.48
31.2
31.32
31.2
31.2
31.32
31.2
31.2
31.32
31.2
33.0
34.68
34.68
34.68
34.68
34.8
34.68
34.68
34.68
34.68
31.08
27.48
27.6
27.6
27.48
27.6
27.6
27.48
27.6
27.6
23.4
24.0
27.24
27.12
27.24
27.24
27.24
27.12
27.24
27.24
27.24
25.92
25.32
25.32
25.2
25.32
25.2
25.32
25.2
25.32
25.2
29.16
32.04
32.04
32.04
32.16
32.04
32.04
32.04
32.16
32.04
31.2
30.84
30.84
30.84
30.84
30.72
30.84
30.84
30.84
30.84
29.64
28.92
28.92
28.8
28.92
28.92
28.92
28.8
28.92
28.92
27.12
25.68
25.8
25.68
25.8
25.8
25.68
25.8
25.68
25.8
27.12
28.2
28.32
28.2
28.2
28.32
28.2
28.2
28.32
28.2
29.76
31.2
31.08
31.2
31.08
31.2
31.08
31.2
31.08
31.2
29.4
28.2
28.2
28.08
28.2
28.2
28.08
28.2
28.2
28.08
26.28
24.72
24.72
24.72
24.72
24.72
24.6
24.72
24.72
24.72
27.84
30.6
30.6
30.6
30.6
30.6
30.6
30.6
30.6
30.6
27.96
25.8
25.68
25.8
25.68
25.8
25.68
25.8
25.68
25.8
28.44
30.72
30.84
30.72
30.84
30.84
30.72
30.84
30.84
30.72
28.2
26.04
26.04
26.04
26.04
26.04
26.04
26.04
25.92
26.04
24.84
23.16
22.2
22.44
23.76
24.24
24.36
24.24
24.36
24.24
24.36
24.36
24.24
24.36
25.2
26.64
26.64
26.52
26.64
26.52
26.64
26.64
26.52
26.64
26.28
26.04
25.92
26.04
26.04
25.92
26.04
26.04
25.92
26.04
25.08
24.36
24.24
24.24
24.24
24.24
24.24
24.24
24.24
24.24
24.36
24.48
24.48
24.48
24.48
24.48
24.48
24.48
24.48
24.48
24.48
24.6
24.6
24.6
24.6
24.72
24.6
24.6
24.6
24.6
23.76
22.56
22.32
11.4
22.32
39.12
39.24
39.24
39.24
39.24
39.24
39.24
39.24
39.12
28.92
20.28
26.16
29.64
29.64
29.64
29.64
29.64
29.64
29.64
29.64
29.64
27.36
25.92
25.92
26.04
25.92
26.04
25.92
25.92
26.04
25.92
27.6
28.68
28.8
28.68
28.8
28.68
28.8
28.68
28.8
28.68
31.2
32.88
32.76
32.88
32.76
32.88
32.76
32.88
32.76
32.88
34.08
35.28
35.16
35.16
35.28
35.16
35.16
35.28
35.16
35.16
33.36
32.4
32.4
32.4
32.4
32.4
32.4
32.4
32.4
32.4
45.48
54.36
54.36
54.24
54.36
54.36
54.36
54.24
54.36
54.36
58.32
61.2
61.08
61.2
61.2
61.08
61.2
61.08
61.2
61.08
58.32
56.64
56.64
56.64
56.64
56.64
56.64
56.64
56.64
56.64
49.2
44.64
44.76
44.76
44.76
44.64
44.76
44.76
44.76
44.76
37.2
32.52
32.64
32.52
32.64
32.52
32.64
32.52
32.52
32.64
33.48
34.44
34.44
34.32
34.44
34.32
34.44
34.32
34.44
34.44
47.88
57.48
57.36
57.48
57.36
57.48
57.48
57.36
57.48
57.36
57.24
57.0
57.12
57.0
57.12
57.0
57.12
57.0
57.0
57.12
57.36
57.6
57.6
57.72
57.6
57.6
57.72
57.6
57.6
57.72
44.28
36.0
36.0
36.0
36.0
36.0
36.0
36.0
36.0
36.0
34.2
33.12
33.12
33.0
33.12
33.12
33.12
33.12
33.0
33.12
51.24
63.36
63.48
63.48
63.36
63.48
63.48
63.36
63.48
63.48
60.24
58.32
58.32
58.32
58.32
58.32
58.32
58.32
58.32
58.32
49.68
44.64
44.52
44.64
44.52
44.64
44.64
44.52
44.64
44.64
37.2
33.0
32.88
32.88
32.88
32.88
32.88
33.0
32.88
32.88
30.12
28.32
28.44
28.32
28.44
28.32
28.44
28.32
28.44
28.32
48.36
61.8
61.8
61.68
61.8
61.8
61.8
61.68
61.8
61.8
58.68
57.0
57.0
56.88
57.0
57.0
57.0
56.88
57.0
57.0
54.96
53.88
53.88
53.76
53.88
53.88
53.88
53.76
53.88
53.88
45.36
39.96
39.96
39.96
39.96
39.96
40.08
39.96
39.96
39.96
29.16
25.8
28.32
28.32
28.32
28.32
28.44
28.32
28.32
28.32
28.32
46.8
59.04
59.04
59.04
59.04
59.04
59.04
59.04
59.04
59.04
59.4
59.76
59.76
59.88
59.76
59.76
59.76
59.76
59.76
59.76
47.4
40.08
40.08
39.96
40.08
39.96
40.08
40.08
39.96
40.08
37.2
35.52
35.52
35.64
35.52
35.52
35.52
35.52
35.52
35.64
46.32
53.52
53.4
53.4
53.52
53.4
53.4
53.52
53.4
53.52
54.6
55.32
55.44
55.32
55.44
55.32
55.44
55.32
55.32
55.44
57.48
58.68
58.8
58.68
58.8
58.68
58.8
58.68
58.8
58.68
47.52
41.28
41.28
41.28
41.28
41.28
41.4
41.28
41.28
41.28
35.88
32.88
32.88
32.88
32.88
32.88
32.88
32.88
32.88
32.88
42.48
48.12
48.24
48.24
48.24
48.24
48.24
48.12
48.24
48.24
55.44
59.76
59.64
59.76
59.76
59.64
59.76
59.76
59.64
59.76
57.48
56.16
56.28
56.28
56.28
56.28
56.28
56.28
56.16
56.28
51.6
49.08
49.08
49.08
49.2
49.08
49.08
49.08
49.08
49.08
44.52
42.24
42.12
42.12
42.12
42.12
42.24
42.12
42.12
42.12
35.52
31.68
31.68
31.8
31.68
31.68
31.8
31.68
31.68
31.8
47.28
56.64
56.76
56.64
56.64
56.76
56.64
56.64
56.76
56.64
56.52
56.64
56.52
56.64
56.64
56.52
56.64
56.52
56.64
56.64
48.72
44.64
44.52
44.64
44.52
44.64
44.64
44.52
44.64
44.52
35.52
30.48
30.48
30.48
30.6
30.48
30.48
30.48
30.6
30.48
39.96
45.6
45.6
45.48
45.6
45.48
45.6
45.48
45.6
45.48
50.64
53.4
53.52
53.4
53.52
53.4
53.52
53.4
53.52
53.4
48.12
45.0
45.12
45.12
45.0
45.12
45.0
45.12
45.12
45.0
29.52
27.72
30.96
31.08
31.08
30.96
31.08
30.96
31.08
30.96
31.08
50.88
60.0
60.0
60.0
60.0
60.0
60.0
60.0
60.0
60.0
61.92
62.88
62.88
62.88
62.88
62.88
62.88
62.88
62.88
62.88
56.88
54.48
54.6
54.48
54.6
54.48
54.48
54.6
54.48
54.6
48.6
46.44
46.44
46.44
46.44
46.44
46.44
46.44
46.44
46.44
20.76
18.0
50.4
57.12
57.12
57.12
57.12
57.12
57.12
57.12
57.12
57.12
56.04
56.04
55.92
55.92
55.92
55.92
56.04
55.92
55.92
55.92
38.76
35.4
35.4
35.52
35.4
35.52
35.4
35.52
35.4
35.4
36.72
36.96
37.08
36.96
36.96
36.96
36.96
36.96
37.08
36.96
34.08
33.6
33.6
33.6
33.6
33.6
33.6
33.6
33.6
33.6
30.84
30.36
30.24
30.36
30.24
30.36
30.24
30.36
30.24
30.36
29.64
29.64
29.64
29.64
29.64
29.64
29.64
29.64
29.64
29.64
25.32
24.36
24.36
24.36
24.24
24.36
24.36
24.36
24.36
24.36
18.0
29.88
32.52
32.4
32.4
32.52
32.4
32.52
32.4
32.4
32.52
34.08
34.44
34.56
34.44
34.56
34.44
34.44
34.56
34.44
34.56
33.12
32.88
32.88
32.88
32.88
32.88
33.0
32.88
32.88
32.88
29.28
28.56
28.56
28.56
28.56
28.44
28.56
28.56
28.56
28.56
36.0
37.56
37.68
37.56
37.68
37.68
37.56
37.68
37.56
37.68
34.32
33.6
33.72
33.6
33.72
33.72
33.6
33.72
33.72
33.6
36.36
36.84
36.96
36.96
36.84
36.96
36.84
36.96
36.96
36.84
37.08
37.08
37.08
37.08
37.08
37.08
37.08
37.2
37.08
37.08
37.8
38.04
38.04
38.04
38.04
38.04
38.04
38.04
38.04
38.04
31.44
29.64
29.64
29.64
29.64
29.64
29.64
29.64
29.76
29.64
18.72
43.32
48.72
48.72
48.72
48.72
48.72
48.72
48.72
48.72
48.72
38.04
36.0
36.12
36.0
36.12
36.0
36.12
36.0
36.0
36.12
29.76
28.44
28.56
28.44
28.56
28.44
28.56
28.44
28.56
28.56
21.6
22.8
20.04
23.64
24.6
24.48
24.6
24.48
24.6
24.48
24.6
24.48
24.6
28.44
29.4
29.28
29.4
29.28
29.4
29.28
29.4
29.4
29.28
36.96
38.52
38.4
38.52
38.52
38.52
38.4
38.52
38.52
38.52
30.0
28.32
28.32
28.44
28.32
28.32
28.44
28.32
28.32
28.44
30.96
31.56
31.68
31.56
31.68
31.56
31.68
31.56
31.68
31.56
37.44
38.88
39.0
38.88
38.88
38.88
38.88
39.0
38.88
38.88
33.6
32.4
32.4
32.4
32.4
32.4
32.4
32.4
32.4
32.4
36.36
37.44
37.44
37.44
37.32
37.44
37.44
37.44
37.44
37.44
41.16
42.36
42.36
42.24
42.36
42.36
42.24
42.36
42.36
42.36
38.16
37.32
37.2
37.2
37.2
37.2
37.2
37.2
37.2
37.32
28.8
26.52
26.52
26.52
26.64
26.52
26.52
26.52
26.52
26.52
23.64
22.08
20.52
18.6
18.12
17.76
17.76
15.6
10.56
3.96
0.12
0.12
0.12
0.12
0.12
0.12
0.12
0.12
0.12
0.96
14.64
27.72
27.6
27.72
27.72
27.72
27.6
27.72
27.72
27.6
30.96
36.72
36.6
36.6
36.72
36.6
36.6
36.6
36.72
36.6
32.04
24.36
24.36
24.36
24.48
24.36
24.36
24.36
24.36
24.48
24.0
22.2
20.76
25.92
32.04
32.04
31.92
32.04
31.92
32.04
31.92
32.04
31.92
29.4
24.72
24.6
24.6
24.6
24.72
24.6
24.6
24.6
24.72
24.72
25.2
25.32
25.2
25.2
25.2
25.2
25.32
25.2
25.2
23.28
20.88
23.76
25.08
25.08
25.2
25.08
25.2
25.08
25.2
25.08
25.08
25.92
27.72
27.72
27.72
27.72
27.72
27.72
27.72
27.72
27.72
26.4
24.0
21.72
25.56
25.92
25.92
25.92
25.92
25.92
25.92
25.92
25.92
25.92
26.04
26.16
26.16
26.16
26.16
26.16
26.16
26.16
26.16
26.16
13.08
22.44
21.72
21.24
17.76
18.24
40.44
40.56
40.44
40.44
40.44
40.44
40.44
40.44
40.44
35.4
16.56
15.36
11.88
18.48
24.12
24.12
24.12
24.12
24.12
24.24
24.12
24.12
24.12
26.28
29.28
29.16
29.16
29.28
29.16
29.28
29.16
29.28
29.16
28.08
26.76
26.76
26.76
26.76
26.76
26.76
26.76
26.76
26.76
27.6
28.68
28.68
28.56
28.68
28.68
28.68
28.68
28.56
28.68
29.52
30.72
30.84
30.72
30.84
30.72
30.72
30.84
30.72
30.84
33.12
36.36
36.48
36.36
36.48
36.36
36.36
36.48
36.36
36.48
36.12
36.12
36.24
36.12
36.24
36.12
36.12
36.24
36.12
36.12
36.72
37.56
37.68
37.56
37.56
37.68
37.56
37.56
37.68
37.56
36.72
35.4
35.52
35.4
35.52
35.52
35.4
35.52
35.4
35.52
34.2
32.64
32.64
32.64
32.64
32.76
32.64
32.64
32.64
32.64
35.88
40.92
40.8
40.92
40.92
40.92
40.92
40.92
40.8
40.92
43.32
46.92
46.92
47.04
46.92
46.92
46.92
47.04
46.92
46.92
47.64
48.72
48.72
48.72
48.72
48.72
48.72
48.72
48.72
48.6
43.08
34.8
34.8
34.8
34.8
34.8
34.68
34.8
34.8
34.8
30.84
24.96
24.84
24.96
24.84
24.96
24.84
24.96
24.84
24.96
37.2
56.64
56.64
56.64
56.64
56.76
56.64
56.64
56.64
56.76
57.96
60.0
60.0
60.0
60.12
60.0
60.0
60.0
60.12
60.0
59.04
57.84
57.84
57.84
57.84
57.84
57.84
57.84
57.84
57.84
50.16
39.36
39.48
39.36
39.48
39.36
39.48
39.48
39.36
39.48
32.64
38.16
61.44
61.32
61.44
61.32
61.44
61.32
61.44
61.32
61.32
61.2
61.2
61.08
61.08
61.08
61.08
61.2
61.08
61.08
61.08
59.76
57.84
57.84
57.72
57.84
57.84
57.84
57.84
57.72
57.84
52.2
44.64
44.64
44.64
44.64
44.64
44.64
44.64
44.64
44.64
34.44
31.68
43.44
43.32
43.32
43.32
43.32
43.44
43.32
43.32
43.32
52.08
61.44
61.56
61.56
61.56
61.56
61.44
61.56
61.56
61.56
59.28
57.12
57.12
57.12
57.12
57.0
57.12
57.12
57.12
57.12
52.68
48.12
48.24
48.12
48.12
48.24
48.12
48.12
48.12
48.24
36.36
24.24
24.24
24.36
24.24
24.36
24.24
24.36
24.24
24.24
36.24
48.6
48.6
48.6
48.6
48.6
48.6
48.6
48.6
48.6
52.32
56.64
56.52
56.64
56.52
56.52
56.64
56.52
56.52
56.64
57.96
59.4
59.52
59.4
59.4
59.4
59.4
59.52
59.4
59.4
55.56
51.96
51.96
51.96
51.96
51.96
51.96
51.84
51.96
51.96
36.96
11.76
30.84
50.64
50.76
50.64
50.76
50.64
50.64
50.76
50.64
50.76
51.96
52.8
52.92
52.92
52.8
52.92
52.92
52.8
52.92
52.92
48.84
46.44
46.32
46.44
46.32
46.32
46.44
46.32
46.44
46.32
24.24
30.36
42.72
42.84
42.72
42.72
42.72
42.72
42.72
42.72
42.72
53.16
59.28
59.28
59.4
59.28
59.28
59.28
59.4
59.28
59.28
46.2
38.88
38.88
38.88
38.88
38.88
38.88
38.88
38.88
38.88
43.2
45.72
45.72
45.84
45.72
45.72
45.72
45.72
45.72
45.72
31.32
35.4
45.12
45.24
45.12
45.12
45.12
45.12
45.24
45.12
45.12
40.08
36.0
36.0
36.0
36.0
36.0
36.0
36.0
36.12
36.0
40.08
43.32
43.44
43.44
43.44
43.44
43.44
43.44
43.32
43.44
42.6
42.0
41.88
42.0
41.88
42.0
41.88
42.0
41.88
42.0
32.04
26.88
32.16
32.16
32.16
32.16
32.04
32.16
32.16
32.16
32.16
23.88
8.52
2.28
1.32
4.08
26.16
35.28
35.16
35.28
35.28
35.16
35.28
35.28
35.28
35.16
45.72
50.52
50.52
50.52
50.64
50.52
50.52
50.52
50.52
50.52
43.8
40.92
40.8
40.92
40.8
40.92
40.92
40.8
40.92
40.92
31.08
27.0
26.88
27.0
27.0
27.0
27.0
26.88
27.0
27.0
50.28
60.48
60.48
60.36
60.48
60.48
60.48
60.36
60.48
60.48
51.48
48.0
47.88
48.0
47.88
48.0
47.88
48.0
48.0
47.88
46.56
46.2
46.08
46.2
46.08
46.08
46.2
46.08
46.2
46.08
48.84
50.16
50.16
50.16
50.16
50.16
50.16
50.16
50.16
50.16
25.92
40.68
48.24
48.36
48.24
48.24
48.24
48.36
48.24
48.24
48.24
54.48
56.4
56.4
56.4
56.4
56.4
56.4
56.28
56.4
56.4
55.2
54.96
54.84
54.96
54.84
54.96
54.84
54.96
54.84
54.96
59.52
60.84
60.84
60.84
60.84
60.84
60.84
60.84
60.84
60.84
34.08
27.36
27.48
27.36
27.36
27.48
27.36
27.36
27.48
27.36
31.68
32.76
32.64
32.76
32.76
32.76
32.64
32.76
32.76
32.76
48.6
52.8
52.68
52.8
52.8
52.68
52.8
52.8
52.68
52.8
55.08
55.68
55.8
55.68
55.68
55.8
55.68
55.68
55.8
55.68
55.68
55.68
55.68
55.8
55.68
55.68
55.68
55.68
55.8
55.68
35.52
30.96
30.96
30.96
30.84
30.96
30.96
30.96
30.84
30.96
30.48
30.36
30.48
30.48
30.36
30.48
30.36
30.48
30.36
30.48
50.28
55.08
55.08
55.08
54.96
55.08
55.08
55.08
55.08
54.96
54.36
54.36
54.24
54.24
54.24
54.24
54.24
54.36
54.24
54.24
55.8
56.28
56.28
56.16
56.28
56.28
56.16
56.28
56.28
56.16
31.2
26.04
26.04
26.04
26.04
26.04
26.04
26.04
26.04
26.04
36.72
39.12
39.0
39.0
39.0
39.0
39.0
39.12
39.0
39.0
50.76
53.52
53.52
53.52
53.52
53.52
53.52
53.52
53.4
53.52
43.8
41.76
41.64
41.76
41.76
41.64
41.76
41.64
41.76
41.64
31.44
29.28
29.28
29.28
29.28
29.28
29.28
29.28
29.16
29.28
24.36
27.12
28.56
28.44
28.56
28.56
28.44
28.56
28.56
28.56
28.44
28.08
28.08
27.96
28.08
27.96
28.08
27.96
28.08
27.96
28.08
32.04
33.48
33.48
33.48
33.6
33.48
33.48
33.48
33.48
33.48
34.68
35.04
35.16
35.04
35.04
35.16
35.04
35.04
35.16
35.04
26.76
33.36
42.84
42.96
42.84
42.84
42.96
42.84
42.84
42.96
42.84
36.36
30.0
29.88
30.0
29.88
30.0
30.0
29.88
30.0
29.88
31.8
33.96
34.08
33.96
33.96
33.96
33.96
33.96
33.96
34.08
29.64
25.2
25.08
25.08
25.2
25.08
25.2
25.08
25.2
25.08
24.0
27.0
31.8
31.8
31.8
31.8
31.8
31.8
31.92
31.8
31.8
30.24
28.8
28.8
28.8
28.92
28.8
28.8
28.8
28.92
28.8
28.56
28.68
28.56
28.56
28.56
28.56
28.56
28.56
28.56
28.56
28.92
29.28
29.4
29.28
29.4
29.28
29.4
29.28
29.4
29.28
27.84
26.04
26.16
26.04
26.16
26.04
26.16
26.04
26.16
26.04
26.64
27.36
27.36
27.36
27.36
27.48
27.36
27.36
27.36
27.36
26.88
26.64
26.64
26.64
26.64
26.64
26.64
26.64
26.64
26.64
26.76
27.24
27.24
27.12
27.24
27.12
27.24
27.24
27.12
27.24
26.28
25.32
25.32
25.32
25.32
25.32
25.44
25.32
25.32
25.32
24.12
26.64
30.96
30.96
31.08
30.96
31.08
30.96
30.96
31.08
30.96
32.04
33.24
33.24
33.36
33.24
33.36
33.24
33.24
33.36
33.24
31.2
29.16
29.16
29.16
29.16
29.16
29.16
29.16
29.16
29.16
26.64
21.36
22.44
27.24
27.24
27.24
27.24
27.24
27.24
27.24
27.24
27.24
27.24
27.48
27.6
27.48
27.48
27.48
27.48
27.48
27.48
27.48
28.32
29.4
29.4
29.4
29.4
29.4
29.4
29.4
29.4
29.4
26.16
21.36
22.44
24.6
24.6
24.72
24.6
24.6
24.6
24.6
24.6
24.6
24.48
24.24
24.24
24.24
24.24
24.24
24.24
24.24
24.24
24.24
24.48
24.96
24.96
25.08
24.96
24.96
24.96
24.96
24.96
25.08
26.4
28.08
27.96
27.96
27.96
27.96
27.96
27.96
27.96
27.96
25.32
28.08
33.24
33.24
33.24
33.24
33.24
33.24
33.12
33.24
33.24
29.04
24.96
24.96
24.96
24.96
24.96
25.08
24.96
24.96
24.96
24.72
24.48
24.6
24.48
24.48
24.6
24.48
24.6
24.48
24.48
23.64
21.96
22.44
21.96
18.72
16.2
16.8
24.36
26.76
26.76
26.76
26.88
26.76
26.76
26.76
26.76
26.88
25.68
25.56
25.56
25.56
25.56
25.68
25.56
25.56
25.56
25.56
17.88
31.92
36.0
36.0
36.0
36.0
35.88
36.0
36.0
36.0
35.88
25.56
26.04
27.0
26.88
27.0
27.0
27.0
26.88
27.0
27.0
27.0
28.2
28.56
28.68
28.68
28.56
28.68
28.68
28.56
28.68
28.68
26.4
25.92
25.92
25.92
25.92
25.92
25.92
26.04
25.92
25.92
22.68
26.88
28.08
27.96
27.96
28.08
27.96
28.08
27.96
27.96
28.08
25.8
25.56
25.56
25.68
25.56
25.56
25.56
25.56
25.56
25.56
26.04
26.16
26.28
26.16
26.16
26.28
26.16
26.16
26.28
26.16
19.56
33.72
35.76
35.64
35.76
35.64
35.76
35.76
35.64
35.76
35.64
19.32
22.56
24.48
24.6
24.72
24.72
24.72
24.6
24.72
24.72
24.6
24.72
24.24
24.48
24.36
24.36
24.36
24.36
24.36
24.36
24.48
24.36
22.44
24.96
25.2
25.2
25.32
25.2
25.2
25.2
25.2
25.32
25.2
24.0
24.0
24.0
24.0
24.0
24.0
24.0
24.12
24.0
24.0
23.76
25.2
27.72
27.6
27.72
27.72
27.6
27.72
27.72
27.6
27.72
27.12
26.52
26.4
26.52
26.52
26.4
26.52
26.52
26.4
26.52
25.08
24.12
26.28
26.16
26.28
26.16
26.28
26.16
26.28
26.16
26.16
24.96
23.4
24.0
24.0
24.0
23.76
22.92
23.4
27.12
27.12
27.24
27.12
27.24
27.12
27.12
27.24
27.12
26.52
24.0
24.84
25.68
25.68
25.68
25.68
25.68
25.68
25.68
25.68
25.68
24.12
23.04
21.84
12.72
15.24
11.16
20.52
40.32
44.64
44.76
44.64
44.76
44.64
44.76
44.64
44.76
44.64
30.12
26.52
26.52
26.64
26.52
26.52
26.52
26.52
26.52
26.52
18.24
13.8
8.64
23.76
24.36
24.36
24.36
24.24
24.36
24.36
24.36
24.36
24.24
24.24
24.36
24.36
24.36
24.36
24.36
24.24
24.36
24.36
24.36
26.4
26.64
26.52
26.52
26.52
26.64
26.52
26.52
26.64
26.52
23.64
22.92
24.12
24.24
24.24
24.24
24.24
24.24
24.24
24.24
24.36
24.24
19.56
19.92
16.8
15.84
15.36
15.48
18.12
20.88
21.48
20.64
21.6
23.52
24.36
24.36
24.36
24.24
24.36
24.36
24.36
24.36
24.36
21.48
27.24
31.8
31.92
31.92
31.8
31.92
31.8
31.92
31.92
31.8
25.56
24.72
25.92
25.92
25.92
26.04
25.92
25.92
25.92
25.92
26.04
26.4
26.64
26.52
26.64
26.64
26.64
26.64
26.64
26.64
26.64
22.68
18.96
14.52
7.08
5.04
4.2
15.24
22.68
24.48
24.48
24.48
24.48
24.48
24.48
24.48
24.48
24.48
24.72
27.36
27.24
27.24
27.24
27.24
27.36
27.24
27.24
27.24
27.24
26.64
26.76
26.64
26.76
26.76
26.64
26.76
26.76
26.64
27.24
30.72
30.72
30.72
30.6
30.72
30.72
30.72
30.72
30.72
30.24
27.12
27.24
27.12
27.24
27.12
27.24
27.12
27.24
27.12
27.12
27.72
27.72
27.72
27.72
27.72
27.72
27.72
27.72
27.72
29.04
39.48
39.36
39.48
39.48
39.48
39.36
39.48
39.48
39.48
39.0
36.72
36.72
36.72
36.6
36.72
36.72
36.72
36.72
36.72
34.92
25.44
57.0
57.0
57.0
56.88
57.0
57.0
57.0
57.0
57.0
57.24
59.16
59.04
59.04
59.04
59.16
59.04
59.04
59.16
59.04
54.48
30.72
30.72
30.84
30.72
30.72
30.84
30.72
30.72
30.84
30.6
30.72
30.6
30.6
30.72
30.6
30.6
30.72
30.6
30.6
29.16
23.64
34.08
33.96
33.96
33.96
33.96
33.96
33.96
33.96
33.96
38.28
59.4
59.52
59.52
59.4
59.52
59.4
59.52
59.52
59.4
58.68
55.2
55.08
55.2
55.2
55.08
55.2
55.08
55.2
55.08
51.96
38.04
38.04
38.04
38.04
38.04
38.04
38.04
38.04
38.04
36.24
28.44
28.32
28.32
28.44
28.32
28.44
28.32
28.44
28.32
30.84
42.0
42.12
42.12
42.12
42.12
42.0
42.12
42.12
42.12
40.08
30.36
30.48
30.36
30.48
30.36
30.48
30.36
30.48
30.36
30.6
32.28
32.16
32.16
32.28
32.16
32.16
32.28
32.16
32.28
32.16
32.16
32.16
32.28
32.16
32.16
32.16
32.28
32.16
32.16
31.56
27.96
28.08
27.96
28.08
28.08
27.96
28.08
28.08
27.96
30.24
42.36
42.48
42.48
42.48
42.48
42.48
42.48
42.48
42.36
41.64
36.72
36.72
36.72
36.6
36.72
36.72
36.72
36.72
36.6
36.36
33.96
33.96
33.96
33.84
33.96
33.96
33.96
33.84
33.96
33.96
34.56
34.68
34.56
34.56
34.56
34.68
34.56
34.56
34.56
33.72
26.76
26.88
26.76
26.88
26.76
26.76
26.88
26.76
26.76
27.24
31.08
31.08
31.2
31.08
31.08
31.08
31.08
31.08
31.2
29.52
17.16
15.84
18.0
25.44
34.2
34.2
34.2
34.2
34.2
34.2
34.2
34.2
34.2
34.08
34.2
34.08
34.2
34.08
34.2
34.08
34.2
34.08
34.2
33.6
33.12
33.0
33.12
33.0
33.0
33.12
33.0
33.12
33.0
33.84
35.76
35.64
35.76
35.76
35.76
35.76
35.64
35.76
35.76
32.28
25.44
25.44
25.44
25.44
25.44
25.44
25.44
25.44
25.32
