28.2
28.2
28.2
28.2
28.2
28.2
28.2
28.2
28.08
28.44
49.32
49.44
49.32
49.44
49.32
49.44
49.44
49.32
49.44
49.2
37.92
37.92
38.04
37.92
38.04
37.92
38.04
37.92
37.92
38.04
37.08
37.2
37.2
37.08
37.2
37.2
37.08
37.2
37.2
36.96
24.84
24.84
24.84
24.96
24.84
24.84
24.96
24.84
24.84
25.08
37.44
37.56
37.44
37.56
37.44
37.56
37.44
37.56
37.44
37.32
28.56
28.44
28.56
28.56
28.44
28.56
28.56
28.44
28.56
28.44
28.08
28.08
28.08
28.08
28.08
28.08
28.08
28.08
28.08
27.96
26.04
26.16
26.04
26.04
26.16
26.04
26.04
26.16
26.04
25.8
22.92
22.92
22.92
22.92
22.92
22.92
22.92
22.92
21.96
19.44
19.56
19.44
19.44
19.44
19.56
19.44
19.44
21.72
24.0
24.0
24.0
24.0
24.0
24.0
24.0
24.0
24.0
21.48
19.32
19.2
19.32
19.32
19.32
19.32
19.32
19.2
32.04
34.92
34.8
34.92
34.92
34.8
34.92
34.92
34.8
34.92
33.48
33.36
33.36
33.36
33.48
33.36
33.36
33.36
33.36
33.36
33.12
33.12
33.24
33.12
33.24
33.12
33.12
33.24
33.12
33.12
29.76
29.16
29.16
29.16
29.16
29.16
29.04
29.16
29.16
29.16
24.36
23.52
23.52
23.52
23.64
23.52
23.52
23.52
23.52
18.6
18.12
18.12
18.24
18.12
18.12
18.12
18.12
17.28
14.04
14.04
13.92
14.04
14.04
13.92
14.04
14.04
12.72
11.52
11.64
11.52
11.64
11.52
11.52
11.64
11.52
11.52
11.64
11.52
11.64
11.64
11.52
11.64
11.64
11.88
17.88
17.76
17.88
17.76
17.88
17.88
17.76
17.88
16.32
13.68
13.68
13.68
13.68
13.56
13.68
13.68
13.68
12.6
12.12
12.24
12.12
12.12
12.12
12.12
12.24
12.12
4.8
4.2
4.2
4.2
4.08
4.2
4.2
4.2
6.48
15.12
15.12
15.12
15.12
15.12
15.12
15.12
15.12
11.16
7.32
7.32
7.32
7.32
7.32
7.32
7.32
7.32
5.4
4.8
4.92
4.92
4.92
4.8
4.92
4.92
5.28
10.56
10.56
10.68
10.56
10.56
10.68
10.56
10.68
10.44
10.32
10.44
10.32
10.44
10.44
10.32
10.44
10.44
11.28
11.76
11.88
11.88
11.76
11.88
11.88
11.76
11.88
12.6
12.84
12.72
12.72
12.72
12.84
12.72
12.72
13.08
14.04
14.04
14.04
14.04
14.04
14.04
14.16
14.04
13.8
13.68
13.8
13.68
13.68
13.8
13.68
13.68
13.68
10.68
9.96
10.08
9.96
10.08
9.96
10.08
9.96
9.84
7.68
7.68
7.68
7.68
7.8
7.68
7.68
7.68
9.36
11.64
11.76
11.76
11.64
11.76
11.76
11.64
11.76
11.88
12.0
12.0
12.0
12.0
12.0
12.0
12.12
12.0
12.72
12.72
12.84
12.72
12.84
12.84
12.72
12.84
12.96
14.16
14.16
14.16
14.16
14.16
14.16
14.16
14.16
14.4
14.76
14.76
14.76
14.76
14.76
14.64
14.76
14.76
15.48
15.72
15.72
15.72
15.72
15.72
15.72
15.72
15.84
17.04
17.16
17.16
17.16
17.16
17.16
17.16
17.04
18.6
20.64
20.76
20.64
20.76
20.64
20.76
20.64
20.76
19.32
18.84
18.96
18.84
18.84
18.84
18.96
18.84
18.84
22.56
22.68
22.8
22.68
22.68
22.68
22.8
22.68
22.68
23.4
23.4
23.4
23.4
23.4
23.28
23.4
23.4
22.68
21.72
21.6
21.72
21.6
21.6
21.72
21.6
21.72
21.36
21.48
21.6
21.48
21.48
21.48
21.48
21.48
21.48
14.76
13.8
13.8
13.8
13.8
13.8
13.8
13.8
12.96
8.16
8.28
8.28
8.28
8.16
8.28
8.28
8.28
9.6
11.76
11.76
11.76
11.64
11.76
11.76
11.64
11.76
9.48
8.88
8.88
8.88
8.88
8.88
8.88
8.88
9.0
13.08
13.2
13.2
13.2
13.08
13.2
13.2
13.08
13.8
15.12
15.12
15.12
15.12
15.12
15.12
15.12
15.12
18.96
21.6
21.6
21.6
21.6
21.6
21.6
21.6
21.6
20.76
20.64
20.64
20.76
20.64
20.76
20.64
20.76
20.88
23.28
23.16
23.16
23.16
23.16
23.16
23.16
23.16
23.16
23.28
23.4
23.4
23.28
23.4
23.4
23.28
23.4
22.68
22.32
22.32
22.32
22.44
22.32
22.32
22.32
22.32
24.6
25.2
25.32
25.2
25.32
25.2
25.32
25.2
25.32
25.2
32.76
34.68
34.56
34.68
34.56
34.68
34.56
34.68
34.56
34.68
37.68
38.64
38.52
38.64
38.52
38.64
38.52
38.64
38.52
38.64
45.36
46.92
47.04
46.92
47.04
46.92
47.04
46.92
47.04
46.92
42.96
42.12
42.0
42.0
42.12
42.0
42.12
42.0
42.0
42.12
39.24
38.76
38.76
38.64
38.76
38.76
38.76
38.76
38.64
38.76
36.6
36.0
36.0
36.0
36.0
36.0
36.0
36.0
36.0
36.0
29.64
28.32
28.2
28.2
28.32
28.2
28.2
28.32
28.2
28.32
30.24
30.72
30.72
30.84
30.72
30.72
30.84
30.72
30.72
30.84
24.6
23.64
23.52
23.64
23.52
23.52
23.64
23.52
23.52
26.04
26.16
26.04
26.16
26.16
26.04
26.16
26.04
26.16
26.16
33.72
33.72
33.84
33.72
33.72
33.72
33.72
33.84
33.72
33.6
33.72
33.72
33.6
33.72
33.72
33.72
33.72
33.72
33.72
33.6
32.28
32.4
32.4
32.28
32.4
32.4
32.4
32.28
32.4
32.52
39.84
39.72
39.84
39.72
39.72
39.84
39.72
39.84
39.72
39.48
30.0
30.0
30.0
30.0
30.0
30.0
30.0
29.88
30.0
30.48
42.96
43.08
42.96
43.08
43.08
42.96
43.08
42.96
43.08
42.96
43.2
43.08
43.2
43.2
43.2
43.08
43.2
43.2
43.2
42.96
41.16
41.16
41.16
41.16
41.04
41.16
41.16
41.16
41.16
41.16
42.36
42.36
42.36
42.36
42.36
42.36
42.36
42.36
42.36
42.24
39.96
39.96
39.96
39.96
39.96
39.84
39.96
39.96
39.96
39.6
30.0
30.12
30.12
30.12
30.12
30.12
30.0
30.12
30.12
29.88
27.36
27.48
27.36
27.36
27.36
27.48
27.36
27.36
27.48
28.08
40.32
40.44
40.32
40.44
40.32
40.44
40.32
40.32
40.44
40.56
45.6
45.72
45.6
45.6
45.6
45.6
45.72
45.6
45.6
44.52
28.8
28.8
28.8
28.8
28.8
28.8
28.68
28.8
28.8
29.4
39.72
39.6
39.6
39.6
39.72
39.6
39.6
39.72
39.6
39.0
30.96
31.08
30.96
30.96
30.96
31.08
30.96
30.96
31.08
31.2
36.48
36.48
36.48
36.48
36.48
36.48
36.48
36.48
36.6
37.32
53.64
53.64
53.64
53.64
53.64
53.64
53.64
53.64
53.64
53.04
42.12
42.0
42.12
42.0
42.12
42.0
42.12
42.0
42.12
41.64
33.96
34.08
34.08
34.08
33.96
34.08
34.08
33.96
34.08
35.16
55.68
55.68
55.68
55.68
55.68
55.68
55.8
55.68
55.68
55.56
55.32
55.44
55.32
55.44
55.32
55.44
55.32
55.44
55.32
54.12
25.08
24.96
25.08
25.08
25.08
24.96
25.08
25.08
25.08
25.56
36.48
36.6
36.48
36.6
36.48
36.6
36.48
36.6
36.48
36.24
32.76
32.88
32.76
32.76
32.76
32.76
32.88
32.76
32.76
33.72
52.68
52.68
52.56
52.68
52.68
52.68
52.56
52.68
52.68
52.44
51.6
51.48
51.6
51.48
51.6
51.48
51.6
51.48
51.6
51.6
54.72
54.6
54.6
54.72
54.6
54.6
54.72
54.6
54.6
54.0
42.0
41.88
41.88
41.88
41.88
42.0
41.88
41.88
41.88
41.76
39.84
39.72
39.84
39.84
39.84
39.72
39.84
39.84
39.84
39.96
46.44
46.44
46.44
46.44
46.44
46.44
46.44
46.44
46.44
46.68
53.28
53.28
53.16
53.28
53.28
53.28
53.16
53.28
53.28
53.16
55.68
55.56
55.56
55.56
55.56
55.68
55.56
55.56
55.56
55.32
42.96
42.96
42.96
42.96
42.96
42.96
42.96
42.96
42.96
42.84
37.92
38.04
37.92
38.04
37.92
38.04
37.92
38.04
37.92
37.92
41.76
41.64
41.64
41.64
41.64
41.76
41.64
41.64
41.64
41.88
52.68
52.8
52.68
52.68
52.68
52.68
52.8
52.68
52.68
52.56
52.68
52.68
52.8
52.68
52.68
52.68
52.68
52.68
52.68
52.32
41.4
41.28
41.28
41.28
41.28
41.4
41.28
41.28
41.28
41.28
37.92
37.8
37.92
37.92
37.8
37.92
37.92
37.8
37.92
38.04
46.32
46.32
46.2
46.32
46.32
46.32
46.2
46.32
46.32
46.32
53.4
53.4
53.4
53.4
53.4
53.4
53.28
53.4
53.4
53.28
51.96
51.96
51.96
51.84
51.96
51.96
51.96
51.96
51.84
51.84
41.52
41.4
41.52
41.52
41.4
41.52
41.52
41.52
41.4
41.52
40.08
40.2
40.08
40.2
40.08
40.2
40.08
40.2
40.08
39.84
6.96
6.96
6.96
6.96
6.96
6.84
6.96
6.96
17.28
41.16
41.28
41.16
41.28
41.16
41.28
41.16
41.28
41.16
45.12
54.36
54.24
54.36
54.24
54.36
54.24
54.36
54.24
54.24
47.88
33.0
33.12
33.0
33.0
33.0
33.12
33.0
33.0
33.0
29.16
20.04
20.04
20.04
20.04
19.92
20.04
20.04
20.04
19.44
18.96
19.08
18.96
18.96
19.08
18.96
19.08
18.96
49.2
54.12
54.24
54.24
54.12
54.24
54.24
54.12
54.24
54.12
55.8
56.04
56.04
56.16
56.04
56.04
56.04
56.16
56.04
56.04
39.72
36.84
36.84
36.84
36.84
36.96
36.84
36.84
36.84
36.84
34.8
34.32
34.44
34.32
34.44
34.32
34.44
34.32
34.44
34.32
40.08
41.28
41.16
41.28
41.16
41.16
41.28
41.16
41.16
41.28
50.64
52.56
52.44
52.44
52.56
52.44
52.56
52.44
52.44
52.56
59.64
60.96
60.96
61.08
60.96
61.08
60.96
61.08
60.96
60.96
45.24
42.48
42.6
42.48
42.6
42.6
42.48
42.6
42.6
42.48
39.96
39.48
39.48
39.6
39.48
39.48
39.6
39.48
39.48
39.6
37.8
37.56
37.44
37.56
37.56
37.56
37.56
37.56
37.56
37.56
49.56
51.6
51.48
51.6
51.6
51.48
51.6
51.6
51.48
51.6
52.56
52.92
52.92
52.8
52.92
52.8
52.92
52.92
52.8
52.92
44.76
43.56
43.44
43.56
43.56
43.56
43.56
43.56
43.56
43.56
37.56
36.72
36.6
36.6
36.72
36.6
36.6
36.72
36.6
36.72
41.16
42.24
42.12
42.12
42.12
42.12
42.12
42.12
42.12
42.12
50.52
51.72
51.72
51.84
51.72
51.84
51.72
51.84
51.72
51.84
43.32
42.12
42.12
42.12
42.0
42.12
42.12
42.12
42.12
42.12
36.24
35.52
35.4
35.4
35.4
35.4
35.4
35.52
35.4
35.4
34.56
34.56
34.56
34.44
34.56
34.56
34.56
34.56
34.56
34.44
39.36
40.2
40.2
40.2
40.2
40.08
40.2
40.2
40.2
40.08
50.04
51.6
51.6
51.6
51.6
51.72
51.6
51.6
51.6
51.72
50.88
50.76
50.88
50.76
50.88
50.76
50.88
50.76
50.88
50.76
48.0
47.4
47.4
47.52
47.4
47.52
47.4
47.4
47.52
47.4
39.84
38.64
38.64
38.52
38.64
38.64
38.64
38.52
38.64
38.64
37.2
37.08
36.96
37.08
37.08
37.08
36.96
37.08
37.08
37.08
47.16
48.96
49.08
49.08
48.96
49.08
49.08
48.96
49.08
49.08
50.76
51.24
51.24
51.12
51.24
51.24
51.12
51.24
51.24
51.12
44.64
43.56
43.56
43.44
43.56
43.56
43.56
43.56
43.44
43.56
36.96
35.88
35.76
35.88
35.76
35.88
35.76
35.88
35.76
35.88
43.56
45.12
45.0
45.12
45.12
45.12
45.0
45.12
45.12
45.12
52.08
53.4
53.4
53.4
53.4
53.4
53.4
53.52
53.4
53.4
54.24
54.48
54.6
54.48
54.6
54.48
54.6
54.48
54.6
54.48
43.56
41.76
41.76
41.76
41.76
41.76
41.76
41.64
41.76
41.76
37.56
36.84
36.84
36.84
36.96
36.84
36.84
36.84
36.96
36.84
38.16
38.4
38.4
38.52
38.4
38.4
38.4
38.52
38.4
38.4
48.72
50.64
50.64
50.52
50.64
50.64
50.64
50.52
50.64
50.64
47.64
47.28
47.28
47.16
47.28
47.28
47.16
47.28
47.28
47.16
39.0
37.68
37.68
37.68
37.56
37.68
37.68
37.68
37.68
37.56
31.08
30.0
29.88
29.88
30.0
29.88
29.88
29.88
30.0
29.88
43.8
46.32
46.32
46.32
46.32
46.32
46.32
46.44
46.32
46.32
37.56
36.12
36.0
36.12
36.12
36.0
36.12
36.0
36.12
36.12
27.84
26.64
26.52
26.52
26.52
26.52
26.64
26.52
26.52
26.52
22.44
21.72
21.84
21.72
21.84
21.72
21.84
21.72
22.08
24.6
24.72
24.6
24.6
24.72
24.6
24.6
24.6
24.72
23.4
17.52
17.64
17.52
17.52
17.52
17.52
17.52
17.52
16.8
15.84
15.96
15.84
15.96
15.96
15.84
15.96
15.84
15.48
15.36
15.36
15.36
15.48
15.36
15.36
15.36
15.36
12.12
12.24
12.12
12.24
12.24
12.12
12.24
12.24
10.92
8.16
8.16
8.16
8.16
8.16
8.16
8.04
8.16
13.92
17.88
18.0
18.0
17.88
18.0
17.88
18.0
17.88
11.52
10.8
10.68
10.68
10.8
10.68
10.68
10.8
10.44
9.72
9.72
9.6
9.72
9.72
9.6
9.72
9.72
9.96
10.44
10.44
10.56
10.44
10.44
10.56
10.44
10.44
11.52
11.88
11.88
11.88
11.76
11.88
11.88
11.88
11.76
10.08
9.96
10.08
10.08
10.08
10.08
9.96
10.08
9.84
9.72
9.72
9.6
9.72
9.72
9.72
9.6
9.72
15.24
18.6
18.6
18.72
18.6
18.6
18.72
18.6
18.6
18.72
18.84
18.84
18.84
18.84
18.72
18.84
18.84
18.12
16.2
16.2
16.2
16.08
16.2
16.2
16.08
16.2
13.44
10.68
10.56
10.68
10.56
10.68
10.56
10.68
10.68
10.92
11.04
11.16
11.16
11.04
11.16
11.16
11.04
11.52
16.2
16.32
16.2
16.32
16.32
16.2
16.32
16.32
17.16
19.2
19.08
19.2
19.2
19.08
19.2
19.2
19.2
16.8
15.6
15.6
15.6
15.6
15.6
15.6
15.6
15.6
18.6
19.08
19.08
19.08
18.96
19.08
19.08
19.08
19.8
23.64
23.52
23.64
23.64
23.64
23.52
23.64
23.64
24.12
26.16
26.16
26.04
26.16
26.16
26.16
26.04
26.16
26.16
26.04
26.16
26.16
26.16
26.04
26.16
26.16
26.16
26.16
26.04
28.08
33.0
33.12
33.0
33.12
33.0
33.12
33.0
33.12
33.0
32.76
32.52
32.52
32.64
32.52
32.52
32.52
32.52
32.52
32.52
31.56
29.52
29.64
29.52
29.52
29.64
29.52
29.64
29.52
29.52
28.8
27.24
27.12
27.24
27.24
27.12
27.24
27.24
27.12
27.24
26.28
24.36
24.48
24.48
24.48
24.36
24.48
24.48
24.48
24.36
23.52
21.6
21.48
21.6
21.6
21.48
21.6
21.6
21.48
18.72
16.8
16.92
16.8
16.8
16.8
16.8
16.8
16.8
19.44
20.04
20.04
20.04
20.04
19.92
20.04
20.04
19.32
15.24
15.12
15.24
15.12
15.24
15.24
15.12
15.24
13.68
11.76
11.76
11.76
11.76
11.76
11.88
11.76
11.76
15.6
17.28
17.28
17.28
17.28
17.4
17.28
17.28
17.28
16.68
16.68
16.68
16.8
16.68
16.68
16.8
16.68
15.12
11.4
11.4
11.4
11.4
11.4
11.28
11.4
11.4
8.88
6.96
6.96
7.08
6.96
6.96
6.96
7.08
6.96
9.12
9.48
9.48
9.6
9.48
9.6
9.48
9.48
9.96
12.72
12.6
12.6
12.72
12.6
12.6
12.72
12.6
14.76
17.64
17.52
17.64
17.52
17.64
17.52
17.64
17.52
17.64
17.76
17.76
17.64
17.76
17.76
17.64
17.76
17.64
13.2
13.2
13.32
13.2
13.2
13.32
13.2
13.2
12.6
11.16
11.28
11.16
11.28
11.16
11.28
11.16
11.28
7.8
5.4
5.52
5.52
5.52
5.52
5.52
5.52
5.52
0.6
0.12
0.12
0.12
0.12
0.12
0.12
0.12
0.12
0.12
0.12
0.12
0.12
0.12
0.12
0.12
0.12
0.12
0.12
0.12
0.12
0.12
0.12
0.12
0.12
0.12
0.12
0.12
0.12
0.12
23.04
30.48
30.48
30.48
30.6
30.48
30.48
30.6
30.48
30.48
47.52
50.04
50.04
50.04
50.04
50.16
50.04
50.04
50.04
50.16
54.72
55.68
55.56
55.56
55.56
55.56
55.56
55.56
55.56
55.68
52.92
52.56
52.56
52.68
52.56
52.68
52.56
52.56
52.68
52.56
54.36
54.72
54.72
54.84
54.72
54.72
54.72
54.72
54.72
54.72
55.2
55.32
55.32
55.32
55.32
55.32
55.44
55.32
55.32
55.32
48.0
46.56
46.56
46.56
46.56
46.56
46.56
46.56
46.56
46.56
41.4
40.44
40.44
40.44
40.44
40.44
40.44
40.44
40.44
40.44
38.52
38.4
38.28
38.28
38.28
38.4
38.28
38.28
38.28
38.28
51.24
53.88
53.76
53.88
53.76
53.88
53.88
53.76
53.88
53.88
55.08
55.44
55.44
55.44
55.56
55.44
55.44
55.56
55.44
55.44
44.16
41.64
41.52
41.64
41.52
41.64
41.52
41.64
41.52
41.64
38.76
38.28
38.16
38.28
38.16
38.16
38.28
38.16
38.28
38.16
46.92
49.08
49.08
48.96
49.08
49.08
49.08
49.08
49.08
49.08
53.64
54.72
54.84
54.72
54.72
54.84
54.72
54.72
54.72
54.84
55.08
55.32
55.32
55.44
55.32
55.32
55.32
55.44
55.32
55.32
39.84
36.24
36.12
36.12
36.12
36.12
36.24
36.12
36.12
36.12
35.52
35.52
35.4
35.52
35.4
35.52
35.52
35.4
35.52
35.4
49.8
53.16
53.28
53.28
53.16
53.28
53.16
53.28
53.28
53.16
54.36
54.84
54.72
54.84
54.72
54.72
54.84
54.72
54.84
54.72
56.16
56.64
56.64
56.64
56.64
56.64
56.64
56.64
56.64
56.64
41.76
38.28
38.16
38.28
38.16
38.28
38.28
38.16
38.28
38.16
40.32
40.92
40.92
40.92
40.92
40.92
40.92
40.92
40.92
40.92
56.52
60.6
60.48
60.48
60.6
60.48
60.6
60.48
60.6
60.48
55.56
54.36
54.36
54.36
54.36
54.24
54.36
54.36
54.36
54.36
55.44
55.92
55.92
56.04
55.92
55.92
55.92
55.92
56.04
55.92
46.56
44.16
44.04
44.16
44.04
44.16
44.04
44.16
44.16
44.04
38.4
36.96
36.84
36.84
36.96
36.84
36.84
36.96
36.84
36.84
20.52
15.84
15.84
15.96
15.84
15.84
15.84
15.96
17.16
34.44
34.44
34.44
34.44
34.44
34.44
34.44
34.44
34.44
35.64
54.48
54.36
54.48
54.36
54.36
54.48
54.36
54.48
54.36
53.88
47.16
47.28
47.16
47.28
47.16
47.16
47.28
47.16
47.16
46.44
35.52
35.64
35.52
35.52
35.52
35.52
35.52
35.52
35.64
36.24
48.0
48.12
48.12
48.0
48.12
48.12
48.12
48.0
48.12
48.36
52.92
52.92
52.92
52.92
52.92
52.92
52.92
52.92
52.92
52.92
54.72
54.72
54.72
54.72
54.72
54.72
54.72
54.72
54.72
54.36
46.32
46.44
46.32
46.44
46.32
46.32
46.44
46.32
46.32
46.08
39.6
39.48
39.6
39.6
39.6
39.6
39.6
39.6
39.48
39.6
41.16
41.04
41.16
41.16
41.04
41.16
41.16
41.04
41.16
41.4
51.0
50.88
51.0
50.88
50.88
51.0
50.88
50.88
51.0
50.88
53.64
53.52
53.52
53.52
53.52
53.52
53.52
53.64
53.52
53.04
42.48
42.6
42.6
42.6
42.48
42.6
42.6
42.48
42.6
42.48
41.04
41.04
40.92
41.04
41.04
40.92
41.04
41.04
40.92
40.92
39.48
39.6
39.48
39.48
39.6
39.48
39.6
39.48
39.6
39.96
53.76
53.64
53.64
53.64
53.76
53.64
53.64
53.64
53.76
53.52
55.68
55.56
55.56
55.68
55.56
55.56
55.68
55.56
55.56
55.44
51.48
51.36
51.48
51.36
51.48
51.36
51.48
51.48
51.36
51.24
43.2
43.2
43.2
43.32
43.2
43.2
43.32
43.2
43.2
42.96
34.32
34.32
34.32
34.2
34.32
34.32
34.32
34.2
34.32
34.32
38.16
38.16
38.16
38.16
38.16
38.16
38.16
38.16
38.16
38.28
50.76
50.88
50.88
50.76
50.88
50.76
50.88
50.76
50.88
50.88
55.32
55.44
55.32
55.44
55.32
55.44
55.32
55.44
55.32
55.32
55.68
55.8
55.68
55.8
55.8
55.68
55.8
55.68
55.8
55.56
52.44
52.32
52.44
52.32
52.44
52.32
52.44
52.32
52.44
52.2
46.8
46.8
46.8
46.8
46.8
46.8
46.8
46.8
46.8
46.68
43.56
43.44
43.56
43.56
43.44
43.56
43.56
43.44
43.56
43.44
37.8
37.8
37.8
37.8
37.8
37.8
37.8
37.92
37.8
37.92
50.4
50.52
50.52
50.4
50.52
50.52
50.4
50.52
50.52
50.4
50.4
50.4
50.4
50.4
50.4
50.4
50.4
50.52
50.4
50.4
44.28
44.4
44.4
44.4
44.4
44.4
44.4
44.4
44.4
44.4
39.24
39.24
39.36
39.24
39.36
39.24
39.24
39.36
39.24
39.36
41.28
41.4
41.4
41.4
41.28
41.4
41.4
41.4
41.28
41.4
30.96
30.96
30.96
31.08
30.96
30.96
31.08
30.96
30.96
31.08
52.68
52.68
52.8
52.68
52.68
52.8
52.68
52.68
52.8
52.68
51.96
51.96
52.08
51.96
52.08
51.96
52.08
51.96
52.08
51.96
47.52
47.64
47.52
47.64
47.64
47.52
47.64
47.64
47.52
47.64
45.36
45.36
45.48
45.36
45.48
45.36
45.48
45.36
45.36
45.48
45.84
45.84
45.84
45.84
45.84
45.84
45.84
45.84
45.84
45.84
36.72
36.84
36.72
36.84
36.72
36.84
36.72
36.84
36.72
36.84
49.44
49.56
49.56
49.56
49.56
49.56
49.56
49.56
49.44
49.56
46.8
46.92
46.8
46.92
46.92
46.8
46.92
46.8
46.92
46.92
49.44
49.56
49.56
49.56
49.56
49.56
49.56
49.44
49.56
49.56
49.2
49.32
49.32
49.32
49.32
49.32
49.32
49.32
49.32
49.32
36.84
36.84
36.84
36.84
36.96
36.84
36.84
36.84
36.84
36.96
45.12
45.24
45.24
45.24
45.24
45.24
45.24
45.24
45.24
45.24
53.76
53.88
53.88
53.88
53.76
53.88
53.88
53.88
53.88
53.76
54.48
54.6
54.6
54.48
54.6
54.6
54.6
54.48
54.6
54.6
34.32
34.2
34.2
34.2
34.2
34.2
34.08
34.2
34.2
34.2
34.32
34.44
34.32
34.32
34.44
34.32
34.44
34.32
34.44
34.32
54.12
54.36
54.36
54.36
54.36
54.36
54.36
54.36
54.36
54.36
52.56
52.68
52.68
52.56
52.68
52.68
52.56
52.68
52.68
52.56
56.28
56.4
56.4
56.28
56.4
56.4
56.4
56.4
56.28
56.4
38.88
38.4
38.52
38.4
38.4
38.4
38.4
38.52
38.4
38.4
33.24
33.12
33.12
33.12
33.24
33.12
33.12
33.12
33.12
33.12
48.6
48.96
49.08
48.96
49.08
48.96
49.08
48.96
49.08
48.96
57.24
57.48
57.36
57.48
57.48
57.48
57.36
57.48
57.48
57.48
55.44
55.44
55.32
55.44
55.44
55.44
55.44
55.32
55.44
55.44
33.48
32.4
32.4
32.4
32.4
32.4
32.4
32.28
32.4
32.4
35.52
35.64
35.76
35.64
35.76
35.64
35.64
35.76
35.64
35.76
53.64
54.72
54.84
54.72
54.84
54.72
54.72
54.84
54.72
54.84
52.92
53.04
53.04
53.04
53.04
52.92
53.04
53.04
53.04
53.04
55.32
55.68
55.68
55.56
55.68
55.68
55.56
55.68
55.68
55.56
35.76
34.44
34.56
34.44
34.56
34.44
34.56
34.56
34.44
34.56
31.68
31.68
31.56
31.68
31.56
31.68
31.56
31.68
31.56
31.68
54.48
55.92
55.92
55.92
55.92
56.04
55.92
55.92
55.92
55.92
52.56
52.44
52.44
52.44
52.44
52.56
52.44
52.44
52.44
52.44
57.36
57.6
57.72
57.72
57.72
57.72
57.72
57.72
57.6
57.72
39.72
38.28
38.4
38.28
38.4
38.28
38.4
38.28
38.4
38.28
32.64
32.4
32.4
32.4
32.4
32.28
32.4
32.4
32.4
32.4
52.56
54.24
54.24
54.36
54.24
54.24
54.24
54.24
54.36
54.24
54.36
54.48
54.48
54.6
54.48
54.48
54.48
54.6
54.48
54.48
57.24
57.48
57.48
57.36
57.48
57.48
57.48
57.48
57.48
57.36
37.8
35.76
35.76
35.76
35.88
35.76
35.76
35.76
35.76
35.88
16.2
14.4
14.4
14.4
14.4
14.4
14.4
14.4
15.12
18.48
18.48
18.36
18.48
18.48
18.48
18.36
18.48
32.76
48.48
48.48
48.48
48.48
48.48
48.48
48.48
48.48
48.48
53.16
58.32
58.44
58.32
58.32
58.44
58.32
58.32
58.44
58.32
49.2
38.76
38.76
38.88
38.76
38.88
38.76
38.88
38.76
38.88
39.72
40.92
40.92
40.92
40.8
40.92
40.92
40.92
40.92
40.92
50.52
61.44
61.44
61.44
61.44
61.44
61.44
61.44
61.44
61.44
58.44
54.96
55.08
54.96
55.08
54.96
55.08
54.96
55.08
54.96
46.68
37.44
37.44
37.56
37.44
37.44
37.44
37.44
37.44
37.44
34.8
31.8
31.8
31.8
31.68
31.8
31.8
31.8
31.8
31.8
30.72
29.88
29.88
29.88
29.88
29.88
29.88
29.88
30.0
29.88
27.72
25.8
25.8
25.68
25.8
25.68
25.8
25.68
25.8
25.68
23.52
21.12
21.24
21.12
21.12
21.24
21.12
21.12
21.24
18.0
17.16
17.16
17.16
17.04
17.16
17.16
17.16
16.68
8.64
8.76
8.64
8.76
8.64
8.64
8.76
8.64
13.44
22.8
22.68
22.8
22.8
22.8
22.68
22.8
22.8
22.8
23.04
23.16
23.04
23.16
23.04
23.04
23.16
23.04
28.32
29.88
29.88
29.88
29.88
29.88
29.88
29.88
29.88
30.0
30.96
31.56
31.44
31.44
31.44
31.44
31.56
31.44
31.44
31.44
26.76
25.44
25.56
25.44
25.56
25.56
25.44
25.56
25.56
25.44
24.6
24.48
24.36
24.36
24.48
24.36
24.36
24.48
24.36
24.36
20.64
19.8
19.8
19.8
19.8
19.68
19.8
19.8
20.52
27.96
28.08
28.08
27.96
28.08
28.08
27.96
28.08
28.08
27.72
25.2
25.2
25.32
25.2
25.32
25.2
25.32
25.2
25.32
24.48
18.72
18.84
18.72
18.84
18.72
18.84
18.72
18.84
20.52
23.64
23.52
23.52
23.64
23.52
23.64
23.52
23.52
25.32
27.36
27.24
27.36
27.36
27.36
27.24
27.36
27.36
27.36
28.56
30.12
30.0
30.12
30.0
30.12
30.0
30.0
30.12
30.0
31.2
32.52
32.4
32.52
32.4
32.52
32.4
32.52
32.4
32.52
33.48
34.8
34.8
34.68
34.8
34.68
34.8
34.8
34.68
34.8
36.96
39.36
39.24
39.36
39.24
39.36
39.36
39.24
39.36
39.24
37.44
35.64
35.64
35.64
35.64
35.64
35.52
35.64
35.64
35.64
35.76
35.88
35.88
36.0
35.88
35.88
35.88
35.88
36.0
35.88
35.76
35.88
35.88
35.88
35.76
35.88
35.88
35.88
35.88
35.88
34.44
33.12
33.24
33.12
33.24
33.12
33.24
33.12
33.24
33.12
30.12
27.6
27.48
27.6
27.48
27.48
27.6
27.48
27.48
27.6
27.48
27.72
27.72
27.6
27.72
27.72
27.72
27.6
27.72
27.72
24.84
22.32
22.32
22.32
22.32
22.32
22.32
22.32
22.32
23.88
24.48
24.48
24.48
24.36
24.48
24.48
24.36
24.48
24.48
24.36
24.48
24.48
24.36
24.48
24.48
24.36
24.48
24.48
24.36
22.92
22.56
22.56
22.56
22.56
22.56
22.56
22.56
22.56
23.16
23.28
23.16
23.28
23.16
23.28
23.16
23.16
23.52
24.84
24.72
24.84
24.84
24.84
24.72
24.84
24.84
24.72
24.96
25.92
25.92
25.92
25.92
25.92
25.92
25.92
25.92
25.92
24.96
22.2
22.32
22.2
22.32
22.2
22.2
22.32
22.2
20.28
18.72
18.72
18.72
18.72
18.84
18.72
18.72
18.72
19.8
20.04
20.04
20.04
20.04
20.16
20.04
20.04
19.92
19.56
19.44
19.44
19.56
19.44
19.56
19.44
19.44
20.04
21.36
21.24
21.24
21.24
21.36
21.24
21.24
21.24
20.76
20.52
20.52
20.52
20.52
20.64
20.52
20.52
20.52
19.8
19.8
19.92
19.8
19.8
19.92
19.8
19.92
20.16
22.2
22.2
22.2
22.2
22.2
22.2
22.2
22.2
22.8
23.64
23.64
23.64
23.76
23.64
23.64
23.64
23.64
24.96
26.52
26.64
26.64
26.64
26.52
26.64
26.64
26.64
26.52
28.56
30.72
30.72
30.72
30.84
30.72
30.72
30.72
30.72
30.84
33.24
36.24
36.24
36.24
36.36
36.24
36.24
36.36
36.24
36.24
35.28
34.2
34.2
34.2
34.2
34.08
34.2
34.2
34.2
34.2
30.96
27.48
27.6
27.48
27.48
27.48
27.48
27.6
27.48
27.48
28.2
29.28
29.16
29.28
29.28
29.16
29.28
29.16
29.28
29.16
28.32
27.72
27.6
27.72
27.6
27.72
27.6
27.72
27.6
27.72
23.16
18.96
18.96
18.84
18.96
18.96
18.84
18.96
18.84
18.0
17.76
17.76
17.76
17.88
17.76
17.76
17.76
17.76
18.24
18.24
18.36
18.24
18.36
18.24
18.24
18.36
18.36
18.72
18.84
18.72
18.84
18.72
18.84
18.84
18.72
18.12
17.64
17.76
17.64
17.76
17.76
17.64
17.76
17.76
18.6
18.96
18.84
18.84
18.84
18.84
18.84
18.84
19.08
20.28
20.28
20.28
20.28
20.28
20.28
20.28
20.28
20.64
21.24
21.12
21.24
21.24
21.12
21.24
21.24
21.24
23.16
24.24
24.12
24.12
24.24
24.12
24.12
24.12
24.24
24.12
23.76
23.64
23.76
23.64
23.76
23.64
23.76
23.64
23.76
23.4
23.64
23.64
23.64
23.52
23.64
23.64
23.52
23.28
21.48
21.6
21.48
21.48
21.6
21.48
21.48
21.6
21.48
21.84
21.84
21.84
21.72
21.84
21.84
21.84
21.84
22.08
22.44
22.56
22.44
22.44
22.56
22.44
22.44
22.56
23.16
23.4
23.4
23.4
23.4
23.4
23.4
23.4
22.92
21.24
21.12
21.12
21.12
21.24
21.12
21.12
21.24
21.6
22.56
22.68
22.56
22.68
22.56
22.56
22.68
22.56
23.4
23.88
23.88
24.0
23.88
23.88
23.88
24.0
23.88
24.6
25.32
25.32
25.32
25.32
25.44
25.32
25.32
25.32
25.32
26.04
26.76
26.76
26.76
26.76
26.76
26.76
26.76
26.76
26.76
24.6
23.04
23.04
22.92
23.04
23.04
23.04
23.04
22.92
21.96
21.72
21.6
21.72
21.6
21.72
21.72
21.6
21.6
20.64
20.64
20.76
20.64
20.76
20.64
20.64
20.76
21.12
22.32
22.44
22.44
22.32
22.44
22.44
22.44
22.32
22.56
22.56
22.68
22.68
22.68
22.68
22.68
22.68
22.68
21.6
21.6
21.6
21.6
21.6
21.48
21.6
21.6
21.6
23.16
23.28
23.16
23.28
23.16
23.16
23.28
23.16
23.16
23.28
23.4
23.28
23.28
23.4
23.28
23.4
23.28
23.04
23.04
23.04
23.04
23.16
23.04
23.04
23.04
23.04
22.2
22.32
22.2
22.2
22.2
22.2
22.2
22.2
22.32
24.6
24.6
24.6
24.6
24.6
24.48
24.6
24.6
24.6
24.36
22.56
22.44
22.56
22.44
22.44
22.56
22.44
22.44
24.96
29.28
29.4
29.28
29.4
29.28
29.4
29.28
29.4
29.28
26.28
21.36
21.36
21.36
21.36
21.36
21.36
21.36
21.36
18.84
17.52
17.64
17.64
17.64
17.64
17.64
17.64
17.64
26.28
26.88
26.88
27.0
26.88
26.88
26.88
26.88
26.88
27.0
22.2
21.96
21.96
21.96
21.96
21.96
21.96
22.08
21.36
20.04
19.92
20.04
19.92
20.04
19.92
20.04
19.92
19.8
19.68
19.68
19.68
19.68
19.8
19.68
19.68
19.68
17.88
17.4
17.4
17.4
17.4
17.4
17.4
17.4
17.16
14.52
14.64
14.52
14.64
14.64
14.52
14.64
14.52
12.24
7.8
7.92
7.92
7.92
7.92
7.92
7.8
7.92
7.68
7.56
7.56
7.56
7.68
7.56
7.56
7.56
7.56
8.28
8.28
8.4
8.28
8.4
8.28
8.28
8.4
9.48
13.92
13.92
13.92
13.92
13.92
14.04
13.92
13.92
10.68
7.44
7.56
7.56
7.44
7.56
7.44
7.56
7.56
14.64
16.56
16.56
16.56
16.56
16.56
16.56
16.68
16.2
12.36
12.36
12.48
12.36
12.36
12.48
12.36
12.48
9.72
5.16
5.16
5.28
5.16
5.16
5.16
5.16
5.28
11.4
15.0
15.0
14.88
15.0
14.88
15.0
15.0
14.88
16.44
16.44
16.44
16.44
16.56
16.44
16.44
16.44
15.48
12.6
12.48
12.48
12.48
12.48
12.6
12.48
12.48
13.08
13.92
13.8
13.8
13.92
13.8
13.8
13.8
13.92
19.08
20.52
20.52
20.52
20.52
20.52
20.52
20.52
20.52
22.08
22.08
22.2
22.08
22.08
22.08
22.2
22.08
20.4
17.76
17.76
17.76
17.76
17.76
17.64
17.76
17.76
15.72
14.88
14.76
14.76
14.76
14.88
14.76
14.76
14.76
15.96
16.2
16.08
16.2
16.08
16.08
16.2
16.08
15.84
15.12
15.0
15.12
15.12
15.0
15.12
15.12
15.12
16.08
17.16
17.28
17.16
17.28
17.16
17.16
17.28
17.16
15.12
14.76
14.64
14.64
14.76
14.64
14.76
14.64
14.16
10.68
10.56
10.56
10.56
10.56
10.56
10.68
10.56
10.32
10.44
10.32
10.32
10.44
10.32
10.32
10.44
10.32
13.92
15.84
15.84
15.84
15.84
15.84
15.84
15.84
15.84
20.16
20.4
20.4
20.4
20.4
20.4
20.4
20.4
20.52
21.12
21.12
21.24
21.12
21.12
21.24
21.12
21.12
21.6
21.96
21.96
22.08
21.96
21.96
22.08
21.96
21.96
23.16
23.52
23.52
23.52
23.52
23.52
23.64
23.52
23.52
19.32
18.96
18.84
18.96
18.84
18.84
18.96
18.84
18.12
14.4
14.4
14.4
14.4
14.52
14.4
14.4
14.4
17.76
22.2
22.08
22.08
22.2
22.08
22.08
22.08
22.2
19.8
19.08
19.08
19.08
19.08
19.08
19.08
19.2
18.96
15.96
15.96
15.84
15.96
15.96
15.96
15.96
15.96
16.92
19.68
19.68
19.68
19.68
19.68
19.68
19.68
19.68
20.16
20.76
20.64
20.76
20.76
20.64
20.76
20.64
20.76
20.16
20.28
20.28
20.28
20.28
20.28
20.28
20.28
20.52
23.04
23.16
23.04
23.04
23.16
23.04
23.16
23.04
23.04
23.28
23.28
23.28
23.28
23.16
23.28
23.28
23.28
23.52
23.76
23.88
23.88
23.88
23.76
23.88
23.88
23.88
23.64
24.0
24.0
24.0
24.0
23.88
24.0
24.0
24.0
24.0
23.4
22.8
22.92
22.8
22.8
22.92
22.8
22.8
22.8
22.32
22.2
22.2
22.2
22.2
22.2
22.2
22.2
22.2
21.36
21.36
21.24
21.36
21.36
21.24
21.36
21.36
21.24
21.6
21.48
21.6
21.6
21.48
21.6
21.6
21.48
21.36
21.24
21.12
21.24
21.24
21.24
21.24
21.12
21.24
21.84
22.2
22.2
22.08
22.2
22.2
22.2
22.2
22.2
23.04
23.16
23.28
23.16
23.16
23.28
23.16
23.16
23.28
23.64
23.52
23.64
23.64
23.64
23.64
23.64
23.64
24.48
25.44
25.44
25.44
25.44
25.44
25.44
25.44
25.44
25.44
25.08
24.96
24.84
24.96
24.84
24.96
24.96
24.84
24.96
24.96
24.0
23.4
23.52
23.4
23.52
23.52
23.4
23.52
23.4
21.72
21.6
21.6
21.48
21.6
21.6
21.48
21.6
21.24
20.28
20.28
20.16
20.28
20.28
20.16
20.28
20.28
20.76
21.84
21.84
21.84
21.96
21.84
21.84
21.84
21.84
21.96
22.2
22.2
22.2
22.2
22.2
22.2
22.2
22.2
20.52
20.52
20.64
20.52
20.52
20.64
20.52
20.52
19.92
18.0
18.0
18.0
18.0
18.0
18.0
18.0
18.0
18.12
18.48
18.36
18.36
18.36
18.48
18.36
18.36
18.48
18.6
18.72
18.84
18.72
18.84
18.84
18.72
18.84
18.72
19.92
19.8
19.8
19.8
19.8
19.8
19.92
19.8
18.48
16.68
16.68
16.68
16.68
16.68
16.68
16.56
16.68
15.72
15.12
15.24
15.24
15.24
15.24
15.24
15.24
15.24
13.32
13.32
13.32
13.32
13.2
13.32
13.32
13.32
14.16
17.4
17.28
17.4
17.28
17.28
17.4
17.28
17.4
16.92
16.8
16.68
16.8
16.8
16.68
16.8
16.8
16.68
18.12
18.6
18.6
18.6
18.6
18.48
18.6
18.6
18.48
18.96
18.96
18.96
18.84
18.96
18.96
18.96
18.96
19.56
20.88
20.76
20.88
20.88
20.88
20.88
20.76
20.88
20.28
20.04
20.04
20.04
19.92
20.04
20.04
20.04
20.04
19.92
19.92
19.92
19.92
19.92
19.92
19.92
19.92
19.92
20.88
20.76
20.76
20.76
20.88
20.76
20.76
20.76
21.24
21.84
21.84
21.72
21.84
21.84
21.72
21.84
21.84
19.44
18.96
18.96
18.96
18.96
18.84
18.96
18.96
18.84
19.32
19.32
19.2
19.32
19.2
19.32
19.32
19.2
20.4
22.8
22.92
22.8
22.92
22.8
22.92
22.8
22.92
21.48
20.76
20.64
20.64
20.64
20.76
20.64
20.64
20.64
22.44
22.8
22.92
22.8
22.92
22.8
22.92
22.92
22.56
19.2
19.08
19.2
19.2
19.08
19.2
19.2
19.2
19.32
20.16
20.04
20.16
20.16
20.04
20.16
20.04
20.16
24.12
26.76
26.88
26.76
26.88
26.76
26.88
26.76
26.88
26.76
23.76
21.84
21.96
21.96
21.84
21.96
21.96
21.84
21.96
23.28
23.52
23.64
23.52
23.52
23.52
23.52
23.64
23.76
25.92
25.92
25.92
25.92
25.92
25.92
25.92
25.92
26.04
25.08
22.68
22.68
22.68
22.56
22.68
22.68
22.68
22.68
22.8
23.28
23.4
23.28
23.4
23.4
23.28
23.4
23.28
24.84
25.68
25.56
25.56
25.68
25.56
25.68
25.56
25.68
25.56
23.4
22.56
22.44
22.56
22.56
22.56
22.56
22.56
22.56
19.2
19.2
19.2
19.2
19.2
19.2
19.32
19.2
19.44
20.64
20.64
20.64
20.64
20.64
20.64
20.76
20.64
22.68
24.6
24.72
24.72
24.72
24.72
24.6
24.72
24.72
24.72
25.08
25.56
25.56
25.68
25.56
25.68
25.56
25.68
25.56
25.68
23.52
21.84
21.84
21.72
21.84
21.84
21.84
21.84
21.84
19.92
19.8
19.68
19.68
19.68
19.68
19.68
19.68
19.44
18.24
18.24
18.24
18.24
18.24
18.24
18.24
18.24
18.96
20.52
20.52
20.52
20.52
20.52
20.52
20.52
20.52
20.04
19.8
19.92
19.92
19.8
19.92
19.92
19.8
19.92
4.2
3.36
3.48
3.48
3.36
3.48
3.48
3.36
7.32
19.56
19.56
19.56
19.56
19.68
19.56
19.56
19.56
20.04
20.52
20.64
20.52
20.64
20.64
20.52
20.64
20.52
24.0
24.96
25.08
24.96
24.96
25.08
24.96
25.08
24.96
24.96
18.36
16.68
16.68
16.68
16.68
16.68
16.8
16.68
16.68
17.64
17.64
17.52
17.64
17.64
17.64
17.64
17.64
20.52
25.56
25.56
25.44
25.56
25.56
25.56
25.44
25.56
25.56
32.04
42.84
42.84
42.72
42.84
42.84
42.84
42.72
42.84
42.84
40.56
36.96
37.08
37.08
36.96
37.08
37.08
36.96
37.08
37.08
33.12
27.12
27.12
27.12
27.12
27.12
27.12
27.12
27.12
27.12
25.56
23.04
23.04
23.16
23.04
23.16
23.04
23.16
23.04
22.56
22.56
22.56
22.44
22.56
22.44
22.56
22.56
22.44
21.48
21.6
21.48
21.48
21.6
21.48
21.6
21.48
21.48
21.6
21.72
21.6
21.72
21.6
21.72
21.6
21.72
20.64
19.8
19.8
19.8
19.92
19.8
19.8
19.8
19.8
16.2
15.12
15.24
15.12
15.24
15.12
15.12
15.24
15.48
21.84
21.72
21.72
21.72
21.72
21.84
21.72
21.72
21.36
20.88
20.76
20.88
20.76
20.88
20.76
20.76
20.88
20.64
20.64
20.76
20.64
20.64
20.76
20.64
20.64
20.76
27.96
29.16
29.16
29.16
29.16
29.16
29.16
29.16
29.16
29.16
18.36
17.28
17.28
17.16
17.28
17.28
17.16
17.28
17.64
20.28
20.16
20.28
20.16
20.28
20.16
20.28
20.28
21.6
23.64
23.64
23.76
23.64
23.64
23.64
23.64
23.64
30.36
33.24
33.24
33.24
33.24
33.24
33.24
33.24
33.24
33.24
27.96
25.8
25.68
25.8
25.8
25.8
25.68
25.8
25.8
25.8
22.8
21.72
21.84
21.72
21.72
21.84
21.72
21.72
21.84
22.68
22.92
22.92
22.8
22.92
22.92
22.92
22.8
22.92
23.64
23.52
23.52
23.64
23.52
23.52
23.52
23.64
21.6
19.2
19.2
19.2
19.32
19.2
19.2
19.2
19.2
16.08
14.88
15.0
14.88
14.88
14.88
14.88
14.88
14.88
9.6
9.72
9.6
9.6
9.72
9.6
9.72
9.6
8.88
7.32
7.2
7.2
7.32
7.2
7.2
7.2
7.32
3.24
0.24
0.24
0.24
0.24
0.24
0.12
0.24
0.24
0.12
0.12
0.12
0.12
0.12
0.12
0.12
0.12
0.12
0.12
0.12
0.12
0.12
0.12
0.12
0.12
0.12
0.12
0.12
0.12
0.12
0.12
0.12
0.12
0.12
0.12
0.12
0.12
0.12
0.12
4.8
9.84
9.72
9.72
9.72
9.84
9.72
9.72
10.56
15.36
15.48
15.36
15.36
15.48
15.36
15.48
15.36
13.8
11.76
11.76
11.76
11.88
11.76
11.76
11.76
11.88
14.4
15.6
15.6
15.6
15.48
15.6
15.6
15.6
15.48
12.24
12.24
12.36
12.24
12.36
12.24
12.36
12.24
12.24
12.36
12.36
12.36
12.36
12.24
12.36
12.36
12.36
11.52
11.28
11.16
11.16
11.16
11.16
11.16
11.16
11.28
10.32
10.2
10.2
10.2
10.2
10.32
10.2
10.2
10.2
10.44
10.32
10.32
10.44
10.32
10.44
10.32
10.32
9.48
8.52
8.4
8.52
8.4
8.52
8.52
8.4
8.52
13.32
15.0
15.12
15.0
15.12
15.0
15.12
15.0
15.24
18.0
18.12
18.12
18.12
18.12
18.0
18.12
18.12
19.2
21.72
21.84
21.72
21.84
21.72
21.84
21.72
21.84
14.04
9.24
9.24
9.12
9.24
9.24
9.12
9.24
9.24
22.08
23.88
23.88
23.76
23.88
23.88
23.76
23.88
23.88
17.16
17.04
16.92
16.92
17.04
16.92
16.92
16.92
16.2
13.8
13.8
13.68
13.8
13.8
13.8
13.8
13.8
15.72
17.52
17.52
17.52
17.64
17.52
17.52
17.52
17.64
22.68
24.12
24.24
24.12
24.12
24.12
24.12
24.12
24.12
24.12
28.44
29.52
29.52
29.52
29.52
29.52
29.52
29.52
29.52
29.52
29.52
29.64
29.64
29.52
29.64
29.64
29.52
29.64
29.52
29.64
23.64
22.44
22.44
22.44
22.44
22.44
22.44
22.56
22.32
23.76
23.76
23.64
23.76
23.76
23.64
23.76
23.76
23.64
32.76
32.88
32.88
32.88
32.88
32.88
32.88
32.88
32.88
32.88
24.36
24.36
24.36
24.36
24.36
24.36
24.36
24.36
24.36
24.36
29.64
29.64
29.64
29.64
29.64
29.64
29.64
29.64
29.64
29.64
26.52
26.52
26.64
26.52
26.52
26.64
26.52
26.52
26.64
26.52
30.12
30.12
30.12
30.24
30.12
30.12
30.12
30.12
30.12
30.12
30.96
30.96
31.08
30.96
31.08
30.96
30.96
31.08
30.96
30.96
30.96
30.84
30.96
30.96
30.96
30.96
30.96
30.96
30.84
