7.56
7.56
7.56
7.56
7.56
7.56
7.56
7.56
17.76
28.32
28.32
28.32
28.32
28.32
28.2
28.32
28.32
28.32
30.12
31.92
32.04
32.04
32.04
32.04
31.92
32.04
32.04
32.04
31.44
30.96
31.08
30.96
31.08
30.96
31.08
30.96
31.08
30.96
29.64
28.08
27.96
28.08
27.96
28.08
28.08
27.96
28.08
27.96
27.0
25.56
25.68
25.56
25.56
25.68
25.56
25.68
25.56
25.68
24.6
23.76
23.64
23.64
23.76
23.64
23.64
23.76
23.64
26.16
26.64
26.76
26.76
26.76
26.76
26.76
26.76
26.76
26.76
24.72
24.36
24.36
24.36
24.36
24.36
24.36
24.36
24.36
24.36
26.64
27.24
27.12
27.24
27.12
27.24
27.24
27.12
27.24
27.12
23.88
23.28
23.28
23.28
23.28
23.28
23.28
23.16
22.32
19.44
19.44
19.44
19.44
19.44
19.44
19.44
19.44
15.36
13.68
13.68
13.68
13.56
13.68
13.68
13.68
14.52
18.84
18.96
18.84
18.96
18.84
18.96
18.84
18.96
12.6
9.24
9.36
9.36
9.24
9.36
9.24
9.36
12.0
29.88
29.88
29.88
29.76
29.88
29.88
29.88
29.76
29.88
29.4
27.24
27.12
27.24
27.12
27.24
27.24
27.12
27.24
27.12
27.12
26.64
26.76
26.64
26.76
26.76
26.64
26.76
26.64
26.76
26.04
22.92
22.92
22.92
22.8
22.92
22.92
22.92
22.92
25.68
28.2
28.2
28.2
28.2
28.2
28.2
28.2
28.2
28.2
27.0
26.16
26.16
26.04
26.16
26.04
26.16
26.16
26.04
26.16
25.68
25.44
25.44
25.44
25.56
25.44
25.44
25.44
25.44
25.44
23.64
22.08
22.2
22.08
22.2
22.08
22.08
22.2
21.96
24.0
23.88
24.0
23.88
23.88
24.0
23.88
23.88
24.0
21.48
19.44
19.56
19.44
19.44
19.56
19.44
19.44
19.56
34.8
34.68
34.68
34.68
34.68
34.8
34.68
34.68
34.68
34.56
33.12
33.24
33.12
33.12
33.12
33.24
33.12
33.12
33.12
33.24
33.24
33.24
33.24
33.24
33.36
33.24
33.24
33.24
33.36
33.24
32.28
32.4
32.4
32.28
32.4
32.28
32.4
32.4
32.28
32.4
47.28
47.52
47.52
47.52
47.64
47.52
47.52
47.52
47.64
47.52
44.64
44.64
44.64
44.64
44.64
44.76
44.64
44.64
44.64
44.64
37.44
37.32
37.44
37.44
37.44
37.44
37.44
37.44
37.44
37.44
44.28
44.28
44.16
44.28
44.28
44.16
44.28
44.28
44.16
44.16
42.0
42.0
42.0
41.88
42.0
42.0
41.88
42.0
42.0
42.0
44.4
44.52
44.52
44.52
44.4
44.52
44.52
44.52
44.52
44.4
46.92
46.8
46.92
46.8
46.92
46.92
46.8
46.92
46.8
46.2
30.48
30.6
30.48
30.6
30.48
30.6
30.48
30.6
30.48
31.08
46.2
46.2
46.2
46.2
46.2
46.2
46.2
46.2
46.2
46.08
44.64
44.52
44.64
44.52
44.64
44.52
44.64
44.52
44.64
44.16
39.24
39.24
39.24
39.24
39.24
39.24
39.24
39.24
39.24
38.76
33.36
33.24
33.24
33.24
33.24
33.24
33.24
33.36
33.24
33.36
37.92
38.04
37.92
37.92
37.92
38.04
37.92
37.92
37.92
37.92
36.6
36.6
36.6
36.6
36.6
36.6
36.6
36.6
36.6
36.48
35.76
35.76
35.76
35.64
35.76
35.76
35.64
35.76
35.76
35.64
34.2
34.2
34.08
34.2
34.2
34.08
34.2
34.08
34.2
34.2
34.8
34.92
34.92
34.92
34.92
34.8
34.92
34.92
34.92
34.92
41.64
41.64
41.76
41.64
41.76
41.64
41.76
41.64
41.76
41.76
53.52
53.64
53.64
53.64
53.64
53.64
53.64
53.52
53.64
53.64
43.32
43.44
43.44
43.44
43.44
43.44
43.44
43.44
43.44
43.44
37.32
37.32
37.32
37.32
37.32
37.32
37.32
37.32
37.32
37.32
25.08
24.96
24.96
24.96
24.84
24.96
24.96
24.96
24.96
24.84
40.8
41.04
41.04
41.04
41.04
41.16
41.04
41.04
41.04
41.04
44.64
44.64
44.64
44.64
44.64
44.64
44.52
44.64
44.64
44.64
31.44
31.32
31.32
31.32
31.32
31.32
31.32
31.32
31.32
31.32
31.44
31.44
31.44
31.56
31.44
31.44
31.56
31.44
31.44
31.56
33.0
33.12
33.12
33.24
33.12
33.12
33.24
33.12
33.12
33.24
33.48
33.6
33.6
33.6
33.6
33.6
33.6
33.6
33.6
33.6
33.96
33.96
33.96
33.96
33.96
33.96
34.08
33.96
33.96
33.96
32.52
32.52
32.52
32.52
32.52
32.52
32.52
32.52
32.52
32.52
34.68
34.92
35.04
34.92
34.92
34.92
34.92
35.04
34.92
34.92
31.2
31.08
31.08
30.96
31.08
31.08
30.96
31.08
30.96
31.08
37.32
38.04
38.16
38.04
38.04
38.04
38.04
38.04
38.16
38.04
32.64
32.28
32.28
32.28
32.16
32.28
32.28
32.28
32.16
32.28
34.44
34.68
34.8
34.68
34.68
34.68
34.8
34.68
34.68
34.8
30.96
30.72
30.72
30.6
30.72
30.72
30.6
30.72
30.72
30.6
28.68
28.44
28.44
28.44
28.44
28.44
28.44
28.56
28.44
28.44
35.52
36.72
36.6
36.6
36.6
36.72
36.6
36.6
36.72
36.6
31.68
31.08
30.96
30.96
31.08
30.96
31.08
30.96
30.96
31.08
38.76
39.96
40.08
39.96
39.96
40.08
39.96
40.08
39.96
40.08
50.16
51.6
51.48
51.6
51.6
51.6
51.6
51.6
51.48
51.6
32.52
29.88
29.88
30.0
29.88
29.88
29.88
30.0
29.88
29.88
36.6
37.56
37.56
37.56
37.56
37.68
37.56
37.56
37.56
37.56
48.96
50.64
50.52
50.52
50.64
50.52
50.52
50.64
50.52
50.52
53.28
53.76
53.76
53.76
53.64
53.76
53.76
53.64
53.76
53.76
54.72
55.08
55.08
55.2
55.08
55.08
55.08
55.08
55.08
55.08
43.08
41.76
41.76
41.64
41.76
41.76
41.76
41.76
41.76
41.64
31.44
30.24
30.12
30.24
30.12
30.24
30.12
30.24
30.12
30.24
45.6
47.76
47.76
47.64
47.76
47.64
47.76
47.64
47.76
47.76
51.6
52.32
52.2
52.32
52.32
52.2
52.32
52.2
52.32
52.2
54.24
54.6
54.6
54.48
54.6
54.6
54.48
54.6
54.48
54.6
44.28
43.32
43.32
43.32
43.32
43.32
43.44
43.32
43.32
43.32
36.12
35.52
35.52
35.52
35.52
35.52
35.52
35.52
35.52
35.52
42.12
42.96
42.84
42.84
42.84
42.84
42.84
42.84
42.84
42.84
53.64
54.72
54.6
54.72
54.6
54.6
54.72
54.6
54.72
54.6
54.12
54.24
54.36
54.24
54.24
54.24
54.24
54.24
54.24
54.24
45.12
44.4
44.4
44.28
44.4
44.4
44.4
44.4
44.4
44.4
36.84
36.36
36.36
36.36
36.24
36.36
36.36
36.36
36.36
36.36
42.36
43.08
43.08
43.2
43.08
43.08
43.08
43.08
43.08
43.08
51.6
52.44
52.44
52.44
52.44
52.44
52.44
52.44
52.44
52.44
54.84
55.32
55.2
55.2
55.2
55.2
55.2
55.2
55.2
55.2
47.52
47.04
46.92
46.92
47.04
46.92
46.92
47.04
46.92
46.92
26.28
24.96
24.96
24.96
24.84
24.96
24.96
24.96
24.96
24.96
18.48
18.24
18.12
18.24
18.24
18.12
18.24
18.12
18.0
17.76
17.88
17.76
17.76
17.88
17.76
17.76
17.88
16.2
16.08
16.08
16.08
16.08
16.08
16.08
16.08
15.84
15.24
15.36
15.36
15.36
15.36
15.36
15.24
15.36
17.52
18.0
17.88
17.88
18.0
17.88
17.88
18.0
18.0
18.48
18.6
18.48
18.48
18.6
18.48
18.48
18.6
18.72
18.84
18.84
18.84
18.84
18.84
18.72
18.84
15.96
10.56
10.44
10.44
10.56
10.44
10.44
10.56
10.44
16.68
18.0
18.0
18.0
18.0
18.0
18.0
18.0
22.56
33.12
33.12
33.12
33.12
33.12
33.12
33.12
33.12
33.24
31.44
27.72
27.72
27.72
27.72
27.72
27.72
27.72
27.72
27.72
27.0
25.8
25.8
25.8
25.8
25.8
25.8
25.8
25.8
25.8
22.92
16.08
16.08
16.08
16.2
16.08
16.08
16.08
16.08
16.8
17.04
17.04
17.04
16.92
17.04
17.04
17.04
19.08
24.96
24.96
24.96
24.96
24.96
24.96
24.96
24.96
24.96
26.28
30.24
30.12
30.12
30.24
30.12
30.12
30.24
30.12
30.12
30.0
29.76
29.76
29.76
29.76
29.76
29.76
29.76
29.76
29.76
28.68
26.16
26.04
26.16
26.16
26.04
26.16
26.16
26.04
26.16
26.64
28.08
28.2
28.2
28.2
28.2
28.2
28.2
28.08
28.2
23.52
10.2
10.2
10.2
10.2
10.32
10.2
10.2
10.2
42.6
53.28
53.4
53.28
53.4
53.28
53.28
53.4
53.28
53.4
35.64
30.24
30.24
30.24
30.12
30.24
30.24
30.24
30.24
30.24
30.48
30.6
30.72
30.6
30.72
30.72
30.6
30.72
30.6
30.72
22.32
19.8
19.8
19.8
19.8
19.8
19.92
19.8
20.76
24.48
24.36
24.36
24.36
24.36
24.48
24.36
24.36
24.36
24.84
26.04
26.16
26.16
26.04
26.16
26.04
26.16
26.04
26.16
27.24
31.2
31.2
31.2
31.08
31.2
31.2
31.2
31.2
31.08
29.28
23.76
23.76
23.64
23.76
23.76
23.76
23.76
23.76
19.56
16.2
16.2
16.08
16.2
16.08
16.2
16.2
16.08
35.4
35.4
35.4
35.52
35.4
35.4
35.52
35.4
35.4
35.4
36.96
37.08
36.96
37.08
36.96
37.08
37.08
36.96
37.08
36.96
28.32
28.32
28.32
28.32
28.32
28.2
28.32
28.32
28.32
28.32
21.0
21.12
21.12
21.12
21.0
21.12
21.12
21.12
19.8
18.48
18.6
18.48
18.6
18.48
18.6
18.48
18.6
29.16
29.88
29.88
29.88
29.88
29.88
29.88
29.88
29.88
29.88
28.8
28.68
28.68
28.8
28.68
28.68
28.8
28.68
28.8
28.68
32.52
33.0
32.88
33.0
32.88
33.0
32.88
33.0
32.88
33.0
36.72
37.2
37.08
37.2
37.08
37.08
37.2
37.08
37.2
37.08
34.68
34.44
34.44
34.44
34.44
34.44
34.44
34.56
34.44
34.44
31.08
30.84
30.84
30.84
30.84
30.84
30.84
30.84
30.84
30.84
29.04
28.92
28.92
28.92
28.92
28.92
28.92
28.92
28.92
28.92
25.8
25.56
25.56
25.68
25.56
25.56
25.56
25.56
25.56
25.56
27.0
27.24
27.24
27.24
27.24
27.36
27.24
27.24
27.24
27.24
24.72
24.48
24.48
24.6
24.48
24.48
24.48
24.48
24.48
24.6
22.2
21.96
22.08
22.08
21.96
22.08
21.96
22.08
21.96
22.08
22.2
22.08
22.2
22.08
22.2
22.08
22.2
19.32
19.08
19.08
19.08
19.08
18.96
19.08
19.08
19.32
20.16
20.16
20.16
20.16
20.16
20.04
20.16
20.16
19.8
19.8
19.8
19.8
19.8
19.8
19.8
19.8
19.68
19.8
19.8
19.92
19.8
19.8
19.8
19.92
19.8
19.2
19.08
19.2
19.2
19.2
19.08
19.2
19.2
16.68
10.68
10.56
10.56
10.68
10.56
10.56
10.68
10.56
7.92
7.2
7.08
7.2
7.2
7.2
7.08
7.2
6.84
6.0
6.0
6.0
6.0
5.88
6.0
6.0
6.0
32.4
41.64
41.76
41.76
41.64
41.76
41.64
41.76
41.76
41.64
33.12
30.0
30.0
30.0
30.0
30.12
30.0
30.0
30.0
30.12
22.32
19.56
19.68
19.56
19.56
19.68
19.56
19.56
20.16
22.32
22.32
22.32
22.2
22.32
22.32
22.32
22.32
27.24
30.0
30.12
30.12
30.0
30.12
30.0
30.12
30.0
30.12
28.32
27.6
27.48
27.48
27.6
27.48
27.6
27.48
27.48
27.6
33.12
36.48
36.6
36.48
36.48
36.48
36.48
36.6
36.48
36.48
32.52
30.48
30.48
30.48
30.48
30.36
30.48
30.48
30.48
30.48
28.68
27.84
27.84
27.84
27.84
27.84
27.84
27.84
27.84
27.84
26.64
26.04
26.16
26.04
26.04
26.04
26.04
26.04
26.16
26.04
19.44
15.48
15.6
15.48
15.6
15.48
15.48
15.6
16.92
29.28
29.16
29.16
29.28
29.16
29.16
29.28
29.16
29.16
28.8
25.68
25.8
25.68
25.68
25.8
25.68
25.68
25.8
25.68
25.8
26.28
26.28
26.28
26.28
26.28
26.28
26.28
26.28
26.28
25.92
23.4
23.4
23.4
23.4
23.4
23.4
23.4
23.4
22.68
22.44
22.32
22.44
22.44
22.44
22.32
22.44
21.96
13.2
13.2
13.32
13.2
13.2
13.32
13.2
13.2
16.8
20.16
20.16
20.16
20.04
20.16
20.16
20.16
20.16
25.56
25.44
25.56
25.56
25.56
25.56
25.44
25.56
25.56
25.44
23.64
23.64
23.64
23.64
23.52
23.64
23.64
23.64
24.24
26.64
26.64
26.64
26.64
26.64
26.64
26.64
26.64
26.64
27.24
29.28
29.28
29.28
29.28
29.28
29.28
29.28
29.28
29.28
26.88
19.8
19.8
19.8
19.68
19.8
19.8
19.8
19.8
29.64
33.48
33.48
33.48
33.48
33.48
33.48
33.6
33.48
33.48
33.36
33.24
33.36
33.36
33.36
33.36
33.36
33.24
33.36
33.36
30.0
28.56
28.68
28.56
28.56
28.68
28.56
28.68
28.56
28.56
44.16
50.88
50.76
50.88
50.88
50.76
50.88
50.88
50.76
50.88
43.56
40.68
40.56
40.68
40.68
40.56
40.68
40.68
40.56
40.68
44.4
45.96
46.08
45.96
45.96
45.96
45.96
45.96
45.96
46.08
44.4
44.04
44.04
43.92
44.04
44.04
43.92
44.04
44.04
43.92
36.96
34.44
34.44
34.44
34.44
34.44
34.44
34.44
34.56
34.44
36.96
37.92
37.92
38.04
37.92
38.04
37.92
38.04
37.92
37.92
47.28
51.0
51.0
51.0
50.88
51.0
51.0
51.0
50.88
51.0
53.16
54.12
54.12
54.0
54.12
54.12
54.0
54.12
54.12
54.0
50.4
49.08
49.08
49.08
49.08
49.08
48.96
49.08
49.08
49.08
39.48
36.0
36.0
36.0
36.0
36.0
36.0
36.0
36.0
36.0
36.12
36.36
36.24
36.36
36.36
36.24
36.36
36.24
36.36
36.24
46.08
50.04
50.04
50.04
50.16
50.04
50.04
50.04
50.16
50.04
53.76
55.08
55.2
55.2
55.2
55.2
55.2
55.08
55.2
55.2
50.88
49.32
49.44
49.32
49.44
49.32
49.44
49.32
49.44
49.32
41.16
38.52
38.4
38.4
38.4
38.4
38.52
38.4
38.4
38.4
37.8
37.44
37.56
37.44
37.56
37.44
37.56
37.44
37.56
37.44
43.56
45.6
45.6
45.6
45.6
45.6
45.6
45.48
45.6
45.6
45.0
44.88
45.0
44.88
44.88
44.88
44.88
44.88
44.88
45.0
36.84
34.2
34.32
34.32
34.2
34.32
34.32
34.2
34.32
34.32
32.64
32.28
32.28
32.28
32.28
32.16
32.28
32.28
32.28
32.28
32.16
32.28
32.16
32.28
32.28
32.28
32.28
32.16
32.28
32.28
41.04
44.4
44.4
44.4
44.4
44.4
44.4
44.4
44.4
44.4
40.92
39.6
39.72
39.6
39.6
39.6
39.72
39.6
39.6
39.72
33.36
31.32
31.32
31.2
31.32
31.32
31.2
31.32
31.32
31.2
28.32
27.24
27.24
27.24
27.24
27.24
27.24
27.24
27.24
27.36
27.96
28.2
28.32
28.2
28.32
28.32
28.2
28.32
28.32
28.2
36.24
39.24
39.24
39.24
39.24
39.24
39.12
39.24
39.24
39.24
49.08
53.04
52.92
53.04
52.92
53.04
52.92
53.04
52.92
53.04
53.76
54.24
54.12
54.24
54.24
54.12
54.24
54.12
54.24
54.24
36.72
30.84
30.72
30.84
30.72
30.84
30.72
30.84
30.72
30.84
36.6
38.76
38.76
38.76
38.88
38.76
38.76
38.88
38.76
38.76
49.68
53.76
53.88
53.76
53.76
53.88
53.76
53.76
53.88
53.76
53.28
53.16
53.04
53.16
53.16
53.16
53.04
53.16
53.16
53.16
54.6
55.44
55.32
55.44
55.32
55.44
55.32
55.44
55.32
55.44
46.68
43.68
43.68
43.8
43.68
43.68
43.68
43.68
43.68
43.68
38.28
36.48
36.48
36.48
36.48
36.48
36.48
36.48
36.48
36.36
41.76
43.68
43.8
43.68
43.8
43.68
43.8
43.68
43.8
43.8
50.64
53.28
53.28
53.28
53.28
53.4
53.28
53.28
53.28
53.28
55.2
56.04
56.04
56.04
56.04
56.04
56.04
56.04
56.04
56.04
48.84
46.44
46.44
46.44
46.44
46.44
46.44
46.44
46.56
46.44
31.44
26.76
26.64
26.76
26.64
26.64
26.76
26.64
26.76
26.64
39.12
43.56
43.44
43.56
43.56
43.56
43.56
43.44
43.56
43.56
50.52
52.8
52.92
52.8
52.92
52.8
52.92
52.8
52.8
52.92
53.76
54.12
54.12
54.12
54.12
54.12
54.12
54.12
54.0
54.12
44.16
40.92
40.8
40.92
40.92
40.92
40.8
40.92
40.92
40.92
32.04
29.28
29.28
29.28
29.28
29.28
29.16
29.28
29.28
29.28
47.28
53.28
53.4
53.4
53.28
53.4
53.28
53.4
53.28
53.4
54.48
55.08
55.08
54.96
55.08
55.08
54.96
55.08
55.08
54.96
53.4
52.8
52.8
52.8
52.8
52.8
52.8
52.8
52.8
52.8
49.56
48.72
48.72
48.72
48.72
48.72
48.72
48.72
48.72
48.84
36.0
32.4
32.28
32.4
32.4
32.28
32.4
32.4
32.28
32.4
39.24
41.52
41.52
41.52
41.52
41.52
41.52
41.52
41.52
41.52
50.52
53.16
53.28
53.16
53.28
53.16
53.28
53.16
53.28
53.16
54.36
54.84
54.72
54.84
54.72
54.84
54.72
54.84
54.84
54.72
48.96
47.28
47.28
47.28
47.28
47.28
47.28
47.28
47.28
47.28
38.76
36.24
36.36
36.36
36.36
36.24
36.36
36.36
36.24
36.36
42.12
43.92
43.8
43.92
43.92
43.8
43.92
43.8
43.92
43.92
45.6
46.32
46.32
46.2
46.32
46.2
46.32
46.2
46.32
46.32
52.68
54.84
54.72
54.72
54.84
54.72
54.72
54.72
54.84
54.72
47.64
45.84
45.84
45.84
45.72
45.84
45.84
45.72
45.84
45.84
50.76
52.32
52.2
52.2
52.2
52.32
52.2
52.2
52.32
52.2
21.96
14.04
14.04
13.92
14.04
14.04
14.04
14.04
15.48
19.32
19.32
19.44
19.32
19.44
19.32
19.32
19.44
33.0
37.56
37.44
37.56
37.44
37.56
37.44
37.56
37.44
37.56
28.2
25.56
25.56
25.56
25.44
25.56
25.56
25.56
25.56
25.44
26.04
26.16
26.28
26.16
26.28
26.16
26.16
26.28
26.16
26.28
29.88
31.08
31.2
31.08
31.08
31.08
31.2
31.08
31.08
31.08
46.8
51.48
51.48
51.6
51.48
51.48
51.48
51.6
51.48
51.48
53.4
53.88
53.88
54.0
53.88
53.88
54.0
53.88
53.88
54.0
53.64
53.76
53.64
53.76
53.64
53.76
53.64
53.76
53.64
53.76
43.92
41.4
41.4
41.28
41.4
41.28
41.4
41.4
41.28
41.4
34.56
32.64
32.64
32.64
32.64
32.64
32.52
32.64
32.64
32.64
48.72
53.16
53.28
53.16
53.28
53.16
53.28
53.28
53.16
53.28
41.4
38.4
38.4
38.4
38.52
38.4
38.4
38.4
38.4
38.4
23.88
19.8
19.92
19.8
19.92
19.8
19.92
19.92
22.2
29.16
29.28
29.16
29.16
29.16
29.28
29.16
29.16
29.16
33.36
44.4
44.52
44.52
44.52
44.52
44.52
44.4
44.52
44.52
44.52
44.88
44.88
44.88
44.88
44.88
44.88
44.88
44.88
44.88
46.92
52.2
52.32
52.32
52.32
52.32
52.2
52.32
52.32
52.32
52.2
52.44
52.44
52.44
52.44
52.44
52.44
52.44
52.32
52.44
51.12
48.36
48.24
48.36
48.24
48.36
48.24
48.36
48.24
48.36
47.4
45.84
45.96
45.84
45.96
45.84
45.96
45.84
45.84
45.96
46.32
47.4
47.4
47.28
47.4
47.4
47.4
47.4
47.4
47.4
47.04
46.68
46.8
46.68
46.8
46.68
46.68
46.8
46.68
46.8
43.68
37.92
37.8
37.92
37.92
37.8
37.92
37.92
37.92
37.8
36.24
32.88
32.88
32.88
32.88
32.88
32.88
32.88
32.88
32.88
38.4
50.28
50.16
50.16
50.16
50.16
50.16
50.16
50.16
50.16
52.32
56.88
56.76
56.88
56.76
56.76
56.88
56.76
56.76
56.88
54.48
50.52
50.52
50.52
50.52
50.52
50.52
50.52
50.52
50.52
46.08
38.16
38.16
38.16
38.16
38.16
38.16
38.28
38.16
38.16
39.84
43.44
43.56
43.44
43.44
43.44
43.44
43.44
43.56
43.44
42.36
40.68
40.68
40.68
40.56
40.68
40.68
40.68
40.56
40.68
44.88
51.84
51.96
51.96
51.96
51.96
51.96
51.84
51.96
51.96
51.84
51.96
51.84
51.96
51.96
51.84
51.96
51.96
51.84
51.96
51.6
51.36
51.36
51.36
51.36
51.36
51.36
51.36
51.36
51.24
47.04
40.44
40.56
40.44
40.56
40.44
40.56
40.44
40.56
40.44
40.8
41.04
41.16
41.16
41.04
41.16
41.16
41.04
41.16
41.16
43.2
46.8
46.68
46.8
46.68
46.68
46.8
46.68
46.8
46.68
44.28
40.68
40.68
40.8
40.68
40.68
40.68
40.68
40.68
40.68
45.6
52.68
52.68
52.68
52.68
52.68
52.56
52.68
52.68
52.68
47.76
41.4
41.4
41.4
41.4
41.28
41.4
41.4
41.4
41.4
41.28
41.4
41.28
41.28
41.4
41.28
41.4
41.28
41.28
41.4
29.64
13.44
13.44
13.44
13.44
13.44
13.44
13.44
13.56
39.0
41.52
41.64
41.64
41.52
41.64
41.52
41.64
41.64
41.52
56.04
57.72
57.72
57.72
57.72
57.72
57.72
57.6
57.72
57.72
56.04
55.92
55.92
56.04
55.92
55.92
55.92
56.04
55.92
55.92
21.72
18.84
18.84
18.84
18.84
18.84
18.72
18.84
31.44
51.0
51.12
51.12
51.12
51.12
51.12
51.12
51.0
51.12
51.72
52.92
52.8
52.8
52.92
52.8
52.8
52.8
52.92
52.8
53.04
53.76
53.64
53.76
53.64
53.76
53.64
53.64
53.76
53.64
53.52
53.52
53.4
53.52
53.4
53.52
53.4
53.4
53.52
53.4
48.0
40.08
40.08
40.2
40.08
40.08
40.2
40.08
40.2
40.08
36.72
31.68
31.56
31.68
31.68
31.56
31.68
31.56
31.68
31.68
38.16
48.24
48.36
48.36
48.36
48.24
48.36
48.36
48.36
48.36
50.52
54.24
54.12
54.24
54.24
54.12
54.24
54.24
54.12
54.24
54.12
54.12
54.24
54.12
54.12
54.24
54.12
54.12
54.24
54.12
46.8
36.36
36.48
36.36
36.48
36.36
36.36
36.48
36.36
36.48
35.88
35.4
35.4
35.28
35.4
35.4
35.28
35.4
35.28
35.4
42.6
54.12
54.12
54.12
54.12
54.12
54.12
54.12
54.12
54.12
54.12
54.12
54.12
54.24
54.12
54.12
54.24
54.12
54.24
54.12
51.72
48.36
48.24
48.36
48.24
48.36
48.24
48.36
48.24
48.36
41.52
31.68
31.68
31.68
31.68
31.56
31.68
31.68
31.68
31.68
31.68
32.16
32.04
32.04
32.16
32.04
32.04
32.16
32.04
32.04
36.6
43.8
43.68
43.8
43.8
43.8
43.68
43.8
43.8
43.8
42.12
39.96
39.84
39.84
39.96
39.84
39.84
39.96
39.84
39.84
36.12
30.36
30.48
30.36
30.48
30.36
30.36
30.48
30.36
30.48
28.44
25.8
25.8
25.8
25.8
25.68
25.8
25.8
25.8
25.8
26.64
28.08
28.08
28.08
28.08
28.08
28.2
28.08
28.08
28.08
27.48
26.88
26.88
26.76
26.88
26.76
26.88
26.76
26.88
26.76
25.2
22.68
22.68
22.68
22.68
22.68
22.56
22.68
22.68
22.8
22.92
22.8
22.92
22.92
22.92
22.92
22.8
24.96
31.44
31.44
31.56
31.44
31.44
31.44
31.56
31.44
31.44
31.68
32.64
32.64
32.64
32.64
32.52
32.64
32.64
32.64
32.64
31.08
26.16
26.04
26.04
26.04
26.04
26.04
26.04
26.04
26.04
26.28
27.72
27.6
27.72
27.6
27.72
27.6
27.6
27.72
27.6
28.44
31.56
31.56
31.56
31.56
31.44
31.56
31.56
31.56
31.56
30.36
26.64
26.64
26.64
26.64
26.64
26.64
26.64
26.64
26.64
25.56
21.72
21.72
21.72
21.72
21.72
21.72
21.72
21.72
25.32
27.12
27.24
27.12
27.24
27.12
27.24
27.24
27.12
27.24
25.2
24.6
24.48
24.48
24.48
24.6
24.48
24.48
24.48
24.6
28.08
29.88
29.88
29.88
29.88
29.88
29.88
30.0
29.88
29.88
25.56
23.76
23.88
23.76
23.76
23.76
23.76
23.76
23.88
18.36
18.12
18.0
18.0
18.0
18.12
18.0
18.0
23.64
32.16
32.28
32.16
32.28
32.28
32.16
32.28
32.16
32.28
34.32
38.04
37.92
38.04
37.92
38.04
38.04
37.92
38.04
38.04
34.08
28.2
28.2
28.32
28.2
28.2
28.32
28.2
28.2
28.32
28.08
28.08
28.08
28.08
28.2
28.08
28.08
28.08
28.08
28.08
29.28
31.32
31.32
31.32
31.32
31.32
31.32
31.32
31.32
31.32
29.28
26.16
26.04
26.04
26.16
26.04
26.04
26.16
26.04
26.16
26.88
28.8
28.68
28.68
28.8
28.68
28.68
28.8
28.68
28.8
31.44
36.0
36.0
36.0
36.0
36.0
36.0
36.0
36.0
36.0
35.28
34.08
34.2
34.2
34.08
34.2
34.08
34.2
34.08
34.2
34.68
36.0
36.0
36.0
36.0
35.88
36.0
36.0
36.0
35.88
35.76
35.52
35.4
35.52
35.52
35.4
35.52
35.4
35.52
35.52
35.76
36.36
36.36
36.48
36.36
36.48
36.36
36.36
36.48
36.36
36.6
37.32
37.32
37.32
37.2
37.32
37.32
37.32
37.32
37.32
35.16
30.84
30.96
30.84
30.96
30.84
30.96
30.84
30.96
30.84
33.84
40.44
40.44
40.44
40.44
40.32
40.44
40.44
40.44
40.44
39.48
37.92
37.8
37.92
37.8
37.8
37.92
37.8
37.92
37.8
36.36
33.0
33.0
33.0
33.12
33.0
33.0
33.12
33.0
33.0
32.52
31.56
31.56
31.68
31.56
31.56
31.56
31.68
31.56
31.56
32.16
33.48
33.6
33.48
33.48
33.48
33.6
33.48
33.48
33.48
32.88
31.44
31.44
31.56
31.44
31.44
31.44
31.44
31.44
31.44
31.44
31.08
31.08
31.08
31.08
31.2
31.08
31.08
31.08
31.08
29.88
27.0
26.88
26.88
26.88
27.0
26.88
26.88
26.88
27.0
26.4
25.44
25.32
25.44
25.44
25.44
25.44
25.32
25.44
25.44
24.72
23.64
23.52
23.52
23.64
23.52
23.52
23.64
23.52
24.72
25.68
25.68
25.56
25.68
25.68
25.56
25.68
25.68
25.56
24.24
23.64
23.64
23.64
23.64
23.52
23.64
23.64
23.64
25.08
25.32
25.44
25.32
25.44
25.32
25.44
25.44
25.32
25.44
26.28
26.4
26.52
26.4
26.4
26.52
26.4
26.52
26.4
26.4
6.96
4.92
4.92
4.92
4.92
4.92
4.8
4.92
16.08
33.6
33.72
33.6
33.6
33.72
33.6
33.72
33.6
33.6
23.76
8.28
8.28
8.28
8.28
8.4
8.28
8.28
8.28
31.08
34.2
34.2
34.2
34.2
34.2
34.2
34.2
34.2
34.2
23.64
22.44
22.32
22.32
22.32
22.44
22.32
22.32
23.88
27.0
26.88
27.0
26.88
27.0
26.88
27.0
26.88
27.0
31.68
40.56
40.56
40.56
40.56
40.44
40.56
40.56
40.56
40.56
34.2
23.4
23.4
23.4
23.4
23.4
23.4
23.4
23.4
34.44
40.32
40.2
40.32
40.32
40.2
40.32
40.32
40.2
40.32
33.36
30.12
30.12
30.12
30.0
30.12
30.12
30.0
30.12
30.12
25.32
23.28
23.16
23.28
23.16
23.28
23.28
23.16
22.44
17.64
17.64
17.76
17.64
17.64
17.76
17.64
17.64
26.64
32.28
32.16
32.28
32.16
32.28
32.28
32.16
32.28
32.16
31.68
31.44
31.32
31.44
31.44
31.44
31.44
31.32
31.44
31.44
37.44
41.28
41.28
41.28
41.28
41.28
41.28
41.28
41.28
41.28
45.72
48.48
48.36
48.36
48.36
48.36
48.36
48.48
48.36
48.36
28.2
17.16
17.04
17.04
17.04
17.04
17.04
17.04
18.24
26.76
26.64
26.64
26.76
26.64
26.64
26.76
26.64
26.64
30.36
55.2
55.2
55.2
55.2
55.2
55.2
55.32
55.2
55.2
54.0
47.64
47.64
47.64
47.64
47.64
47.64
47.64
47.64
47.64
47.28
45.36
45.24
45.36
45.36
45.24
45.36
45.36
45.24
45.36
42.96
30.84
30.84
30.84
30.96
30.84
30.84
30.84
30.84
30.96
33.36
48.48
48.48
48.48
48.48
48.48
48.48
48.48
48.48
48.48
49.32
54.36
54.36
54.36
54.36
54.36
54.36
54.36
54.36
54.36
53.76
51.0
51.0
50.88
51.0
51.0
51.0
51.0
51.0
51.0
51.12
52.56
52.68
52.56
52.56
52.56
52.56
52.56
52.56
52.56
49.08
34.56
34.56
34.56
34.56
34.56
34.56
34.56
34.56
34.56
34.68
35.64
35.64
35.52
35.64
35.64
35.64
35.64
35.64
35.64
39.12
57.0
57.12
57.0
57.0
57.0
57.0
57.0
57.0
57.0
56.76
55.8
55.68
55.8
55.68
55.8
55.68
55.8
55.68
55.8
56.04
58.2
58.08
58.2
58.2
58.2
58.08
58.2
58.2
58.2
53.76
32.76
32.64
32.76
32.76
32.76
32.76
32.64
32.76
32.76
33.0
35.04
34.92
35.04
35.04
34.92
35.04
35.04
34.92
35.04
38.16
55.44
55.44
55.56
55.44
55.44
55.44
55.44
55.44
55.44
55.08
54.0
53.88
54.0
54.0
54.0
53.88
54.0
54.0
54.0
53.16
50.64
50.64
50.52
50.64
50.52
50.64
50.64
50.52
50.64
47.4
34.2
34.2
34.2
34.2
34.2
34.2
34.2
34.2
34.2
34.08
34.08
33.96
33.96
33.96
33.96
33.96
34.08
33.96
33.96
37.68
55.8
55.8
55.92
55.8
55.8
55.8
55.92
55.8
55.8
56.04
57.24
57.12
57.24
57.12
57.24
57.12
57.24
57.12
57.12
53.4
35.04
34.92
35.04
34.92
35.04
34.92
35.04
35.04
34.92
34.56
32.52
32.52
32.4
32.52
32.52
32.52
32.52
32.52
32.52
34.08
43.32
43.32
43.2
43.32
43.32
43.2
43.32
43.32
43.2
42.96
41.04
41.16
41.04
41.04
41.16
41.04
41.16
41.04
41.16
39.96
35.28
35.16
35.16
35.16
35.16
35.16
35.28
35.16
35.16
34.8
33.12
33.12
33.12
33.24
33.12
33.12
33.12
33.12
33.24
32.28
28.68
28.68
28.68
28.68
28.68
28.56
28.68
28.68
28.68
30.6
42.0
42.0
42.0
42.0
42.0
42.0
42.0
42.0
42.0
44.16
56.76
56.76
56.76
56.76
56.76
56.76
56.76
56.76
56.76
54.36
42.36
42.48
42.36
42.48
42.36
42.48
42.36
42.36
42.48
42.24
42.0
41.88
42.0
41.88
42.0
41.88
41.88
42.0
41.88
40.44
32.52
32.52
32.52
32.52
32.64
32.52
32.52
32.52
32.52
32.64
32.88
33.0
33.0
33.0
32.88
33.0
33.0
32.88
33.0
36.12
56.04
56.04
56.04
56.04
56.04
56.04
56.04
56.16
56.04
55.68
54.96
54.84
54.84
54.84
54.84
54.84
54.84
54.84
54.96
55.2
58.08
57.96
57.96
58.08
57.96
58.08
57.96
57.96
58.08
55.2
39.0
38.88
39.0
39.0
39.0
38.88
39.0
39.0
39.0
37.56
30.24
30.12
30.12
30.24
30.12
30.12
30.24
30.12
30.12
33.84
54.72
54.72
54.72
54.72
54.72
54.84
54.72
54.72
54.72
54.48
53.04
53.04
53.04
53.04
53.04
53.16
53.04
53.04
53.04
52.92
53.28
53.16
53.16
53.16
53.16
53.28
53.16
53.16
53.16
50.4
37.32
37.2
37.32
37.2
37.32
37.2
37.32
37.2
37.32
36.12
31.2
31.32
31.2
31.2
31.2
31.32
31.2
31.2
31.2
34.8
55.2
55.32
55.32
55.32
55.2
55.32
55.32
55.32
55.2
55.08
54.12
54.24
54.12
54.12
54.24
54.12
54.24
54.12
54.24
54.0
54.24
54.24
54.24
54.24
54.24
54.24
54.24
54.24
54.36
52.44
45.36
45.36
45.24
45.36
45.36
45.24
45.36
45.24
45.36
42.48
30.72
30.6
30.72
30.6
30.72
30.72
30.6
30.72
30.6
34.92
53.16
53.04
53.16
53.16
53.16
53.16
53.16
53.16
53.16
53.04
52.92
53.04
52.92
53.04
53.04
52.92
53.04
52.92
53.04
53.04
53.64
53.76
53.64
53.64
53.64
53.76
53.64
53.64
53.76
51.48
43.68
43.56
43.68
43.56
43.56
43.68
43.56
43.68
43.56
41.88
35.4
35.4
35.28
35.4
35.4
35.28
35.4
35.4
35.28
37.2
45.48
45.48
45.36
45.48
45.48
45.36
45.48
45.48
45.36
47.28
54.6
54.6
54.72
54.6
54.6
54.72
54.6
54.72
54.6
54.48
54.36
54.36
54.24
54.36
54.36
54.36
54.24
54.36
54.36
51.48
41.64
41.76
41.64
41.64
41.64
41.64
41.64
41.64
41.64
40.44
36.0
36.0
36.0
36.0
36.0
36.0
36.0
36.0
36.0
38.28
46.68
46.68
46.68
46.68
46.56
46.68
46.68
46.68
46.68
48.6
55.68
55.8
55.68
55.8
55.8
55.68
55.8
55.68
55.8
55.08
53.28
53.16
53.28
53.28
53.16
53.28
53.28
53.16
53.28
50.88
43.32
43.44
43.44
43.32
43.44
43.44
43.32
43.44
43.44
42.24
39.0
38.88
38.88
38.88
39.0
38.88
38.88
38.88
39.0
41.16
49.32
49.32
49.32
49.32
49.44
49.32
49.32
49.32
49.32
51.12
57.24
57.12
57.24
57.24
57.24
57.24
57.12
57.24
57.24
56.76
55.92
56.04
55.92
55.92
56.04
55.92
55.92
56.04
55.92
54.0
48.6
48.6
48.6
48.6
48.6
48.6
48.6
48.72
48.6
43.44
29.88
29.88
29.88
29.88
29.88
29.88
29.88
29.88
29.88
30.6
32.88
32.88
33.0
32.88
32.88
33.0
32.88
32.88
32.88
37.56
50.76
50.88
50.88
50.88
50.88
50.76
50.88
50.88
50.88
52.44
56.88
57.0
57.0
57.0
56.88
57.0
57.0
56.88
57.0
56.28
54.6
54.48
54.48
54.6
54.48
54.48
54.6
54.48
54.6
49.92
37.8
37.92
37.92
37.92
37.8
37.92
37.92
37.8
37.92
36.72
33.36
33.36
33.36
33.48
33.36
33.36
33.36
33.48
33.36
39.24
55.8
55.92
55.92
55.92
55.92
55.92
55.92
55.8
55.92
55.68
55.56
55.44
55.56
55.44
55.44
55.56
55.44
55.44
55.56
55.56
56.52
56.4
56.4
56.4
56.52
56.4
56.4
56.4
56.4
52.8
43.2
43.08
43.08
43.08
43.08
43.08
43.2
43.08
43.08
39.96
31.8
31.68
31.8
31.8
31.8
31.8
31.8
31.8
31.8
35.76
46.32
46.32
46.32
46.32
46.32
46.32
46.32
46.32
46.32
48.72
54.96
54.96
54.84
54.96
54.96
54.84
54.96
54.84
54.96
54.84
54.6
54.6
54.72
54.6
54.6
54.72
54.6
54.72
54.6
52.68
48.12
48.0
48.12
48.12
48.12
48.12
48.12
48.12
48.12
37.56
13.56
13.56
13.56
13.44
13.56
13.56
13.56
13.56
27.0
30.6
30.72
30.72
30.72
30.72
30.72
30.72
30.72
30.6
48.48
53.16
53.28
53.16
53.28
53.16
53.28
53.16
53.28
53.16
55.08
55.68
55.68
55.68
55.68
55.68
55.68
55.68
55.68
55.56
53.16
52.44
52.56
52.56
52.56
52.44
52.56
52.56
52.44
52.56
36.0
32.16
32.16
32.16
32.16
32.16
32.28
32.16
32.16
32.16
44.04
46.92
46.92
46.92
47.04
46.92
46.92
47.04
46.92
46.92
56.88
59.16
59.04
59.16
59.16
59.16
59.16
59.16
59.04
59.16
