13.2
13.2
13.2
13.2
62.88
64.92
64.92
65.04
64.92
64.92
64.92
64.92
64.92
65.04
62.76
62.76
62.76
62.76
62.88
62.76
62.76
62.76
62.76
62.88
58.32
58.2
58.2
58.2
58.2
58.2
58.2
58.2
58.2
58.2
56.52
56.52
56.4
56.52
56.52
56.4
56.52
56.52
56.4
56.52
55.08
55.08
55.2
55.08
55.08
55.08
55.08
55.08
55.08
55.08
47.52
47.28
47.16
47.28
47.16
47.16
47.28
47.16
47.28
47.16
44.64
44.64
44.52
44.64
44.64
44.52
44.64
44.52
44.64
44.64
34.08
33.84
33.84
33.84
33.84
33.72
33.84
33.84
33.84
33.84
60.24
61.44
61.44
61.44
61.44
61.32
61.44
61.44
61.44
61.44
52.56
52.44
52.32
52.44
52.32
52.44
52.32
52.32
52.44
52.32
37.92
37.2
37.32
37.2
37.32
37.2
37.32
37.2
37.32
37.2
27.72
27.48
27.48
27.48
27.48
27.36
27.48
27.48
27.48
27.48
25.2
25.32
25.2
25.2
25.32
25.2
25.2
25.32
25.2
25.2
52.44
53.64
53.64
53.64
53.52
53.64
53.64
53.64
53.64
53.52
40.2
39.72
39.72
39.6
39.72
39.72
39.72
39.72
39.6
39.72
38.4
38.4
38.52
38.4
38.4
38.4
38.52
38.4
38.4
38.52
39.72
40.08
39.96
39.96
39.96
40.08
39.96
39.96
39.96
39.96
23.76
23.16
23.04
23.16
46.56
51.84
51.96
51.84
51.84
51.96
51.84
51.84
51.96
51.84
42.36
40.32
40.32
40.32
40.44
40.32
40.32
40.32
40.32
40.32
39.48
39.36
39.36
39.36
39.36
39.36
39.36
39.36
39.36
39.36
37.32
36.84
36.96
36.96
36.84
36.96
36.96
36.84
36.96
36.96
33.6
32.88
32.88
33.0
32.88
33.0
32.88
32.88
33.0
32.88
22.32
20.04
20.04
19.92
49.2
58.56
58.44
58.56
58.44
58.56
58.44
58.56
58.44
58.56
41.64
36.24
36.36
36.36
36.36
36.36
36.36
36.24
36.36
36.36
38.76
39.48
39.48
39.48
39.48
39.48
39.48
39.48
39.48
39.48
33.0
31.08
31.08
31.08
31.08
31.08
31.08
30.96
31.08
31.08
30.96
31.2
31.08
31.08
31.08
31.08
31.08
31.08
31.2
31.08
43.92
48.0
48.12
48.0
48.0
48.12
48.0
48.0
48.12
48.0
38.04
35.04
34.92
35.04
34.92
35.04
34.92
35.04
34.92
35.04
35.52
35.76
35.76
35.76
35.76
35.76
35.76
35.76
35.88
35.76
32.16
31.2
31.2
31.2
31.2
31.2
31.2
31.2
31.2
31.2
28.56
27.84
27.84
27.72
27.84
27.72
27.84
27.72
27.84
27.72
36.48
39.24
39.24
39.24
39.36
39.24
39.24
39.24
39.24
39.24
31.2
28.68
28.68
28.68
28.68
28.56
28.68
28.68
28.68
28.68
29.28
29.52
29.52
29.52
29.52
29.64
29.52
29.52
29.52
29.64
23.64
21.84
21.84
21.84
32.04
36.84
36.84
36.72
36.84
36.84
36.84
36.72
36.84
36.84
51.12
57.6
57.6
57.6
57.6
57.6
57.48
57.6
57.6
57.6
49.8
46.32
46.32
46.32
46.32
46.32
46.32
46.32
46.32
46.32
41.52
39.6
39.6
39.6
39.72
39.6
39.6
39.6
39.6
39.6
45.72
48.72
48.72
48.6
48.72
48.72
48.72
48.6
48.72
48.72
54.24
56.88
57.0
56.88
57.0
56.88
57.0
57.0
56.88
57.0
57.0
57.24
57.24
57.12
57.24
57.24
57.12
57.24
57.24
57.12
52.44
50.28
50.28
50.28
50.28
50.28
50.4
50.28
50.28
50.28
39.12
34.08
34.08
34.08
34.08
34.2
34.08
34.08
34.08
34.08
42.84
46.8
46.8
46.8
46.68
46.8
46.8
46.8
46.68
46.8
35.52
30.6
30.6
30.6
30.48
30.6
30.6
30.6
30.48
30.6
32.52
33.6
33.6
33.48
33.6
33.6
33.48
33.6
33.48
33.6
54.72
64.2
64.08
64.2
64.2
64.2
64.2
64.2
64.2
64.2
63.12
62.76
62.76
62.76
62.76
62.76
62.76
62.76
62.76
62.76
61.2
60.6
60.6
60.6
60.6
60.6
60.6
60.48
60.6
60.6
42.36
34.2
34.2
34.2
34.32
34.2
34.2
34.2
34.2
34.2
34.8
35.28
35.28
35.28
35.28
35.16
35.28
35.28
35.28
35.28
50.16
57.12
57.0
57.0
57.12
57.0
57.0
57.0
57.12
57.0
60.96
62.76
62.88
62.88
62.76
62.88
62.76
62.88
62.88
62.76
60.72
59.64
59.64
59.64
59.64
59.64
59.76
59.64
59.64
59.64
37.44
27.48
27.48
27.6
27.48
27.48
27.6
27.48
27.48
27.6
31.44
33.48
33.36
33.36
33.36
33.48
33.36
33.36
33.36
33.48
49.56
56.88
56.88
56.88
57.0
56.88
56.88
56.88
57.0
56.88
62.88
65.64
65.64
65.64
65.64
65.64
65.64
65.64
65.64
65.52
60.96
58.8
58.92
58.8
58.92
58.8
58.8
58.92
58.8
58.92
39.0
30.12
30.12
30.12
30.24
30.12
30.12
30.12
30.12
30.24
30.48
30.84
30.96
30.84
30.96
30.84
30.84
30.96
30.84
30.96
53.04
63.24
63.24
63.24
63.12
63.24
63.24
63.24
63.24
63.24
58.8
57.0
57.0
57.0
57.0
57.0
57.0
57.0
57.0
57.0
58.92
59.88
60.0
59.88
60.0
59.88
59.88
60.0
59.88
60.0
43.92
36.96
36.96
36.96
36.96
36.96
36.96
36.96
36.96
36.96
36.48
36.24
36.24
36.24
36.24
36.24
36.24
36.24
36.24
36.24
52.08
59.28
59.28
59.28
59.28
59.4
59.28
59.28
59.28
59.28
61.2
62.16
62.04
62.16
62.16
62.16
62.16
62.16
62.16
62.04
62.04
61.92
62.04
61.92
61.92
62.04
61.92
62.04
61.92
61.92
40.56
30.96
30.96
30.96
30.96
30.96
31.08
30.96
30.96
30.96
32.04
32.64
32.64
32.64
32.64
32.64
32.64
32.64
32.64
32.64
46.2
52.32
52.44
52.44
52.32
52.44
52.44
52.32
52.44
52.32
61.92
66.24
66.12
66.24
66.12
66.24
66.24
66.12
66.24
66.12
63.96
63.0
63.12
63.0
63.12
63.0
63.0
63.12
63.0
63.0
44.52
36.36
36.36
36.36
36.36
36.24
36.36
36.36
36.36
36.36
33.72
32.64
32.64
32.64
32.64
32.64
32.64
32.64
32.64
32.64
47.64
54.6
54.6
54.48
54.6
54.48
54.6
54.6
54.48
54.6
59.04
61.08
61.08
61.08
61.08
61.08
61.2
61.08
61.08
61.08
60.96
60.84
60.96
60.84
60.96
60.84
60.96
60.84
60.96
60.84
52.56
48.84
48.84
48.96
48.84
48.96
48.84
48.96
48.84
48.84
20.28
7.44
7.44
7.44
20.16
27.12
27.0
27.12
27.12
27.0
27.12
27.0
27.12
27.12
47.88
59.28
59.28
59.28
59.16
59.28
59.28
59.16
59.28
59.28
62.76
64.56
64.56
64.68
64.56
64.68
64.56
64.68
64.56
64.68
51.96
45.24
45.24
45.24
45.24
45.24
45.24
45.24
45.24
45.36
42.6
41.4
41.28
41.28
41.4
41.28
41.28
41.4
41.28
41.28
49.08
53.4
53.4
53.28
53.4
53.28
53.4
53.28
53.4
53.28
60.6
64.44
64.44
64.44
64.44
64.44
64.44
64.44
64.56
64.44
62.64
61.68
61.68
61.68
61.68
61.68
61.68
61.68
61.68
61.68
52.44
47.4
47.52
47.52
47.4
47.52
47.52
47.4
47.52
47.52
36.48
30.6
30.6
30.72
30.6
30.72
30.6
30.72
30.6
30.72
35.16
37.68
37.68
37.8
37.68
37.68
37.8
37.68
37.68
37.68
50.4
57.48
57.36
57.48
57.36
57.48
57.36
57.36
57.48
57.36
59.64
60.96
60.96
60.84
60.96
60.96
60.84
60.96
60.96
60.84
53.28
49.2
49.32
49.2
49.2
49.32
49.2
49.2
49.2
49.32
31.92
22.68
22.8
22.8
42.12
54.72
54.72
54.84
54.72
54.72
54.84
54.72
54.72
54.72
55.32
55.8
55.8
55.68
55.8
55.8
55.8
55.68
55.8
55.8
56.52
57.12
57.24
57.12
57.12
57.24
57.12
57.12
57.12
57.24
52.32
49.56
49.44
49.56
49.56
49.44
49.56
49.44
49.56
49.56
42.84
38.52
38.52
38.64
38.52
38.64
38.52
38.52
38.64
38.52
36.96
36.0
36.12
36.0
36.12
36.0
36.12
36.0
36.12
36.0
49.56
58.32
58.2
58.2
58.2
58.2
58.2
58.2
58.2
58.2
57.96
57.72
57.72
57.6
57.72
57.72
57.72
57.72
57.72
57.72
47.28
40.68
40.68
40.8
40.68
40.68
40.8
40.68
40.68
40.8
32.04
26.52
26.64
26.64
26.52
26.64
26.64
26.52
26.64
26.64
40.44
49.44
49.44
49.44
49.32
49.44
49.44
49.44
49.44
49.44
55.32
59.16
59.16
59.04
59.16
59.16
59.16
59.04
59.16
59.16
57.6
56.64
56.76
56.64
56.76
56.64
56.76
56.64
56.76
56.64
49.56
45.24
45.24
45.24
45.24
45.24
45.12
45.24
45.24
45.24
35.88
29.88
30.0
29.88
30.0
30.0
29.88
30.0
29.88
30.0
45.6
55.68
55.8
55.8
55.68
55.8
55.68
55.8
55.68
55.8
56.52
57.0
57.12
57.0
57.12
57.12
57.0
57.12
57.12
57.0
57.96
58.56
58.56
58.56
58.56
58.56
58.56
58.56
58.56
58.56
54.0
51.12
51.24
51.24
51.12
51.24
51.24
51.12
51.24
51.24
40.2
33.36
33.48
33.36
33.36
33.48
33.36
33.36
33.36
33.48
32.04
31.32
31.44
31.32
31.44
31.32
31.44
31.32
31.44
31.32
49.2
60.6
60.6
60.6
60.6
60.6
60.6
60.6
60.6
60.6
58.68
57.48
57.48
57.48
57.48
57.48
57.48
57.48
57.6
57.48
54.0
51.96
52.08
51.96
52.08
52.08
51.96
52.08
51.96
52.08
43.44
38.16
38.16
38.04
38.16
38.16
38.16
38.04
38.16
38.16
41.4
43.56
43.56
43.56
43.44
43.56
43.56
43.56
43.56
43.56
53.28
59.64
59.52
59.64
59.52
59.64
59.52
59.52
59.64
59.52
58.92
58.56
58.56
58.68
58.56
58.56
58.56
58.56
58.56
58.56
41.76
31.08
31.08
31.08
31.08
31.08
31.08
31.08
31.08
31.08
33.84
35.76
35.76
35.76
35.64
35.76
35.76
35.76
35.76
35.64
43.92
49.08
49.08
49.2
49.08
49.08
49.08
49.08
49.2
49.08
55.92
60.48
60.48
60.48
60.48
60.48
60.48
60.48
60.36
60.48
63.36
65.04
65.16
65.16
65.16
65.16
65.16
65.16
65.04
65.16
57.48
52.44
52.56
52.56
52.56
52.56
52.56
52.56
52.44
52.56
48.0
45.0
45.12
45.12
45.12
45.12
45.0
45.12
45.12
45.12
37.2
32.4
32.4
32.4
32.4
32.52
32.4
32.4
32.4
32.4
46.8
56.16
56.04
56.16
56.16
56.16
56.04
56.16
56.16
56.16
58.2
59.52
59.64
59.64
59.64
59.64
59.64
59.52
59.64
59.64
55.68
53.4
53.28
53.28
53.28
53.4
53.28
53.28
53.28
53.28
44.52
39.0
38.88
38.88
38.88
39.0
38.88
38.88
39.0
38.88
35.76
33.96
33.96
34.08
33.96
33.96
33.96
33.96
33.96
33.96
32.28
31.08
31.2
31.2
31.08
31.2
31.2
31.08
31.2
31.08
29.04
27.72
27.72
27.72
27.72
27.6
27.72
27.72
27.72
27.72
32.4
35.52
35.52
35.52
35.52
35.52
35.52
35.52
35.52
35.52
38.04
39.84
39.96
39.84
39.84
39.84
39.84
39.84
39.96
39.84
48.12
53.64
53.52
53.64
53.52
53.64
53.64
53.52
53.64
53.52
58.56
61.56
61.56
61.56
61.56
61.68
61.56
61.56
61.56
61.68
61.92
62.16
62.28
62.16
62.28
62.28
62.16
62.28
62.16
62.28
56.64
53.28
53.28
53.16
53.28
53.28
53.28
53.16
53.28
53.28
42.96
36.6
36.48
36.6
36.48
36.48
36.6
36.48
36.6
36.48
33.36
31.44
31.44
31.44
31.44
31.44
31.32
31.44
31.44
31.44
49.44
61.08
60.96
61.08
61.08
60.96
61.08
61.08
61.08
60.96
64.92
67.44
67.44
67.32
67.44
67.44
67.32
67.44
67.44
67.32
63.36
60.96
60.96
60.96
60.96
60.96
60.96
60.96
60.96
60.96
40.8
27.72
27.72
27.72
27.84
27.72
27.72
27.84
27.72
27.72
33.36
37.08
37.2
37.08
37.08
37.08
37.08
37.2
37.08
37.08
51.48
60.72
60.6
60.72
60.72
60.72
60.6
60.72
60.72
60.6
61.68
62.16
62.28
62.16
62.28
62.28
62.16
62.28
62.16
62.28
61.08
60.6
60.48
60.6
60.6
60.48
60.6
60.48
60.6
60.6
47.28
39.0
38.88
39.0
39.0
39.0
39.0
39.0
39.0
39.0
37.92
37.44
37.44
37.32
37.44
37.44
37.44
37.44
37.44
37.44
51.0
60.0
59.88
59.88
60.0
59.88
60.0
59.88
60.0
59.88
60.36
60.6
60.6
60.6
60.6
60.6
60.6
60.6
60.6
60.6
59.28
58.32
58.44
58.44
58.44
58.44
58.44
58.44
58.44
58.44
40.92
29.64
29.76
29.76
29.64
29.76
29.64
29.76
29.76
29.64
39.6
45.96
45.96
46.08
45.96
45.96
45.96
45.96
45.96
45.96
56.52
63.24
63.36
63.24
63.24
63.36
63.24
63.24
63.24
63.36
55.56
51.0
50.88
51.0
50.88
51.0
50.88
51.0
50.88
51.0
58.32
63.36
63.24
63.36
63.24
63.24
63.36
63.24
63.36
63.24
48.6
39.36
39.36
39.24
39.36
39.24
39.36
39.36
39.24
39.36
37.56
36.48
36.48
36.48
36.48
36.48
36.48
36.48
36.48
36.36
22.92
14.4
14.4
14.28
40.32
59.76
59.76
59.88
59.76
59.76
59.88
59.76
59.76
59.88
61.68
63.24
63.24
63.36
63.24
63.24
63.24
63.24
63.24
63.36
43.8
29.4
29.52
29.4
29.4
29.4
29.4
29.52
29.4
29.4
39.84
47.88
48.0
47.88
48.0
47.88
47.88
48.0
47.88
47.88
56.04
62.16
62.16
62.28
62.16
62.16
62.28
62.16
62.16
62.16
60.0
58.44
58.32
58.44
58.44
58.32
58.44
58.44
58.32
58.44
58.56
58.92
58.92
58.92
58.92
58.92
58.92
58.92
58.92
58.92
49.56
42.6
42.6
42.6
42.6
42.6
42.6
42.6
42.6
42.72
40.08
38.4
38.4
38.52
38.4
38.4
38.4
38.4
38.4
38.52
46.32
52.68
52.56
52.56
52.56
52.68
52.56
52.56
52.56
52.68
48.72
46.08
45.96
46.08
45.96
46.08
45.96
46.08
46.08
45.96
55.32
62.4
62.4
62.4
62.52
62.4
62.4
62.4
62.4
62.4
58.2
55.08
55.08
55.08
55.08
55.08
55.08
55.08
55.08
55.08
38.52
26.16
26.16
26.28
26.16
26.16
26.16
26.16
26.28
26.16
25.32
24.84
24.72
24.84
24.84
24.72
24.84
24.72
24.84
24.72
39.84
51.24
51.12
51.24
51.24
51.24
51.24
51.12
51.24
51.24
57.24
61.92
61.8
61.92
61.92
61.8
61.92
61.8
61.92
61.8
55.68
51.12
51.24
51.12
51.12
51.12
51.12
51.12
51.12
51.12
45.48
41.04
41.16
41.16
41.16
41.04
41.16
41.16
41.04
41.16
32.88
26.88
26.88
26.88
26.88
26.88
26.88
26.88
26.88
26.88
19.8
14.64
14.64
14.64
20.64
26.28
26.28
26.28
26.28
26.16
26.28
26.28
26.28
26.28
39.12
50.88
50.88
51.0
50.88
50.88
50.88
50.88
50.88
50.88
52.08
53.4
53.4
53.4
53.4
53.4
53.4
53.4
53.4
53.4
48.72
44.76
44.64
44.76
44.64
44.76
44.64
44.76
44.76
44.64
45.36
45.96
46.08
46.08
45.96
46.08
46.08
45.96
46.08
46.08
43.08
40.8
40.68
40.8
40.68
40.8
40.68
40.68
40.8
40.68
48.72
55.68
55.68
55.8
55.68
55.68
55.8
55.68
55.68
55.8
56.64
57.48
57.6
57.48
57.6
57.6
57.48
57.6
57.48
57.6
56.64
56.04
56.16
56.04
56.04
56.16
56.04
56.04
56.04
56.16
49.32
43.68
43.68
43.68
43.68
43.68
43.68
43.56
43.68
43.68
37.68
32.52
32.4
32.52
32.52
32.52
32.4
32.52
32.52
32.52
40.56
47.76
47.76
47.88
47.76
47.88
47.76
47.76
47.88
47.76
47.64
47.52
47.52
47.52
47.52
47.52
47.52
47.52
47.52
47.52
48.24
49.08
48.96
49.08
48.96
49.08
48.96
49.08
48.96
49.08
40.44
33.0
33.0
33.0
33.0
33.0
33.0
33.0
33.0
33.0
44.88
55.44
55.56
55.44
55.56
55.44
55.56
55.44
55.56
55.44
57.36
59.16
59.16
59.16
59.16
59.16
59.16
59.16
59.16
59.16
59.28
59.64
59.52
59.52
59.52
59.52
59.52
59.64
59.52
59.52
45.0
32.4
32.28
32.4
32.28
32.4
32.28
32.4
32.28
32.4
27.12
22.56
22.56
22.56
38.52
57.36
57.48
57.36
57.48
57.36
57.36
57.48
57.36
57.48
56.64
55.8
55.8
55.92
55.8
55.92
55.8
55.92
55.8
55.92
58.44
61.92
61.8
61.8
61.8
61.8
61.8
61.92
61.8
61.8
45.84
27.24
27.36
27.24
27.24
27.36
27.24
27.24
27.36
27.24
35.28
44.76
44.88
44.76
44.76
44.76
44.76
44.76
44.88
44.76
42.0
38.88
39.0
38.88
39.0
38.88
39.0
38.88
39.0
38.88
35.76
31.8
31.92
31.8
31.8
31.92
31.8
31.92
31.8
31.92
26.64
20.76
20.76
20.76
22.68
25.56
25.44
25.56
25.56
25.56
25.44
25.56
25.56
25.56
29.4
35.4
35.4
35.28
35.4
35.28
35.4
35.4
35.28
35.4
40.32
47.76
47.64
47.64
47.76
47.64
47.64
47.64
47.76
47.64
45.96
43.8
43.8
43.68
43.8
43.8
43.8
43.68
43.8
43.8
45.12
47.28
47.16
47.28
47.28
47.16
47.28
47.16
47.28
47.28
41.28
32.88
32.88
32.88
33.0
32.88
32.88
32.88
32.88
33.0
39.12
48.36
48.36
48.48
48.36
48.36
48.48
48.36
48.36
48.48
51.84
57.12
57.0
57.0
57.12
57.0
57.0
57.12
57.0
57.0
53.04
47.4
47.28
47.4
47.28
47.4
47.28
47.4
47.28
47.4
47.16
47.04
47.16
47.04
47.04
47.04
47.04
47.16
47.04
47.04
38.28
25.92
26.04
25.92
25.92
25.92
25.92
26.04
25.92
25.92
34.08
45.96
45.84
45.96
45.96
45.84
45.96
45.84
45.96
45.84
51.24
58.8
58.92
58.92
58.92
58.8
58.92
58.92
58.92
58.92
43.44
21.48
21.36
21.48
32.88
53.28
53.4
53.4
53.28
53.4
53.28
53.4
53.4
53.28
43.56
26.4
26.28
26.28
26.28
26.4
26.28
26.28
26.4
26.28
27.36
29.64
29.52
29.64
29.64
29.52
29.64
29.52
29.64
29.52
39.48
57.24
57.24
57.24
57.24
57.12
57.24
57.24
57.24
57.24
58.32
60.48
60.48
60.48
60.48
60.48
60.48
60.48
60.48
60.48
61.68
63.84
63.84
63.84
63.84
63.84
63.84
63.84
63.84
63.84
55.2
40.08
40.08
40.08
40.08
40.08
40.08
40.08
40.08
40.08
37.2
32.16
32.16
32.16
32.16
32.16
32.16
32.16
32.16
32.16
42.12
60.0
60.0
60.0
60.0
60.0
60.0
60.0
60.0
60.0
55.68
48.24
48.36
48.36
48.36
48.36
48.24
48.36
48.36
48.36
51.72
57.6
57.72
57.72
57.72
57.6
57.72
57.72
57.72
57.6
50.4
37.44
37.44
37.56
37.44
37.44
37.44
37.44
37.56
37.44
34.56
29.52
29.64
29.52
29.52
29.64
29.52
29.52
29.64
29.52
40.56
60.24
60.12
60.24
60.24
60.12
60.24
60.24
60.12
60.24
57.72
53.64
53.64
53.64
53.52
53.64
53.64
53.64
53.52
53.64
47.04
35.52
35.52
35.52
35.52
35.52
35.52
35.52
35.52
35.52
32.76
27.6
27.72
27.72
27.6
27.72
27.72
27.6
27.72
27.72
27.48
27.72
27.6
27.6
27.72
27.6
27.72
27.6
27.6
27.72
25.56
22.08
22.08
22.08
24.12
28.92
28.8
28.92
28.8
28.8
28.92
28.8
28.92
28.8
26.88
23.28
23.28
23.28
23.76
27.36
27.24
27.36
27.24
27.36
27.24
27.36
27.24
27.36
27.24
27.84
27.72
27.84
27.72
27.84
27.72
27.84
27.72
27.84
28.2
30.48
30.36
30.48
30.36
30.36
30.48
30.36
30.48
30.36
29.76
26.76
26.88
26.88
26.76
26.88
26.88
26.88
26.76
26.88
25.92
22.2
22.2
22.2
22.2
23.04
23.16
23.04
24.6
44.88
45.0
45.0
44.88
45.0
44.88
45.0
45.0
44.88
44.04
31.32
31.32
31.32
31.44
31.32
31.32
31.32
31.32
31.32
31.08
27.96
27.96
27.96
27.96
27.96
27.96
27.96
27.96
27.96
27.48
21.12
21.12
21.12
21.0
23.28
23.28
23.28
23.28
46.8
48.36
48.48
48.36
48.48
48.36
48.48
48.36
48.36
48.48
58.44
59.16
59.16
59.16
59.16
59.28
59.16
59.16
59.16
59.16
51.12
50.52
50.52
50.52
50.64
50.52
50.52
50.52
50.64
50.52
34.8
33.72
33.84
33.84
33.84
33.84
33.84
33.84
33.84
33.84
26.04
25.56
25.56
25.56
25.56
25.56
25.56
25.56
25.56
25.56
4.44
3.12
3.12
3.12
24.72
27.36
27.24
27.36
27.24
27.36
27.24
27.24
27.36
27.24
48.0
50.4
50.4
50.4
50.4
50.4
50.4
50.4
50.4
50.28
17.52
13.92
13.8
13.92
31.32
34.32
34.32
34.32
34.32
34.2
34.32
34.32
34.32
34.32
28.68
27.84
27.84
27.84
27.84
27.96
27.84
27.84
27.84
27.84
22.08
21.12
21.24
21.24
19.68
19.44
19.56
19.44
15.12
13.92
13.92
13.92
17.88
19.56
19.56
19.44
15.84
14.16
14.16
14.16
19.56
22.68
22.8
22.68
22.92
23.28
23.28
23.28
26.64
31.44
31.32
31.44
31.44
31.32
31.44
31.44
31.32
31.44
29.16
26.4
26.4
26.4
26.4
26.4
26.4
26.52
26.4
26.4
28.92
32.4
32.4
32.52
32.4
32.4
32.4
32.52
32.4
32.4
33.12
34.32
34.32
34.2
34.32
34.2
34.32
34.32
34.2
34.32
31.8
28.44
28.44
28.44
28.56
28.44
28.44
28.56
28.44
28.44
24.72
19.56
19.68
19.56
20.16
21.12
21.24
21.24
19.8
17.64
17.64
17.64
22.92
35.28
35.28
35.28
35.28
35.16
35.28
35.28
35.28
35.28
34.68
33.6
33.48
33.48
33.6
33.48
33.6
33.48
33.48
33.6
33.84
35.04
34.92
35.04
34.92
35.04
34.92
35.04
34.92
35.04
34.92
34.92
34.8
34.92
34.92
34.92
34.92
34.8
34.92
34.92
34.92
35.4
35.4
35.4
35.4
35.4
35.28
35.4
35.4
35.4
36.72
39.84
39.72
39.84
39.84
39.84
39.72
39.84
39.84
39.84
38.88
36.96
36.84
36.96
36.96
36.84
36.96
36.96
36.96
36.84
37.2
37.8
37.8
37.8
37.92
37.8
37.8
37.8
37.8
37.8
33.84
24.6
24.6
24.6
24.6
24.6
24.6
24.6
24.6
24.6
26.28
30.12
30.24
30.12
30.24
30.12
30.24
30.12
30.24
30.12
31.2
33.72
33.84
33.72
33.72
33.84
33.72
33.72
33.72
33.84
31.56
26.88
26.76
26.76
26.76
26.76
26.76
26.76
26.76
26.76
27.84
30.12
30.12
30.12
30.12
30.24
30.12
30.12
30.12
30.12
29.76
28.92
29.04
28.92
29.04
28.92
29.04
28.92
29.04
28.92
31.2
36.6
36.6
36.48
36.6
36.6
36.6
36.6
36.48
36.6
34.68
30.36
30.36
30.48
30.36
30.36
30.48
30.36
30.36
30.48
28.92
26.04
25.92
26.04
25.92
26.04
25.92
26.04
25.92
25.92
25.56
24.6
24.6
24.6
24.6
24.72
24.6
24.6
24.6
24.6
24.24
23.64
23.52
23.64
22.92
17.4
17.4
17.52
18.48
39.96
39.96
39.96
39.96
39.84
39.96
39.96
39.96
39.96
39.84
38.76
38.88
38.88
38.76
38.88
38.88
38.76
38.88
38.88
38.88
41.16
41.16
41.16
41.16
41.04
41.16
41.16
41.16
41.16
41.28
44.4
44.52
44.4
44.4
44.4
44.52
44.4
44.4
44.4
43.68
30.24
30.24
30.24
30.24
30.24
30.24
30.24
30.24
30.24
31.92
62.76
62.88
62.88
62.88
62.76
62.88
62.88
62.76
62.88
62.64
59.04
59.16
59.04
59.04
59.04
59.04
59.16
59.04
59.04
59.4
65.4
65.28
65.4
65.4
65.4
65.28
65.4
65.4
65.4
64.32
48.0
47.88
48.0
47.88
48.0
47.88
48.0
47.88
48.0
48.24
55.68
55.8
55.8
55.8
55.8
55.68
55.8
55.8
55.8
54.36
29.04
29.16
29.16
29.16
29.04
29.16
29.16
29.16
29.04
30.0
46.2
46.2
46.2
46.2
46.32
46.2
46.2
46.2
46.2
46.8
59.76
59.64
59.76
59.64
59.76
59.76
59.64
59.76
59.64
59.88
62.64
62.76
62.76
62.76
62.76
62.64
62.76
62.76
62.76
62.28
57.36
57.24
57.36
57.24
57.36
57.24
57.36
57.24
57.24
57.12
53.04
53.16
53.16
53.16
53.04
53.16
53.16
53.16
53.04
52.2
34.8
34.92
34.8
34.8
34.8
34.92
34.8
34.8
34.92
34.44
31.2
31.2
31.2
31.2
31.2
31.2
31.2
31.2
31.2
32.64
62.28
62.28
62.28
62.16
62.28
62.28
62.16
62.28
62.28
61.08
42.48
42.48
42.6
42.48
42.48
42.48
42.48
42.48
42.6
42.12
36.84
36.96
36.84
36.96
36.84
36.84
36.96
36.84
36.96
36.24
25.92
25.92
25.92
25.92
25.92
25.8
25.92
25.92
25.92
26.76
43.68
43.8
43.68
43.8
43.68
43.8
43.8
43.68
43.8
42.84
27.96
27.84
27.96
27.84
27.96
27.84
27.96
27.84
27.96
27.72
26.4
26.4
26.28
26.4
26.28
26.4
26.28
26.4
26.28
26.04
20.28
20.28
20.28
20.4
34.68
34.92
35.04
34.92
34.92
35.04
34.92
34.92
35.04
34.92
52.08
52.44
52.32
52.44
52.32
52.32
52.44
52.32
52.32
52.44
55.44
55.56
55.56
55.56
55.56
55.56
55.56
55.56
55.56
55.56
54.72
54.72
54.72
54.84
54.72
54.72
54.72
54.72
54.72
54.72
48.12
48.12
48.12
48.0
48.12
48.12
48.0
48.12
48.12
48.0
33.48
33.36
33.48
33.36
33.36
33.48
33.36
33.36
33.48
33.36
25.2
25.2
25.08
25.2
25.2
25.08
25.2
25.2
25.08
25.2
38.52
38.64
38.76
38.64
38.64
38.76
38.64
38.76
38.64
38.76
20.16
19.92
20.04
20.04
33.0
33.72
33.72
33.72
33.72
33.72
33.84
33.72
33.72
33.72
29.4
29.16
29.28
29.16
29.28
29.16
29.28
29.16
29.16
29.28
38.04
38.64
38.64
38.64
38.64
38.64
38.64
38.52
38.64
38.64
27.12
26.52
26.52
26.52
26.52
26.64
26.52
26.52
26.52
26.52
27.84
27.84
27.96
27.96
27.96
27.84
27.96
27.96
27.96
27.84
31.44
31.68
31.68
31.56
31.68
31.68
31.68
31.56
31.68
31.68
29.04
28.92
28.92
29.04
28.92
28.92
29.04
28.92
28.92
29.04
21.96
21.6
21.72
21.6
16.32
15.84
15.84
15.72
19.08
19.8
19.8
19.8
18.36
18.24
18.12
18.24
21.72
23.16
23.16
23.16
29.76
35.16
35.04
35.16
35.04
35.16
35.16
35.04
35.16
35.04
33.24
32.04
31.92
32.04
31.92
32.04
32.04
31.92
32.04
31.92
30.12
28.8
28.68
28.8
28.68
28.8
28.68
28.8
28.8
28.68
24.96
22.08
22.2
22.08
20.28
18.72
18.72
18.6
16.56
14.28
14.16
14.28
20.04
28.32
28.2
28.32
28.2
28.32
28.2
28.32
28.2
28.2
28.32
28.44
28.44
28.44
28.56
28.44
28.44
28.44
28.44
28.44
27.96
27.36
27.36
27.36
27.36
27.36
27.36
27.36
27.36
27.36
24.48
20.64
20.64
20.64
21.0
21.6
21.72
21.6
21.24
20.4
20.4
20.4
18.72
13.08
13.2
13.08
18.84
45.0
45.12
45.0
45.0
45.12
45.0
45.12
45.0
45.0
42.12
28.68
28.8
28.8
28.8
28.8
28.68
28.8
28.8
28.8
28.8
29.64
29.52
29.64
29.52
29.64
29.64
29.52
29.64
29.52
28.68
24.24
24.36
24.24
24.36
24.24
24.24
24.36
24.24
24.36
24.24
24.6
24.6
24.6
24.48
24.6
24.6
24.6
24.6
24.48
22.92
15.48
15.36
15.48
16.08
20.52
20.4
20.4
21.36
31.92
31.8
31.8
31.8
31.8
31.8
31.92
31.8
31.8
31.56
30.24
30.24
30.24
30.24
30.12
30.24
30.24
30.24
30.24
30.24
31.8
31.8
31.8
31.8
31.8
31.8
31.8
31.8
31.8
31.68
30.72
30.72
30.84
30.72
30.84
30.72
30.84
30.72
30.72
30.48
27.84
27.96
27.84
27.84
27.84
27.84
27.84
27.84
27.84
28.2
32.52
32.52
32.52
32.52
32.52
32.52
32.52
32.52
32.52
31.8
24.84
24.84
24.84
24.84
24.84
24.84
24.84
24.84
24.84
24.96
26.04
26.04
26.04
26.04
26.04
26.16
26.04
26.04
26.04
26.28
29.88
29.88
29.88
29.88
29.88
29.88
29.88
29.88
29.88
29.52
26.64
26.52
26.52
26.52
26.64
26.52
26.52
26.52
26.52
27.12
33.12
33.12
33.12
33.12
33.0
33.12
33.12
33.12
33.12
33.12
34.2
34.2
34.2
34.32
34.2
34.2
34.2
34.2
34.2
34.2
34.68
34.68
34.68
34.68
34.56
34.68
34.68
34.68
34.68
34.56
35.64
35.64
35.64
35.64
35.64
35.64
35.52
35.64
35.64
34.56
24.12
24.24
24.12
24.24
24.12
24.24
24.12
24.24
24.12
25.44
37.56
37.56
37.68
37.56
37.56
37.68
37.56
37.56
37.56
37.08
31.92
31.92
31.92
31.92
31.92
31.92
31.92
31.92
31.92
31.8
31.92
31.8
31.92
31.8
31.92
31.8
31.92
31.92
31.8
31.92
32.04
32.04
32.04
32.04
32.16
32.04
32.04
32.04
32.04
31.92
29.28
29.4
29.4
29.4
29.4
29.4
29.4
29.28
29.4
29.64
32.88
32.88
32.88
32.88
32.88
32.76
32.88
32.88
32.88
32.52
30.24
30.12
30.24
30.24
30.12
30.24
30.12
30.24
30.24
30.24
31.2
31.2
31.32
31.2
31.2
31.2
31.2
31.32
31.2
31.2
31.68
31.68
31.56
31.68
31.68
31.56
31.68
31.68
31.56
31.44
30.12
30.12
30.12
30.12
30.12
30.12
30.12
30.12
30.12
30.36
32.4
32.4
32.4
32.4
32.4
32.4
32.4
32.4
32.4
32.04
29.16
29.04
29.04
29.16
29.04
29.04
29.16
29.04
29.04
28.92
27.84
27.72
27.84
27.72
27.84
27.72
27.84
27.72
27.84
27.6
27.0
27.12
27.12
27.0
27.12
27.12
27.0
27.12
27.12
27.0
27.36
27.36
27.24
27.36
27.36
27.36
27.24
27.36
27.36
27.12
26.4
26.4
26.4
26.28
26.4
26.4
26.4
26.28
26.4
26.28
26.28
26.4
26.28
26.28
26.28
26.28
26.4
26.28
26.28
26.28
27.12
27.24
27.12
27.24
27.12
27.12
27.24
27.12
27.24
26.88
24.48
24.48
24.48
24.48
24.48
24.48
24.48
24.48
24.48
24.24
22.08
22.2
22.08
22.08
24.36
24.48
24.36
24.48
24.36
24.48
24.36
24.36
24.48
24.36
24.12
24.12
24.12
24.12
24.12
24.12
24.12
24.12
24.12
24.0
24.0
23.88
24.0
23.88
