11.28
11.16
11.28
11.16
11.16
11.28
11.16
24.96
26.64
26.64
26.64
26.52
26.64
26.64
26.64
26.64
26.64
25.68
25.68
25.56
25.68
25.68
25.68
25.68
25.56
25.68
25.68
34.8
35.76
35.76
35.76
35.76
35.76
35.76
35.76
35.76
35.76
59.28
61.68
61.68
61.68
61.68
61.68
61.56
61.68
61.68
61.68
56.88
56.52
56.52
56.52
56.52
56.52
56.52
56.52
56.52
56.52
40.32
39.12
39.0
39.12
39.12
39.12
39.12
39.12
39.12
39.12
56.28
57.72
57.72
57.6
57.72
57.6
57.72
57.72
57.6
57.72
42.12
41.16
41.16
41.16
41.28
41.16
41.16
41.16
41.16
41.16
25.2
24.0
24.0
24.0
24.0
24.0
24.0
24.0
24.0
24.0
58.8
60.96
61.08
60.96
61.08
60.96
61.08
60.96
61.08
60.96
60.36
60.36
60.36
60.36
60.36
60.24
60.36
60.36
60.36
60.36
49.08
48.6
48.6
48.72
48.6
48.6
48.72
48.6
48.72
48.6
39.48
39.0
39.12
39.12
39.0
39.12
39.12
39.0
39.12
39.12
28.08
27.6
27.6
27.6
27.6
27.6
27.6
27.6
27.72
27.6
59.4
61.2
61.2
61.2
61.2
61.2
61.2
61.2
61.2
61.32
42.96
42.24
42.24
42.24
42.36
42.24
42.24
42.24
42.36
42.24
44.52
44.76
44.76
44.76
44.76
44.76
44.64
44.76
44.76
44.76
37.08
36.6
36.6
36.6
36.6
36.48
36.6
36.6
36.6
36.6
29.52
29.28
29.28
29.16
29.28
29.16
29.28
29.16
29.28
29.16
38.76
39.48
39.48
39.36
39.48
39.36
39.48
39.48
39.36
39.48
38.04
38.16
38.16
38.04
38.16
38.16
38.16
38.04
38.16
38.16
35.28
35.04
35.16
35.04
35.16
35.16
35.04
35.16
35.04
35.16
28.92
28.44
28.44
28.56
28.44
28.56
28.44
28.56
28.44
28.44
30.36
30.36
30.48
30.48
30.48
30.48
30.36
30.48
30.48
30.48
45.36
46.32
46.32
46.32
46.32
46.32
46.32
46.32
46.32
46.32
58.08
58.92
58.8
58.92
58.8
58.92
58.8
58.8
58.92
58.8
50.64
50.16
50.16
50.28
50.16
50.16
50.16
50.16
50.28
50.16
39.24
38.88
38.88
38.76
38.88
38.88
38.76
38.88
38.88
38.88
31.32
30.96
30.96
30.96
30.96
30.96
30.96
30.96
30.96
30.96
50.04
51.0
50.88
51.0
50.88
51.0
50.88
50.88
51.0
50.88
55.32
55.44
55.44
55.56
55.44
55.44
55.44
55.56
55.44
55.44
49.56
49.32
49.2
49.32
49.32
49.32
49.2
49.32
49.32
49.32
30.36
29.52
29.52
29.52
29.4
29.52
29.52
29.52
29.52
29.52
13.08
12.6
12.48
12.6
12.6
12.48
12.6
32.04
35.16
35.16
35.28
35.16
35.16
35.16
35.28
35.16
35.16
30.96
30.36
30.36
30.24
30.36
30.36
30.36
30.36
30.24
30.36
23.64
22.68
22.68
22.56
22.68
22.68
22.68
24.24
24.72
24.84
24.72
24.84
24.84
24.72
24.84
24.84
24.72
37.2
41.04
40.92
41.04
40.92
41.04
40.92
41.04
40.92
41.04
39.72
39.48
39.48
39.48
39.48
39.48
39.48
39.48
39.48
39.48
45.36
47.16
47.16
47.16
47.16
47.16
47.16
47.04
47.16
47.16
47.64
47.64
47.64
47.76
47.64
47.64
47.76
47.64
47.76
47.64
41.16
39.24
39.12
39.24
39.12
39.12
39.24
39.12
39.24
39.12
25.08
20.16
20.16
20.16
20.16
20.04
20.16
42.96
57.0
57.0
57.0
56.88
57.0
57.0
57.0
57.0
57.0
57.72
58.32
58.32
58.44
58.32
58.32
58.32
58.32
58.44
58.32
57.84
57.72
57.6
57.72
57.6
57.6
57.72
57.6
57.72
57.6
57.48
57.48
57.36
57.48
57.48
57.36
57.48
57.48
57.48
57.36
52.08
49.08
49.2
49.2
49.08
49.2
49.08
49.2
49.2
49.08
54.48
57.0
57.12
57.12
57.12
57.12
57.12
57.0
57.12
57.12
55.56
54.84
54.96
54.84
54.84
54.84
54.96
54.84
54.84
54.96
46.2
42.36
42.24
42.36
42.36
42.24
42.36
42.24
42.36
42.24
44.04
45.0
44.88
45.0
44.88
45.0
44.88
45.0
45.0
44.88
47.64
48.84
48.96
48.96
48.84
48.96
48.96
48.84
48.96
48.96
52.8
55.08
55.08
55.08
54.96
55.08
55.08
55.08
54.96
55.08
55.56
55.8
55.8
55.68
55.8
55.8
55.8
55.8
55.68
55.8
60.36
62.64
62.64
62.64
62.64
62.64
62.52
62.64
62.64
62.64
59.88
58.68
58.8
58.68
58.68
58.68
58.8
58.68
58.68
58.68
60.84
61.92
61.92
61.92
61.92
61.92
61.92
61.8
61.92
61.92
65.4
66.84
66.84
66.84
66.84
66.84
66.96
66.84
66.84
66.84
71.64
73.68
73.8
73.68
73.8
73.68
73.8
73.68
73.8
73.8
64.8
61.2
61.2
61.2
61.08
61.2
61.2
61.2
61.08
61.2
58.32
57.36
57.24
57.36
57.24
57.36
57.24
57.36
57.24
57.36
32.52
22.56
22.44
22.56
22.56
22.44
22.56
24.6
26.04
26.04
26.04
26.04
26.04
26.04
26.16
26.04
26.04
43.44
54.24
54.24
54.24
54.36
54.24
54.24
54.24
54.24
54.36
57.48
59.4
59.52
59.52
59.4
59.52
59.4
59.52
59.52
59.4
56.76
55.32
55.32
55.32
55.32
55.32
55.32
55.32
55.32
55.32
37.2
27.0
27.0
27.12
27.0
27.0
27.0
27.12
27.0
27.0
39.0
45.6
45.48
45.48
45.6
45.48
45.6
45.48
45.6
45.48
47.52
48.6
48.6
48.72
48.6
48.6
48.6
48.6
48.72
48.6
54.0
57.24
57.36
57.24
57.24
57.24
57.36
57.24
57.24
57.24
58.2
58.92
58.8
58.8
58.92
58.8
58.92
58.8
58.8
58.92
40.92
31.56
31.56
31.44
31.56
31.56
31.44
31.56
31.56
31.56
39.84
44.4
44.4
44.4
44.4
44.4
44.4
44.4
44.4
44.4
54.48
60.12
60.24
60.12
60.24
60.12
60.24
60.24
60.12
60.24
62.64
64.32
64.2
64.2
64.2
64.32
64.2
64.2
64.2
64.2
60.0
58.08
57.96
57.96
58.08
57.96
57.96
57.96
58.08
57.96
39.6
30.72
30.72
30.72
30.6
30.72
30.72
30.72
30.72
30.72
30.6
30.6
30.6
30.72
30.6
30.6
30.6
30.72
30.6
30.6
49.2
58.08
58.08
57.96
58.08
57.96
58.08
58.08
57.96
58.08
59.16
59.64
59.76
59.64
59.64
59.76
59.64
59.76
59.64
59.76
61.92
63.0
63.12
63.0
63.0
63.0
63.0
63.12
63.0
63.0
37.44
27.12
27.12
27.12
27.12
27.24
27.12
27.12
27.12
27.12
36.36
39.96
40.08
39.96
40.08
39.96
40.08
39.96
40.08
39.96
52.08
56.76
56.88
56.88
56.76
56.88
56.88
56.76
56.88
56.88
60.0
61.08
61.2
61.2
61.2
61.2
61.2
61.08
61.2
61.2
61.56
61.68
61.68
61.68
61.8
61.68
61.68
61.68
61.68
61.8
39.84
32.4
32.28
32.4
32.4
32.28
32.4
32.4
32.28
32.4
37.56
39.36
39.36
39.36
39.36
39.36
39.36
39.36
39.36
39.36
53.16
57.84
57.84
57.84
57.84
57.72
57.84
57.84
57.84
57.84
60.48
61.44
61.44
61.44
61.32
61.44
61.44
61.44
61.32
61.44
58.56
57.84
57.72
57.72
57.84
57.72
57.84
57.72
57.84
57.72
36.48
30.48
30.36
30.48
30.48
30.48
30.48
30.48
30.48
30.48
33.6
34.44
34.56
34.44
34.56
34.44
34.56
34.44
34.56
34.56
49.56
53.76
53.64
53.76
53.64
53.76
53.64
53.76
53.76
53.64
57.24
58.2
58.2
58.2
58.2
58.2
58.2
58.2
58.2
58.2
55.92
55.44
55.32
55.44
55.44
55.44
55.44
55.44
55.44
55.44
40.2
36.96
36.96
36.96
36.96
36.96
36.96
36.96
36.96
36.96
17.88
13.68
13.68
13.56
13.68
13.68
13.68
11.88
11.16
11.28
11.16
11.28
11.16
11.28
36.96
52.68
52.8
52.68
52.8
52.68
52.8
52.68
52.8
52.68
57.12
59.64
59.76
59.76
59.64
59.76
59.64
59.76
59.64
59.76
33.48
18.36
18.24
18.24
18.24
18.24
18.36
25.32
31.8
31.8
31.8
31.92
31.8
31.8
31.8
31.8
31.8
45.0
56.28
56.28
56.4
56.28
56.28
56.28
56.4
56.28
56.28
56.28
56.28
56.28
56.28
56.16
56.28
56.28
56.28
56.28
56.28
56.52
56.76
56.88
56.76
56.88
56.76
56.88
56.76
56.88
56.76
44.4
34.56
34.56
34.56
34.56
34.44
34.56
34.56
34.56
34.56
33.36
32.28
32.4
32.28
32.4
32.4
32.28
32.4
32.4
32.28
45.12
54.72
54.72
54.72
54.84
54.72
54.72
54.84
54.72
54.72
54.72
54.6
54.6
54.72
54.6
54.6
54.72
54.6
54.6
54.72
55.56
56.4
56.4
56.28
56.4
56.4
56.4
56.4
56.28
56.4
40.44
29.28
29.28
29.28
29.28
29.28
29.28
29.28
29.4
29.28
32.64
35.04
35.16
35.04
35.16
35.04
35.16
35.04
35.04
35.16
47.04
54.96
54.96
55.08
54.96
54.96
55.08
54.96
55.08
54.96
55.92
56.52
56.64
56.52
56.52
56.64
56.52
56.52
56.64
56.52
57.36
58.08
57.96
57.96
58.08
57.96
58.08
57.96
57.96
58.08
44.76
37.08
37.08
37.08
37.08
37.08
37.08
37.08
37.08
37.08
30.6
26.88
26.88
26.88
26.88
26.88
27.0
26.88
26.88
26.88
44.28
54.48
54.48
54.48
54.48
54.6
54.48
54.48
54.48
54.48
56.16
57.12
57.12
57.12
57.12
57.12
57.12
57.12
57.12
57.12
56.16
55.68
55.8
55.68
55.8
55.8
55.68
55.8
55.68
55.8
45.24
39.36
39.36
39.36
39.36
39.48
39.36
39.36
39.36
39.48
31.2
26.52
26.64
26.52
26.52
26.64
26.52
26.52
26.52
26.64
43.32
53.04
53.04
53.04
53.04
53.04
53.04
53.04
53.04
53.04
52.92
52.92
52.92
53.04
52.92
52.92
52.92
52.92
52.92
52.92
54.96
55.92
55.92
56.04
55.92
55.92
56.04
55.92
55.92
55.92
47.76
43.44
43.56
43.44
43.56
43.44
43.56
43.44
43.56
43.44
32.16
26.4
26.4
26.4
26.4
26.4
26.4
26.4
26.4
26.52
47.76
58.44
58.56
58.44
58.56
58.44
58.56
58.44
58.44
58.56
53.76
51.72
51.6
51.72
51.6
51.72
51.6
51.72
51.6
51.72
40.8
35.76
35.76
35.76
35.76
35.76
35.76
35.88
35.76
35.76
30.6
28.44
28.32
28.44
28.32
28.44
28.44
28.32
28.44
28.32
31.2
32.52
32.52
32.52
32.52
32.52
32.64
32.52
32.52
32.52
36.84
39.0
38.88
38.88
38.88
38.88
38.88
38.88
38.88
39.0
39.24
39.6
39.6
39.6
39.48
39.6
39.6
39.6
39.48
39.6
40.08
40.32
40.32
40.32
40.32
40.32
40.32
40.32
40.32
40.32
35.16
33.0
33.12
33.12
33.12
33.0
33.12
33.12
33.12
33.12
35.28
36.48
36.48
36.48
36.48
36.48
36.48
36.48
36.48
36.48
51.72
58.32
58.2
58.32
58.32
58.32
58.32
58.32
58.32
58.32
59.64
60.12
60.24
60.24
60.12
60.24
60.12
60.24
60.24
60.12
58.44
57.84
57.84
57.72
57.84
57.84
57.72
57.84
57.84
57.84
47.16
43.32
43.44
43.32
43.32
43.44
43.32
43.32
43.32
43.44
30.24
25.44
25.44
25.56
25.44
25.56
25.44
25.56
25.44
25.56
46.2
53.64
53.64
53.64
53.64
53.64
53.64
53.64
53.64
53.64
55.08
55.44
55.56
55.56
55.44
55.56
55.44
55.56
55.44
55.56
56.28
56.64
56.64
56.52
56.64
56.64
56.64
56.52
56.64
56.64
42.96
38.88
38.76
38.76
38.76
38.88
38.76
38.76
38.88
38.76
34.44
32.88
33.0
33.0
32.88
33.0
33.0
32.88
33.0
33.0
45.12
49.2
49.2
49.2
49.08
49.2
49.2
49.2
49.2
49.2
54.6
56.64
56.76
56.64
56.64
56.76
56.64
56.64
56.76
56.64
58.08
58.56
58.56
58.56
58.68
58.56
58.56
58.56
58.68
58.56
47.64
44.16
44.28
44.28
44.16
44.28
44.28
44.16
44.28
44.28
31.08
27.0
27.12
27.0
27.12
27.0
27.12
27.0
27.12
27.0
43.8
48.96
48.84
48.96
48.96
48.84
48.96
48.84
48.96
48.84
54.12
55.68
55.8
55.8
55.8
55.8
55.68
55.8
55.8
55.8
56.76
57.24
57.12
57.24
57.24
57.24
57.12
57.24
57.24
57.24
49.2
46.92
46.8
46.92
46.8
46.92
46.8
46.92
46.8
46.92
32.64
28.2
28.08
28.08
28.2
28.08
28.08
28.2
28.08
28.08
41.76
46.08
46.2
46.2
46.08
46.2
46.08
46.2
46.2
46.08
54.48
57.24
57.24
57.24
57.36
57.24
57.24
57.24
57.24
57.24
55.2
54.48
54.6
54.48
54.6
54.48
54.6
54.48
54.6
54.6
50.88
49.92
49.92
49.92
49.8
49.92
49.92
49.92
49.92
49.92
31.32
25.8
25.92
25.92
25.8
25.92
25.92
25.92
25.8
25.92
38.4
42.0
42.12
42.12
42.0
42.12
42.12
42.0
42.12
42.12
51.6
54.72
54.72
54.72
54.72
54.72
54.72
54.6
54.72
54.72
55.92
56.28
56.28
56.28
56.28
56.28
56.28
56.28
56.28
56.28
41.16
36.84
36.72
36.72
36.84
36.72
36.72
36.84
36.72
36.84
30.6
28.8
28.92
28.92
28.92
28.8
28.92
28.92
28.8
28.92
48.0
54.0
53.88
53.88
54.0
53.88
53.88
53.88
54.0
53.88
54.24
54.36
54.36
54.36
54.24
54.36
54.36
54.36
54.36
54.36
53.64
53.4
53.4
53.4
53.4
53.4
53.4
53.4
53.4
53.52
46.68
44.88
44.88
44.88
44.88
44.76
44.88
44.88
44.88
44.88
38.28
36.24
36.36
36.24
36.24
36.24
36.36
36.24
36.24
36.36
37.92
38.52
38.64
38.64
38.52
38.64
38.52
38.64
38.64
38.52
51.36
55.56
55.56
55.56
55.56
55.56
55.44
55.56
55.56
55.56
56.52
57.0
56.88
57.0
57.0
56.88
57.0
56.88
57.0
56.88
49.68
47.52
47.52
47.52
47.52
47.4
47.52
47.52
47.52
47.52
32.4
27.6
27.6
27.72
27.6
27.6
27.72
27.6
27.72
27.6
42.36
46.92
46.8
46.92
46.92
46.8
46.92
46.8
46.92
46.92
51.24
52.8
52.68
52.8
52.8
52.8
52.68
52.8
52.8
52.8
44.64
42.0
42.0
41.88
42.0
42.0
42.0
42.0
42.0
41.88
36.72
34.92
34.8
34.92
34.92
34.92
34.92
34.92
34.92
34.8
27.72
25.08
25.2
25.2
25.2
25.08
25.2
25.2
25.08
25.2
49.68
58.2
58.2
58.2
58.2
58.2
58.32
58.2
58.2
58.2
42.72
37.8
37.68
37.68
37.8
37.68
37.8
37.68
37.68
37.8
14.76
7.32
7.2
7.32
7.32
7.2
7.32
36.0
51.72
51.72
51.6
51.72
51.6
51.72
51.72
51.6
51.72
33.48
23.64
23.64
23.64
23.64
23.64
23.64
30.24
48.84
48.72
48.72
48.84
48.72
48.72
48.84
48.72
48.84
40.56
17.52
17.52
17.52
17.52
17.64
17.52
21.36
43.56
43.68
43.56
43.56
43.68
43.56
43.56
43.56
43.68
41.64
30.48
30.48
30.36
30.48
30.48
30.48
30.36
30.48
30.48
30.12
28.92
28.8
28.92
28.8
28.92
28.8
28.8
28.92
28.8
29.28
32.28
32.16
32.28
32.16
32.28
32.16
32.28
32.28
32.16
31.92
30.96
30.84
30.96
30.84
30.96
30.84
30.84
30.96
30.84
31.08
32.28
32.28
32.16
32.28
32.28
32.28
32.28
32.28
32.28
31.44
27.84
27.72
27.84
27.72
27.84
27.72
27.84
27.72
27.84
27.96
30.0
29.88
29.88
29.88
29.88
29.88
30.0
29.88
29.88
34.08
56.4
56.52
56.52
56.4
56.52
56.52
56.4
56.52
56.4
56.04
53.64
53.76
53.76
53.76
53.76
53.76
53.64
53.76
53.76
54.12
55.8
55.8
55.8
55.8
55.8
55.8
55.8
55.8
55.8
55.44
53.76
53.88
53.88
53.76
53.88
53.88
53.76
53.88
53.76
50.28
32.76
32.76
32.76
32.76
32.76
32.76
32.76
32.76
32.88
33.12
35.88
35.88
35.88
35.88
35.88
35.88
35.88
35.88
35.88
39.36
55.8
55.8
55.8
55.8
55.8
55.8
55.8
55.8
55.8
56.28
58.08
58.2
58.08
58.2
58.2
58.08
58.2
58.08
58.2
58.08
58.08
58.2
58.08
58.2
58.2
58.08
58.2
58.2
58.08
52.92
31.8
31.8
31.92
31.8
31.92
31.8
31.92
31.8
31.8
32.4
34.8
34.68
34.68
34.68
34.68
34.8
34.68
34.68
34.68
34.8
35.88
35.76
35.76
35.88
35.76
35.88
35.76
35.76
35.88
34.92
32.16
32.04
32.16
32.16
32.16
32.04
32.16
32.16
32.04
30.6
24.36
24.24
24.36
24.24
24.36
24.24
24.36
24.36
24.24
23.64
21.6
21.48
21.6
21.6
21.48
21.6
22.44
31.44
31.44
31.56
31.44
31.56
31.44
31.44
31.56
31.44
31.44
31.56
31.68
31.56
31.56
31.68
31.56
31.68
31.56
31.56
30.72
21.96
22.08
21.96
22.08
21.96
22.08
21.96
10.56
10.68
10.56
10.68
10.56
10.68
10.56
25.8
27.6
27.6
27.6
27.6
27.6
27.6
27.6
27.6
27.6
37.44
38.52
38.52
38.52
38.52
38.52
38.64
38.52
38.52
38.52
50.4
51.48
51.6
51.6
51.6
51.6
51.6
51.6
51.48
51.6
41.76
40.92
40.92
40.92
41.04
40.92
40.92
40.92
40.92
40.92
44.76
45.24
45.24
45.24
45.24
45.24
45.24
45.24
45.24
45.24
18.96
16.32
16.44
16.32
16.44
16.32
16.44
16.8
16.92
16.92
16.92
17.04
16.92
16.92
45.12
57.36
57.36
57.36
57.36
57.36
57.36
57.36
57.36
57.24
59.88
60.84
60.84
60.96
60.84
60.96
60.84
60.84
60.96
60.84
60.24
60.24
60.12
60.24
60.12
60.12
60.24
60.12
60.12
60.24
33.6
24.0
23.88
24.0
24.0
23.88
24.0
23.88
52.08
52.2
52.2
52.2
52.2
52.2
52.2
52.2
52.2
52.2
56.52
56.52
56.64
56.52
56.52
56.64
56.52
56.52
56.64
56.52
60.36
60.48
60.48
60.48
60.48
60.48
60.48
60.48
60.48
60.36
57.84
57.72
57.84
57.84
57.72
57.84
57.72
57.84
57.84
57.12
24.72
24.84
24.84
24.84
24.72
24.84
24.84
24.84
24.72
25.2
39.36
39.24
39.24
39.24
39.24
39.24
39.36
39.24
39.24
39.24
42.12
42.12
42.12
42.12
42.12
42.12
42.12
42.0
42.12
41.88
34.92
34.92
34.92
34.92
34.92
34.8
34.92
34.92
34.92
34.8
32.88
33.0
32.88
33.0
32.88
33.0
32.88
32.88
33.0
32.64
22.2
22.08
22.08
22.2
22.08
22.08
22.2
46.92
50.88
50.88
50.88
50.88
51.0
50.88
50.88
50.88
50.88
40.8
39.36
39.36
39.36
39.36
39.36
39.36
39.36
39.48
39.36
38.64
38.76
38.76
38.76
38.76
38.76
38.76
38.76
38.76
38.76
38.64
38.64
38.76
38.64
38.76
38.64
38.64
38.76
38.64
38.76
29.88
28.56
28.44
28.56
28.56
28.56
28.44
28.56
28.56
28.56
41.4
43.68
43.56
43.56
43.56
43.56
43.68
43.56
43.56
43.56
58.2
60.36
60.36
60.48
60.36
60.48
60.36
60.48
60.36
60.48
51.36
50.16
50.28
50.16
50.28
50.16
50.28
50.16
50.16
50.28
48.12
47.88
47.88
47.88
47.88
47.88
47.88
47.88
47.88
47.88
31.08
28.44
28.44
28.32
28.44
28.44
28.44
28.32
28.44
28.44
31.56
32.28
32.16
32.28
32.16
32.16
32.28
32.16
32.28
32.16
52.32
55.68
55.56
55.68
55.56
55.68
55.56
55.68
55.56
55.68
64.32
65.64
65.76
65.76
65.76
65.64
65.76
65.76
65.76
65.76
43.68
40.2
40.08
40.2
40.2
40.2
40.2
40.2
40.2
40.2
36.84
36.48
36.36
36.36
36.36
36.48
36.36
36.36
36.36
36.48
33.84
33.6
33.48
33.6
33.48
33.6
33.6
33.48
33.6
33.6
50.88
53.88
53.88
53.76
53.88
53.88
53.76
53.88
53.88
53.76
41.04
39.0
39.12
39.0
39.12
39.0
39.12
39.0
39.12
39.0
37.56
37.44
37.44
37.44
37.44
37.44
37.44
37.44
37.44
37.44
28.32
27.0
26.88
27.0
27.0
27.0
26.88
27.0
27.0
26.88
39.84
41.76
41.64
41.76
41.64
41.76
41.76
41.64
41.76
41.64
40.68
40.56
40.56
40.56
40.56
40.56
40.56
40.56
40.56
40.56
37.44
36.96
37.08
37.08
36.96
37.08
36.96
37.08
36.96
37.08
41.4
42.0
42.12
42.12
42.0
42.12
42.12
42.12
42.0
42.12
32.4
30.84
30.84
30.84
30.84
30.84
30.84
30.84
30.84
30.84
38.04
39.24
39.36
39.24
39.36
39.24
39.36
39.24
39.24
39.36
56.64
59.76
59.76
59.64
59.76
59.76
59.76
59.76
59.76
59.76
42.84
40.08
40.08
40.08
40.08
40.08
40.08
40.08
40.08
40.08
46.8
47.88
47.88
47.88
48.0
47.88
47.88
47.88
48.0
47.88
37.32
35.52
35.4
35.52
35.52
35.4
35.52
35.52
35.4
35.52
20.88
18.72
18.72
18.6
18.72
18.6
18.72
21.96
23.16
23.16
23.16
23.16
23.28
23.16
33.24
41.76
41.64
41.76
41.76
41.76
41.64
41.76
41.76
41.76
48.48
54.36
54.36
54.24
54.36
54.36
54.24
54.36
54.36
54.24
39.48
27.24
27.36
27.24
27.24
27.36
27.24
27.36
27.24
27.36
37.08
45.0
44.88
44.88
45.0
44.88
45.0
44.88
44.88
45.0
38.76
33.84
33.84
33.84
33.96
33.84
33.84
33.84
33.96
33.84
46.2
56.4
56.4
56.4
56.4
56.4
56.52
56.4
56.4
56.4
54.12
52.32
52.44
52.32
52.32
52.44
52.32
52.32
52.44
52.32
36.96
25.32
25.32
25.44
25.32
25.32
25.32
25.32
25.44
25.32
31.68
36.48
36.48
36.48
36.36
36.48
36.48
36.48
36.48
36.48
48.84
58.32
58.32
58.2
58.32
58.32
58.2
58.32
58.32
58.2
54.12
51.24
51.12
51.24
51.24
51.24
51.12
51.24
51.24
51.12
41.28
33.84
33.96
33.96
33.96
33.96
33.96
33.84
33.96
33.96
31.56
30.0
30.0
30.0
30.0
29.88
30.0
30.0
30.0
30.0
23.4
19.2
19.08
19.08
19.08
19.08
19.08
27.24
35.88
36.0
35.88
35.88
36.0
35.88
35.88
36.0
35.88
40.56
45.36
45.48
45.36
45.48
45.36
45.36
45.48
45.36
45.48
35.28
24.48
24.6
24.6
24.6
24.48
24.6
24.6
24.48
24.6
19.32
13.8
13.68
13.8
13.8
13.8
13.8
27.0
47.88
47.88
47.88
47.76
47.88
47.88
47.88
47.88
47.76
47.88
47.88
47.76
47.88
47.88
47.88
47.76
47.88
47.88
47.76
42.72
33.84
33.84
33.84
33.72
33.84
33.84
33.84
33.84
33.84
33.36
32.64
32.64
32.76
32.64
32.64
32.64
32.64
32.64
32.64
31.56
29.76
29.76
29.76
29.76
29.76
29.88
29.76
29.76
29.76
30.0
30.72
30.72
30.72
30.72
30.84
30.72
30.72
30.72
30.72
34.08
39.48
39.48
39.48
39.48
39.48
39.48
39.48
39.48
39.48
38.88
38.16
38.04
38.04
38.16
38.04
38.04
38.04
38.16
38.04
35.64
31.68
31.68
31.68
31.8
31.68
31.68
31.8
31.68
31.68
30.72
29.28
29.16
29.28
29.28
29.28
29.28
29.28
29.28
29.28
32.28
37.2
37.2
37.08
37.2
37.2
37.08
37.2
37.2
37.08
45.0
57.0
57.0
57.0
57.0
57.0
57.0
56.88
57.0
57.0
54.36
50.52
50.4
50.52
50.52
50.52
50.52
50.52
50.4
50.52
45.6
38.4
38.28
38.4
38.4
38.28
38.4
38.28
38.4
38.28
37.8
36.96
37.08
36.96
37.08
36.96
37.08
36.96
37.08
36.96
33.0
27.36
27.24
27.36
27.24
27.36
27.24
27.36
27.24
27.36
38.16
54.0
53.88
54.0
54.0
53.88
54.0
54.0
53.88
54.0
54.96
56.28
56.28
56.28
56.28
56.28
56.28
56.28
56.28
56.28
52.32
47.04
46.92
47.04
46.92
47.04
46.92
47.04
47.04
46.92
42.12
35.28
35.4
35.28
35.28
35.4
35.28
35.28
35.4
35.28
31.32
25.44
25.44
25.44
25.56
25.44
25.44
25.56
25.44
25.44
32.64
42.72
42.6
42.72
42.72
42.72
42.6
42.72
42.72
42.72
50.16
60.96
60.96
60.96
60.96
60.96
60.96
60.96
60.96
61.08
54.84
46.68
46.8
46.68
46.8
46.68
46.68
46.8
46.68
46.8
35.52
19.56
19.68
19.68
19.56
19.68
19.56
20.04
21.0
21.0
21.0
21.0
21.0
21.0
29.16
61.8
61.92
61.8
61.92
61.8
61.92
61.8
61.92
61.92
58.92
48.48
48.36
48.48
48.36
48.48
48.48
48.36
48.48
48.36
44.64
29.76
29.76
29.76
29.76
29.76
29.76
29.76
29.76
29.76
30.6
33.84
33.96
33.84
33.96
33.96
33.84
33.96
33.84
33.96
32.64
28.2
28.2
28.2
28.2
28.2
28.2
28.2
28.2
28.32
27.6
25.8
25.92
25.92
25.8
25.92
25.8
25.92
25.8
25.92
30.48
46.2
46.2
46.32
46.2
46.2
46.2
46.2
46.32
46.2
45.96
45.24
45.36
45.36
45.36
45.24
45.36
45.36
45.24
45.36
41.76
28.68
28.56
28.56
28.56
28.56
28.56
28.56
28.56
28.56
28.68
30.0
29.88
30.0
30.0
29.88
30.0
29.88
30.0
29.88
32.04
39.48
39.48
39.36
39.48
39.48
39.48
39.48
39.36
39.48
39.0
37.8
37.8
37.8
37.92
37.8
37.8
37.8
37.8
37.8
37.32
35.52
35.64
35.64
35.52
35.64
35.64
35.52
35.64
35.64
32.16
21.0
21.0
21.0
21.0
21.0
21.0
22.68
38.04
38.04
38.04
38.04
37.92
38.04
38.04
38.04
38.04
37.32
32.28
32.16
32.16
32.16
32.28
32.16
32.16
32.28
32.16
31.92
30.72
30.6
30.72
30.6
30.72
30.6
30.72
30.72
30.6
29.28
17.52
17.64
17.52
17.52
17.52
17.64
17.52
22.2
22.32
22.32
22.44
22.32
22.32
22.32
29.88
31.2
31.2
31.2
31.08
31.2
31.2
31.2
31.08
31.2
24.72
23.88
24.0
23.88
23.88
24.0
23.88
27.84
32.16
32.16
32.16
32.16
32.16
32.16
32.16
32.16
32.28
31.08
30.24
30.24
30.24
30.12
30.24
30.24
30.24
30.24
30.24
29.28
28.68
28.68
28.68
28.68
28.56
28.68
28.68
28.68
28.56
30.12
31.56
31.68
31.56
31.68
31.56
31.68
31.56
31.68
31.56
28.8
25.92
25.8
25.92
25.8
25.92
25.8
25.92
25.8
25.92
24.0
22.56
22.56
22.44
22.56
22.56
22.44
17.76
9.72
9.84
9.84
9.72
9.84
9.84
16.8
36.0
36.0
36.0
36.12
36.0
36.0
36.0
36.12
36.0
35.4
34.08
34.08
34.08
34.08
34.08
34.08
34.08
34.08
34.08
34.2
34.32
34.44
34.32
34.32
34.44
34.32
34.32
34.44
34.32
33.72
32.16
32.16
32.16
32.28
32.16
32.16
32.16
32.16
32.16
32.4
33.24
33.24
33.12
33.24
33.24
33.12
33.24
33.24
33.24
34.92
39.72
39.72
39.72
39.72
39.72
39.72
39.72
39.72
39.72
36.36
27.96
27.96
27.84
27.96
27.96
27.84
27.96
27.96
27.84
33.6
48.84
48.84
48.96
48.84
48.96
48.84
48.84
48.96
48.84
52.08
61.08
61.08
60.96
61.08
61.08
61.08
61.08
61.08
61.08
61.44
62.64
62.76
62.64
62.76
62.64
62.76
62.64
62.76
62.64
57.6
43.8
43.92
43.8
43.8
43.92
43.8
43.8
43.92
43.8
39.6
28.56
28.68
28.56
28.56
28.68
28.56
28.56
28.68
28.56
31.92
41.28
41.4
41.28
41.28
41.28
41.28
41.28
41.28
41.28
44.16
52.32
52.32
52.44
52.32
52.32
52.32
52.32
52.32
52.32
53.52
57.24
57.12
57.24
57.12
57.24
57.12
57.24
57.12
57.24
57.24
57.72
57.72
57.72
57.72
57.72
57.72
57.72
57.72
57.72
49.2
27.84
27.84
27.84
27.84
27.72
27.84
27.84
27.84
27.84
30.84
38.76
38.76
38.64
38.76
38.76
38.76
38.64
38.76
38.76
43.92
56.88
56.88
57.0
56.88
56.88
56.88
56.88
56.88
57.0
57.48
58.8
58.92
58.8
58.92
58.8
58.92
58.92
58.8
58.92
57.6
55.44
55.32
55.32
55.32
55.44
55.32
55.32
55.32
55.32
44.04
20.04
20.04
20.04
20.04
20.16
20.04
25.32
47.4
47.28
47.28
47.4
47.28
47.28
47.4
47.28
47.28
49.44
58.68
58.68
58.68
58.68
58.56
58.68
58.68
58.68
58.56
58.8
59.04
59.16
59.04
59.04
59.16
59.04
59.04
59.16
59.04
58.2
55.44
55.44
55.32
55.44
55.32
55.44
55.44
55.32
55.44
47.16
18.6
18.6
18.48
18.6
18.48
18.6
17.64
11.16
11.28
11.28
11.16
11.28
11.28
11.4
36.72
36.84
36.84
36.84
36.84
36.84
36.84
36.84
36.84
36.96
52.8
52.8
52.8
52.8
52.68
52.8
52.8
52.8
52.8
52.92
60.24
60.24
60.36
60.24
60.36
60.24
60.36
60.24
60.36
59.64
33.48
33.6
33.48
33.48
33.6
33.48
33.6
33.48
33.48
33.84
49.44
49.44
49.44
49.56
49.44
49.44
49.44
49.44
49.44
49.56
52.2
52.32
52.2
52.2
52.32
52.2
52.32
52.2
52.2
52.08
30.96
31.08
30.96
30.96
31.08
30.96
30.96
31.08
30.96
30.84
24.6
24.6
24.72
24.6
24.72
24.6
24.72
24.6
24.6
24.96
32.52
32.52
32.52
32.52
32.52
32.64
32.52
32.52
32.52
32.76
41.04
40.92
41.04
40.92
41.04
40.92
41.04
40.92
41.04
41.4
58.68
58.56
58.68
58.56
58.56
58.68
58.56
58.68
58.56
57.72
38.16
38.16
38.16
38.16
38.04
38.16
38.16
38.16
38.16
37.92
34.32
34.32
34.32
34.32
34.32
34.32
34.32
34.32
34.32
33.96
24.0
24.0
24.0
24.12
24.0
24.0
24.0
24.12
24.0
25.08
47.04
46.92
46.92
47.04
46.92
47.04
46.92
47.04
46.92
46.68
39.84
39.84
39.84
39.84
39.84
39.84
39.96
39.84
39.84
39.6
35.76
35.64
35.64
35.64
35.64
35.64
35.76
35.64
35.64
35.52
35.52
35.64
35.52
35.52
35.52
35.52
35.52
35.52
35.52
35.16
26.88
26.76
26.76
26.88
26.76
26.76
26.88
26.76
26.76
27.48
42.48
42.6
42.6
42.48
42.6
42.6
42.48
42.6
42.6
42.12
36.0
36.0
35.88
36.0
36.0
35.88
36.0
35.88
36.0
35.76
30.12
30.24
30.24
30.24
30.24
30.12
30.24
30.24
30.24
29.52
17.64
17.64
17.76
17.64
17.64
17.76
17.64
24.6
25.08
25.08
25.08
25.08
25.08
25.2
25.08
25.08
25.08
55.8
57.24
57.24
57.24
57.24
57.24
57.24
57.24
57.24
57.24
47.52
47.28
47.28
47.4
47.28
47.28
47.28
47.28
47.4
47.28
28.92
28.2
28.2
28.2
28.2
28.2
28.08
28.2
28.2
28.2
40.56
41.16
41.04
41.04
41.04
41.16
41.04
41.04
41.04
41.04
34.68
34.44
34.44
34.44
34.44
34.44
34.32
34.44
34.44
34.44
41.76
42.0
42.0
42.0
42.0
42.0
42.12
42.0
42.0
42.0
