4.92
4.8
6.36
16.68
16.68
17.76
21.0
21.12
24.48
31.56
31.56
31.56
31.44
31.56
31.56
31.44
31.56
31.56
29.52
26.16
26.16
26.16
26.04
26.16
26.16
26.16
26.16
26.16
30.96
40.08
40.2
40.08
40.2
40.08
40.2
40.08
40.2
40.08
35.52
27.36
27.36
27.48
27.36
27.36
27.48
27.36
27.36
27.48
26.76
25.92
25.8
25.8
25.92
25.8
25.92
25.8
25.92
25.8
23.4
19.32
19.32
21.72
24.48
24.48
24.48
24.48
24.48
24.48
24.48
24.48
24.36
25.08
25.68
25.68
25.68
25.68
25.68
25.68
25.8
25.68
25.68
25.8
25.92
25.92
26.04
25.92
26.04
25.92
26.04
25.92
26.04
21.96
18.0
17.88
12.24
8.64
8.52
5.16
3.84
3.96
0.6
0.12
0.12
0.12
0.12
0.12
0.12
0.12
0.12
0.12
10.92
13.92
13.92
8.64
8.64
13.68
50.04
50.16
50.04
50.16
50.16
50.04
50.16
50.04
50.16
47.28
27.6
27.6
27.6
27.6
27.48
27.6
27.6
27.6
27.6
28.56
35.16
35.16
35.04
35.16
35.16
35.16
35.16
35.16
35.16
35.28
36.36
36.36
36.36
36.36
36.36
36.48
36.36
36.36
36.36
35.64
31.92
31.8
31.8
31.92
31.8
31.92
31.8
31.8
31.92
31.56
30.12
30.24
30.24
30.12
30.24
30.24
30.12
30.24
30.24
28.92
23.28
23.28
20.16
10.08
10.08
24.0
49.8
49.8
49.8
49.92
49.8
49.8
49.8
49.8
49.92
45.0
36.36
36.36
36.36
36.36
36.48
36.36
36.36
36.36
36.36
33.96
29.4
29.52
29.4
29.4
29.52
29.4
29.4
29.52
29.4
30.96
33.72
33.6
33.6
33.6
33.72
33.6
33.6
33.72
33.6
31.32
27.84
27.72
27.72
27.72
27.84
27.72
27.72
27.72
27.72
26.16
23.76
23.64
23.88
25.2
25.2
25.2
25.2
25.2
25.2
25.2
25.2
25.2
20.28
0.6
0.72
4.32
11.64
11.64
13.44
15.72
15.84
23.16
28.56
28.56
28.68
28.56
28.56
28.56
28.68
28.56
28.56
25.68
23.52
23.4
24.84
25.8
25.92
25.8
25.8
25.92
25.8
25.8
25.92
25.8
22.08
19.92
20.04
21.48
22.08
22.08
21.72
21.84
21.84
15.84
15.72
15.24
13.44
13.32
10.8
0.36
0.24
0.24
0.12
0.12
0.12
0.12
0.12
0.12
0.12
0.12
0.12
2.04
9.0
9.12
27.96
48.6
48.6
48.6
48.72
48.6
48.6
48.6
48.6
48.6
29.04
7.92
7.92
27.12
39.48
39.6
39.48
39.6
39.48
39.6
39.48
39.6
39.48
38.88
38.64
38.76
38.64
38.64
38.64
38.64
38.76
38.64
38.64
32.28
28.8
28.68
28.8
28.68
28.8
28.68
28.68
28.8
28.68
41.76
48.96
48.96
48.84
48.96
48.96
48.96
48.96
48.96
48.96
42.84
39.48
39.48
39.48
39.36
39.48
39.48
39.48
39.48
39.48
31.08
26.52
26.52
26.52
26.4
26.52
26.52
26.52
26.52
26.52
30.84
33.48
33.6
33.48
33.48
33.48
33.48
33.48
33.48
33.6
27.6
24.48
24.36
24.48
24.48
24.36
24.48
24.48
24.36
24.48
34.2
40.2
40.08
40.2
40.08
40.2
40.2
40.08
40.2
40.08
36.24
33.96
33.96
34.08
33.96
33.96
33.96
34.08
33.96
33.96
38.88
41.88
41.76
41.88
41.76
41.76
41.88
41.76
41.88
41.76
36.96
34.32
34.32
34.32
34.32
34.32
34.32
34.32
34.32
34.32
28.2
24.84
24.84
24.84
24.84
24.84
24.84
24.84
24.84
24.84
35.4
41.76
41.88
41.76
41.76
41.76
41.88
41.76
41.76
41.88
41.52
41.64
41.52
41.64
41.52
41.64
41.64
41.52
41.64
41.64
36.84
34.2
34.2
34.2
34.08
34.2
34.2
34.2
34.2
34.2
36.84
38.64
38.76
38.64
38.64
38.64
38.64
38.64
38.64
38.64
26.52
19.68
19.68
28.44
31.32
31.32
31.32
31.2
31.32
31.32
31.32
31.32
31.2
27.6
26.52
26.4
26.52
26.52
26.52
26.52
26.52
26.4
26.52
33.12
34.92
34.8
34.92
34.8
34.92
34.8
34.92
34.8
34.92
20.88
17.52
17.52
19.2
19.44
18.96
12.72
12.84
16.32
33.12
33.12
33.12
33.12
33.12
33.0
33.12
33.12
33.12
27.96
5.04
4.92
11.28
25.2
25.2
25.32
25.2
25.32
25.2
25.2
25.32
25.2
23.52
20.04
19.92
21.12
23.16
23.04
23.76
24.72
24.72
24.6
24.72
24.72
24.72
24.6
24.72
24.72
28.68
33.84
33.72
33.72
33.84
33.72
33.72
33.84
33.72
33.84
28.92
23.4
23.28
20.4
17.52
17.52
22.68
25.92
26.04
25.92
26.04
26.04
25.92
26.04
25.92
26.04
25.32
25.2
25.08
25.2
25.08
25.2
25.08
25.2
25.08
25.2
31.32
35.4
35.4
35.4
35.4
35.4
35.4
35.4
35.4
35.4
26.4
21.12
21.12
11.76
8.16
8.28
17.04
18.6
18.6
9.84
9.84
11.04
21.36
21.36
20.76
18.72
18.72
20.52
24.36
24.36
24.36
24.36
24.36
24.48
24.36
24.36
24.36
25.32
27.84
27.84
27.84
27.84
27.84
27.84
27.84
27.84
27.84
26.28
22.92
23.04
21.96
20.64
20.52
23.16
26.16
26.28
26.16
26.16
26.16
26.16
26.28
26.16
26.16
25.32
24.48
24.36
24.48
24.36
24.48
24.48
24.36
24.48
24.36
24.6
24.72
24.84
24.84
24.72
24.84
24.84
24.84
24.72
24.84
24.24
23.64
23.76
22.8
22.44
22.56
18.36
16.56
16.44
27.48
30.36
30.24
30.24
30.24
30.36
30.24
30.24
30.24
30.36
35.76
37.2
37.2
37.2
37.08
37.2
37.2
37.08
37.2
37.2
38.4
38.88
38.76
38.76
38.88
38.76
38.76
38.88
38.76
38.76
28.68
26.28
26.4
26.28
26.28
26.4
26.28
26.28
26.4
26.28
28.2
28.8
28.68
28.68
28.8
28.68
28.68
28.8
28.68
28.68
21.6
20.04
19.92
18.36
18.24
19.08
33.84
33.84
33.72
33.84
33.72
33.84
33.72
33.84
33.84
33.12
25.32
25.2
25.32
25.32
25.2
25.32
25.2
25.32
25.32
25.8
32.52
32.64
32.64
32.64
32.52
32.64
32.64
32.64
32.52
32.16
25.8
25.8
25.8
25.8
25.68
25.8
25.8
25.8
25.8
25.68
23.76
23.64
25.2
36.36
36.36
36.48
36.36
36.36
36.48
36.36
36.36
36.36
33.84
18.36
18.36
23.16
36.84
36.96
36.96
36.96
36.96
36.96
36.96
36.96
36.96
34.68
29.16
29.04
29.16
29.04
29.16
29.04
29.16
29.04
29.16
27.24
22.68
22.56
24.6
27.72
27.84
27.72
27.84
27.72
27.72
27.84
27.72
27.84
24.6
19.8
19.92
16.44
13.44
13.44
24.96
31.56
31.56
31.56
31.56
31.56
31.68
31.56
31.56
31.56
22.8
18.0
18.12
17.64
17.64
17.64
16.44
16.56
16.56
21.84
21.84
21.84
22.8
22.68
29.28
60.0
59.88
60.0
59.88
60.0
59.88
59.88
60.0
59.88
52.92
20.76
20.88
22.68
27.36
27.36
27.36
27.36
27.48
27.36
27.36
27.36
27.36
26.16
23.28
23.28
18.6
11.88
11.88
18.12
23.76
23.76
20.16
17.28
17.4
17.76
18.12
18.0
19.8
20.4
20.4
11.88
11.16
11.76
20.16
20.16
19.08
14.88
14.76
15.96
18.72
18.6
20.76
23.76
23.64
22.68
22.08
22.2
21.6
21.48
21.48
18.96
18.24
18.24
17.04
16.92
16.92
21.24
21.36
21.96
28.32
28.32
28.32
28.2
28.32
28.32
28.32
28.32
28.32
27.48
19.56
19.68
19.2
18.12
18.24
15.0
9.0
9.0
12.72
17.28
17.28
23.76
28.44
28.44
28.32
28.44
28.44
28.44
28.44
28.32
28.44
22.32
18.36
18.48
20.28
21.24
21.24
25.44
26.28
26.28
26.28
26.28
26.28
26.28
26.28
26.28
26.28
21.72
20.88
20.88
29.4
29.88
29.76
29.88
29.76
29.88
29.76
29.76
29.88
29.76
22.92
22.68
22.56
23.52
23.52
23.28
20.88
21.0
20.4
18.48
18.48
19.56
23.16
23.04
21.72
19.68
19.68
24.0
28.8
28.92
28.8
28.8
28.8
28.8
28.92
28.8
28.8
26.76
24.48
24.6
24.48
24.6
24.48
24.6
24.48
24.6
24.6
27.24
30.48
30.48
30.48
30.48
30.48
30.36
30.48
30.48
30.48
29.4
28.32
28.32
28.2
28.32
28.32
28.32
28.2
28.32
28.32
28.2
28.08
28.08
27.96
28.08
28.08
28.08
28.08
28.08
28.08
28.68
29.52
29.52
29.4
29.52
29.52
29.52
29.4
29.52
29.52
27.12
24.6
24.72
24.6
24.72
24.6
24.6
24.72
24.6
24.72
25.68
27.24
27.12
27.24
27.24
27.12
27.24
27.24
27.24
27.12
26.04
24.48
24.6
24.6
24.48
24.6
24.48
24.6
24.6
24.48
26.64
29.28
29.28
29.28
29.28
29.28
29.28
29.28
29.28
29.28
28.56
27.84
27.84
27.72
27.84
27.84
27.84
27.84
27.72
27.84
28.2
28.68
28.68
28.68
28.56
28.68
28.68
28.68
28.68
28.68
28.56
28.44
28.56
28.44
28.56
28.56
28.44
28.56
28.44
28.56
27.24
25.8
25.8
25.8
25.92
25.8
25.8
25.92
25.8
25.8
26.28
27.12
27.0
27.0
27.12
27.0
27.0
27.12
27.0
27.12
24.12
20.76
20.88
19.56
18.96
18.96
21.36
22.32
22.44
17.52
16.56
16.44
11.76
11.52
12.12
19.8
19.8
17.88
9.72
9.72
8.28
5.16
5.28
15.36
27.96
27.84
27.84
27.96
27.84
27.96
27.84
27.96
27.84
30.0
32.4
32.4
32.4
32.4
32.4
32.4
32.4
32.4
32.4
29.16
25.56
25.56
25.68
25.56
25.68
25.56
25.56
25.68
25.56
23.64
21.36
21.36
24.12
26.52
26.4
26.52
26.52
26.4
26.52
26.52
26.4
26.52
27.12
27.6
27.6
27.6
27.6
27.6
27.48
27.6
27.6
27.6
24.0
20.88
20.88
25.8
28.56
28.56
28.56
28.56
28.56
28.56
28.56
28.44
28.56
29.16
29.28
29.4
29.4
29.4
29.28
29.4
29.4
29.4
29.4
29.88
30.36
30.36
30.36
30.36
30.36
30.36
30.36
30.36
30.36
25.92
23.76
23.88
25.8
28.92
29.04
29.04
28.92
29.04
29.04
28.92
29.04
29.04
30.6
33.36
33.24
33.36
33.24
33.36
33.24
33.36
33.24
33.24
34.32
35.88
35.88
35.76
35.88
35.88
35.88
35.88
35.76
35.88
32.76
28.56
28.44
28.56
28.44
28.56
28.44
28.56
28.44
28.56
32.16
37.56
37.68
37.56
37.56
37.68
37.56
37.56
37.68
37.56
34.56
30.6
30.48
30.48
30.48
30.6
30.48
30.48
30.48
30.48
33.0
36.48
36.48
36.48
36.48
36.36
36.48
36.48
36.48
36.48
35.4
34.32
34.32
34.2
34.32
34.32
34.2
34.32
34.32
34.2
32.88
31.2
31.08
31.2
31.2
31.08
31.2
31.2
31.08
31.2
33.96
37.56
37.56
37.68
37.56
37.56
37.56
37.56
37.56
37.56
34.92
31.8
31.8
31.8
31.92
31.8
31.8
31.8
31.8
31.92
28.8
25.56
25.56
25.44
25.56
25.56
25.56
25.44
25.56
25.56
27.96
30.72
30.84
30.72
30.84
30.72
30.84
30.72
30.72
30.84
28.44
26.04
25.92
25.92
26.04
25.92
25.92
26.04
25.92
25.92
30.48
35.76
35.76
35.76
35.88
35.76
35.76
35.76
35.88
35.76
33.72
31.56
31.56
31.56
31.56
31.56
31.56
31.56
31.56
31.56
26.04
20.16
20.16
27.6
32.52
32.64
32.52
32.64
32.52
32.64
32.52
32.52
32.64
35.16
36.84
36.72
36.84
36.84
36.84
36.84
36.72
36.84
36.84
34.68
33.48
33.36
33.48
33.48
33.36
33.48
33.36
33.48
33.48
24.12
19.08
19.08
18.72
18.48
18.6
13.32
12.72
12.72
15.24
15.36
15.6
17.88
17.76
18.24
19.32
19.32
19.32
19.32
19.44
20.28
21.6
21.6
22.32
23.16
23.16
19.8
17.64
17.76
20.04
21.24
21.12
24.6
25.56
25.44
25.56
25.56
25.56
25.56
25.44
25.56
25.56
27.12
27.48
27.6
27.6
27.6
27.6
27.6
27.48
27.6
27.6
32.04
33.0
33.12
33.12
33.0
33.12
33.0
33.12
33.12
33.0
18.72
15.48
15.48
15.36
15.48
15.0
9.36
9.36
12.12
23.28
23.4
22.56
21.48
21.48
23.16
25.92
25.92
25.92
25.92
25.92
26.04
25.92
25.92
25.92
22.8
18.24
18.24
19.8
21.36
21.36
19.8
19.08
19.2
22.68
24.0
23.88
24.0
24.12
27.48
27.48
27.48
27.48
27.48
27.6
27.48
27.48
27.48
27.6
31.92
31.92
31.8
31.92
31.92
31.8
31.92
31.92
31.8
31.8
31.32
31.2
31.2
31.32
31.2
31.32
31.2
31.2
31.32
30.84
27.12
27.12
27.12
27.0
27.12
27.12
27.12
27.0
27.12
27.72
39.24
39.24
39.24
39.24
39.24
39.24
39.24
39.24
39.24
38.64
32.52
32.52
32.4
32.52
32.52
32.4
32.52
32.4
32.52
33.84
49.92
50.04
49.92
50.04
49.92
50.04
50.04
49.92
50.04
47.76
23.16
23.16
21.36
8.28
8.28
21.36
62.64
62.64
62.64
62.64
62.64
62.64
62.76
62.64
62.64
58.56
45.72
45.84
45.72
45.84
45.72
45.72
45.84
45.72
45.72
41.52
28.8
28.92
28.92
28.92
28.8
28.92
28.92
28.8
28.92
29.28
30.6
30.6
30.6
30.6
30.6
30.6
30.6
30.48
30.6
35.88
50.76
50.88
50.88
50.76
50.88
50.88
50.76
50.88
50.88
50.4
49.32
49.44
49.32
49.44
49.44
49.32
49.44
49.32
49.44
47.16
40.92
40.92
40.8
40.92
40.92
40.92
40.92
40.8
40.92
39.36
35.4
35.4
35.4
35.4
35.4
35.4
35.4
35.4
35.4
34.44
32.16
32.28
32.16
32.28
32.16
32.28
32.28
32.16
32.28
39.36
58.2
58.2
58.2
58.2
58.08
58.2
58.2
58.2
58.2
58.56
59.64
59.76
59.76
59.64
59.76
59.76
59.64
59.76
59.76
52.44
34.2
34.08
34.08
34.2
34.08
34.2
34.08
34.2
34.08
33.12
30.72
30.72
30.72
30.72
30.72
30.72
30.72
30.72
30.72
32.52
37.2
37.2
37.2
37.2
37.2
37.2
37.2
37.08
37.2
34.92
29.64
29.76
29.76
29.64
29.76
29.76
29.64
29.76
29.76
30.48
32.4
32.4
32.4
32.28
32.4
32.4
32.4
32.4
32.28
28.32
19.8
19.8
21.96
25.08
25.08
25.08
25.08
25.08
25.08
25.08
25.08
25.08
26.88
29.4
29.4
29.4
29.4
29.4
29.4
29.4
29.4
29.4
33.6
39.6
39.6
39.6
39.6
39.6
39.6
39.6
39.48
39.6
29.04
15.24
15.36
28.2
38.88
38.88
38.88
38.88
38.88
38.88
39.0
38.88
38.88
33.6
29.64
29.64
29.76
29.64
29.64
29.64
29.76
29.64
29.64
34.32
37.8
37.8
37.8
37.68
37.8
37.8
37.8
37.8
37.8
38.88
39.84
39.84
39.84
39.72
39.84
39.84
39.84
39.84
39.84
38.4
37.68
37.56
37.68
37.68
37.56
37.68
37.56
37.68
37.56
41.76
44.64
44.64
44.76
44.64
44.64
44.64
44.64
44.64
44.64
38.52
34.56
34.56
34.56
34.68
34.56
34.56
34.56
34.56
34.56
35.4
36.0
36.0
36.0
36.0
36.0
36.0
36.0
36.12
36.0
54.48
65.76
65.88
65.88
65.88
65.76
65.88
65.88
65.88
65.76
51.96
43.44
43.44
43.44
43.44
43.44
43.44
43.44
43.44
43.44
38.28
35.4
35.28
35.4
35.4
35.28
35.4
35.28
35.4
35.4
34.8
34.68
34.68
34.68
34.8
34.68
34.68
34.68
34.68
34.68
41.52
45.36
45.36
45.36
45.36
45.36
45.36
45.36
45.36
45.24
46.08
46.32
46.44
46.32
46.44
46.32
46.44
46.32
46.44
46.32
37.8
33.72
33.6
33.6
33.6
33.6
33.6
33.72
33.6
33.6
32.16
31.44
31.44
31.56
31.44
31.44
31.56
31.44
31.44
31.56
32.28
32.88
32.88
32.88
32.76
32.88
32.88
32.88
32.88
32.76
38.4
41.16
41.16
41.16
41.16
41.04
41.16
41.16
41.16
41.16
46.92
50.04
49.92
49.92
49.92
49.92
49.92
49.92
50.04
49.92
40.68
36.36
36.36
36.36
36.36
36.36
36.48
36.36
36.36
36.36
30.72
28.08
28.2
28.2
28.2
28.2
28.2
28.2
28.2
28.08
20.64
17.4
17.28
19.56
19.92
19.92
22.8
23.04
22.8
18.72
18.84
18.48
17.28
17.28
17.16
17.16
17.16
18.84
21.48
21.6
18.96
16.8
16.8
16.92
17.04
17.04
20.4
21.36
21.48
15.12
14.16
14.16
2.76
2.52
6.36
38.52
38.52
38.52
38.52
38.64
38.52
38.52
38.52
38.52
36.12
16.8
16.92
18.36
23.64
23.64
22.92
20.04
20.04
20.28
21.36
21.36
20.16
18.6
18.48
19.56
20.64
20.52
23.52
25.08
25.08
25.08
25.2
25.08
25.08
25.2
25.08
25.08
22.44
20.88
20.88
13.44
11.4
11.28
17.88
18.72
18.6
13.08
13.2
14.16
20.28
20.28
18.12
12.6
12.6
13.32
14.4
14.4
13.8
13.08
13.2
9.6
7.56
7.56
16.92
19.56
19.56
12.0
11.4
11.4
14.76
14.76
14.52
13.92
13.92
13.92
14.04
14.04
12.72
11.16
11.28
12.72
14.04
14.16
11.64
10.56
10.68
15.6
17.04
16.92
8.4
8.04
8.88
20.76
20.88
18.12
8.4
8.4
17.28
35.52
35.64
35.52
35.52
35.52
35.52
35.52
35.52
35.52
30.0
19.44
19.32
18.48
17.52
17.52
16.8
16.56
16.44
15.36
15.0
15.0
16.32
16.68
16.68
10.92
10.68
11.28
17.88
17.88
17.52
16.8
16.8
17.04
17.88
17.76
16.68
15.48
15.48
18.12
20.04
19.92
19.32
18.96
18.96
16.56
15.96
16.08
19.92
20.28
19.68
15.36
15.24
15.36
16.44
16.56
15.36
13.44
13.32
12.72
12.0
12.12
14.16
15.96
15.96
15.84
16.08
15.96
15.96
16.08
16.2
16.2
16.32
16.08
13.44
13.56
13.2
12.24
12.24
12.84
13.92
14.04
11.64
9.48
9.36
11.76
13.32
13.2
18.72
20.76
20.76
18.6
18.36
18.36
13.56
13.68
13.8
15.48
15.48
14.88
13.44
13.32
10.56
5.88
5.76
10.08
14.4
14.4
21.24
25.56
25.44
25.44
25.56
25.44
25.44
25.56
25.44
25.44
17.52
12.72
12.72
11.52
11.28
11.16
11.4
11.4
11.16
11.04
11.04
10.8
10.08
10.08
9.84
9.24
9.24
8.52
7.8
7.8
7.2
7.08
6.96
11.28
13.68
13.68
8.4
7.2
7.2
9.84
9.96
10.08
10.32
10.32
10.68
12.36
12.36
10.92
7.92
7.8
8.4
9.12
9.12
9.6
9.96
9.84
8.76
8.28
8.28
10.08
10.44
10.44
1.56
1.2
2.52
16.2
16.2
13.08
2.52
2.4
3.12
4.2
4.32
11.04
18.72
18.6
13.68
10.32
10.32
11.4
12.0
11.88
2.76
1.2
1.08
21.24
21.6
20.76
13.44
13.44
13.32
13.68
13.56
13.56
13.44
13.56
12.48
11.28
11.28
12.48
13.56
13.56
13.08
13.08
13.08
12.0
12.0
12.0
9.24
9.36
9.36
10.08
10.08
10.2
10.68
10.68
11.76
13.32
13.32
13.2
13.32
13.32
12.0
11.28
11.28
12.24
12.6
12.72
10.56
10.44
10.44
12.6
12.72
12.72
13.08
13.08
12.96
13.2
13.08
12.84
12.36
12.36
14.4
16.2
16.32
11.76
9.48
9.48
7.8
7.44
7.44
11.64
12.0
12.0
13.8
13.68
13.32
12.0
12.0
12.6
13.92
14.04
14.16
14.52
14.52
14.76
14.88
14.88
13.2
12.6
12.72
12.6
12.72
12.6
12.48
12.48
12.24
10.8
10.92
10.92
11.04
11.04
8.88
4.56
4.68
4.32
4.08
4.08
3.72
3.6
3.6
4.08
4.2
4.32
4.08
4.2
4.08
4.44
4.56
4.08
1.2
1.2
0.84
0.12
0.12
0.12
0.12
0.12
0.12
0.12
0.12
0.12
0.12
0.12
0.12
0.12
0.12
0.12
0.12
0.12
0.12
0.12
0.12
0.12
0.12
0.12
0.12
0.12
0.12
0.12
0.12
0.12
0.12
0.12
0.12
0.12
0.12
0.12
0.12
0.12
0.12
0.12
0.48
20.16
20.04
14.04
4.44
4.32
4.44
4.56
4.56
4.2
4.2
4.08
4.68
4.92
4.92
5.04
5.28
5.16
4.8
4.8
4.8
5.28
5.28
4.68
3.24
3.36
4.08
5.4
5.4
3.96
3.12
3.0
1.08
0.24
0.24
4.2
5.4
5.28
4.2
4.2
4.32
5.52
5.64
5.64
6.24
6.36
5.64
4.56
4.56
4.8
5.16
5.16
5.4
5.52
5.64
6.6
7.08
7.08
1.92
1.2
1.2
0.12
0.12
0.12
0.12
0.12
0.12
0.12
0.12
0.12
0.12
23.16
24.96
24.96
25.08
24.96
24.96
24.96
24.96
24.96
24.96
6.84
6.48
5.88
1.2
1.2
1.08
0.12
0.12
0.12
0.12
0.12
0.12
0.12
0.12
0.12
0.12
0.12
0.12
0.12
0.12
0.12
0.12
0.12
0.12
0.12
0.12
0.12
0.12
17.16
21.6
21.6
6.6
6.48
6.72
7.44
7.56
7.32
7.32
7.32
6.72
6.0
5.88
5.16
4.68
4.68
6.36
7.44
7.44
7.2
7.32
7.32
7.8
7.8
7.8
7.32
7.32
7.08
6.36
6.36
6.6
7.2
7.2
6.36
5.16
5.16
4.44
3.84
3.84
4.08
4.32
4.32
4.8
4.8
4.92
2.28
2.28
2.16
3.6
3.6
3.72
4.32
4.32
3.96
3.24
3.24
4.32
5.52
5.52
5.28
5.16
5.16
4.2
3.84
3.84
4.8
5.04
4.92
4.92
5.04
4.92
4.8
4.92
4.56
3.72
3.6
3.84
3.84
3.96
4.44
5.16
5.04
4.44
4.08
4.08
4.08
4.08
4.2
3.96
3.84
3.84
3.72
3.6
3.72
4.8
4.68
5.04
6.0
6.12
5.52
5.28
5.28
4.56
4.32
4.2
5.16
5.76
5.76
6.36
6.72
6.72
5.16
5.28
5.04
3.24
3.12
3.48
4.92
4.92
3.96
2.52
2.52
2.64
3.12
3.12
3.12
3.0
3.12
1.68
1.08
1.08
3.12
3.72
3.72
4.44
4.56
4.2
1.92
1.92
1.92
1.8
1.8
2.64
4.32
4.44
3.36
2.4
2.4
2.4
2.52
2.64
3.6
3.96
4.08
4.44
4.56
4.44
3.6
3.6
3.72
4.2
4.2
3.84
3.36
3.36
3.6
3.96
4.08
3.96
3.96
3.96
4.08
4.2
4.08
3.6
3.48
3.36
5.04
5.28
5.04
4.08
4.08
3.96
3.84
3.96
4.08
5.04
4.92
5.04
5.52
5.4
4.68
4.44
4.44
4.08
4.2
4.08
4.32
4.56
4.44
4.56
4.68
4.56
3.96
3.84
3.84
3.96
3.96
4.56
5.64
5.64
4.08
2.4
2.4
1.68
1.56
1.56
4.56
5.88
5.76
4.56
4.44
4.32
7.2
7.2
6.84
5.04
5.04
4.92
5.04
5.04
5.04
5.16
5.16
5.88
6.84
6.84
4.68
3.6
3.6
3.12
3.0
3.12
2.52
2.64
2.52
2.88
2.76
2.76
3.36
3.36
3.48
3.84
3.84
4.08
4.32
4.32
4.08
4.08
4.08
4.92
5.52
5.52
6.36
6.6
6.6
6.36
6.36
6.24
6.72
6.72
6.48
5.88
5.88
6.24
7.08
7.08
5.28
3.6
3.6
3.36
3.12
3.24
3.0
3.0
3.0
4.8
4.92
5.04
6.84
6.84
6.96
8.4
8.4
6.96
3.12
3.24
1.92
0.12
0.12
0.12
0.12
0.12
0.12
0.12
0.12
0.12
8.52
26.28
26.16
26.28
26.28
26.16
26.28
26.16
26.28
26.16
18.12
3.72
3.72
9.72
16.2
16.2
14.52
13.8
13.8
11.76
11.04
11.16
10.08
9.96
10.08
5.52
5.64
4.92
0.12
0.12
0.12
0.12
0.12
0.12
0.12
0.12
0.12
0.48
13.2
13.2
13.08
12.84
12.84
8.88
2.88
2.88
3.48
4.44
4.32
5.64
6.48
6.48
6.0
6.12
6.0
9.0
9.48
9.48
8.4
8.4
8.04
6.72
6.72
7.2
9.0
9.0
8.88
8.88
8.76
9.12
9.36
9.48
9.48
9.72
9.6
11.16
11.4
11.4
10.68
10.8
10.44
8.28
8.16
8.76
11.16
11.04
10.92
10.92
10.92
12.12
13.68
13.56
13.44
13.32
13.32
12.96
12.72
12.72
9.24
8.52
8.64
11.28
11.52
11.76
15.12
15.0
15.24
15.72
15.84
16.32
17.76
17.64
15.72
13.68
13.8
12.72
12.0
12.12
12.36
12.72
12.6
10.8
10.68
10.56
12.84
12.84
11.88
6.12
6.12
5.88
5.4
5.4
6.96
9.24
9.24
9.96
10.8
10.8
12.84
14.16
14.04
10.56
9.6
9.6
8.88
8.88
