5.64
5.52
5.52
5.64
5.52
5.52
5.64
5.28
4.08
4.08
4.08
4.08
4.08
4.08
3.96
3.36
0.12
0.12
0.12
0.12
0.12
0.12
0.12
0.12
0.12
1.92
14.28
14.28
14.4
14.28
14.28
14.4
14.28
16.92
22.8
22.8
22.92
22.8
22.92
22.8
22.92
22.92
23.64
23.64
23.64
23.64
23.64
23.64
23.64
22.44
20.52
20.52
20.52
20.52
20.52
20.52
20.52
21.0
21.72
21.6
21.72
21.72
21.72
21.72
21.72
24.12
26.76
26.76
26.64
26.76
26.76
26.64
26.76
26.76
26.76
22.92
19.32
19.32
19.32
19.44
19.32
19.32
19.32
22.8
24.96
24.96
24.96
25.08
24.96
24.96
24.96
25.08
24.96
19.32
15.72
15.72
15.72
15.6
15.72
15.72
15.72
28.68
34.32
34.44
34.32
34.44
34.32
34.44
34.32
34.44
34.32
34.8
34.92
35.04
35.04
35.04
34.92
35.04
35.04
34.92
35.04
45.6
49.8
49.8
49.8
49.8
49.8
49.8
49.68
49.8
49.8
47.16
46.08
46.2
46.2
46.2
46.08
46.2
46.2
46.2
46.2
47.88
48.72
48.72
48.72
48.72
48.72
48.72
48.72
48.72
48.72
36.36
31.68
31.8
31.68
31.8
31.8
31.68
31.8
31.68
31.8
47.04
52.44
52.56
52.44
52.44
52.56
52.44
52.44
52.44
52.56
44.28
41.52
41.52
41.52
41.52
41.52
41.64
41.52
41.52
41.52
39.96
39.48
39.48
39.48
39.48
39.48
39.48
39.48
39.48
39.48
38.04
37.8
37.8
37.68
37.8
37.8
37.68
37.8
37.68
37.8
26.52
22.8
22.92
22.8
22.8
22.8
22.92
22.8
52.68
58.2
58.08
58.2
58.08
58.2
58.08
58.2
58.08
58.2
41.28
38.52
38.52
38.52
38.52
38.52
38.52
38.52
38.52
38.52
39.96
40.08
40.2
40.2
40.2
40.2
40.2
40.2
40.2
40.2
30.72
29.4
29.4
29.4
29.4
29.4
29.4
29.4
29.4
29.4
29.88
29.88
29.88
29.88
29.88
30.0
29.88
29.88
29.88
29.88
43.2
44.88
45.0
44.88
44.88
44.88
44.88
44.88
44.88
44.88
50.76
51.6
51.48
51.6
51.6
51.48
51.6
51.6
51.48
51.6
40.08
38.88
38.76
38.88
38.88
38.88
38.88
38.76
38.88
38.88
36.24
36.12
36.0
36.12
36.0
36.12
36.0
36.12
36.0
36.12
28.08
27.48
27.36
27.48
27.36
27.48
27.48
27.36
27.48
27.48
51.24
53.04
53.04
53.04
53.16
53.04
53.04
53.04
53.16
53.04
35.4
33.96
34.08
33.96
33.96
33.96
34.08
33.96
33.96
34.08
38.76
39.24
39.36
39.24
39.36
39.36
39.24
39.36
39.24
39.36
37.2
37.08
36.96
37.08
37.08
37.08
37.08
37.08
37.08
37.08
31.32
31.08
31.08
30.96
31.08
31.08
31.08
30.96
31.08
31.08
46.92
48.12
48.12
48.12
48.12
48.12
48.12
48.12
48.24
48.12
40.32
39.84
39.84
39.84
39.84
39.84
39.84
39.84
39.84
39.84
40.56
40.8
40.68
40.8
40.68
40.8
40.68
40.8
40.68
40.8
26.04
25.2
25.2
25.2
25.08
25.2
25.2
25.2
25.2
25.2
25.68
25.56
25.68
25.68
25.68
25.68
25.56
25.68
25.68
25.68
60.84
62.64
62.76
62.64
62.64
62.76
62.64
62.64
62.76
62.64
41.16
39.72
39.84
39.84
39.84
39.84
39.84
39.84
39.84
39.84
37.92
38.04
37.92
37.92
38.04
37.92
38.04
37.92
37.92
38.04
38.52
38.64
38.64
38.64
38.64
38.64
38.64
38.64
38.52
38.64
26.28
25.8
25.8
25.8
25.8
25.8
25.68
25.8
25.8
25.8
50.16
51.36
51.48
51.48
51.48
51.36
51.48
51.48
51.36
51.48
43.68
43.2
43.08
43.2
43.2
43.2
43.2
43.2
43.2
43.08
36.96
36.72
36.72
36.72
36.72
36.6
36.72
36.72
36.72
36.72
39.36
39.48
39.6
39.6
39.48
39.6
39.48
39.6
39.48
39.6
24.24
23.52
23.64
23.64
23.64
23.64
23.64
23.64
50.4
52.32
52.32
52.32
52.32
52.32
52.32
52.32
52.32
52.32
42.84
42.36
42.36
42.36
42.24
42.36
42.36
42.36
42.24
42.36
35.4
35.04
35.04
35.04
34.92
35.04
35.04
35.04
35.04
35.04
39.6
40.08
40.08
40.08
40.08
40.08
40.08
40.08
40.08
40.08
24.48
23.64
23.64
23.52
23.64
23.52
23.64
23.64
51.48
52.32
52.2
52.2
52.32
52.2
52.2
52.32
52.2
52.32
44.64
44.52
44.64
44.52
44.52
44.64
44.52
44.64
44.52
44.64
39.12
39.12
39.12
39.12
39.12
39.12
39.12
39.12
39.12
39.12
37.68
37.8
37.68
37.8
37.68
37.8
37.8
37.68
37.8
37.8
17.28
17.28
17.16
17.28
17.16
17.16
17.28
20.88
59.4
59.4
59.4
59.4
59.4
59.4
59.52
59.4
59.4
57.96
42.24
42.36
42.24
42.36
42.24
42.36
42.24
42.36
42.24
42.12
40.68
40.8
40.8
40.8
40.68
40.8
40.8
40.8
40.68
40.56
39.36
39.24
39.36
39.24
39.36
39.24
39.36
39.24
39.36
38.4
29.4
29.52
29.4
29.52
29.52
29.4
29.52
29.4
29.52
31.2
47.4
47.52
47.4
47.52
47.4
47.52
47.4
47.52
47.4
46.2
35.76
35.64
35.76
35.64
35.76
35.64
35.64
35.76
35.64
36.24
41.16
41.04
41.16
41.04
41.16
41.04
41.16
41.04
41.16
40.2
34.8
34.8
34.68
34.8
34.68
34.8
34.8
34.68
34.8
34.2
30.24
30.12
30.24
30.24
30.24
30.24
30.24
30.12
30.24
32.28
47.76
47.64
47.76
47.76
47.64
47.76
47.64
47.76
47.76
46.56
38.52
38.52
38.52
38.52
38.52
38.52
38.52
38.52
38.64
38.4
38.52
38.52
38.4
38.52
38.52
38.52
38.4
38.52
38.52
38.88
42.12
42.0
42.12
42.0
42.12
42.0
42.12
42.0
42.12
40.2
28.68
28.8
28.68
28.8
28.8
28.68
28.8
28.68
28.8
26.52
10.08
10.08
10.2
10.08
10.2
10.08
10.08
16.56
39.24
39.36
39.24
39.36
39.24
39.36
39.24
39.36
39.24
42.24
52.56
52.56
52.44
52.56
52.56
52.56
52.56
52.56
52.56
54.36
61.44
61.56
61.44
61.44
61.44
61.44
61.44
61.56
61.44
56.04
36.48
36.48
36.48
36.48
36.48
36.48
36.48
36.48
36.48
37.56
41.88
42.0
41.88
41.88
41.88
41.88
41.88
41.88
41.88
41.64
40.92
40.92
40.92
40.8
40.92
40.92
40.92
40.92
40.92
40.92
41.4
41.52
41.4
41.4
41.52
41.4
41.52
41.4
41.4
39.96
35.4
35.28
35.4
35.4
35.28
35.4
35.28
35.4
35.4
33.6
28.2
28.2
28.08
28.2
28.2
28.2
28.2
28.2
28.08
32.04
43.2
43.32
43.32
43.32
43.2
43.32
43.32
43.2
43.32
44.52
48.24
48.12
48.24
48.12
48.24
48.24
48.12
48.24
48.24
46.32
40.8
40.8
40.8
40.92
40.8
40.8
40.92
40.8
40.8
39.6
36.24
36.36
36.24
36.24
36.24
36.36
36.24
36.24
36.24
33.72
26.88
26.76
26.88
26.76
26.88
26.88
26.76
26.88
26.88
31.2
42.48
42.48
42.6
42.48
42.48
42.6
42.48
42.48
42.48
43.8
47.16
47.04
47.04
47.16
47.04
47.04
47.16
47.04
47.04
44.76
38.64
38.64
38.52
38.64
38.64
38.64
38.64
38.64
38.64
37.32
34.2
34.2
34.2
34.2
34.2
34.2
34.08
34.2
34.2
32.52
28.56
28.44
28.44
28.44
28.56
28.44
28.44
28.44
28.56
34.2
48.0
48.0
47.88
48.0
48.0
47.88
48.0
47.88
48.0
47.04
45.0
44.88
45.0
44.88
45.0
45.0
44.88
45.0
45.0
43.2
39.36
39.24
39.36
39.36
39.36
39.36
39.24
39.36
39.36
36.0
28.92
28.92
28.92
28.92
28.92
28.92
28.92
28.92
28.92
27.48
24.12
24.12
24.12
24.12
24.24
24.12
24.12
24.12
24.12
25.2
27.84
27.84
27.84
27.84
27.84
27.96
27.84
27.84
27.84
22.92
10.92
11.04
10.92
10.92
11.04
10.92
10.92
21.24
37.44
37.32
37.44
37.44
37.32
37.44
37.44
37.32
37.44
35.28
32.4
32.28
32.4
32.28
32.28
32.4
32.28
32.4
32.28
30.48
28.08
28.08
28.08
27.96
28.08
28.08
28.08
28.08
27.96
34.32
43.44
43.56
43.44
43.56
43.44
43.56
43.44
43.56
43.44
42.96
42.12
42.12
42.24
42.12
42.12
42.12
42.12
42.12
42.24
41.64
41.16
41.16
41.28
41.16
41.16
41.16
41.28
41.16
41.16
40.08
38.52
38.52
38.52
38.52
38.52
38.52
38.52
38.52
38.52
35.76
31.68
31.68
31.68
31.68
31.68
31.68
31.68
31.68
31.68
35.04
40.08
40.08
39.96
40.08
40.08
39.96
40.08
40.08
39.96
43.32
48.0
47.88
48.0
47.88
47.88
48.0
47.88
48.0
47.88
41.76
33.36
33.36
33.36
33.24
33.36
33.36
33.36
33.36
33.36
37.44
43.08
43.2
43.08
43.2
43.08
43.08
43.2
43.08
43.08
34.56
23.16
23.28
23.16
23.28
23.28
23.16
23.28
33.12
43.8
43.68
43.8
43.68
43.8
43.68
43.8
43.68
43.8
36.48
29.16
29.04
29.16
29.04
29.16
29.04
29.16
29.04
29.16
28.92
28.8
28.68
28.8
28.68
28.8
28.8
28.68
28.8
28.8
32.28
36.24
36.24
36.24
36.24
36.24
36.24
36.24
36.12
36.24
33.48
30.96
30.84
30.84
30.96
30.84
30.96
30.84
30.96
30.84
35.64
40.56
40.44
40.56
40.44
40.56
40.44
40.56
40.44
40.56
37.32
34.56
34.44
34.56
34.56
34.44
34.56
34.44
34.56
34.56
36.6
38.52
38.64
38.52
38.52
38.64
38.52
38.64
38.52
38.64
35.4
32.76
32.76
32.76
32.76
32.76
32.76
32.76
32.76
32.64
30.24
28.2
28.08
28.08
28.2
28.08
28.2
28.08
28.2
28.08
30.24
31.92
31.92
31.92
31.92
31.92
31.92
31.92
31.92
31.92
32.4
32.88
32.88
32.88
32.88
32.88
32.88
32.88
32.88
32.88
26.88
22.56
22.44
22.56
22.44
22.56
22.44
22.56
21.48
21.12
21.12
21.24
21.12
21.12
21.24
21.12
22.92
23.64
23.64
23.64
23.52
23.64
23.64
23.64
17.28
12.84
12.84
12.96
12.84
12.96
12.84
12.84
18.24
20.64
20.76
20.64
20.76
20.64
20.76
20.64
20.76
20.76
20.76
20.76
20.76
20.88
20.76
20.76
23.64
24.12
24.24
24.12
24.24
24.12
24.24
24.12
24.24
24.12
22.32
22.2
22.2
22.08
22.2
22.2
22.08
22.2
25.92
26.52
26.52
26.52
26.64
26.52
26.52
26.52
26.52
26.52
16.08
15.24
15.12
15.12
15.24
15.12
15.24
15.12
7.8
7.92
7.92
7.8
7.92
7.92
7.8
8.88
18.84
18.72
18.84
18.72
18.84
18.72
18.84
19.44
22.8
22.92
22.92
22.8
22.92
22.92
22.92
22.2
20.52
20.64
20.52
20.64
20.52
20.64
20.52
21.48
23.4
23.28
23.4
23.4
23.4
23.4
23.4
24.0
25.68
25.56
25.56
25.68
25.56
25.68
25.56
25.56
25.68
23.16
19.2
19.2
19.08
19.2
19.2
19.2
19.2
16.44
13.32
13.44
13.32
13.44
13.32
13.44
13.32
11.64
10.2
10.2
10.32
10.2
10.32
10.2
10.32
10.8
11.16
11.16
11.04
11.16
11.16
11.16
11.16
10.92
11.04
11.04
11.04
11.04
11.04
10.92
11.04
9.48
9.36
9.36
9.24
9.36
9.36
9.24
9.36
8.64
8.76
8.64
8.76
8.64
8.64
8.76
8.28
0.12
0.12
0.12
0.12
0.12
0.12
0.12
0.12
0.12
0.12
0.12
0.12
0.12
0.12
0.12
0.12
0.12
0.12
0.12
0.12
11.76
13.68
13.68
13.68
13.68
13.56
13.68
13.8
14.76
14.88
14.76
14.88
14.76
14.88
14.76
12.12
3.48
3.48
3.48
3.6
3.48
3.48
3.6
2.28
0.12
0.12
0.12
0.12
0.12
0.12
0.12
0.12
0.12
8.4
28.2
28.08
28.08
28.2
28.08
28.08
28.2
28.08
28.2
19.44
2.16
2.04
2.16
2.04
2.16
2.04
2.16
11.52
24.0
24.0
24.12
24.0
24.0
24.12
24.0
24.0
24.0
20.28
15.12
15.0
15.12
15.0
15.12
15.0
15.12
13.44
12.12
12.12
12.0
12.12
12.12
12.12
12.12
12.84
13.56
13.44
13.56
13.44
13.56
13.44
13.56
9.24
7.8
7.92
7.8
7.8
7.8
7.8
7.8
11.28
12.12
12.12
12.12
12.12
12.0
12.12
12.12
18.6
19.2
19.2
19.2
19.2
19.32
19.2
19.08
24.0
23.88
24.0
23.88
23.88
24.0
23.88
24.0
21.84
21.0
21.0
21.0
20.88
21.0
21.0
21.0
19.68
19.44
19.32
19.44
19.32
19.32
19.44
19.32
22.32
23.04
23.04
23.04
22.92
23.04
23.04
23.04
28.56
29.04
29.16
29.04
29.04
29.16
29.04
29.16
29.04
29.16
33.84
34.2
34.2
34.2
34.2
34.32
34.2
34.2
34.2
34.2
36.36
36.6
36.48
36.6
36.6
36.6
36.48
36.6
36.6
36.48
35.52
35.52
35.4
35.4
35.52
35.4
35.52
35.4
35.52
35.4
39.36
39.6
39.48
39.6
39.6
39.6
39.48
39.6
39.6
39.6
23.88
23.16
23.28
23.16
23.16
23.28
23.16
23.4
33.12
33.24
33.24
33.12
33.24
33.24
33.12
33.24
33.12
33.24
35.28
35.28
35.16
35.28
35.28
35.16
35.28
35.28
35.28
34.56
24.0
23.88
24.0
23.88
24.0
23.88
24.0
24.0
29.64
29.88
30.0
29.88
29.88
30.0
29.88
30.0
29.88
29.88
30.0
30.0
30.0
30.0
30.0
30.0
30.12
30.0
30.0
30.0
33.36
33.36
33.48
33.36
33.48
33.36
33.36
33.48
33.36
33.36
34.8
34.68
34.8
34.68
34.8
34.68
34.8
34.68
34.68
34.68
32.4
32.4
32.28
32.4
32.4
32.4
32.4
32.4
32.28
32.52
36.0
36.0
36.0
36.0
36.0
36.0
36.0
36.0
36.0
35.64
28.44
28.44
28.56
28.44
28.44
28.56
28.44
28.44
28.44
28.68
31.44
31.56
31.56
31.56
31.56
31.56
31.44
31.56
31.56
31.32
26.76
26.76
26.88
26.76
26.76
26.76
26.88
26.76
26.76
26.64
23.88
23.76
23.88
23.76
23.76
23.88
23.76
23.88
27.24
27.48
27.6
27.48
27.6
27.48
27.6
27.48
27.6
27.48
21.0
20.64
20.64
20.64
20.76
20.64
20.64
20.52
20.76
20.76
20.76
20.76
20.76
20.64
20.76
22.68
33.6
33.6
33.6
33.6
33.6
33.72
33.6
33.6
33.6
33.96
36.24
36.36
36.24
36.24
36.36
36.24
36.24
36.36
36.24
33.84
21.48
21.6
21.48
21.48
21.48
21.6
21.48
22.2
24.84
24.84
24.96
24.84
24.84
24.84
24.84
24.84
24.84
25.68
28.92
28.8
28.92
28.8
28.92
28.8
28.92
28.92
28.8
28.44
27.12
27.0
27.12
27.12
27.12
27.0
27.12
27.12
27.12
28.8
33.84
33.84
33.72
33.84
33.84
33.84
33.84
33.84
33.84
28.2
13.08
12.96
13.08
13.08
12.96
13.08
13.08
19.8
31.56
31.68
31.56
31.56
31.56
31.68
31.56
31.56
31.68
29.4
26.16
26.16
26.16
26.04
26.16
26.16
26.16
26.04
26.16
23.52
19.44
19.32
19.44
19.32
19.32
19.44
19.32
23.16
27.84
27.96
27.84
27.84
27.84
27.84
27.84
27.96
27.84
24.84
21.24
21.24
21.24
21.24
21.24
21.24
21.24
19.56
18.24
18.12
18.24
18.12
18.24
18.12
18.24
20.04
21.36
21.48
21.36
21.36
21.36
21.48
21.36
20.76
20.64
20.64
20.64
20.64
20.64
20.64
20.64
22.92
23.64
23.52
23.64
23.64
23.64
23.52
23.64
18.96
18.36
18.36
18.36
18.24
18.36
18.36
18.36
17.76
17.76
17.76
17.76
17.88
17.76
17.76
18.24
26.4
26.4
26.4
26.4
26.4
26.4
26.4
26.4
26.4
26.16
22.2
22.2
22.32
22.2
22.2
22.32
22.2
24.12
35.4
35.4
35.4
35.4
35.4
35.52
35.4
35.4
35.4
33.84
26.04
26.04
26.04
26.04
26.04
26.04
26.04
26.04
26.04
26.16
27.72
27.6
27.72
27.72
27.6
27.72
27.72
27.72
27.6
27.84
28.68
28.68
28.56
28.68
28.68
28.68
28.56
28.68
28.68
28.2
25.08
25.2
25.2
25.2
25.08
25.2
25.2
25.08
25.2
25.56
29.16
29.16
29.16
29.16
29.16
29.28
29.16
29.16
29.16
28.44
23.4
23.4
23.4
23.52
23.4
23.4
23.4
23.28
21.12
21.12
21.12
21.24
21.12
21.12
21.24
19.2
7.68
7.68
7.8
7.68
7.68
7.8
7.68
15.0
38.28
38.28
38.4
38.28
38.28
38.28
38.28
38.28
38.4
38.52
39.48
39.48
39.48
39.6
39.48
39.48
39.48
39.48
39.48
37.08
30.12
30.12
30.12
30.0
30.12
30.12
30.12
30.12
30.12
28.8
25.44
25.32
25.44
25.32
25.32
25.44
25.32
25.44
25.32
25.56
26.16
26.16
26.16
26.16
26.04
26.16
26.16
26.16
26.16
29.76
41.04
41.04
41.04
41.16
41.04
41.04
41.04
41.04
41.16
37.68
28.08
28.2
28.08
28.2
28.08
28.08
28.2
28.08
28.08
26.16
19.56
19.56
19.68
19.56
19.56
19.56
19.68
24.48
34.32
34.32
34.32
34.32
34.32
34.32
34.32
34.32
34.32
31.32
25.8
25.8
25.8
25.8
25.8
25.8
25.8
25.8
25.8
22.8
16.92
17.04
17.04
17.04
16.92
17.04
17.04
19.56
22.92
22.92
22.92
22.92
22.92
22.92
22.92
26.04
30.0
30.0
30.0
30.0
29.88
30.0
30.0
30.0
30.0
30.6
31.32
31.32
31.2
31.32
31.32
31.32
31.32
31.32
31.32
32.28
33.36
33.24
33.36
33.24
33.36
33.36
33.24
33.36
33.24
31.44
29.28
29.28
29.4
29.28
29.28
29.4
29.28
29.28
29.4
29.76
30.48
30.48
30.48
30.36
30.48
30.48
30.36
30.48
30.48
29.64
29.04
29.04
28.92
29.04
29.04
28.92
29.04
29.04
28.92
31.68
34.56
34.44
34.56
34.56
34.44
34.56
34.44
34.56
34.44
32.16
29.76
29.76
29.76
29.76
29.76
29.88
29.76
29.76
29.76
36.84
43.56
43.68
43.56
43.68
43.56
43.68
43.68
43.56
43.68
47.04
50.4
50.4
50.52
50.4
50.4
50.52
50.4
50.4
50.4
53.04
55.44
55.56
55.56
55.56
55.56
55.44
55.56
55.56
55.56
52.8
50.16
50.16
50.16
50.16
50.16
50.16
50.16
50.16
50.16
39.12
28.32
28.32
28.32
28.2
28.32
28.32
28.32
28.2
28.32
35.52
42.48
42.48
42.48
42.48
42.48
42.48
42.48
42.48
42.48
43.44
44.76
44.64
44.76
44.64
44.76
44.64
44.64
44.76
44.64
38.04
32.28
32.28
32.4
32.28
32.28
32.28
32.28
32.28
32.4
35.16
37.92
37.92
37.92
38.04
37.92
37.92
37.92
37.92
37.92
34.2
30.84
30.84
30.84
30.96
30.84
30.84
30.84
30.96
30.84
39.6
47.4
47.28
47.4
47.28
47.28
47.4
47.28
47.4
47.28
43.08
39.48
39.6
39.6
39.6
39.6
39.6
39.6
39.48
39.6
38.52
37.68
37.68
37.56
37.68
37.68
37.68
37.56
37.68
37.68
39.6
41.28
41.28
41.4
41.28
41.28
41.28
41.28
41.4
41.28
33.36
27.36
27.24
27.36
27.36
27.24
27.36
27.24
27.36
27.36
39.96
49.44
49.44
49.56
49.44
49.56
49.44
49.44
49.56
49.44
44.4
40.32
40.44
40.44
40.44
40.44
40.44
40.44
40.44
40.44
36.0
32.88
33.0
33.0
32.88
33.0
33.0
32.88
33.0
32.88
39.36
43.8
43.8
43.8
43.8
43.8
43.92
43.8
43.8
43.8
35.04
28.8
28.92
28.92
28.92
28.92
28.92
28.92
28.92
28.8
39.0
45.72
45.84
45.72
45.72
45.72
45.72
45.72
45.84
45.72
42.24
40.08
40.08
40.08
40.08
40.08
40.08
40.2
40.08
40.08
36.24
34.08
33.96
34.08
33.96
34.08
33.96
34.08
33.96
34.08
36.72
38.76
38.76
38.76
38.76
38.76
38.76
38.76
38.76
38.64
32.52
28.68
28.8
28.68
28.68
28.68
28.8
28.68
28.68
28.8
40.68
48.0
48.12
48.12
48.0
48.12
48.0
48.12
48.12
48.0
43.08
40.08
40.08
40.08
40.08
40.2
40.08
40.08
40.08
40.08
29.88
23.64
23.64
23.64
23.76
23.64
23.64
23.64
37.56
44.88
44.88
44.88
44.88
44.88
44.88
44.76
44.88
44.88
40.2
38.04
37.92
37.92
38.04
37.92
38.04
37.92
37.92
38.04
41.88
43.92
43.92
43.92
43.92
44.04
43.92
43.92
43.92
43.92
42.48
41.76
41.88
41.76
41.88
41.76
41.88
41.88
41.76
41.88
40.56
40.08
40.08
40.2
40.08
40.08
40.08
40.2
40.08
40.08
40.2
40.44
40.32
40.32
40.32
40.32
40.32
40.32
40.44
40.32
32.28
28.68
28.8
28.8
28.68
28.8
28.8
28.68
28.8
28.68
39.24
43.92
43.92
43.92
44.04
43.92
43.92
43.92
43.92
43.92
38.16
35.64
35.64
35.64
35.64
35.64
35.52
35.64
35.64
35.64
35.64
35.64
35.76
35.76
35.64
35.76
35.76
35.64
35.76
35.76
39.24
40.92
40.92
40.92
40.92
40.8
40.92
40.92
40.92
40.8
29.88
25.44
25.44
25.44
25.44
25.44
25.44
25.44
25.44
25.44
43.8
51.72
51.6
51.72
51.6
51.72
51.72
51.6
51.72
51.72
40.8
36.24
36.12
36.12
36.12
36.12
36.12
36.24
36.12
36.12
40.2
42.12
42.12
42.0
42.12
42.12
42.12
42.12
42.0
42.12
30.6
25.68
25.68
25.8
25.68
25.68
25.68
25.68
25.68
25.68
23.28
22.32
22.2
22.32
22.32
22.32
22.32
22.2
42.84
48.48
48.36
48.48
48.36
48.48
48.36
48.36
48.48
48.36
55.8
57.72
57.72
57.72
57.72
57.72
57.72
57.84
57.72
57.72
44.28
40.68
40.56
40.56
40.68
40.56
40.56
40.68
40.56
40.56
35.76
34.56
34.56
34.68
34.56
34.56
34.56
34.56
34.56
34.56
26.52
24.48
24.48
24.48
24.6
24.48
24.48
24.48
24.48
24.48
44.28
49.68
49.68
49.56
49.68
49.68
49.56
49.68
49.68
49.56
35.64
32.04
32.04
32.04
32.04
32.04
32.04
32.04
32.04
32.04
37.68
39.36
39.36
39.36
39.36
39.36
39.24
39.36
39.36
39.36
37.8
37.68
37.56
37.68
37.68
37.56
37.68
37.56
37.68
37.56
31.44
30.12
30.12
30.0
30.12
30.0
30.12
30.12
30.0
30.12
43.8
46.92
46.8
46.92
46.92
46.92
46.8
46.92
46.92
46.92
43.68
43.08
43.08
43.2
43.08
43.08
43.08
43.08
43.08
43.2
40.2
39.72
39.72
39.84
39.72
39.72
39.72
39.72
39.84
39.72
35.88
35.16
35.16
35.16
35.16
35.16
35.16
35.16
35.16
35.16
30.96
30.48
30.36
30.36
30.48
30.36
30.36
30.48
30.36
30.36
40.92
43.08
42.96
42.96
42.96
43.08
42.96
42.96
43.08
42.96
41.88
41.64
41.76
41.76
41.76
41.76
41.76
41.64
41.76
41.76
39.96
39.84
39.72
39.84
39.72
39.84
39.72
39.84
39.72
39.84
34.08
33.36
33.24
33.36
33.36
33.24
33.36
33.36
33.24
33.36
30.84
30.6
30.48
30.6
30.48
30.6
30.48
30.6
30.6
30.48
43.56
45.36
45.36
45.24
45.36
45.36
45.36
45.36
45.36
45.24
40.44
39.72
39.72
39.72
39.72
39.72
39.72
39.72
39.72
39.72
34.2
33.6
33.72
33.6
33.72
33.6
33.6
33.72
33.6
33.6
40.92
41.76
41.76
41.76
41.88
41.76
41.76
41.88
41.76
41.76
24.12
22.2
22.2
22.08
22.2
22.2
22.2
22.2
14.4
14.28
14.4
14.4
14.28
14.4
14.28
16.8
45.12
45.12
45.12
45.24
45.12
45.12
45.24
45.12
45.12
47.16
71.4
71.28
71.4
71.4
71.4
71.28
71.4
71.4
71.28
68.16
36.12
36.12
36.12
36.24
36.12
36.12
36.12
36.12
36.24
35.52
30.48
30.48
30.36
30.48
30.48
30.48
30.48
30.48
30.36
30.84
33.84
33.96
33.84
33.96
33.84
33.96
33.84
33.96
33.84
35.4
46.92
46.92
46.92
46.92
47.04
46.92
46.92
46.92
47.04
44.52
25.08
25.2
25.08
25.2
25.08
25.2
25.08
25.2
25.08
27.96
48.6
48.6
48.48
48.6
48.6
48.48
48.6
48.6
48.6
47.88
43.2
43.2
43.2
43.2
43.2
43.2
43.2
43.2
43.2
41.88
33.0
33.0
33.0
33.0
33.0
33.0
33.0
33.0
33.0
34.2
41.76
41.76
41.76
41.76
41.76
41.64
41.76
41.76
41.76
41.28
37.8
37.92
37.92
37.92
37.92
37.8
37.92
37.92
37.92
37.8
37.92
38.04
37.92
38.04
37.92
38.04
38.04
37.92
38.04
36.0
25.08
25.2
25.2
25.08
25.2
25.08
25.2
25.08
25.2
27.0
38.76
38.76
38.64
38.76
38.76
38.76
38.76
38.76
38.76
40.92
54.36
54.36
54.36
54.24
54.36
54.36
54.24
54.36
54.36
52.08
38.76
38.76
38.76
38.76
38.88
38.76
38.76
38.76
38.76
38.76
38.4
38.52
38.52
38.52
38.52
38.4
38.52
38.52
38.52
37.56
33.36
33.36
33.24
33.36
33.36
33.36
33.24
33.36
33.36
33.0
31.68
31.56
31.68
31.56
31.68
31.56
31.68
31.56
31.68
34.92
50.04
50.04
50.04
50.04
50.04
50.04
50.04
50.04
50.04
47.28
34.92
35.04
34.92
34.92
35.04
34.92
35.04
34.92
34.92
36.24
41.88
42.0
41.88
42.0
41.88
42.0
41.88
42.0
41.88
40.8
36.24
36.24
36.24
36.24
36.24
36.24
36.24
36.24
36.24
35.16
30.72
30.72
30.72
30.72
30.72
30.84
30.72
30.72
30.72
34.08
47.4
47.52
47.52
47.4
47.52
47.4
47.52
47.52
47.4
45.36
37.08
36.96
37.08
36.96
37.08
36.96
37.08
36.96
37.08
36.24
33.96
33.96
33.96
33.96
33.96
33.96
34.08
33.96
33.96
32.4
26.88
26.88
27.0
26.88
26.88
27.0
26.88
26.88
26.88
28.32
33.48
33.36
33.48
33.36
33.48
33.36
33.48
33.36
33.48
37.56
52.32
52.44
52.44
52.32
52.44
52.32
52.44
52.44
52.32
49.68
40.08
40.08
39.96
40.08
40.08
40.08
40.08
39.96
40.08
40.08
40.68
40.68
40.68
40.68
40.68
40.68
40.68
40.68
40.68
37.8
28.44
28.56
28.44
28.56
28.44
28.56
28.44
28.56
28.44
29.04
30.6
30.72
30.6
30.72
30.6
30.72
30.6
30.6
30.72
34.32
45.96
46.08
45.96
46.08
45.96
46.08
45.96
46.08
45.96
46.92
50.04
49.92
49.92
49.92
49.92
49.92
50.04
49.92
49.92
46.32
35.28
35.28
35.28
35.28
35.16
35.28
35.28
35.28
35.28
32.52
24.48
24.48
24.48
24.48
24.48
24.48
24.48
24.36
24.48
25.8
30.36
30.36
30.36
30.36
30.36
30.48
30.36
30.36
30.36
37.56
61.68
61.68
61.68
61.8
61.68
61.68
61.68
61.68
61.68
54.96
31.2
31.32
31.2
31.32
31.2
31.32
31.2
31.32
31.2
34.2
44.28
44.28
44.28
44.28
44.28
44.28
44.28
44.28
44.28
42.36
36.12
36.24
36.12
36.24
36.12
36.24
36.12
36.24
36.12
34.32
28.44
28.44
28.32
28.44
28.44
28.44
28.32
28.44
28.44
34.2
52.68
52.8
52.68
52.8
52.68
52.8
52.68
52.8
52.68
49.68
39.36
39.36
39.36
39.36
39.36
39.36
39.36
39.36
39.48
39.36
39.72
39.72
39.84
39.72
39.72
39.72
39.84
39.72
39.72
38.76
36.0
36.0
36.0
36.0
36.0
36.0
36.0
35.88
36.0
32.52
22.56
22.56
22.44
22.56
22.56
22.56
22.44
32.88
58.8
58.68
58.68
58.8
58.68
58.68
58.68
58.8
58.68
53.16
39.0
39.0
39.0
39.12
39.0
39.0
39.12
39.0
39.0
39.0
39.12
39.12
39.12
39.0
39.12
39.12
39.12
39.12
39.12
36.96
32.16
32.16
32.16
32.16
32.16
32.16
32.16
32.16
32.04
31.68
30.48
30.48
30.48
30.48
30.48
30.48
30.48
30.48
30.6
31.92
35.16
35.28
35.28
35.16
35.28
35.28
35.16
35.28
35.28
33.72
30.6
30.6
30.6
30.6
30.6
30.6
30.6
30.6
30.6
31.08
32.16
32.28
32.16
32.28
32.16
32.16
32.28
32.16
32.28
34.68
39.6
39.6
39.6
39.6
39.6
39.72
39.6
39.6
39.6
34.68
25.44
25.44
25.44
25.44
25.32
25.44
25.44
25.44
25.32
36.84
60.36
60.24
60.24
60.24
60.36
60.24
60.24
60.36
60.24
52.2
35.28
35.16
35.16
35.28
35.16
35.16
35.28
35.16
35.16
35.16
35.28
35.16
35.28
35.16
35.16
35.28
35.16
35.28
35.16
36.12
37.68
37.8
37.8
37.8
37.68
37.8
37.8
37.8
37.68
32.52
23.04
22.92
22.92
22.92
22.92
22.92
23.04
33.96
49.56
49.56
49.56
49.56
49.56
49.56
49.56
49.56
49.56
41.76
30.96
30.84
30.96
30.96
30.96
30.96
30.96
30.96
30.84
31.44
32.16
32.16
32.04
32.16
32.16
32.16
32.04
32.16
32.16
31.56
31.08
30.96
30.96
30.96
30.96
30.96
30.96
30.96
30.96
17.76
0.84
0.84
0.84
0.96
0.84
0.84
0.84
7.68
13.44
13.44
13.44
13.56
13.44
13.44
13.44
13.8
14.16
14.28
14.16
14.16
14.16
14.28
14.16
7.92
5.88
6.0
5.88
5.88
5.88
6.0
5.88
1.08
0.12
0.24
0.12
0.12
0.24
0.12
0.24
21.84
23.16
23.28
23.28
23.28
23.16
23.28
23.28
9.24
8.52
8.64
8.64
8.52
8.64
8.64
8.64
11.52
11.52
11.52
11.4
11.52
11.52
11.52
11.4
11.64
11.64
11.64
11.64
11.64
11.64
11.64
11.64
11.64
11.64
11.76
11.64
11.64
11.64
11.64
10.92
9.36
9.36
9.36
9.36
9.36
9.36
9.36
9.6
9.96
9.96
10.08
9.96
9.96
9.96
9.96
6.48
3.72
3.6
3.72
3.72
3.6
3.72
3.6
7.8
9.96
10.08
9.96
10.08
10.08
9.96
10.08
26.88
32.64
32.64
32.52
32.64
32.64
32.52
32.64
32.64
32.64
29.4
28.68
28.56
28.56
28.56
28.56
28.56
28.68
28.56
28.56
33.36
34.8
34.8
34.92
34.8
34.8
34.8
34.92
34.8
34.8
30.24
29.16
29.04
29.04
29.04
29.04
29.16
29.04
29.04
29.04
34.32
36.0
36.0
36.0
36.0
36.0
36.0
36.0
36.0
36.0
31.2
30.0
29.88
30.0
30.0
29.88
30.0
30.0
29.88
30.0
24.84
23.52
23.52
23.52
23.52
23.52
23.52
23.52
36.6
39.48
39.6
39.48
39.6
39.6
39.48
39.6
39.48
39.6
34.32
33.48
33.36
33.36
33.36
33.36
33.36
33.36
33.36
33.36
32.28
32.16
32.28
32.16
32.16
32.16
32.28
32.16
32.16
32.16
28.2
27.48
27.48
27.48
27.36
27.48
27.48
27.48
27.36
27.48
23.28
22.44
22.44
22.44
22.56
22.44
22.44
22.44
24.6
25.08
25.2
25.08
25.08
25.08
25.08
25.08
25.08
25.08
18.48
17.76
17.64
17.64
17.64
17.64
17.64
17.64
26.76
27.12
27.24
27.12
27.12
27.24
27.12
27.12
27.24
27.12
18.96
18.72
18.72
18.6
18.72
18.72
18.6
18.72
21.12
21.0
21.12
21.0
21.12
21.0
21.12
20.4
16.8
16.68
16.68
16.8
16.68
16.8
16.68
18.12
23.88
24.0
23.88
23.88
23.88
23.88
23.88
24.0
16.2
15.36
15.36
15.24
15.36
15.24
15.36
15.24
16.08
16.08
16.08
16.08
16.2
16.08
16.08
16.32
20.16
20.16
20.16
20.16
20.28
20.16
20.16
19.2
14.52
14.52
14.52
14.52
14.52
14.52
14.52
15.84
20.16
20.04
20.16
20.04
20.16
20.04
20.16
19.56
18.72
18.72
18.84
18.72
18.72
18.84
18.72
18.48
18.36
18.48
18.36
18.36
18.36
18.36
18.36
16.92
15.84
15.72
15.84
15.72
15.84
15.72
15.84
6.24
0.96
0.96
0.96
0.96
0.96
0.96
0.96
21.48
29.16
29.16
29.16
29.16
29.16
29.16
29.28
29.16
29.16
18.72
15.24
15.24
15.24
15.36
15.24
15.24
15.24
13.56
13.44
13.32
13.44
13.32
13.44
13.32
13.44
9.72
9.72
9.6
9.6
9.72
9.6
9.72
9.48
7.68
7.68
7.68
7.68
7.68
7.8
7.68
7.92
9.48
9.48
9.48
9.6
9.48
9.48
9.48
9.24
8.52
8.52
8.52
8.4
8.52
8.52
8.52
9.48
12.0
12.0
12.0
11.88
12.0
12.0
12.0
13.2
15.0
15.0
15.0
15.0
14.88
15.0
15.0
13.8
12.84
12.96
12.84
12.96
12.84
12.96
12.84
12.36
12.0
12.12
12.12
12.0
12.12
12.0
12.12
9.6
8.76
8.76
8.76
8.76
8.88
8.76
8.76
7.44
7.32
7.2
7.2
7.32
7.2
7.2
7.32
5.64
5.64
5.64
5.64
5.52
5.64
5.64
5.52
5.64
5.52
5.64
5.52
5.64
5.52
5.64
5.04
2.4
2.28
2.4
2.28
2.4
2.28
2.4
2.28
2.04
2.16
2.16
2.16
2.04
2.16
2.16
3.6
7.08
6.96
7.08
7.08
6.96
7.08
6.96
5.16
2.76
2.76
2.76
2.88
2.76
2.76
2.76
1.32
0.12
0.12
0.12
0.12
0.12
0.12
0.12
0.12
0.12
0.12
0.12
0.12
0.12
0.12
0.12
0.12
0.12
0.12
0.12
0.12
0.12
0.12
0.12
0.12
0.12
0.12
0.12
0.12
0.12
0.12
0.12
0.12
0.12
0.12
0.12
0.12
0.12
0.12
0.12
0.12
0.12
0.12
0.12
0.12
0.12
0.12
0.24
30.84
48.6
48.48
48.48
48.6
48.48
48.48
48.6
48.48
48.48
42.24
38.64
38.64
38.64
38.64
38.64
38.64
38.64
38.64
38.64
39.48
39.96
40.08
40.08
39.96
40.08
40.08
39.96
40.08
40.08
41.88
43.08
42.96
43.08
42.96
43.08
42.96
43.08
42.96
43.08
40.8
39.72
39.72
39.72
39.6
39.72
39.72
39.72
39.72
39.72
37.56
36.48
36.48
36.48
36.48
36.48
36.6
36.48
36.48
36.48
45.48
50.04
50.04
50.04
50.04
50.16
50.04
50.04
50.04
50.04
50.88
51.36
51.24
51.36
51.24
51.36
51.24
51.36
51.36
51.24
43.68
39.96
39.96
39.96
39.96
39.96
39.96
39.96
39.96
39.96
35.28
33.12
33.12
33.12
33.12
33.12
33.12
33.12
33.12
33.12
33.96
34.32
34.32
34.2
34.32
34.32
34.32
34.32
34.32
34.32
48.36
54.48
54.48
54.36
54.48
54.48
54.48
54.36
54.48
54.48
43.32
38.4
38.4
38.4
38.28
38.4
38.4
38.4
38.4
38.4
25.32
19.92
20.04
19.92
19.92
20.04
19.92
20.04
30.36
33.24
33.24
33.36
33.24
33.24
33.24
33.36
33.24
33.24
30.12
29.4
29.4
29.4
29.4
29.28
29.4
29.4
29.4
29.4
55.08
61.56
61.68
61.56
61.56
61.68
61.56
61.56
61.68
61.56
52.44
50.16
50.16
50.16
50.04
50.16
50.16
50.16
50.04
50.16
41.28
39.0
38.88
38.88
39.0
38.88
38.88
39.0
38.88
38.88
35.4
34.56
34.56
34.44
34.56
34.56
34.56
34.56
34.56
34.44
29.04
27.72
27.72
27.6
27.72
27.72
27.72
27.6
27.72
27.72
48.48
53.52
53.4
53.52
53.4
53.4
53.52
53.4
53.52
53.4
37.44
33.48
33.48
33.48
33.48
33.48
33.6
33.48
33.48
33.48
41.28
43.08
43.08
43.08
43.2
43.08
43.08
43.08
43.2
43.08
34.44
32.64
32.52
32.64
32.52
32.64
32.52
32.52
32.64
32.52
28.56
27.72
27.72
27.72
27.6
27.72
27.72
27.72
27.6
27.72
49.2
54.0
53.88
54.0
53.88
54.0
53.88
54.0
53.88
54.0
37.68
34.08
33.96
34.08
34.08
33.96
34.08
33.96
34.08
34.08
35.16
35.64
35.52
35.52
35.64
35.52
35.52
35.64
35.52
35.52
37.8
38.28
38.28
38.28
38.28
38.28
38.28
38.28
38.28
38.28
30.36
28.8
28.92
28.92
28.92
28.8
28.92
28.92
28.8
28.92
43.56
46.44
46.44
46.32
46.44
46.44
46.32
46.44
46.44
46.32
37.8
36.24
36.12
36.24
36.12
36.24
36.24
36.12
36.24
36.24
40.2
41.16
41.04
41.04
41.04
41.04
41.04
41.16
41.04
41.04
37.2
36.72
36.72
36.72
36.72
36.72
36.72
36.6
36.72
36.72
28.92
27.84
27.72
27.72
27.84
27.72
27.72
27.84
27.72
27.72
34.68
35.76
35.76
35.88
35.76
35.76
35.76
35.76
35.76
35.88
35.88
36.0
36.12
36.0
36.0
36.12
36.0
36.0
36.12
36.0
53.04
55.56
55.44
55.56
55.44
55.56
55.44
55.56
55.44
55.44
36.48
33.72
33.6
33.72
33.6
33.72
33.6
33.72
33.6
33.6
27.72
26.88
26.88
26.88
26.88
26.88
26.88
26.88
26.88
26.88
39.36
41.4
41.28
41.28
41.4
41.28
41.4
41.28
41.4
41.28
50.52
51.96
51.96
51.96
51.84
51.96
51.96
51.96
51.84
51.96
34.68
32.28
32.28
32.4
32.28
32.28
32.28
32.4
32.28
32.28
43.32
44.76
44.64
44.76
44.64
44.76
44.76
44.64
44.76
44.64
35.4
34.32
34.32
34.2
34.32
34.32
34.32
34.32
34.32
34.32
40.68
41.52
41.52
41.52
41.52
41.52
41.52
41.52
41.52
41.52
40.32
40.2
40.2
40.2
40.2
40.2
40.2
40.2
40.2
40.2
39.6
39.6
39.6
39.6
39.6
39.6
39.6
39.6
39.6
39.6
31.56
30.84
30.72
30.84
30.72
30.84
30.72
30.84
30.72
30.84
27.48
27.12
27.24
27.24
27.12
27.24
27.24
27.12
27.24
27.24
45.12
46.68
46.8
46.8
46.68
46.8
46.68
46.8
46.68
46.8
38.52
37.8
37.8
37.8
37.92
37.8
37.8
37.8
37.92
37.8
39.36
39.6
39.48
39.6
39.6
39.48
39.6
39.6
39.48
39.6
33.0
32.52
32.52
32.64
32.52
32.52
32.52
32.64
32.52
32.52
31.92
31.92
32.04
31.92
31.92
31.92
31.92
31.92
31.92
31.92
46.2
46.68
46.8
46.8
46.68
46.8
46.8
46.8
46.68
46.8
42.0
41.64
41.76
41.76
41.76
41.76
41.76
41.76
41.76
41.76
36.96
36.72
36.72
36.72
36.84
36.72
36.72
36.72
36.84
36.72
41.04
41.28
41.4
41.28
41.28
41.28
41.28
41.28
41.4
41.28
24.96
24.72
24.6
24.6
24.6
24.6
24.6
24.6
24.6
24.6
47.64
48.72
48.72
48.72
48.84
48.72
48.72
48.72
48.72
48.72
44.52
44.4
44.4
44.4
44.4
44.4
44.4
44.4
44.4
44.4
36.72
36.48
36.48
36.48
36.48
36.48
36.48
36.48
36.48
36.48
41.76
42.0
42.0
42.0
42.0
42.0
42.0
42.0
42.0
42.0
26.52
26.4
26.28
26.28
26.28
26.4
26.28
26.28
26.4
26.28
17.52
17.28
17.4
17.28
17.28
17.4
17.28
19.08
47.76
47.64
47.64
47.76
47.64
47.64
47.76
47.64
47.64
48.48
61.08
60.96
61.08
60.96
61.08
60.96
61.08
60.96
61.08
59.88
39.0
39.0
39.0
39.0
39.0
39.0
39.0
39.0
39.0
37.56
16.08
16.2
16.08
16.2
16.2
16.08
16.2
21.48
50.04
50.04
50.04
50.04
50.04
50.04
50.04
50.04
50.04
50.64
54.36
54.48
54.36
54.48
54.36
54.36
54.48
54.36
54.48
49.2
23.16
23.16
23.16
23.04
23.16
23.16
23.04
28.44
53.28
53.28
53.28
53.28
53.28
53.28
53.28
53.28
53.28
49.56
32.76
32.88
32.88
32.76
32.88
32.76
32.88
32.88
32.76
35.52
47.04
46.92
47.04
47.04
46.92
47.04
47.04
46.92
47.04
45.36
38.52
38.52
38.52
38.52
38.52
38.64
38.52
38.52
38.52
38.28
37.8
37.68
37.8
37.68
37.8
37.68
37.8
37.68
37.8
