36.12
36.0
36.0
36.0
36.0
36.0
36.0
36.0
36.12
36.0
33.72
33.84
33.84
33.72
33.84
33.84
33.84
33.72
33.84
33.84
33.96
34.08
33.96
34.08
33.96
34.08
33.96
34.08
34.08
33.96
31.44
31.56
31.44
31.56
31.44
31.56
31.44
31.56
31.56
31.44
26.64
26.64
26.76
26.64
26.76
26.64
26.76
26.64
26.76
26.64
25.92
26.04
26.04
26.04
26.04
26.04
26.04
26.04
26.04
26.04
17.64
17.64
17.64
17.76
17.64
17.64
17.76
17.76
18.0
18.0
18.0
17.88
18.0
18.0
20.16
22.56
22.68
22.56
22.56
22.68
22.56
20.28
10.56
10.44
10.44
10.56
10.44
10.44
10.56
20.16
21.0
21.0
21.0
21.0
21.0
21.0
26.4
29.16
29.28
29.16
29.28
29.16
29.28
29.16
29.28
29.16
37.68
42.0
41.88
42.0
42.0
42.0
41.88
42.0
42.0
42.0
37.32
35.16
35.28
35.16
35.16
35.16
35.28
35.16
35.16
35.28
30.96
29.16
29.04
29.04
29.04
29.04
29.04
29.16
29.04
29.04
31.8
33.48
33.36
33.36
33.48
33.36
33.48
33.36
33.36
33.48
33.72
34.08
34.08
34.08
34.2
34.08
34.08
34.08
34.08
34.08
36.84
38.16
38.28
38.28
38.16
38.28
38.16
38.28
38.28
38.16
37.44
37.08
37.08
37.08
37.08
36.96
37.08
37.08
37.08
37.08
39.72
41.28
41.28
41.28
41.28
41.28
41.28
41.28
41.28
41.28
42.96
43.92
44.04
43.92
44.04
43.92
43.92
44.04
43.92
44.04
36.6
32.52
32.64
32.52
32.52
32.52
32.52
32.52
32.52
32.64
35.04
36.6
36.6
36.6
36.6
36.6
36.6
36.6
36.72
36.6
32.76
30.6
30.6
30.6
30.6
30.6
30.48
30.6
30.6
30.6
28.68
27.6
27.72
27.6
27.6
27.6
27.6
27.72
27.6
27.6
24.12
22.08
22.08
22.08
22.08
21.96
22.08
21.6
21.12
21.12
21.12
21.12
21.12
21.12
21.96
36.72
36.84
36.72
36.72
36.84
36.72
36.72
36.84
36.72
36.0
24.12
24.12
24.12
24.12
24.12
24.12
24.12
24.12
24.24
24.36
28.68
28.68
28.68
28.56
28.68
28.68
28.68
28.68
28.68
28.32
24.72
24.72
24.72
24.72
24.72
24.72
24.72
24.72
24.84
24.48
23.76
23.76
23.76
23.76
23.76
23.76
23.76
28.92
33.72
33.72
33.72
33.72
33.84
33.72
33.72
33.72
33.72
32.16
30.84
30.84
30.96
30.84
30.84
30.84
30.84
30.84
30.84
33.6
36.24
36.12
36.12
36.24
36.12
36.12
36.24
36.12
36.12
33.84
31.68
31.68
31.68
31.68
31.68
31.68
31.68
31.68
31.68
29.88
28.32
28.32
28.32
28.32
28.32
28.32
28.32
28.32
28.32
26.16
24.12
24.24
24.24
24.24
24.24
24.24
24.24
24.24
24.24
21.72
19.56
19.56
19.56
19.56
19.56
19.56
19.32
19.2
19.08
19.2
19.08
19.2
19.08
19.2
16.92
17.04
17.04
17.04
17.04
16.92
17.04
21.24
22.8
22.8
22.8
22.8
22.8
22.8
24.6
27.36
27.24
27.36
27.36
27.36
27.36
27.24
27.36
27.36
25.08
22.08
22.08
21.96
22.08
22.08
22.08
22.68
27.12
27.0
27.0
27.12
27.0
27.0
27.12
27.0
27.12
25.56
17.76
17.76
17.64
17.76
17.76
17.76
17.76
14.4
14.04
14.16
14.04
14.16
14.04
14.16
13.56
13.56
13.44
13.56
13.44
13.56
13.44
19.68
29.4
29.28
29.4
29.4
29.28
29.4
29.4
29.28
29.4
31.92
36.24
36.12
36.24
36.24
36.12
36.24
36.12
36.24
36.24
39.72
45.6
45.6
45.6
45.72
45.6
45.6
45.6
45.72
45.6
43.56
40.32
40.44
40.32
40.32
40.32
40.44
40.32
40.32
40.32
38.28
34.92
35.04
34.92
34.92
34.92
35.04
34.92
34.92
34.92
41.4
52.32
52.2
52.32
52.32
52.32
52.32
52.2
52.32
52.32
51.24
49.56
49.56
49.56
49.56
49.56
49.56
49.56
49.56
49.56
43.32
32.28
32.4
32.28
32.4
32.4
32.28
32.4
32.28
32.4
33.84
36.72
36.72
36.72
36.72
36.72
36.6
36.72
36.72
36.72
32.64
25.56
25.68
25.56
25.56
25.56
25.56
25.68
25.56
25.56
34.92
51.48
51.48
51.48
51.36
51.48
51.48
51.48
51.48
51.48
42.84
26.76
26.76
26.88
26.76
26.76
26.88
26.76
26.76
26.88
27.24
28.44
28.44
28.44
28.44
28.44
28.44
28.44
28.44
28.44
26.28
22.44
22.32
22.44
22.44
22.44
22.32
22.32
22.32
22.32
22.32
22.32
22.32
22.32
22.32
27.36
29.16
29.04
29.16
29.04
29.16
29.16
29.04
29.16
29.16
29.88
30.12
30.24
30.12
30.24
30.12
30.24
30.12
30.24
30.12
43.92
48.24
48.24
48.24
48.36
48.24
48.24
48.24
48.24
48.24
43.56
41.88
42.0
41.88
42.0
42.0
41.88
42.0
41.88
42.0
36.6
34.92
35.04
34.92
34.92
35.04
34.92
34.92
35.04
34.92
50.64
56.04
56.04
55.92
56.04
55.92
56.04
56.04
55.92
56.04
49.2
47.16
47.16
47.16
47.16
47.16
47.16
47.16
47.16
47.16
47.16
47.28
47.28
47.28
47.28
47.28
47.28
47.16
47.28
47.28
40.8
38.64
38.64
38.52
38.64
38.52
38.64
38.64
38.52
38.64
31.2
28.8
28.8
28.8
28.8
28.8
28.8
28.92
28.8
28.8
43.92
49.32
49.32
49.44
49.32
49.32
49.32
49.32
49.44
49.32
40.68
37.56
37.56
37.56
37.56
37.56
37.56
37.56
37.56
37.56
30.6
27.96
28.08
27.96
28.08
27.96
28.08
27.96
28.08
27.96
21.84
19.68
19.68
19.56
19.68
19.68
19.68
21.72
24.48
24.36
24.48
24.36
24.48
24.48
24.36
24.48
24.36
20.04
15.12
15.0
15.12
15.12
15.12
15.12
16.32
21.24
21.12
21.24
21.12
21.24
21.24
21.12
21.12
21.24
21.24
21.36
21.24
21.24
21.24
23.4
24.48
24.48
24.36
24.48
24.48
24.48
24.36
24.48
24.48
32.16
35.4
35.28
35.4
35.28
35.28
35.4
35.28
35.28
35.4
30.72
29.04
29.04
29.04
29.04
29.04
29.04
29.04
29.04
29.04
27.36
27.0
27.0
27.0
27.0
27.0
27.0
27.0
27.0
27.0
20.28
17.76
17.76
17.88
17.76
17.76
17.76
18.0
18.24
18.24
18.36
18.24
18.24
18.36
16.56
10.92
10.8
10.8
10.92
10.8
10.8
10.8
37.08
38.04
38.16
38.16
38.16
38.16
38.04
38.16
38.16
38.16
40.56
40.8
40.8
40.8
40.8
40.8
40.8
40.8
40.68
40.8
46.68
47.04
47.04
47.04
47.04
47.04
47.04
47.04
47.04
47.04
36.12
35.52
35.52
35.52
35.52
35.64
35.52
35.52
35.52
35.52
25.56
24.96
24.96
24.96
24.96
24.96
25.08
24.96
24.96
24.96
52.08
54.0
54.0
53.88
54.0
54.0
54.0
53.88
54.0
54.0
48.6
48.36
48.36
48.36
48.36
48.36
48.24
48.36
48.36
48.36
46.44
46.44
46.44
46.44
46.44
46.44
46.44
46.44
46.44
46.44
48.84
49.08
49.2
49.08
49.08
49.2
49.08
49.08
49.2
49.08
21.48
18.84
18.72
18.84
18.84
18.72
18.84
39.12
50.52
50.64
50.64
50.64
50.64
50.64
50.64
50.64
50.64
45.0
41.76
41.88
41.76
41.88
41.76
41.76
41.88
41.76
41.88
36.24
33.12
33.0
33.0
33.12
33.0
33.0
33.12
33.0
33.0
38.28
41.4
41.4
41.4
41.52
41.4
41.4
41.4
41.4
41.52
29.16
21.72
21.6
21.6
21.6
21.72
21.6
30.12
48.84
48.72
48.72
48.72
48.72
48.84
48.72
48.72
48.72
46.68
42.12
42.24
42.24
42.12
42.24
42.24
42.12
42.24
42.24
43.8
47.52
47.64
47.64
47.64
47.64
47.64
47.64
47.64
47.64
43.2
33.12
33.12
33.24
33.12
33.12
33.12
33.12
33.12
33.12
30.84
25.92
25.92
25.92
25.92
25.92
25.8
25.92
25.92
25.92
32.04
46.68
46.56
46.68
46.56
46.68
46.68
46.56
46.68
46.56
48.36
52.92
52.8
52.92
52.8
52.92
52.8
52.8
52.92
52.8
51.84
49.2
49.2
49.32
49.2
49.32
49.2
49.2
49.32
49.2
45.96
38.04
38.04
37.92
38.04
38.04
37.92
38.04
38.04
37.92
35.28
28.92
28.8
28.92
28.8
28.8
28.92
28.8
28.92
28.8
31.32
37.2
37.32
37.32
37.2
37.32
37.32
37.32
37.2
37.32
41.76
52.56
52.56
52.56
52.56
52.56
52.68
52.56
52.56
52.56
47.52
36.0
35.88
35.88
35.88
36.0
35.88
35.88
36.0
35.88
35.64
35.28
35.28
35.28
35.28
35.28
35.28
35.28
35.28
35.28
31.56
22.92
22.92
22.92
23.04
22.92
22.92
23.64
42.12
42.24
42.24
42.12
42.24
42.24
42.24
42.12
42.24
42.36
51.0
50.88
50.88
51.0
50.88
51.0
50.88
50.88
51.0
50.4
24.48
24.48
24.48
24.6
24.48
24.48
24.6
24.48
24.48
24.36
16.44
16.32
16.32
16.44
16.32
16.44
16.32
9.48
7.44
7.44
7.44
7.44
7.44
7.44
7.2
6.96
7.08
7.08
7.08
7.08
7.08
9.0
14.88
15.0
14.88
15.0
15.0
14.88
14.88
21.6
21.48
21.48
21.48
21.6
21.48
21.48
17.4
15.84
15.96
15.96
15.84
15.96
15.84
12.6
9.12
9.12
9.12
9.12
9.12
9.12
11.4
19.32
19.44
19.32
19.32
19.32
19.44
19.32
21.36
21.48
21.48
21.48
21.48
21.48
21.48
21.48
21.84
21.72
21.72
21.72
21.84
21.72
23.4
25.92
25.92
25.92
25.8
25.92
25.92
25.92
25.92
25.8
25.92
25.92
26.04
25.92
25.92
26.04
25.92
26.04
25.92
26.04
21.6
16.44
16.32
16.44
16.32
16.32
16.44
17.16
21.0
21.0
21.0
21.12
21.0
21.0
21.0
9.36
8.52
8.52
8.4
8.52
8.4
8.52
11.52
13.32
13.2
13.2
13.2
13.2
13.2
9.12
3.36
3.48
3.48
3.48
3.48
3.36
7.32
26.64
26.64
26.52
26.64
26.64
26.64
26.52
26.64
26.64
25.8
21.84
21.96
21.96
21.96
21.96
21.96
21.96
29.76
30.6
30.6
30.6
30.72
30.6
30.6
30.6
30.6
30.6
40.44
41.4
41.4
41.52
41.4
41.4
41.4
41.4
41.52
41.4
29.52
28.68
28.68
28.56
28.68
28.68
28.68
28.56
28.68
28.68
45.72
47.16
47.16
47.28
47.16
47.28
47.16
47.28
47.16
47.28
50.76
51.12
51.24
51.12
51.12
51.24
51.12
51.24
51.12
51.24
36.72
35.28
35.28
35.28
35.28
35.16
35.28
35.28
35.28
35.28
29.64
29.16
29.16
29.16
29.16
29.16
29.16
29.16
29.16
29.16
28.08
27.96
28.08
27.96
28.08
27.96
28.08
27.96
28.08
27.96
43.8
45.6
45.48
45.6
45.6
45.48
45.6
45.48
45.6
45.48
37.92
36.96
37.08
37.08
37.08
37.08
37.08
37.08
37.08
37.08
37.92
38.04
38.04
38.16
38.04
38.04
38.04
38.16
38.04
38.04
41.52
41.88
41.88
41.88
41.88
41.88
41.88
41.88
41.88
41.88
29.04
27.6
27.6
27.6
27.6
27.6
27.6
27.6
27.6
27.6
35.52
36.72
36.72
36.6
36.72
36.6
36.72
36.72
36.6
36.72
33.24
32.88
33.0
33.0
32.88
33.0
32.88
33.0
33.0
32.88
27.48
26.76
26.88
26.88
26.76
26.88
26.88
26.76
26.88
26.88
21.36
20.76
20.76
20.88
20.76
20.76
20.76
23.28
24.84
24.72
24.84
24.84
24.84
24.72
24.84
24.84
24.84
30.0
33.36
33.24
33.36
33.36
33.36
33.36
33.36
33.36
33.24
32.88
32.64
32.76
32.64
32.64
32.64
32.64
32.76
32.64
32.64
26.04
22.08
22.08
22.08
22.2
22.08
22.08
18.96
12.6
12.72
12.6
12.6
12.6
12.6
13.2
20.76
20.76
20.76
20.76
20.88
20.76
20.76
27.6
29.28
29.16
29.28
29.16
29.28
29.16
29.28
29.16
29.28
29.76
30.0
30.0
30.0
30.0
30.0
30.0
30.0
30.0
30.0
28.8
28.68
28.68
28.56
28.68
28.68
28.68
28.56
28.68
28.68
33.24
34.2
34.32
34.32
34.32
34.2
34.32
34.32
34.2
34.32
25.56
23.64
23.64
23.64
23.64
23.76
23.64
29.16
45.72
45.6
45.72
45.6
45.6
45.72
45.6
45.6
45.72
45.36
45.12
45.0
45.0
45.12
45.0
45.12
45.0
45.12
45.0
41.52
30.96
30.96
30.96
30.96
31.08
30.96
30.96
30.96
30.96
31.2
32.16
32.16
32.28
32.16
32.28
32.16
32.16
32.28
32.16
30.24
24.6
24.6
24.48
24.6
24.6
24.6
24.6
24.6
24.6
26.28
31.2
31.32
31.2
31.32
31.2
31.32
31.2
31.32
31.2
31.56
32.16
32.16
32.16
32.16
32.16
32.16
32.16
32.16
32.28
32.52
33.96
33.96
33.96
33.96
33.96
33.96
33.84
33.96
33.96
32.04
26.76
26.64
26.76
26.76
26.64
26.76
26.64
26.76
26.76
26.04
24.72
24.6
24.72
24.72
24.6
24.72
24.72
24.6
24.72
24.72
25.08
25.2
25.08
25.2
25.08
25.2
25.08
25.2
25.08
23.88
20.04
20.04
19.92
20.04
20.04
20.04
19.92
18.6
18.6
18.6
18.6
18.72
18.6
18.6
24.84
27.24
27.24
27.24
27.12
27.24
27.24
27.24
27.24
27.12
23.52
22.2
22.2
22.2
22.2
22.08
22.2
30.36
41.88
41.76
41.88
41.88
41.76
41.88
41.88
41.76
41.88
36.72
29.76
29.76
29.88
29.76
29.76
29.76
29.88
29.76
29.76
30.96
32.52
32.64
32.64
32.52
32.64
32.64
32.52
32.64
32.64
27.96
21.72
21.84
21.84
21.72
21.84
21.84
23.28
31.68
31.56
31.56
31.56
31.68
31.56
31.56
31.56
31.68
32.16
35.76
35.64
35.76
35.76
35.64
35.76
35.76
35.64
35.76
34.92
31.08
31.2
31.2
31.2
31.2
31.08
31.2
31.2
31.2
31.68
34.68
34.68
34.68
34.68
34.68
34.68
34.68
34.68
34.68
32.4
21.96
22.08
21.96
22.08
22.08
21.96
22.08
26.76
27.24
27.36
27.36
27.24
27.36
27.24
27.36
27.24
27.36
19.08
18.36
18.36
18.36
18.48
18.36
18.36
15.0
13.32
13.44
13.32
13.32
13.44
13.32
14.76
17.04
17.04
17.04
16.92
17.04
17.04
17.04
17.52
17.4
17.52
17.4
17.52
17.52
17.4
20.64
21.12
21.12
21.12
21.12
21.12
21.12
27.0
30.6
30.6
30.6
30.48
30.6
30.6
30.6
30.6
30.48
27.96
26.28
26.28
26.4
26.28
26.28
26.28
26.4
26.28
26.28
25.68
25.44
25.56
25.44
25.44
25.44
25.56
25.44
25.44
25.44
29.04
31.08
31.08
31.08
31.08
31.08
31.2
31.08
31.08
31.08
29.04
27.84
27.96
27.84
27.96
27.84
27.96
27.84
27.84
27.96
28.56
28.92
28.92
28.92
29.04
28.92
28.92
29.04
28.92
28.92
26.16
24.6
24.6
24.6
24.6
24.6
24.6
24.6
24.6
24.6
23.88
23.64
23.64
23.64
23.64
23.52
23.64
22.8
19.92
19.92
19.92
19.92
19.92
19.92
19.92
18.84
18.84
18.84
18.72
18.84
18.84
18.84
20.28
21.0
21.12
21.0
21.0
21.12
21.0
21.6
22.68
22.56
22.68
22.56
22.56
22.68
21.72
17.52
17.52
17.4
17.52
17.52
17.4
17.52
23.4
24.36
24.36
24.24
24.36
24.36
24.36
24.36
24.24
24.36
19.08
18.48
18.6
18.48
18.48
18.48
18.48
22.32
24.96
24.84
24.96
24.96
24.84
24.96
24.96
24.84
24.96
25.56
26.04
26.04
25.92
26.04
26.04
26.04
26.04
26.04
26.04
25.32
24.96
24.96
25.08
24.96
25.08
24.96
24.96
25.08
24.96
32.88
37.68
37.8
37.68
37.8
37.68
37.8
37.8
37.68
37.8
38.04
38.28
38.4
38.28
38.4
38.4
38.28
38.4
38.28
38.4
36.72
35.88
35.88
35.76
35.88
35.88
35.88
35.88
35.88
35.88
34.8
34.32
34.44
34.32
34.32
34.44
34.32
34.32
34.44
34.32
33.48
32.88
33.0
33.0
33.0
32.88
33.0
33.0
32.88
33.0
33.36
33.84
33.84
33.96
33.84
33.84
33.84
33.84
33.84
33.84
33.0
32.52
32.64
32.52
32.64
32.52
32.52
32.64
32.52
32.64
27.72
24.96
24.84
24.96
24.84
24.84
24.96
24.84
24.96
24.84
25.32
25.8
25.68
25.68
25.68
25.68
25.8
25.68
25.68
25.68
24.24
23.16
23.28
23.28
23.28
23.16
23.28
21.72
16.92
16.8
16.92
16.92
16.92
16.92
16.92
17.76
17.88
18.0
17.88
18.0
17.88
18.0
13.08
11.52
11.4
11.52
11.52
11.4
11.52
12.84
14.76
14.76
14.76
14.76
14.76
14.76
14.64
15.12
15.12
15.12
15.0
15.12
15.12
15.12
13.2
13.2
13.32
13.2
13.2
13.32
13.2
10.68
9.84
9.84
9.84
9.84
9.84
9.84
11.88
14.52
14.4
14.4
14.52
14.4
14.4
13.68
11.16
11.16
11.16
11.16
11.16
11.16
11.16
9.48
9.6
9.48
9.6
9.6
9.48
9.6
14.28
16.08
16.08
16.2
16.08
16.08
16.2
14.76
13.56
13.56
13.44
13.56
13.56
13.44
13.32
13.08
13.08
13.08
13.08
13.08
13.08
13.08
10.2
10.08
10.08
10.08
10.08
10.08
10.08
9.72
9.72
9.72
9.6
9.72
9.6
9.72
9.72
10.2
10.2
10.08
10.2
10.2
10.08
9.96
9.0
9.0
9.0
9.0
9.0
9.0
9.0
7.2
7.08
7.08
7.08
7.08
7.08
7.08
15.36
18.6
18.72
18.6
18.6
18.6
18.72
18.24
18.12
18.24
18.12
18.12
18.12
18.12
16.68
11.16
11.16
11.28
11.16
11.16
11.16
11.16
17.88
18.36
18.36
18.24
18.36
18.24
18.36
21.0
22.44
22.44
22.32
22.44
22.44
22.44
23.88
25.92
25.92
25.92
26.04
25.92
25.92
25.92
26.04
25.92
27.84
30.36
30.48
30.36
30.36
30.36
30.36
30.36
30.36
30.36
30.6
31.08
31.08
31.08
31.08
31.08
31.08
31.08
31.08
31.08
25.32
18.24
18.12
18.24
18.24
18.24
18.24
19.56
26.16
26.04
26.16
26.16
26.16
26.04
26.16
26.16
26.16
25.8
24.72
24.84
24.72
24.72
24.84
24.72
24.84
24.72
24.84
24.6
24.36
24.48
24.36
24.36
24.48
24.36
24.36
24.36
24.48
23.52
20.16
20.28
20.28
20.28
20.28
20.16
20.28
24.6
24.96
24.96
24.96
24.96
24.96
24.96
24.96
24.96
24.84
26.52
26.64
26.76
26.64
26.64
26.64
26.64
26.64
26.76
26.64
36.72
37.56
37.44
37.44
37.56
37.44
37.44
37.56
37.44
37.56
31.68
31.56
31.44
31.56
31.56
31.44
31.56
31.44
31.56
31.56
33.12
33.36
33.48
33.36
33.36
33.48
33.36
33.36
33.36
33.48
34.32
34.56
34.56
34.44
34.56
34.56
34.56
34.44
34.56
34.56
36.72
36.84
36.96
36.84
36.96
36.84
36.84
36.96
36.84
36.96
39.48
39.72
39.72
39.84
39.72
39.72
39.72
39.84
39.72
39.72
32.04
31.56
31.56
31.56
31.56
31.56
31.56
31.56
31.56
31.56
35.28
35.64
35.64
35.64
35.64
35.76
35.64
35.64
35.64
35.64
30.96
30.72
30.72
30.72
30.72
30.72
30.72
30.72
30.72
30.72
32.04
32.04
32.16
32.04
32.16
32.04
32.04
32.16
32.04
32.16
30.6
30.48
30.48
30.6
30.48
30.6
30.48
30.48
30.6
30.48
35.52
36.0
36.0
36.0
36.0
36.0
36.0
36.0
36.0
36.0
30.6
30.24
30.24
30.24
30.24
30.24
30.36
30.24
30.24
30.24
29.52
29.52
29.64
29.52
29.52
29.64
29.52
29.52
29.52
29.64
28.68
28.68
28.8
28.68
28.68
28.68
28.68
28.68
28.68
28.68
25.32
24.96
25.08
24.96
25.08
25.08
24.96
25.08
24.96
25.08
26.64
27.0
26.88
26.88
26.88
26.88
27.0
26.88
26.88
26.88
31.08
31.44
31.44
31.32
31.44
31.44
31.32
31.44
31.32
31.44
34.44
34.8
34.68
34.68
34.68
34.68
34.8
34.68
34.68
34.68
38.04
38.28
38.28
38.4
38.28
38.28
38.28
38.4
38.28
38.28
42.6
42.96
43.08
42.96
42.96
42.96
43.08
42.96
42.96
42.96
39.48
39.36
39.36
39.36
39.36
39.36
39.36
39.36
39.36
39.36
34.2
33.96
33.96
33.96
33.96
34.08
33.96
33.96
33.96
33.96
40.44
41.04
41.04
40.92
41.04
41.04
41.04
40.92
41.04
41.04
37.32
37.2
37.2
37.08
37.2
37.08
37.2
37.2
37.08
37.2
35.64
35.52
35.52
35.52
35.52
35.52
35.52
35.52
35.52
35.52
39.72
40.2
40.2
40.2
40.2
40.2
40.2
40.2
40.2
40.2
27.96
26.52
26.52
26.52
26.52
26.64
26.52
26.52
26.52
26.64
34.56
35.64
35.64
35.52
35.64
35.52
35.64
35.52
35.64
35.64
40.44
41.04
41.16
41.04
41.16
41.04
41.16
41.04
41.16
41.04
31.8
30.84
30.84
30.72
30.84
30.84
30.84
30.84
30.84
30.84
32.4
32.64
32.64
32.52
32.64
32.64
32.64
32.52
32.64
32.64
33.72
33.96
34.08
33.96
33.96
33.96
33.96
33.96
33.96
33.96
32.76
32.64
32.76
32.64
32.64
32.64
32.64
32.64
32.64
32.64
30.96
30.84
30.84
30.84
30.84
30.96
30.84
30.84
30.84
30.84
33.96
34.2
34.32
34.32
34.2
34.32
34.2
34.32
34.32
34.2
35.04
35.28
35.16
35.16
35.28
35.16
35.16
35.16
35.28
35.16
32.76
32.64
32.64
32.64
32.64
32.64
32.64
32.64
32.64
32.64
29.04
28.68
28.68
28.68
28.8
28.68
28.68
28.68
28.8
28.68
25.44
25.08
25.2
25.08
25.2
25.08
25.2
25.08
25.08
25.2
25.8
25.92
25.92
26.04
25.92
25.92
25.92
25.92
26.04
25.92
19.2
18.72
18.6
18.72
18.6
18.72
18.6
22.2
24.12
24.24
24.12
24.24
24.12
24.24
24.24
24.12
24.24
22.08
21.12
21.12
21.12
21.12
21.12
21.12
19.92
18.48
18.36
18.36
18.48
18.36
18.36
17.28
11.16
11.16
11.04
11.16
11.16
11.04
11.16
23.52
25.2
25.08
25.2
25.08
25.2
25.08
25.2
25.2
25.08
25.56
25.68
25.68
25.68
25.68
25.68
25.56
25.68
25.68
25.68
28.2
28.44
28.56
28.44
28.56
28.44
28.44
28.56
28.44
28.56
29.16
29.28
29.28
29.28
29.28
29.4
29.28
29.28
29.28
29.28
18.96
17.76
17.76
17.76
17.76
17.64
17.76
15.48
14.16
14.16
14.16
14.16
14.16
14.04
17.16
22.44
22.32
22.32
22.44
22.32
22.44
21.24
14.76
14.76
14.76
14.76
14.76
14.76
14.76
18.24
18.72
18.84
18.72
18.72
18.84
18.72
18.6
18.6
18.72
18.6
18.6
18.6
18.72
19.68
22.32
22.32
22.32
22.2
22.32
22.32
22.2
22.68
22.68
22.68
22.8
22.68
22.68
22.68
23.76
24.12
24.12
24.12
24.24
24.12
24.12
24.12
24.12
24.12
22.08
21.84
21.72
21.84
21.72
21.72
21.84
21.48
21.36
21.36
21.48
21.36
21.36
21.48
22.08
24.96
24.96
24.84
24.96
24.96
24.84
24.96
24.96
24.84
23.88
21.12
21.0
21.12
21.0
21.12
21.0
21.12
20.88
21.0
21.0
21.0
21.0
21.0
20.88
23.28
24.12
24.24
24.12
24.24
24.24
24.12
24.24
24.12
24.24
19.32
17.52
17.4
17.52
17.4
17.4
17.52
19.68
22.68
22.68
22.68
22.68
22.68
22.68
21.6
17.28
17.28
17.28
17.28
17.16
17.28
17.28
18.48
18.72
18.6
18.72
18.6
18.72
18.6
24.48
27.72
27.6
27.6
27.6
27.72
27.6
27.6
27.6
27.6
24.96
23.52
23.4
23.52
23.52
23.52
23.52
23.28
23.04
23.04
23.04
23.04
23.04
23.04
23.04
20.28
20.16
20.28
20.16
20.28
20.16
20.28
17.04
15.96
15.84
15.96
15.84
15.96
15.84
14.52
12.96
12.84
12.96
12.84
12.96
12.96
12.84
13.08
13.08
13.08
13.2
13.08
13.08
13.08
17.64
17.88
18.0
18.0
17.88
18.0
18.0
15.72
14.88
14.76
14.88
14.88
14.88
14.76
13.8
12.36
12.36
12.36
12.36
12.36
12.36
12.72
14.4
14.4
14.52
14.4
14.4
14.4
14.4
16.56
16.68
16.8
16.68
16.8
16.68
16.8
14.04
12.84
12.84
12.84
12.84
12.84
12.84
14.28
16.68
16.68
16.56
16.68
16.68
16.56
17.64
23.64
23.76
23.64
23.64
23.76
23.64
23.64
25.8
26.76
26.76
26.76
26.76
26.76
26.76
26.76
26.76
26.76
25.08
24.72
24.6
24.72
24.6
24.6
24.72
24.6
24.72
24.6
31.08
33.6
33.6
33.6
33.6
33.6
33.6
33.6
33.6
33.6
34.56
34.92
35.04
35.04
35.04
35.04
35.04
34.92
35.04
35.04
34.44
34.2
34.2
34.2
34.2
34.2
34.2
34.2
34.2
34.2
32.16
31.44
31.44
31.32
31.44
31.44
31.44
31.44
31.32
31.44
28.56
27.48
27.48
27.48
27.48
27.48
27.6
27.48
27.48
27.48
29.52
30.48
30.36
30.48
30.36
30.48
30.48
30.36
30.48
30.36
31.92
32.64
32.64
32.64
32.64
32.64
32.64
32.64
32.64
32.64
29.88
28.92
28.92
28.92
29.04
28.92
28.92
28.92
28.92
28.92
28.2
27.84
27.96
27.84
27.96
27.84
27.84
27.96
27.84
27.96
30.12
31.08
31.2
31.08
31.08
31.2
31.08
31.08
31.2
31.08
25.68
23.64
23.76
23.64
23.76
23.64
23.64
19.56
5.88
5.88
5.88
5.88
5.88
5.88
5.88
15.84
16.08
16.2
16.08
16.08
16.2
16.08
20.28
22.08
21.96
22.08
21.96
22.08
21.96
24.72
27.96
27.96
27.96
27.96
27.96
27.96
27.96
27.96
27.96
26.04
24.0
23.88
24.0
23.88
24.0
23.88
24.0
24.24
25.2
25.2
25.32
25.2
25.2
25.32
25.2
25.2
25.32
24.84
24.0
24.0
24.0
24.0
24.0
24.12
24.0
24.0
24.0
26.28
31.56
31.68
31.56
31.68
31.56
31.68
31.56
31.68
31.56
31.56
31.32
31.32
31.32
31.32
31.32
31.32
31.32
31.32
31.32
30.36
28.08
27.96
28.08
28.08
28.08
28.08
28.08
28.08
28.08
28.44
29.88
29.76
29.88
29.76
29.88
29.76
29.88
29.76
29.88
28.56
25.56
25.68
25.68
25.56
25.68
25.56
25.68
25.68
25.56
25.56
25.2
25.2
25.2
25.2
25.2
25.2
25.2
25.2
25.2
26.4
29.4
29.28
29.4
29.28
29.4
29.4
29.28
29.4
29.28
26.88
20.88
21.0
20.88
20.88
21.0
20.88
21.0
25.68
25.68
25.8
25.68
25.68
25.68
25.68
25.8
25.68
25.68
26.16
26.04
26.16
26.04
26.16
26.16
26.04
26.16
26.04
26.04
24.84
24.72
24.84
24.84
24.84
24.84
24.84
24.72
24.84
24.6
18.84
18.84
18.84
18.72
18.84
18.84
18.84
22.8
24.12
24.0
24.12
24.0
24.12
24.0
24.12
24.12
24.0
25.32
25.8
25.8
25.8
25.8
25.68
25.8
25.8
25.8
25.8
25.44
25.56
25.44
25.56
25.56
25.44
25.56
25.44
25.56
25.56
28.68
29.76
29.88
29.76
29.76
29.76
29.76
29.88
29.76
29.76
29.88
30.0
30.0
30.0
30.0
30.0
30.0
30.0
30.0
30.0
18.84
15.96
15.96
15.96
15.96
15.96
15.96
10.8
6.12
6.0
6.12
6.12
6.0
6.12
9.12
17.76
17.76
17.76
17.76
17.76
17.76
17.64
13.92
13.8
13.92
13.92
13.92
13.92
13.92
17.04
18.12
18.12
18.12
18.0
18.12
18.12
18.48
18.96
18.96
19.08
18.96
18.96
18.96
17.64
13.68
13.68
13.68
13.68
13.56
13.68
13.68
4.32
4.32
4.32
4.32
4.2
4.32
4.32
6.12
6.96
6.96
6.96
6.84
6.96
6.96
8.64
10.56
10.68
10.68
10.56
10.68
10.56
9.84
7.08
7.08
7.08
7.08
7.08
7.08
7.08
10.32
10.32
10.44
10.32
10.44
10.32
10.32
13.68
14.88
14.76
14.88
14.88
14.76
14.88
13.68
12.48
12.48
12.6
12.48
12.48
12.6
12.0
10.92
11.04
10.92
10.92
10.92
10.92
10.92
10.92
11.04
10.92
11.04
11.04
10.92
11.04
9.72
9.36
9.36
9.24
9.36
9.36
9.36
9.12
9.24
9.12
9.24
9.12
9.24
9.12
9.12
9.0
9.0
9.0
9.0
9.0
9.0
9.0
22.32
22.68
22.68
22.56
22.68
22.68
22.56
24.6
25.32
25.44
25.32
25.32
25.44
25.32
25.44
25.32
25.32
27.72
28.56
28.56
28.44
28.56
28.56
28.56
28.56
28.56
28.56
29.16
29.4
29.52
29.4
29.4
29.52
29.4
29.4
29.52
29.4
33.0
34.32
34.44
34.32
34.32
34.32
34.32
34.44
34.32
34.32
29.88
28.56
28.56
28.56
28.56
28.44
28.56
28.56
28.56
28.56
28.8
29.16
29.16
29.16
29.04
29.16
29.16
29.16
29.16
29.16
27.84
27.48
27.48
27.48
27.48
27.36
27.48
27.48
27.48
27.48
18.6
15.6
15.48
15.6
15.48
15.6
15.48
18.84
22.44
22.56
22.44
22.44
22.44
22.44
21.96
20.28
20.28
20.28
20.28
20.28
20.28
20.4
22.44
22.56
22.68
22.68
22.56
22.68
22.68
28.08
30.72
30.6
30.72
30.6
30.72
30.6
30.6
30.72
30.6
32.88
33.96
33.96
33.96
33.96
33.96
33.84
33.96
33.96
33.96
32.76
32.4
32.28
32.4
32.28
32.4
32.28
32.4
32.28
32.28
33.72
34.32
34.44
34.32
34.44
34.32
34.44
34.32
34.44
34.32
35.88
36.48
36.48
36.6
36.48
36.6
36.48
36.6
36.48
36.6
35.28
34.8
34.8
34.8
34.8
34.8
34.8
34.92
34.8
34.8
33.12
32.4
32.4
32.4
32.4
32.52
32.4
32.4
32.4
32.4
28.2
26.4
26.4
26.4
26.4
26.4
26.4
26.4
26.4
26.4
26.76
27.0
27.0
27.0
27.0
27.0
27.0
27.0
27.0
26.88
28.8
29.64
29.64
29.64
29.64
29.64
29.64
29.64
29.64
29.64
30.0
30.24
30.12
30.24
30.24
30.24
30.24
30.24
30.12
30.24
33.0
34.08
34.2
34.2
34.08
34.2
34.2
34.08
34.2
34.2
22.8
18.0
18.0
18.12
18.0
18.0
18.12
20.04
22.68
22.8
22.68
22.8
22.68
22.8
23.28
26.16
26.16
26.28
26.16
26.16
26.28
26.16
26.16
26.28
25.56
23.28
23.28
23.16
23.28
23.28
23.28
23.16
27.36
28.08
28.08
28.08
27.96
28.08
28.08
28.08
27.96
28.08
21.12
20.16
20.28
20.16
20.28
20.28
20.16
23.16
25.08
25.2
25.08
25.08
25.08
25.08
25.08
25.08
25.08
21.72
19.68
19.68
19.68
19.68
19.68
19.68
20.16
21.12
21.12
21.12
21.12
21.12
21.12
20.88
19.56
19.56
19.56
19.56
19.68
19.56
19.56
18.6
18.6
18.6
18.6
18.48
18.6
18.6
20.16
21.6
21.6
21.6
21.6
21.6
21.6
21.36
21.24
21.24
21.24
21.24
21.12
21.24
21.24
22.56
22.56
22.56
22.56
22.56
22.56
22.56
24.96
25.8
25.68
25.8
25.8
25.8
25.8
25.68
25.8
25.8
25.2
25.08
25.2
25.2
25.08
25.2
25.08
25.2
25.2
25.08
25.8
25.92
26.04
26.04
26.04
26.04
26.04
26.04
26.04
26.04
28.8
29.52
29.64
29.64
29.64
29.52
29.64
29.64
29.64
29.64
30.24
30.6
30.72
30.6
30.6
30.6
30.6
30.72
30.6
30.6
27.0
26.04
26.04
26.04
26.04
26.04
25.92
26.04
26.04
26.04
22.44
21.48
21.48
21.48
21.36
21.48
21.48
20.16
19.2
19.08
19.08
19.2
19.08
19.2
18.24
16.2
16.08
16.2
16.2
16.08
16.2
16.08
10.56
10.68
10.56
10.68
10.56
10.68
10.56
16.92
18.96
18.96
18.96
18.84
18.96
18.96
20.04
21.36
21.36
21.36
21.36
21.24
21.36
20.52
18.36
18.24
18.36
18.36
18.24
18.36
18.36
21.6
21.84
21.72
21.72
21.84
21.72
21.84
20.4
20.16
20.04
20.04
20.16
20.04
20.04
17.16
13.92
13.92
13.92
13.92
13.92
14.04
14.28
15.96
16.08
16.08
16.08
15.96
16.08
16.08
12.96
12.84
12.96
12.84
12.96
12.84
12.84
19.2
21.84
21.72
21.84
21.72
21.84
21.72
20.88
19.56
19.68
19.68
19.56
19.68
19.68
20.64
26.28
26.4
26.4
26.4
26.4
26.28
26.4
26.4
26.4
25.44
21.6
21.6
21.6
21.6
21.6
21.6
21.6
18.0
17.88
17.76
17.76
17.88
17.76
17.76
16.68
15.96
16.08
16.08
15.96
16.08
16.08
15.12
14.16
14.04
14.16
14.04
14.16
14.16
16.08
30.24
30.24
30.24
30.24
30.24
30.24
30.12
30.24
30.24
31.08
36.96
36.96
36.96
36.96
36.96
37.08
36.96
36.96
36.96
37.08
38.28
38.28
38.28
38.16
38.28
38.28
38.28
38.28
38.28
37.2
30.48
30.6
30.48
30.6
30.6
30.48
30.6
30.48
30.6
30.6
31.92
31.92
31.8
31.92
31.92
31.92
31.8
31.92
31.92
32.52
37.2
37.08
37.2
37.2
37.2
37.2
37.08
37.2
37.2
37.2
37.8
37.68
37.8
37.68
37.68
37.8
37.68
37.8
37.68
36.84
30.96
30.84
30.96
30.96
30.84
30.96
30.84
30.96
30.84
31.32
33.96
33.96
34.08
33.96
34.08
33.96
33.96
34.08
33.96
33.48
29.64
29.64
29.52
29.64
29.64
29.64
29.64
29.52
29.64
29.88
32.28
32.28
32.4
32.28
32.28
32.4
32.28
32.28
32.28
32.4
33.12
33.12
33.24
33.12
33.12
33.24
33.12
33.12
33.24
32.64
29.28
29.28
29.4
29.28
29.28
29.28
29.4
29.28
29.28
27.12
12.0
12.0
11.88
12.0
12.0
11.88
12.0
16.2
16.92
16.92
16.8
16.92
16.92
16.92
14.04
12.48
12.36
12.48
12.48
12.48
12.48
11.76
10.68
10.68
10.8
10.68
10.68
10.8
10.68
11.52
11.52
11.52
11.64
11.52
11.52
11.52
8.88
8.52
8.52
8.64
8.52
8.52
8.64
9.12
9.6
9.72
9.6
9.6
9.6
9.72
9.0
8.28
8.28
8.4
8.28
8.28
8.28
8.4
9.36
9.24
9.36
9.36
9.36
9.24
9.36
10.68
10.92
10.92
10.92
10.92
11.04
10.92
20.04
25.92
25.92
25.92
25.92
25.92
25.92
25.92
25.92
25.92
24.96
24.48
24.36
24.48
24.48
24.48
24.36
24.48
24.48
24.48
29.28
32.52
32.52
32.4
32.52
32.4
32.52
32.52
32.4
32.52
30.0
28.56
28.44
28.56
28.56
28.56
28.44
28.56
28.56
28.56
25.2
23.4
23.4
23.4
23.4
23.4
23.28
24.0
26.04
26.04
26.04
26.16
26.04
26.04
26.04
26.04
26.16
25.92
25.56
25.56
25.68
25.56
25.56
25.56
25.68
25.56
25.56
27.84
35.4
35.28
35.28
35.4
35.28
35.28
35.4
35.28
35.4
34.44
31.92
32.04
32.04
31.92
32.04
32.04
31.92
32.04
32.04
31.44
29.76
29.76
29.76
29.76
29.76
29.76
29.76
29.76
29.76
31.2
36.0
36.12
36.12
36.12
36.12
36.0
36.12
36.12
36.12
35.64
34.92
34.8
34.92
34.92
34.8
34.92
34.8
34.92
34.8
36.6
42.48
42.36
42.36
42.36
42.48
42.36
42.36
42.48
42.36
41.52
39.24
39.36
39.24
39.36
39.24
39.24
39.36
39.24
39.24
40.32
43.56
43.68
43.56
43.68
43.56
43.68
43.56
43.56
43.68
42.0
37.44
37.44
37.44
37.44
37.44
37.44
37.44
37.44
37.32
36.84
35.4
35.28
35.4
35.4
35.28
35.4
35.4
35.28
35.4
36.36
39.6
39.72
39.72
39.6
39.72
39.72
39.6
39.72
39.72
39.72
39.96
40.08
40.08
39.96
40.08
40.08
40.08
39.96
40.08
40.68
43.32
43.2
43.32
43.2
43.32
43.2
43.32
43.2
43.2
39.96
28.2
28.08
28.2
28.2
28.2
28.08
28.2
28.2
28.08
30.84
40.92
40.8
40.8
40.8
40.8
40.92
40.8
40.8
40.8
41.64
44.76
44.76
44.76
44.76
44.76
44.76
44.76
44.76
44.76
44.16
41.76
41.88
41.76
41.76
41.76
41.76
41.88
41.76
41.76
41.64
41.28
41.28
41.28
41.28
41.28
41.28
41.28
41.28
41.28
41.4
42.72
42.6
42.72
42.72
42.6
42.72
42.72
42.6
42.72
43.44
46.8
46.92
46.92
46.92
46.8
46.92
46.92
46.8
46.92
45.6
41.04
40.92
40.92
40.92
41.04
40.92
40.92
41.04
40.92
39.36
33.0
33.0
33.0
33.0
32.88
33.0
33.0
33.0
33.0
33.36
35.16
35.16
35.04
35.16
35.16
35.04
35.16
35.16
35.16
34.56
32.64
32.64
32.52
32.64
32.64
32.52
32.64
32.64
32.52
31.56
26.88
26.88
26.76
26.88
26.88
26.88
26.76
26.88
26.88
26.64
26.04
26.04
26.04
26.04
26.04
26.16
26.04
26.04
26.04
25.44
23.28
23.28
23.28
23.28
23.28
23.28
23.16
21.96
21.84
21.84
21.72
21.84
21.84
21.72
16.56
12.6
12.72
12.72
12.72
12.6
12.72
13.8
16.08
16.2
16.2
16.2
16.08
16.2
16.08
16.8
16.68
16.8
16.8
16.68
16.8
16.68
20.88
21.72
21.84
21.72
21.84
21.84
21.72
24.12
26.4
26.28
26.4
26.4
26.4
26.4
26.4
26.4
26.4
26.28
26.4
26.28
26.4
26.28
26.4
26.28
26.4
26.28
26.4
24.48
22.8
22.92
22.8
22.92
22.92
22.8
22.08
18.48
18.48
18.6
18.48
18.48
18.6
18.48
24.0
24.72
24.6
24.72
24.6
24.72
24.6
24.72
24.6
24.72
22.8
22.68
22.68
22.68
22.68
22.8
22.68
24.0
25.2
25.2
25.2
25.2
25.2
25.2
25.08
25.2
25.2
38.28
47.64
47.64
47.52
47.64
47.52
47.64
47.64
47.52
47.64
46.8
46.56
46.56
46.56
46.56
46.56
46.44
46.56
46.56
46.56
45.6
44.76
44.88
44.88
44.76
44.88
44.88
44.76
44.88
44.88
45.6
46.32
46.32
46.32
46.32
46.44
46.32
46.32
46.32
46.32
43.08
40.68
40.68
40.8
40.68
40.68
40.68
40.68
40.8
40.68
43.2
45.36
45.36
45.36
45.36
45.36
45.24
45.36
45.36
45.36
45.84
46.32
46.32
46.32
46.32
46.32
46.32
46.44
46.32
46.32
45.48
45.0
44.88
44.88
45.0
44.88
44.88
45.0
44.88
44.88
42.12
39.84
39.72
39.84
39.72
39.84
39.72
39.84
39.72
39.84
44.64
48.96
49.08
48.96
49.08
48.96
48.96
49.08
48.96
49.08
42.72
37.32
37.44
37.32
37.44
37.44
37.32
37.44
37.32
37.44
30.72
25.2
25.2
25.2
25.2
25.2
25.32
25.2
25.2
25.2
22.2
19.56
19.68
19.56
19.68
19.56
19.68
16.8
9.6
9.72
9.6
9.6
9.6
9.6
9.72
17.28
17.28
17.28
17.28
17.16
17.28
17.28
15.72
15.48
15.36
15.48
15.36
15.36
15.48
19.56
23.64
23.64
23.52
23.64
23.64
23.64
25.8
32.28
32.4
32.4
32.28
32.4
32.28
32.4
32.4
32.28
33.84
38.04
38.16
38.04
38.04
38.16
38.04
38.04
38.16
38.04
38.76
40.56
40.68
40.56
40.68
40.56
40.68
40.68
40.56
40.68
38.4
32.64
32.52
32.64
32.52
32.64
32.64
32.52
32.64
32.52
31.44
28.44
28.44
28.56
28.44
28.44
28.44
28.44
28.44
28.56
27.36
24.48
24.6
24.6
24.48
24.6
24.48
24.6
24.6
24.48
24.96
26.16
26.16
26.16
26.04
26.16
26.16
26.16
26.16
26.16
26.64
28.2
28.32
28.2
28.32
28.2
28.32
28.2
28.32
28.32
27.12
24.12
24.24
24.12
24.12
24.24
24.12
24.12
24.24
24.12
24.96
27.48
27.6
27.48
27.6
27.48
27.48
27.6
27.48
27.48
26.64
24.12
24.12
24.24
24.12
24.12
24.24
24.12
24.12
24.12
25.44
29.04
29.16
29.16
29.16
29.04
29.16
29.16
29.04
29.16
30.84
35.76
35.76
35.76
35.76
35.76
35.76
35.76
35.76
35.76
34.8
31.8
31.92
31.92
31.8
31.92
31.92
31.8
31.92
31.92
32.4
34.44
34.32
34.44
34.44
34.32
34.44
34.44
34.32
34.44
33.84
32.88
32.76
32.76
32.76
32.76
32.76
32.76
32.76
32.76
31.92
30.0
29.88
29.88
29.88
29.88
30.0
29.88
29.88
29.88
30.48
32.28
32.28
32.28
32.28
32.28
32.28
32.28
32.28
32.28
31.68
30.36
30.24
30.24
30.36
30.24
30.36
30.24
30.24
30.36
29.64
27.72
27.84
27.84
27.72
27.84
27.72
27.84
27.84
27.72
27.72
27.6
27.6
27.6
27.6
27.6
27.48
27.6
27.6
27.6
27.36
27.12
27.12
27.12
27.12
27.12
27.12
27.12
27.0
27.12
29.04
35.04
34.92
35.04
34.92
35.04
34.92
35.04
34.92
35.04
33.84
31.08
30.96
31.08
31.08
31.08
30.96
31.08
31.08
31.08
30.36
29.04
28.92
29.04
28.92
28.92
29.04
28.92
29.04
28.92
29.88
32.4
32.28
32.4
32.4
32.4
32.4
32.4
32.4
32.28
30.24
24.24
24.24
24.24
24.24
24.12
24.24
24.24
24.24
24.24
23.28
21.12
21.12
21.12
21.12
21.12
21.0
21.0
19.2
19.08
19.2
19.08
19.2
19.2
19.08
17.76
17.28
17.4
17.28
17.4
17.28
17.28
19.32
21.24
21.36
21.36
21.24
21.36
21.36
20.88
20.28
20.28
20.28
20.16
20.28
20.28
20.28
18.6
18.72
18.72
18.6
18.72
18.72
18.72
15.24
14.04
13.92
14.04
13.92
14.04
13.92
12.36
10.44
10.44
10.32
10.44
10.44
10.44
10.44
10.2
10.2
10.32
10.2
10.2
10.2
10.32
8.64
8.64
8.64
8.64
8.64
8.64
8.52
19.92
24.84
24.72
24.84
24.72
24.84
24.72
24.84
24.72
24.84
35.88
40.68
40.8
40.68
40.68
40.8
40.68
40.68
40.68
40.8
42.96
44.16
44.16
44.16
44.16
44.16
44.16
44.16
44.28
44.16
45.84
46.8
46.8
46.8
46.8
46.92
46.8
46.8
46.8
46.8
35.52
30.12
30.0
30.12
30.0
30.12
30.0
30.12
30.0
30.12
40.68
46.2
46.2
46.2
46.2
46.2
46.2
46.08
46.2
46.2
43.32
41.88
42.0
41.88
41.88
42.0
41.88
41.88
42.0
41.88
39.36
38.16
38.04
38.16
38.16
38.04
38.16
38.04
38.16
38.16
42.0
44.28
44.16
44.28
44.28
44.16
44.28
44.28
44.16
44.28
41.04
39.24
39.36
39.24
39.24
39.36
39.24
39.24
39.36
39.24
41.52
42.84
42.72
42.84
42.84
42.84
42.72
42.84
42.84
42.84
41.64
41.28
41.16
41.28
41.16
41.16
41.28
41.16
41.28
41.16
44.28
46.32
46.2
46.2
46.32
46.2
46.32
46.2
46.2
46.32
46.56
47.04
46.92
47.04
46.92
47.04
46.92
47.04
47.04
46.92
46.08
45.6
45.48
45.6
45.48
45.6
45.6
45.48
45.6
45.48
43.92
43.08
42.96
42.96
42.96
43.08
42.96
42.96
42.96
42.96
46.2
48.6
48.6
48.6
48.6
48.6
48.6
48.6
48.48
48.6
45.48
43.2
43.2
43.32
43.2
43.32
43.2
43.32
43.2
43.32
44.28
45.12
45.12
45.12
45.12
45.12
45.12
45.12
45.12
45.12
45.24
45.48
45.48
45.48
45.48
45.48
45.48
45.48
45.48
45.48
46.08
46.44
46.56
46.56
46.56
46.56
46.44
46.56
46.56
46.56
44.76
43.44
43.56
43.44
43.56
43.56
43.44
43.56
43.44
43.56
