3.72
30.36
48.48
48.48
48.48
48.48
48.48
48.48
48.48
48.48
48.48
47.28
45.48
45.6
45.48
45.6
45.48
45.48
45.6
45.48
45.6
45.48
45.84
45.72
45.84
45.72
45.84
45.72
45.84
45.72
45.72
45.0
43.92
43.92
43.8
43.92
43.92
43.8
43.92
43.92
43.92
46.2
50.28
50.4
50.28
50.28
50.4
50.28
50.28
50.4
50.28
50.28
50.52
50.4
50.4
50.52
50.4
50.4
50.52
50.4
50.4
41.04
25.68
25.56
25.68
25.68
25.68
25.68
25.56
25.68
25.68
39.84
62.52
62.4
62.4
62.52
62.4
62.4
62.52
62.4
62.4
61.8
60.72
60.6
60.72
60.72
60.72
60.72
60.72
60.72
60.6
60.0
58.8
58.8
58.8
58.8
58.92
58.8
58.8
58.8
58.8
55.44
50.16
50.04
50.16
50.16
50.04
50.16
50.16
50.04
50.16
37.8
41.04
58.92
58.92
58.8
58.92
58.92
58.8
58.92
58.92
58.92
59.4
59.76
59.88
59.88
59.76
59.88
59.76
59.88
59.88
59.76
56.16
53.28
53.4
53.4
53.28
53.4
53.28
53.4
53.28
53.4
41.04
32.04
31.92
32.04
31.92
32.04
31.92
31.92
32.04
31.92
26.64
50.52
61.44
61.56
61.44
61.44
61.44
61.44
61.44
61.56
61.44
46.32
40.56
40.68
40.56
40.56
40.56
40.68
40.56
40.56
40.56
42.84
43.56
43.68
43.68
43.68
43.68
43.68
43.68
43.68
43.68
42.0
41.52
41.64
41.52
41.52
41.64
41.52
41.64
41.52
41.52
37.92
36.6
36.6
36.48
36.6
36.6
36.6
36.6
36.6
36.48
26.04
53.88
58.32
58.32
58.2
58.32
58.32
58.32
58.32
58.2
58.32
48.24
46.8
46.8
46.8
46.8
46.8
46.92
46.8
46.8
46.8
53.88
54.72
54.84
54.84
54.84
54.84
54.84
54.72
54.84
54.84
27.48
63.72
63.84
63.72
63.84
63.72
63.84
63.72
63.84
63.72
62.28
44.28
44.28
44.28
44.28
44.28
44.28
44.28
44.28
44.28
44.4
46.44
46.44
46.56
46.44
46.44
46.56
46.44
46.44
46.56
46.92
54.0
54.0
53.88
54.0
54.0
54.0
54.0
54.0
53.88
52.2
27.96
28.08
27.96
28.08
27.96
28.08
27.96
28.08
27.96
29.64
48.84
48.84
48.72
48.84
48.84
48.72
48.84
48.84
48.84
49.68
61.56
61.44
61.56
61.44
61.56
61.44
61.44
61.56
61.44
61.32
58.68
58.56
58.68
58.68
58.68
58.56
58.68
58.68
58.68
58.56
58.32
58.32
58.32
58.32
58.32
58.32
58.32
58.32
58.32
56.04
26.4
26.4
26.4
26.4
26.4
26.4
26.52
26.4
26.4
28.08
48.0
48.0
48.12
48.0
48.12
48.0
48.12
48.0
48.12
48.96
61.08
61.08
61.08
61.08
61.08
60.96
61.08
61.08
61.08
60.84
59.52
59.52
59.4
59.52
59.52
59.52
59.4
59.52
59.52
59.28
57.36
57.36
57.36
57.36
57.36
57.36
57.36
57.36
57.36
53.16
9.84
24.48
24.36
24.36
24.36
24.36
24.36
24.36
24.48
24.36
30.48
46.44
46.44
46.44
46.44
46.44
46.32
46.44
46.44
46.44
50.64
61.32
61.44
61.44
61.32
61.44
61.32
61.44
61.32
61.44
62.64
66.36
66.36
66.36
66.36
66.24
66.36
66.36
66.36
66.36
56.64
30.72
30.72
30.72
30.72
30.84
30.72
30.72
30.72
30.72
35.16
47.52
47.52
47.52
47.52
47.52
47.52
47.52
47.52
47.52
50.52
58.68
58.68
58.68
58.68
58.8
58.68
58.68
58.68
58.68
66.24
87.12
87.12
87.12
87.12
87.12
87.0
87.12
87.12
87.12
80.64
64.56
64.56
64.56
64.56
64.56
64.56
64.56
64.56
64.56
62.4
56.88
56.76
56.88
56.88
56.76
56.88
56.76
56.88
56.76
54.36
47.64
47.64
47.64
47.64
47.64
47.64
47.76
47.64
47.64
47.4
46.92
46.92
46.8
46.92
46.92
46.92
46.8
46.92
46.92
47.28
48.84
48.84
48.96
48.84
48.84
48.84
48.84
48.84
48.84
49.92
52.92
52.92
53.04
52.92
53.04
52.92
52.92
53.04
52.92
51.36
47.28
47.4
47.28
47.28
47.28
47.4
47.28
47.28
47.28
48.72
52.56
52.68
52.68
52.56
52.68
52.56
52.68
52.56
52.68
49.2
39.96
40.08
40.08
40.08
40.08
40.08
40.08
39.96
40.08
41.52
45.72
45.6
45.6
45.72
45.6
45.72
45.6
45.6
45.72
45.0
44.04
44.04
43.92
44.04
43.92
44.04
43.92
44.04
44.04
44.52
46.44
46.44
46.44
46.44
46.44
46.44
46.44
46.44
46.44
46.8
48.12
48.12
48.12
48.12
48.12
48.12
48.12
48.12
48.12
47.64
46.2
46.2
46.32
46.2
46.2
46.32
46.2
46.32
46.2
44.88
41.64
41.64
41.64
41.64
41.64
41.64
41.64
41.64
41.64
43.68
49.44
49.44
49.56
49.44
49.44
49.44
49.44
49.56
49.44
48.72
46.8
46.92
46.92
46.8
46.92
46.8
46.92
46.8
46.92
49.56
57.24
57.24
57.24
57.12
57.24
57.24
57.24
57.12
57.24
56.28
54.24
54.12
54.24
54.12
54.24
54.12
54.24
54.12
54.24
52.2
47.64
47.52
47.52
47.52
47.52
47.52
47.52
47.52
47.52
48.6
51.84
51.84
51.84
51.72
51.84
51.84
51.84
51.84
51.84
46.68
33.12
33.12
33.0
33.12
33.12
33.12
33.12
33.0
33.12
27.36
24.12
38.64
38.52
38.64
38.52
38.52
38.64
38.52
38.64
38.52
47.88
59.16
59.04
59.16
59.16
59.04
59.16
59.04
59.16
59.16
59.28
59.76
59.76
59.64
59.76
59.76
59.64
59.76
59.76
59.64
52.2
43.44
43.44
43.44
43.44
43.44
43.56
43.44
43.44
43.44
37.68
31.08
31.08
31.08
31.08
31.08
31.08
31.08
31.08
31.08
46.2
63.96
63.96
63.96
63.96
63.96
63.96
63.96
63.96
63.96
75.0
88.56
88.56
88.56
88.68
88.56
88.56
88.56
88.68
88.56
71.88
52.68
52.68
52.68
52.68
52.68
52.8
52.68
52.68
52.68
54.72
57.48
57.36
57.36
57.36
57.36
57.36
57.48
57.36
57.36
55.08
52.44
52.44
52.44
52.44
52.44
52.44
52.44
52.44
52.44
50.4
48.0
48.12
48.0
48.12
48.12
48.0
48.12
48.0
48.12
51.0
54.72
54.72
54.72
54.72
54.72
54.72
54.72
54.72
54.72
58.44
63.12
63.12
63.12
63.12
63.12
63.12
63.12
63.12
63.12
54.84
45.36
45.36
45.36
45.36
45.36
45.36
45.36
45.24
45.36
40.08
34.2
34.08
34.2
34.2
34.08
34.2
34.08
34.2
34.08
34.44
34.92
34.8
34.92
34.8
34.92
34.8
34.92
34.8
34.92
46.8
60.96
60.96
60.96
60.96
60.96
60.96
60.96
60.96
60.96
61.2
61.68
61.56
61.56
61.56
61.68
61.56
61.56
61.56
61.68
54.96
47.16
47.28
47.16
47.16
47.16
47.16
47.16
47.16
47.16
41.04
33.6
33.6
33.6
33.6
33.6
33.72
33.6
33.6
33.6
39.24
46.08
45.96
46.08
46.08
45.96
46.08
46.08
45.96
46.08
53.76
62.88
62.88
62.88
62.88
62.88
62.88
62.88
62.88
62.88
62.16
61.56
61.68
61.56
61.56
61.56
61.56
61.56
61.56
61.56
47.52
30.36
30.48
30.48
30.36
30.48
30.48
30.36
30.48
30.48
26.4
21.48
51.36
58.92
58.92
58.92
58.92
58.92
58.92
58.92
58.92
58.92
57.12
56.76
56.88
56.76
56.76
56.88
56.76
56.76
56.76
56.88
37.92
33.24
33.36
33.36
33.36
33.36
33.24
33.36
33.36
33.36
33.12
33.36
33.24
33.36
33.24
33.36
33.36
33.24
33.36
33.24
54.6
59.64
59.64
59.64
59.64
59.64
59.64
59.64
59.64
59.64
63.6
64.56
64.44
64.56
64.56
64.44
64.56
64.56
64.44
64.56
66.24
66.72
66.6
66.72
66.72
66.72
66.72
66.72
66.6
66.72
64.68
64.32
64.32
64.2
64.32
64.32
64.32
64.2
64.32
64.32
35.52
28.32
28.44
28.32
28.44
28.32
28.44
28.32
28.32
28.44
33.36
34.68
34.56
34.68
34.56
34.68
34.56
34.68
34.56
34.68
48.0
51.48
51.36
51.36
51.36
51.48
51.36
51.36
51.36
51.48
25.32
26.52
26.52
26.64
26.52
26.64
26.52
26.64
26.52
26.64
26.52
25.68
25.68
25.68
25.68
25.68
25.68
25.68
25.68
25.8
25.44
16.2
13.56
18.6
13.8
23.4
24.12
24.12
24.12
24.12
24.12
24.12
24.12
24.12
24.12
30.84
31.32
31.32
31.32
31.32
31.2
31.32
31.32
31.32
31.32
40.44
41.04
40.92
41.04
41.04
40.92
41.04
40.92
41.04
40.92
36.72
36.48
36.48
36.48
36.48
36.6
36.48
36.48
36.48
36.48
20.52
37.68
37.68
37.68
37.68
37.68
37.68
37.68
37.68
37.68
41.16
61.2
61.2
61.2
61.2
61.2
61.32
61.2
61.2
61.2
60.48
56.76
56.88
56.88
56.76
56.88
56.88
56.88
56.76
56.88
54.12
38.76
38.88
38.76
38.88
38.76
38.76
38.88
38.76
38.88
36.84
26.04
26.04
25.92
26.04
26.04
26.04
25.92
26.04
26.04
28.2
39.72
39.84
39.84
39.84
39.84
39.72
39.84
39.84
39.84
40.68
45.12
45.24
45.12
45.24
45.12
45.24
45.24
45.12
45.24
45.0
44.76
44.76
44.76
44.76
44.76
44.76
44.76
44.76
44.76
42.72
32.76
32.64
32.76
32.76
32.64
32.76
32.76
32.64
32.76
30.96
32.4
57.12
57.0
57.12
57.0
57.12
57.0
57.12
57.0
57.12
56.4
55.2
55.2
55.2
55.32
55.2
55.2
55.2
55.2
55.2
55.68
57.0
57.0
57.0
57.0
57.0
56.88
57.0
57.0
57.0
57.12
57.48
57.6
57.6
57.6
57.6
57.48
57.6
57.6
57.6
48.96
28.44
28.32
28.44
28.32
28.32
28.44
28.32
28.44
28.32
31.68
39.48
39.36
39.48
39.48
39.36
39.48
39.48
39.36
39.48
46.08
61.8
61.92
61.8
61.8
61.8
61.92
61.8
61.8
61.92
61.32
60.84
60.72
60.72
60.84
60.72
60.72
60.84
60.72
60.72
53.16
34.56
34.56
34.56
34.56
34.56
34.56
34.56
34.56
34.56
30.0
24.36
30.48
30.48
30.48
30.36
30.48
30.48
30.48
30.36
30.48
33.48
36.72
36.84
36.84
36.84
36.72
36.84
36.84
36.72
36.84
38.88
41.16
41.16
41.16
41.16
41.28
41.16
41.16
41.16
41.16
41.76
42.36
42.48
42.48
42.36
42.48
42.48
42.36
42.48
42.48
37.92
33.48
33.48
33.36
33.48
33.48
33.48
33.36
33.48
33.48
29.76
26.16
26.16
26.04
26.16
26.16
26.16
26.04
26.16
26.16
28.32
30.96
30.84
30.84
30.84
30.84
30.84
30.84
30.96
30.84
28.92
27.24
27.24
27.24
27.24
27.24
27.36
27.24
27.24
27.24
35.64
43.92
43.92
43.8
43.92
43.92
43.92
43.92
43.92
43.8
36.24
28.92
28.92
28.92
28.8
28.92
28.92
28.92
28.8
28.92
35.52
42.12
42.0
42.12
42.0
42.12
42.12
42.0
42.12
42.0
41.64
41.4
41.4
41.4
41.4
41.28
41.4
41.4
41.4
41.4
35.52
30.24
30.24
30.24
30.12
30.24
30.24
30.24
30.24
30.24
33.36
36.72
36.6
36.72
36.72
36.6
36.72
36.6
36.72
36.6
25.68
43.44
55.68
55.68
55.68
55.68
55.56
55.68
55.68
55.68
55.68
41.28
35.16
35.28
35.28
35.16
35.28
35.16
35.28
35.16
35.28
34.2
33.84
33.84
33.84
33.84
33.72
33.84
33.84
33.84
33.84
34.32
34.68
34.56
34.56
34.68
34.56
34.68
34.56
34.56
34.68
25.08
32.16
33.72
33.72
33.72
33.72
33.72
33.72
33.72
33.72
33.72
29.88
29.4
29.28
29.4
29.4
29.4
29.28
29.4
29.4
29.4
26.04
25.8
25.8
25.68
25.8
25.8
25.68
25.8
25.8
25.68
25.68
25.8
25.68
25.8
25.68
25.8
25.68
25.8
25.68
25.68
22.68
34.32
34.2
34.32
34.2
34.32
34.2
34.2
34.32
34.2
32.52
12.48
5.64
0.12
0.12
0.12
0.12
0.12
0.12
0.12
0.12
0.12
0.12
0.12
21.96
27.0
27.0
27.0
27.0
27.0
27.0
27.0
27.0
27.0
11.52
9.6
13.68
11.76
11.4
9.0
8.52
11.4
12.0
12.24
14.52
18.24
20.52
14.16
18.72
12.96
17.76
15.6
13.32
13.8
15.0
17.4
18.12
18.12
14.4
13.56
17.28
17.64
21.84
24.36
24.48
24.36
24.48
24.36
24.48
24.36
24.36
24.48
24.24
24.12
24.0
24.12
24.12
24.12
24.12
24.0
24.12
24.12
21.6
16.44
10.68
21.72
6.6
0.12
0.12
0.12
0.12
0.12
0.12
0.12
0.12
0.12
7.08
25.8
25.8
25.92
25.8
25.8
25.8
25.8
25.8
25.8
23.16
16.32
15.12
16.56
15.48
11.64
9.12
13.32
18.0
18.72
17.4
17.16
17.64
7.08
9.36
0.36
0.12
0.12
0.12
0.12
0.12
0.12
0.12
0.12
0.12
21.84
32.4
32.4
32.28
32.4
32.4
32.4
32.4
32.28
32.4
20.16
18.84
16.8
15.84
20.4
21.6
17.76
14.64
18.6
15.72
14.52
16.08
20.4
19.92
21.36
16.08
16.44
15.36
14.16
9.48
20.52
10.56
0.12
0.12
0.12
0.12
0.12
0.12
0.12
0.12
0.12
10.8
29.16
29.04
29.16
29.16
29.04
29.16
29.16
29.04
29.16
19.08
21.36
32.4
32.52
32.4
32.4
32.52
32.4
32.52
32.4
32.4
26.28
24.12
24.96
24.96
24.96
24.96
24.96
24.96
24.96
24.96
24.84
22.32
25.2
25.44
25.56
25.56
25.56
25.44
25.56
25.56
25.56
25.44
24.96
24.84
24.96
24.96
24.84
24.96
24.96
24.84
24.96
24.96
21.48
17.64
19.56
20.28
16.8
11.4
18.48
19.2
15.96
17.28
15.36
18.0
18.0
15.24
8.88
0.12
0.12
0.12
0.12
0.12
0.12
0.12
0.12
0.12
0.12
0.12
0.12
0.12
0.12
0.12
0.12
0.12
0.12
0.12
5.76
34.08
33.96
33.96
33.96
33.96
34.08
33.96
33.96
33.96
29.4
14.64
16.68
5.76
7.92
38.28
38.4
38.28
38.28
38.4
38.28
38.28
38.28
38.4
33.6
14.04
11.76
8.88
9.84
10.44
13.08
14.4
10.68
10.8
14.52
15.24
12.48
9.96
8.88
9.72
10.68
7.08
4.8
4.32
3.6
4.92
5.16
3.24
2.04
0.12
0.12
0.12
0.12
0.12
0.12
0.12
0.12
0.12
0.12
0.12
0.12
0.12
0.12
0.12
0.12
0.12
0.12
0.12
0.12
0.12
0.12
0.12
0.12
0.12
0.12
0.12
0.12
0.12
0.12
0.12
0.12
0.12
0.12
0.12
0.12
0.12
0.12
0.12
0.12
11.64
4.8
5.52
0.96
0.12
0.12
0.12
0.12
0.12
0.12
0.12
0.12
0.12
0.12
0.12
0.12
0.12
0.12
0.12
0.12
0.12
0.12
0.12
11.16
10.56
7.92
9.0
6.84
9.6
12.24
10.32
9.36
9.84
8.76
10.44
13.2
13.8
10.44
0.12
0.12
0.12
0.12
0.12
0.12
0.12
0.12
0.12
0.12
7.44
30.6
30.6
30.6
30.6
30.48
30.6
30.6
30.6
30.6
26.76
12.48
11.28
11.52
12.0
11.76
15.0
13.56
15.24
13.8
16.56
17.16
15.96
22.44
34.2
34.2
34.2
34.2
34.2
34.2
34.2
34.2
34.2
32.16
26.04
26.16
26.16
26.16
26.04
26.16
26.16
26.16
26.04
25.68
24.24
24.36
24.24
24.24
24.36
24.24
24.24
24.36
24.24
23.04
21.48
24.24
24.36
24.24
24.36
24.36
24.24
24.36
24.24
24.36
25.92
27.96
27.84
27.96
27.96
27.96
27.96
27.96
27.96
27.96
26.16
24.0
24.12
24.12
24.0
24.12
24.0
24.12
24.12
24.0
18.84
10.56
7.32
0.12
0.12
0.12
0.12
0.12
0.12
0.12
0.12
0.12
0.12
0.12
0.12
0.12
0.12
0.12
0.12
0.12
0.12
0.12
0.12
16.32
3.0
3.72
2.64
0.12
0.12
0.12
0.12
0.12
0.12
0.12
0.12
0.12
0.12
0.12
0.12
0.12
0.12
0.12
0.12
0.12
0.12
0.12
0.12
0.12
0.12
0.12
0.12
0.12
0.12
0.12
0.12
0.12
0.12
0.12
0.12
10.2
0.12
0.12
0.12
0.12
0.12
0.12
0.12
0.12
0.12
0.6
7.92
5.64
4.32
5.28
4.08
1.2
0.12
0.12
0.12
0.12
0.12
0.12
0.12
0.12
0.12
6.72
6.36
3.84
5.04
8.16
5.52
5.88
5.28
5.28
3.84
0.24
0.12
0.12
0.12
0.12
0.12
0.12
0.12
0.12
0.12
7.44
3.96
3.72
4.92
4.44
7.2
5.76
4.92
4.44
8.16
7.2
5.52
3.24
2.52
6.84
7.92
7.44
10.8
15.72
17.04
14.64
14.04
13.56
12.84
12.12
13.44
11.52
15.12
16.8
19.56
16.68
16.92
15.84
14.76
5.16
12.72
14.88
18.84
32.4
32.4
32.4
32.4
32.4
32.4
32.4
32.4
32.4
24.48
16.56
22.32
20.16
23.88
24.36
24.6
24.72
24.72
24.6
24.72
24.6
24.72
24.72
24.6
23.04
29.4
30.12
30.0
30.12
30.0
30.0
30.12
30.0
30.12
30.0
34.32
34.68
34.68
34.68
34.68
34.68
34.56
34.68
34.68
34.68
24.84
24.36
24.36
24.36
24.36
24.36
24.36
24.36
24.36
24.36
27.24
27.6
27.48
27.6
27.48
27.6
27.48
27.48
27.6
27.48
29.4
29.52
29.52
29.52
29.52
29.52
29.52
29.64
29.52
29.52
20.16
42.0
42.12
42.12
42.12
42.12
42.12
42.0
42.12
42.12
40.92
34.92
34.92
35.04
34.92
34.92
34.92
34.92
34.92
35.04
33.48
26.52
26.52
26.64
26.52
26.52
26.52
26.64
26.52
26.52
26.28
25.56
25.44
25.44
25.44
25.44
25.44
25.44
25.44
25.44
25.56
26.76
26.76
26.64
26.76
26.64
26.76
26.76
26.64
26.76
29.16
41.28
41.28
41.28
41.28
41.28
41.28
41.28
41.28
41.16
39.84
33.36
33.36
33.36
33.36
33.36
33.36
33.36
33.48
33.36
33.72
35.52
35.52
35.64
35.52
35.52
35.64
35.52
35.52
35.64
32.52
16.2
24.48
34.2
34.2
34.08
34.2
34.2
34.2
34.2
34.08
34.2
27.12
21.0
16.32
18.72
19.8
18.84
17.88
16.56
15.36
17.16
18.0
18.24
15.0
15.6
15.0
13.68
13.44
16.32
20.64
24.24
25.32
25.2
25.32
25.32
25.32
25.2
25.32
25.32
25.32
17.04
12.24
11.04
10.56
9.12
9.6
6.6
6.24
6.72
10.32
9.36
10.2
15.12
16.32
26.88
26.88
26.88
26.88
26.76
26.88
26.88
26.88
26.88
26.64
9.0
36.12
36.12
36.0
36.12
36.12
36.12
36.12
36.12
36.12
31.56
12.96
12.48
12.84
11.4
11.28
6.24
22.68
30.36
30.48
30.36
30.36
30.48
30.36
30.36
30.48
30.36
20.88
19.44
20.04
19.32
20.64
16.92
17.52
27.0
27.0
27.0
27.0
27.0
27.0
27.0
27.0
27.12
25.32
17.28
15.84
16.08
13.68
11.16
11.52
11.4
9.0
11.16
10.08
9.24
8.28
8.16
8.28
8.28
9.0
8.4
8.4
8.88
7.8
8.4
8.28
5.64
