0.12
17.4
24.72
26.64
26.76
26.64
26.76
26.64
26.64
26.76
26.64
26.64
23.88
22.44
21.12
17.4
13.44
32.16
32.4
32.4
32.4
32.4
32.28
32.4
32.4
32.4
32.4
24.72
24.6
24.6
24.6
24.6
24.6
24.6
24.6
24.6
24.48
14.52
12.48
23.64
29.04
29.04
28.92
29.04
29.04
29.04
29.04
28.92
29.04
34.68
37.56
37.68
37.56
37.56
37.56
37.56
37.56
37.56
37.56
31.08
27.72
27.72
27.72
27.72
27.72
27.72
27.72
27.72
27.72
28.8
29.4
29.4
29.4
29.28
29.4
29.4
29.4
29.4
29.28
24.24
24.24
27.6
27.48
27.6
27.6
27.48
27.6
27.48
27.6
27.6
26.28
25.08
25.08
24.96
25.08
24.96
25.08
24.96
25.08
25.08
26.28
28.08
28.2
28.08
28.2
28.08
28.2
28.08
28.2
28.08
27.48
26.64
26.76
26.76
26.64
26.76
26.76
26.64
26.76
26.76
27.36
28.32
28.2
28.32
28.32
28.32
28.32
28.32
28.32
28.32
25.2
22.08
24.0
29.76
29.88
29.76
29.76
29.76
29.76
29.88
29.76
29.76
28.92
22.92
33.6
35.16
35.16
35.16
35.28
35.16
35.16
35.16
35.28
35.16
29.04
28.2
28.2
28.2
28.2
28.2
28.2
28.08
28.2
28.2
31.2
31.8
31.8
31.8
31.8
31.8
31.8
31.8
31.8
31.8
28.8
28.44
28.44
28.44
28.44
28.44
28.44
28.44
28.56
28.44
23.16
21.72
23.28
25.32
25.32
25.32
25.32
25.32
25.32
25.32
25.32
25.32
25.08
24.72
24.72
24.84
24.72
24.72
24.72
24.84
24.72
24.72
23.28
22.32
22.2
17.88
18.48
19.8
24.48
26.4
26.4
26.4
26.4
26.4
26.4
26.4
26.4
26.4
33.72
36.72
36.72
36.72
36.72
36.72
36.72
36.72
36.72
36.72
35.64
35.16
35.16
35.16
35.16
35.16
35.16
35.16
35.16
35.28
37.08
38.28
38.16
38.16
38.28
38.16
38.16
38.16
38.28
38.16
43.8
46.2
46.32
46.2
46.2
46.2
46.32
46.2
46.2
46.2
43.08
41.64
41.76
41.64
41.76
41.76
41.64
41.76
41.64
41.76
36.96
35.16
35.16
35.16
35.04
35.16
35.16
35.16
35.04
35.16
32.88
31.92
31.8
31.92
31.92
31.8
31.92
31.92
31.8
31.92
46.92
54.12
54.12
54.12
54.12
54.12
54.12
54.12
54.12
54.12
52.68
51.96
52.08
51.96
51.96
52.08
51.96
51.96
52.08
51.96
54.24
55.2
55.2
55.32
55.2
55.32
55.2
55.32
55.2
55.32
42.24
36.24
36.24
36.24
36.24
36.24
36.24
36.24
36.24
36.24
26.52
24.48
27.24
27.12
27.24
27.24
27.12
27.24
27.24
27.12
27.24
40.68
53.76
53.88
53.76
53.76
53.76
53.88
53.76
53.76
53.76
53.64
53.52
53.52
53.52
53.52
53.52
53.4
53.52
53.52
53.52
42.72
32.28
32.4
32.28
32.4
32.28
32.4
32.28
32.4
32.28
34.08
35.88
35.76
35.88
35.88
35.76
35.88
35.88
35.88
35.76
40.2
44.76
44.76
44.76
44.76
44.76
44.76
44.76
44.76
44.76
39.24
33.6
33.6
33.6
33.6
33.6
33.6
33.6
33.6
33.6
34.08
34.8
34.8
34.68
34.8
34.68
34.8
34.8
34.68
34.8
33.72
32.76
32.88
32.76
32.76
32.88
32.76
32.76
32.88
32.76
32.88
33.12
33.12
33.24
33.12
33.12
33.24
33.12
33.12
33.24
34.32
35.76
35.76
35.76
35.88
35.76
35.76
35.76
35.88
35.76
33.24
30.0
30.0
30.12
30.0
30.0
30.0
30.12
30.0
30.0
30.0
30.12
30.12
30.12
30.12
30.12
30.24
30.12
30.12
30.12
30.72
31.68
31.68
31.68
31.68
31.68
31.68
31.68
31.56
31.68
31.68
31.92
31.8
31.92
31.8
31.92
31.8
31.8
31.92
31.8
30.84
29.4
29.52
29.4
29.4
29.4
29.52
29.4
29.4
29.4
29.4
29.4
29.4
29.4
29.28
29.4
29.4
29.4
29.4
29.4
26.28
19.8
14.04
39.96
39.96
39.96
39.96
39.96
39.96
39.96
39.84
39.96
39.12
29.88
29.88
29.88
29.76
29.88
29.88
29.76
29.88
29.88
28.08
6.12
43.32
46.56
46.56
46.68
46.56
46.56
46.68
46.56
46.56
46.68
33.0
31.8
31.8
31.92
31.8
31.92
31.8
31.92
31.8
31.8
31.08
30.96
31.08
30.96
31.08
30.96
31.08
30.96
31.08
30.96
29.88
29.88
29.88
29.76
29.88
29.88
29.88
29.88
29.88
29.88
35.16
36.0
36.0
36.0
36.0
36.0
36.0
36.0
36.0
36.0
34.2
34.2
34.08
34.08
34.08
34.2
34.08
34.08
34.08
34.2
32.52
32.4
32.28
32.4
32.4
32.28
32.4
32.4
32.28
32.4
39.36
40.44
40.44
40.32
40.44
40.44
40.44
40.44
40.44
40.44
35.4
34.92
34.92
34.8
34.92
34.92
34.92
34.8
34.92
34.92
31.2
30.72
30.84
30.84
30.72
30.84
30.72
30.84
30.72
30.84
30.96
31.2
31.08
31.08
31.2
31.08
31.2
31.08
31.08
31.2
32.04
32.4
32.28
32.28
32.4
32.28
32.4
32.28
32.28
32.4
36.36
37.32
37.2
37.2
37.32
37.2
37.32
37.2
37.2
37.32
51.48
54.48
54.48
54.36
54.48
54.36
54.48
54.36
54.48
54.48
48.12
47.04
47.16
47.04
47.04
47.16
47.04
47.16
47.04
47.04
44.28
43.8
43.8
43.8
43.8
43.8
43.92
43.8
43.8
43.8
30.72
28.32
28.44
28.44
28.44
28.32
28.44
28.44
28.44
28.32
23.52
31.68
35.88
35.88
35.88
35.88
35.88
35.88
35.88
35.88
35.88
31.32
29.4
29.28
29.4
29.4
29.28
29.4
29.4
29.28
29.4
32.16
33.6
33.6
33.48
33.6
33.6
33.6
33.6
33.6
33.48
39.96
43.08
43.2
43.08
43.08
43.08
43.08
43.2
43.08
43.08
36.48
33.36
33.24
33.36
33.24
33.36
33.24
33.24
33.36
33.24
48.24
55.8
55.8
55.8
55.8
55.8
55.92
55.8
55.8
55.8
48.48
45.0
45.0
44.88
45.0
44.88
45.0
44.88
45.0
45.0
39.12
36.48
36.48
36.36
36.48
36.48
36.48
36.48
36.36
36.48
31.08
28.56
28.56
28.56
28.56
28.44
28.56
28.56
28.56
28.56
17.16
32.04
52.08
51.96
51.96
52.08
51.96
51.96
51.96
52.08
51.96
40.44
29.64
29.64
29.76
29.64
29.64
29.64
29.64
29.64
29.64
29.4
29.52
29.4
29.52
29.4
29.52
29.4
29.52
29.4
29.52
31.56
33.96
33.96
33.96
33.84
33.96
33.96
33.96
33.96
33.84
32.76
31.44
31.44
31.56
31.44
31.44
31.44
31.44
31.44
31.44
32.88
34.44
34.56
34.56
34.56
34.44
34.56
34.56
34.56
34.44
31.56
28.08
28.08
28.2
28.08
28.2
28.08
28.2
28.08
28.08
31.2
34.8
34.8
34.8
34.8
34.68
34.8
34.8
34.8
34.8
36.12
37.56
37.56
37.68
37.56
37.68
37.56
37.68
37.56
37.56
24.96
16.8
36.48
36.6
36.48
36.6
36.48
36.6
36.48
36.6
36.48
41.04
52.2
52.08
52.2
52.08
52.2
52.08
52.2
52.08
52.2
52.92
54.96
54.84
54.96
54.96
54.84
54.96
54.96
54.84
54.96
51.36
43.32
43.44
43.32
43.44
43.44
43.32
43.44
43.32
43.44
38.64
27.96
27.96
28.08
27.96
27.96
28.08
27.96
27.96
27.96
32.16
41.64
41.64
41.52
41.64
41.64
41.64
41.64
41.52
41.64
42.6
44.52
44.52
44.64
44.52
44.64
44.52
44.64
44.52
44.52
45.24
46.44
46.44
46.44
46.56
46.44
46.44
46.44
46.56
46.44
45.6
43.8
43.8
43.92
43.8
43.8
43.8
43.92
43.8
43.8
42.84
40.44
40.44
40.56
40.44
40.44
40.56
40.44
40.44
40.56
40.92
42.24
42.24
42.24
42.36
42.24
42.24
42.24
42.24
42.24
43.2
45.48
45.48
45.36
45.48
45.48
45.36
45.48
45.48
45.48
45.84
47.04
46.92
47.04
47.04
46.92
47.04
46.92
47.04
47.04
47.04
47.16
47.28
47.28
47.28
47.28
47.28
47.16
47.28
47.28
41.52
28.32
28.32
28.32
28.32
28.32
28.32
28.32
28.32
28.32
31.08
38.52
38.4
38.4
38.52
38.4
38.52
38.4
38.4
38.52
39.12
41.28
41.4
41.28
41.28
41.4
41.28
41.28
41.4
41.28
45.12
55.32
55.2
55.2
55.32
55.2
55.2
55.32
55.2
55.2
48.12
30.6
30.72
30.72
30.72
30.6
30.72
30.72
30.72
30.6
30.24
29.64
29.52
29.52
29.64
29.52
29.52
29.52
29.64
29.52
36.12
53.52
53.52
53.52
53.52
53.52
53.52
53.52
53.52
53.52
48.96
37.44
37.56
37.44
37.56
37.44
37.56
37.44
37.44
37.56
33.12
22.68
32.52
32.64
32.64
32.64
32.52
32.64
32.64
32.64
32.52
33.24
39.0
39.0
38.88
39.0
39.0
39.0
39.0
39.0
39.0
38.76
36.6
36.72
36.6
36.72
36.72
36.6
36.72
36.6
36.72
36.48
34.68
34.8
34.8
34.8
34.68
34.8
34.8
34.8
34.68
34.56
32.76
32.76
32.64
32.76
32.76
32.64
32.76
32.76
32.64
32.88
35.04
35.16
35.04
35.16
35.04
35.16
35.04
35.16
35.04
35.4
40.2
40.32
40.2
40.32
40.32
40.2
40.32
40.2
40.32
40.2
38.52
38.52
38.52
38.52
38.4
38.52
38.52
38.52
38.52
39.24
56.4
56.28
56.4
56.28
56.4
56.28
56.4
56.28
56.4
56.28
56.88
57.0
56.88
56.88
56.88
57.0
56.88
56.88
56.88
55.92
40.2
40.32
40.2
40.32
40.2
40.32
40.2
40.32
40.2
39.6
28.32
28.2
28.32
28.32
28.2
28.32
28.2
28.32
28.32
28.8
42.12
42.0
42.12
42.12
42.0
42.12
42.0
42.12
42.12
42.6
53.28
53.28
53.4
53.28
53.4
53.28
53.28
53.4
53.28
53.52
56.28
56.4
56.28
56.4
56.28
56.4
56.28
56.4
56.28
55.68
46.68
46.8
46.8
46.68
46.8
46.8
46.68
46.8
46.8
46.08
38.4
38.28
38.4
38.4
38.28
38.4
38.4
38.28
38.4
38.16
36.96
36.96
36.96
36.96
36.96
36.96
36.96
36.96
36.96
37.32
47.52
47.64
47.52
47.52
47.52
47.52
47.52
47.52
47.52
47.76
50.76
50.76
50.76
50.76
50.76
50.76
50.76
50.76
50.76
49.8
35.64
35.64
35.52
35.64
35.64
35.64
35.52
35.64
35.64
35.52
35.4
35.52
35.4
35.4
35.4
35.52
35.4
35.4
35.4
35.88
45.12
45.12
45.12
45.12
45.12
45.12
45.24
45.12
45.12
45.36
51.96
51.96
51.84
51.96
51.96
51.96
51.96
51.96
51.96
51.48
44.76
44.64
44.76
44.76
44.64
44.76
44.64
44.76
44.76
45.0
52.56
52.44
52.44
52.44
52.56
52.44
52.44
52.44
52.56
51.6
38.76
38.88
38.88
38.76
38.88
38.76
38.88
38.88
38.76
38.64
35.76
35.76
35.76
35.76
35.76
35.76
35.76
35.76
35.76
36.36
53.64
53.64
53.64
53.64
53.64
53.64
53.64
53.64
53.64
53.76
56.4
56.4
56.4
56.4
56.4
56.4
56.4
56.4
56.4
56.4
57.24
57.24
57.36
57.24
57.36
57.24
57.24
57.36
57.24
56.04
32.64
32.76
32.64
32.64
32.64
32.76
32.64
32.64
32.64
32.64
30.12
30.0
30.12
30.12
30.12
30.12
30.12
30.12
30.12
31.2
57.12
57.24
57.24
57.12
57.24
57.24
57.24
57.12
57.24
57.0
54.12
54.0
54.12
54.12
54.12
54.0
54.12
54.12
54.12
53.28
39.0
39.0
39.0
39.0
39.0
39.0
39.0
39.0
39.0
39.0
40.08
40.08
39.96
40.08
40.08
39.96
40.08
40.08
39.96
39.96
38.16
38.16
38.16
38.28
38.16
38.16
38.16
38.16
38.16
38.28
47.04
46.92
46.92
47.04
46.92
46.92
47.04
46.92
46.92
46.68
39.6
39.48
39.6
39.48
39.48
39.6
39.48
39.6
39.48
39.96
53.28
53.4
53.28
53.4
53.28
53.4
53.28
53.4
53.28
52.68
30.24
30.36
30.24
30.24
30.36
30.24
30.24
30.24
30.36
30.24
35.16
35.16
35.04
35.16
35.16
35.16
35.04
35.16
35.16
35.52
59.88
59.76
59.76
59.76
59.88
59.76
59.76
59.76
59.76
59.76
56.64
56.76
56.64
56.76
56.64
56.76
56.64
56.76
56.76
56.52
56.52
56.52
56.52
56.52
56.52
56.52
56.52
56.52
56.4
55.56
38.04
38.04
38.04
37.92
38.04
38.04
38.04
37.92
38.04
37.56
28.56
28.68
28.56
28.56
28.56
28.68
28.56
28.56
28.68
29.4
53.16
53.16
53.16
53.04
53.16
53.16
53.16
53.16
53.16
53.16
55.2
55.08
55.2
55.2
55.08
55.2
55.08
55.2
55.2
54.96
53.04
52.92
52.92
53.04
52.92
53.04
52.92
53.04
52.92
52.08
35.88
35.76
35.76
35.76
35.76
35.88
35.76
35.76
35.76
34.44
5.88
28.44
31.32
31.32
31.32
31.32
31.32
31.32
31.32
31.32
31.32
52.68
55.56
55.56
55.44
55.56
55.56
55.56
55.56
55.56
55.44
55.56
55.56
55.68
55.56
55.56
55.56
55.68
55.56
55.56
55.56
39.0
36.84
36.72
36.84
36.72
36.84
36.72
36.84
36.72
36.84
42.96
43.92
43.8
43.92
43.92
43.92
43.92
43.8
43.92
43.92
53.28
54.6
54.72
54.6
54.72
54.6
54.72
54.6
54.72
54.6
58.32
58.92
58.8
58.92
58.92
58.8
58.92
58.8
58.92
58.8
55.68
55.44
55.32
55.32
55.32
55.32
55.44
55.32
55.32
55.32
38.4
36.48
36.36
36.48
36.36
36.36
36.48
36.36
36.36
36.48
39.48
39.96
39.96
39.96
40.08
39.96
39.96
39.96
39.96
40.08
50.88
52.44
52.32
52.44
52.44
52.44
52.32
52.44
52.44
52.44
58.08
58.92
58.8
58.92
58.92
58.8
58.92
58.92
58.8
58.92
55.2
54.72
54.84
54.84
54.84
54.84
54.84
54.84
54.72
54.84
36.72
34.68
34.68
34.68
34.68
34.8
34.68
34.68
34.68
34.68
30.72
30.12
30.24
30.24
30.24
30.24
30.12
30.24
30.24
30.24
52.56
55.56
55.44
55.44
55.56
55.44
55.56
55.44
55.56
55.44
54.96
54.96
54.96
54.96
54.96
54.96
54.96
54.96
54.96
54.96
55.8
55.8
55.92
55.8
55.92
55.8
55.92
55.92
55.8
55.92
46.08
45.0
45.12
45.12
45.12
45.12
45.12
45.12
45.12
45.12
34.8
33.96
33.84
33.84
33.96
33.84
33.96
33.84
33.84
33.96
49.44
51.36
51.24
51.36
51.24
51.36
51.24
51.36
51.24
51.36
56.64
57.12
57.24
57.24
57.24
57.12
57.24
57.24
57.24
57.24
57.96
58.32
58.2
58.32
58.2
58.32
58.2
58.2
58.32
58.2
38.28
36.24
36.36
36.24
36.36
36.24
36.24
36.36
36.24
36.36
34.92
34.8
34.92
34.92
34.8
34.92
34.8
34.92
34.8
34.92
51.72
54.0
53.88
54.0
53.88
53.88
54.0
53.88
53.88
54.0
57.48
57.84
57.84
57.96
57.84
57.84
57.96
57.84
57.96
57.84
56.4
56.4
56.28
56.4
56.28
56.4
56.28
56.4
56.28
56.4
48.6
48.0
47.88
48.0
47.88
48.0
47.88
48.0
47.88
48.0
37.32
36.6
36.48
36.48
36.48
36.48
36.48
36.6
36.48
36.48
43.32
44.04
44.04
44.04
44.04
44.04
44.04
44.04
44.04
44.04
55.68
57.0
57.0
57.12
57.0
57.0
57.0
57.0
57.0
57.0
55.2
55.08
55.2
55.08
55.08
55.08
55.08
55.08
55.2
55.08
42.84
41.88
41.76
41.88
41.76
41.88
41.88
41.76
41.88
41.76
33.72
32.88
32.88
32.88
33.0
32.88
32.88
32.88
32.88
32.88
48.12
49.68
49.8
49.8
49.68
49.8
49.8
49.68
49.8
49.8
56.52
57.24
57.36
57.36
57.36
57.36
57.24
57.36
57.36
57.36
55.68
55.68
55.56
55.56
55.68
55.56
55.68
55.56
55.56
55.68
45.12
44.16
44.28
44.28
44.16
44.28
44.16
44.28
44.28
44.16
34.68
33.96
33.84
33.84
33.96
33.84
33.84
33.96
33.84
33.84
48.48
49.8
49.92
49.8
49.8
49.92
49.8
49.92
49.8
49.92
57.24
58.08
58.08
57.96
58.08
58.08
58.08
58.08
58.08
58.08
55.2
54.96
55.08
54.96
55.08
54.96
55.08
54.96
55.08
54.96
46.56
45.72
45.84
45.84
45.84
45.72
45.84
45.84
45.84
45.72
35.64
34.68
34.8
34.68
34.8
34.68
34.68
34.8
34.68
34.8
42.0
42.72
42.72
42.72
42.72
42.72
42.72
42.72
42.72
42.72
54.72
56.16
56.04
56.16
56.04
56.16
56.04
56.16
56.04
56.16
56.52
56.64
56.64
56.76
56.64
56.64
56.64
56.64
56.64
56.64
54.12
53.88
54.0
53.88
54.0
53.88
54.0
53.88
53.88
54.0
30.72
28.68
28.68
28.68
28.68
28.8
28.68
28.68
28.68
28.68
44.28
45.96
45.84
45.96
45.84
45.84
45.96
45.84
45.96
45.84
56.88
57.84
57.96
57.96
57.96
57.84
57.96
57.96
57.84
57.96
60.96
61.32
61.32
61.32
61.2
61.32
61.32
61.32
61.2
61.32
47.52
46.68
46.56
46.56
46.56
46.56
46.56
46.68
46.56
46.56
32.16
31.08
31.2
31.08
31.08
31.2
31.08
31.2
31.08
31.2
45.24
46.56
46.68
46.56
46.68
46.56
46.56
46.68
46.56
46.68
54.6
55.32
55.32
55.32
55.44
55.32
55.32
55.32
55.32
55.44
54.36
54.48
54.36
54.36
54.48
54.36
54.48
54.36
54.48
54.36
44.76
44.16
44.04
44.04
44.16
44.04
44.16
44.04
44.04
44.16
16.68
22.56
24.72
24.84
24.72
24.84
24.84
24.72
24.84
24.72
24.84
44.28
49.92
49.92
50.04
49.92
49.92
49.92
49.92
49.92
49.92
55.2
56.76
56.76
56.76
56.76
56.76
56.76
56.64
56.76
56.76
52.92
51.84
51.96
51.84
51.96
51.84
51.84
51.96
51.84
51.84
36.0
31.68
31.8
31.68
31.8
31.68
31.8
31.8
31.68
31.8
37.56
39.12
39.24
39.24
39.24
39.12
39.24
39.24
39.12
39.24
47.76
49.92
50.04
50.04
49.92
50.04
50.04
50.04
49.92
50.04
37.68
34.56
34.68
34.56
34.56
34.56
34.56
34.68
34.56
34.56
28.2
26.64
26.52
26.52
26.64
26.52
26.64
26.52
26.52
26.64
27.6
27.96
27.96
27.96
27.96
27.96
27.96
27.96
27.96
28.08
33.48
35.4
35.28
35.28
35.4
35.28
35.28
35.4
35.28
35.28
50.04
54.84
54.72
54.84
54.72
54.84
54.72
54.72
54.84
54.72
55.56
55.8
55.8
55.8
55.68
55.8
55.8
55.8
55.8
55.8
49.32
47.4
47.4
47.4
47.4
47.4
47.52
47.4
47.4
47.4
36.84
33.6
33.72
33.72
33.6
33.72
33.72
33.72
33.6
33.72
41.04
43.56
43.56
43.68
43.56
43.56
43.56
43.56
43.56
43.56
51.84
54.6
54.6
54.6
54.6
54.6
54.6
54.6
54.6
54.6
55.92
56.28
56.4
56.4
56.4
56.28
56.4
56.4
56.4
56.28
53.04
52.08
52.08
52.08
52.08
52.08
52.08
52.08
52.08
52.08
35.76
30.6
30.72
30.6
30.72
30.6
30.72
30.72
30.6
30.72
35.28
36.96
36.96
36.96
36.96
36.96
36.96
36.96
36.96
36.96
51.48
56.76
56.76
56.76
56.64
56.76
56.76
56.76
56.64
56.76
46.32
42.6
42.72
42.72
42.72
42.6
42.72
42.72
42.72
42.6
40.32
39.6
39.48
39.48
39.6
39.48
39.48
39.6
39.48
39.6
29.76
26.52
26.4
26.4
26.4
26.52
26.4
26.4
26.52
26.4
39.84
44.88
44.88
44.88
44.88
44.88
44.88
44.88
44.88
44.88
43.68
43.32
43.2
43.32
43.32
43.32
43.2
43.32
43.32
43.32
38.52
36.72
36.72
36.72
36.72
36.72
36.72
36.72
36.72
36.72
34.8
34.08
34.08
34.08
34.08
34.08
34.08
34.08
34.08
34.2
30.96
29.76
29.64
29.76
29.76
29.64
29.76
29.76
29.64
29.76
37.44
40.92
40.92
40.8
40.92
40.92
40.92
40.92
40.8
40.92
34.08
31.08
31.2
31.08
31.08
31.08
31.08
31.08
31.2
31.08
25.56
23.4
24.24
24.24
24.24
24.12
24.24
24.24
24.24
24.12
24.24
24.84
25.8
25.8
25.68
25.8
25.8
25.8
25.68
25.8
25.8
24.12
20.52
17.28
25.08
24.96
24.96
24.96
24.96
24.96
24.96
24.96
24.96
25.2
26.64
26.64
26.64
26.52
26.64
26.64
26.64
26.64
26.64
24.84
11.64
22.56
10.8
23.64
35.04
35.04
34.92
35.04
35.04
34.92
35.04
35.04
34.92
34.92
34.68
34.8
34.8
34.8
34.8
34.8
34.8
34.8
34.68
35.4
36.0
36.0
36.0
36.0
35.88
36.0
36.0
36.0
36.0
39.0
41.4
41.4
41.52
41.4
41.4
41.4
41.4
41.4
41.4
37.44
34.44
34.44
34.32
34.44
34.44
34.44
34.32
34.44
34.44
39.36
43.56
43.44
43.56
43.44
43.56
43.44
43.44
43.56
43.44
44.04
44.52
44.4
44.52
44.4
44.52
44.52
44.4
44.52
44.4
34.92
27.24
27.24
27.24
27.24
27.24
27.24
27.24
27.24
27.36
35.4
42.12
42.24
42.24
42.12
42.24
42.12
42.24
42.12
42.24
50.76
57.96
58.08
57.96
58.08
57.96
58.08
57.96
58.08
57.96
51.48
45.96
46.08
46.08
45.96
46.08
46.08
45.96
46.08
46.08
41.88
38.64
38.76
38.64
38.64
38.76
38.64
38.76
38.64
38.64
36.48
34.44
34.56
34.44
34.56
34.44
34.56
34.44
34.56
34.56
35.04
35.76
35.76
35.76
35.76
35.76
35.76
35.76
35.76
35.76
42.36
48.36
48.24
48.36
48.36
48.36
48.36
48.24
48.36
48.36
50.64
52.8
52.68
52.8
52.8
52.8
52.8
52.8
52.8
52.8
53.04
53.28
53.28
53.28
53.28
53.16
53.28
53.28
53.28
53.28
44.04
36.0
35.88
36.0
35.88
36.0
36.0
35.88
36.0
35.88
33.6
31.68
31.56
31.56
31.56
31.68
31.56
31.56
31.56
31.68
42.6
53.52
53.4
53.52
53.52
53.52
53.52
53.4
53.52
53.52
54.48
55.44
55.44
55.44
55.44
55.44
55.44
55.44
55.44
55.44
54.72
54.0
54.12
54.0
54.12
54.12
54.0
54.12
54.0
54.12
45.0
37.08
36.96
37.08
36.96
37.08
36.96
37.08
37.08
36.96
34.08
31.44
31.44
31.44
31.44
31.56
31.44
31.44
31.44
31.44
43.56
55.2
55.32
55.2
55.2
55.2
55.2
55.2
55.32
55.2
54.0
53.04
52.92
53.04
52.92
53.04
52.92
53.04
52.92
53.04
55.56
58.08
58.08
58.08
58.2
58.08
58.08
58.08
58.08
58.08
39.24
22.08
23.28
36.0
36.0
36.0
36.0
36.12
36.0
36.0
36.0
36.12
38.52
57.48
57.6
57.48
57.6
57.48
57.6
57.48
57.6
57.48
57.48
58.08
58.08
58.08
58.08
57.96
58.08
58.08
58.08
58.08
55.2
37.8
37.92
37.92
37.8
37.92
37.92
37.8
37.92
37.92
38.04
40.32
40.32
40.32
40.44
40.32
40.32
40.32
40.32
40.32
42.36
57.6
57.48
57.6
57.48
57.6
57.48
57.6
57.6
57.48
57.48
57.96
57.84
57.84
57.84
57.96
57.84
57.84
57.84
57.84
57.72
56.4
56.4
56.4
56.4
56.4
56.4
56.4
56.4
56.4
54.24
40.92
40.8
40.92
40.8
40.92
40.8
40.92
40.8
40.92
39.6
31.92
32.04
31.92
32.04
31.92
32.04
31.92
32.04
31.92
33.72
46.08
45.96
45.96
45.96
45.96
46.08
45.96
45.96
45.96
47.64
58.32
58.44
58.44
58.32
58.44
58.32
58.44
58.44
58.32
58.2
57.0
57.0
57.0
57.12
57.0
57.0
57.0
57.0
57.0
54.24
39.12
39.0
39.12
39.0
39.12
39.0
39.12
39.0
39.12
37.92
31.68
31.56
31.68
31.56
31.68
31.56
31.68
31.56
31.68
33.12
43.8
43.8
43.8
43.8
43.8
43.92
43.8
43.8
43.8
44.88
53.52
53.52
53.64
53.52
53.52
53.52
53.52
53.64
53.52
53.76
55.56
55.68
55.56
55.56
55.68
55.56
55.68
55.56
55.56
54.0
44.64
44.52
44.52
44.52
44.52
44.52
44.52
44.52
44.52
42.96
32.88
32.88
32.76
32.88
32.88
32.88
32.76
32.88
32.88
34.44
46.44
46.56
46.44
46.44
46.56
46.44
46.44
46.56
46.44
47.76
57.0
57.12
57.12
57.12
57.0
57.12
57.12
57.12
57.0
56.64
53.88
53.76
53.88
53.88
53.76
53.88
53.76
53.88
53.76
51.96
39.6
39.48
39.48
39.48
39.6
39.48
39.48
39.48
39.6
38.16
29.88
29.88
29.88
29.76
29.88
29.88
29.88
29.76
29.88
32.4
53.4
53.52
53.52
53.52
53.4
53.52
53.52
53.4
53.52
53.64
55.68
55.56
55.56
55.56
55.56
55.56
55.68
55.56
55.56
55.56
55.56
55.56
55.56
55.68
55.56
55.56
55.56
55.56
55.56
53.16
37.2
37.32
37.2
37.32
37.2
37.32
37.2
37.32
37.2
36.72
33.96
33.96
33.84
33.96
33.96
33.84
33.96
33.84
33.96
35.16
45.12
45.12
45.12
45.0
45.12
45.12
45.12
45.12
45.12
46.08
53.52
53.4
53.52
53.52
53.52
53.52
53.52
53.52
53.52
53.64
54.48
54.36
54.48
54.48
54.36
54.48
54.48
54.36
54.48
53.04
43.8
43.8
43.92
43.8
43.8
43.8
43.8
43.8
43.92
42.24
31.92
31.92
31.8
31.92
31.92
31.92
31.8
31.92
31.92
33.12
44.52
44.4
44.4
44.52
44.4
44.4
44.52
44.4
44.52
44.88
49.56
49.56
49.68
49.56
49.56
49.68
49.56
49.56
49.56
50.16
55.32
55.32
55.44
55.32
55.44
55.32
55.32
55.44
55.32
53.76
40.8
40.68
40.8
40.8
40.8
40.68
40.8
40.8
40.8
39.6
29.4
29.52
29.4
29.4
29.52
29.4
29.4
29.52
29.4
31.8
53.16
53.28
53.28
53.16
53.28
53.28
53.16
53.28
53.28
52.92
51.48
51.36
51.48
51.48
51.36
51.48
51.36
51.48
51.36
51.72
55.08
54.96
54.96
54.96
55.08
54.96
54.96
54.96
55.08
53.52
42.0
41.88
41.88
42.0
41.88
41.88
42.0
41.88
41.88
40.68
29.52
29.64
29.52
29.52
29.64
29.52
29.52
29.64
29.52
31.56
52.68
52.68
52.56
52.68
52.68
52.68
52.68
52.68
52.56
52.8
54.48
54.36
54.48
54.36
54.36
54.48
54.36
54.48
54.36
54.6
56.16
56.28
56.16
56.28
56.16
56.28
56.16
56.28
56.16
55.44
48.0
48.12
48.12
48.0
48.12
48.12
48.12
48.0
48.12
47.04
37.2
37.32
37.2
37.2
37.32
37.2
37.32
37.2
37.32
36.96
35.04
35.04
35.04
35.16
35.04
35.04
35.04
35.04
35.04
36.6
55.32
55.2
55.32
55.2
55.2
55.32
55.2
55.2
55.32
53.64
38.28
38.28
38.16
38.28
38.28
38.28
38.28
38.16
38.28
37.8
34.44
34.44
34.44
34.44
34.44
34.44
34.44
34.44
34.44
34.56
37.08
37.08
37.08
37.08
37.08
37.2
37.08
37.08
37.08
37.08
39.12
39.24
39.12
39.12
39.12
39.24
39.12
39.12
39.24
39.24
43.08
43.08
43.2
43.08
43.08
43.08
43.08
43.08
43.08
43.08
44.76
44.76
44.76
44.76
44.76
44.76
44.76
44.76
44.76
44.52
40.92
40.8
40.92
40.8
40.92
40.8
40.92
40.8
40.92
40.44
31.68
31.68
31.56
31.68
31.68
31.68
31.68
31.56
31.68
32.28
49.08
48.96
49.08
49.08
49.08
49.08
48.96
49.08
49.08
49.08
53.76
53.64
53.76
53.64
53.76
53.76
53.64
53.76
53.64
52.68
29.4
29.28
29.4
29.28
29.4
29.28
29.4
29.28
29.28
29.76
40.56
40.56
40.56
40.44
40.56
40.56
40.56
40.56
40.56
40.08
29.76
29.88
29.76
29.76
29.88
29.76
29.76
29.88
29.76
30.12
49.92
50.04
50.04
49.92
50.04
49.92
50.04
49.92
50.04
49.92
52.68
52.68
52.8
52.68
52.68
52.68
52.68
52.68
52.68
52.68
56.16
56.16
56.28
56.16
56.16
56.28
56.16
56.16
56.28
56.04
54.36
54.24
54.24
54.36
54.24
54.36
54.24
54.36
54.24
53.4
31.8
31.8
31.8
31.8
31.68
31.8
31.8
31.8
31.8
30.72
6.96
32.4
35.4
35.52
35.4
35.52
35.52
35.4
35.52
35.52
35.4
50.64
52.68
52.68
52.8
52.68
52.68
52.68
52.8
52.68
52.68
53.64
53.88
53.88
53.76
53.88
53.88
53.76
53.88
53.76
53.88
38.04
36.0
36.0
36.0
36.0
35.88
36.0
36.0
36.0
36.0
31.32
30.72
30.6
30.72
30.72
30.6
30.72
30.72
30.6
30.72
23.16
7.32
20.4
34.68
34.68
34.56
34.68
34.68
34.68
34.68
34.56
34.68
29.88
26.28
26.16
26.28
26.16
26.28
26.28
26.16
26.28
26.28
23.52
23.52
27.0
27.0
27.12
27.0
27.0
27.0
27.0
27.0
27.0
31.92
39.84
39.84
39.96
39.84
39.84
39.84
39.96
39.84
39.84
37.32
33.36
33.36
33.36
33.36
33.36
33.36
33.36
33.36
33.36
33.48
34.32
34.2
34.2
34.32
34.2
34.2
34.32
34.2
34.2
40.56
52.2
52.2
52.32
52.2
52.2
52.2
52.32
52.2
52.2
49.08
43.56
43.56
43.44
43.56
43.56
43.56
43.44
43.56
43.56
38.52
29.4
29.4
29.4
29.4
29.52
29.4
29.4
29.4
29.4
35.52
47.28
47.28
47.28
47.16
47.28
47.28
47.28
47.16
47.28
41.28
30.48
30.48
30.36
30.48
30.48
30.36
30.48
30.48
30.36
33.0
37.8
37.92
37.8
37.92
37.8
37.92
37.8
37.8
37.92
43.8
55.44
55.44
55.56
55.44
55.44
55.44
55.56
55.44
55.44
54.96
54.12
54.0
54.12
54.0
54.12
54.12
54.0
54.12
54.0
53.4
52.2
52.32
52.2
52.2
52.32
52.2
52.2
52.2
52.32
42.96
27.24
27.24
27.24
27.24
27.36
27.24
27.24
27.24
27.24
31.56
39.24
39.24
39.24
39.24
39.24
39.24
39.12
39.24
39.24
46.68
60.24
60.24
60.24
60.24
60.24
60.24
60.24
60.24
60.36
60.12
60.24
60.12
60.24
60.24
60.12
60.24
60.12
60.24
60.24
56.16
49.92
49.8
49.92
49.8
49.92
49.8
49.92
49.8
49.92
43.32
33.0
33.0
32.88
33.0
33.0
33.0
33.0
33.0
32.88
30.84
26.88
27.0
27.0
27.0
26.88
27.0
27.0
27.0
26.88
37.2
54.72
54.6
54.72
54.72
54.6
54.72
54.72
54.6
54.72
54.96
55.56
55.56
55.56
55.56
55.56
55.44
55.56
55.56
55.56
57.72
61.32
61.44
61.32
61.44
61.32
61.44
61.32
61.32
61.44
