6.36
6.24
6.36
6.24
6.24
6.36
7.32
19.44
19.56
19.56
19.56
19.56
19.56
18.84
16.56
16.44
16.44
16.44
16.44
16.44
17.76
22.32
22.32
22.32
22.32
22.32
22.32
21.12
18.96
18.84
18.96
18.84
18.96
18.84
18.96
19.2
19.2
19.2
19.2
19.2
19.2
18.0
16.68
16.68
16.68
16.68
16.68
16.68
12.24
8.16
8.04
8.16
8.16
8.16
8.04
19.8
27.6
27.6
27.6
27.6
27.6
27.6
27.6
27.6
27.6
21.36
16.92
17.04
16.92
17.04
16.92
17.04
16.56
16.32
16.44
16.32
16.32
16.44
16.32
9.24
6.72
6.72
6.72
6.72
6.72
6.72
12.84
14.04
14.04
14.04
14.04
14.04
14.04
9.48
8.88
9.0
9.0
8.88
9.0
9.0
7.44
7.44
7.44
7.56
7.44
7.44
7.68
10.68
10.8
10.68
10.8
10.68
10.8
10.44
9.36
9.24
9.36
9.24
9.24
9.36
9.84
12.24
12.12
12.24
12.24
12.12
12.24
12.36
12.96
12.96
13.08
12.96
12.96
12.96
13.56
14.76
14.76
14.64
14.76
14.76
14.76
13.32
12.0
12.0
11.88
12.0
12.0
11.88
11.4
11.04
11.04
10.92
11.04
11.04
11.04
18.72
23.64
23.52
23.64
23.52
23.64
23.52
21.24
18.24
18.24
18.12
18.24
18.24
18.24
18.36
18.72
18.72
18.72
18.72
18.72
18.72
11.16
6.36
6.24
6.24
6.36
6.24
6.24
6.36
6.6
6.48
6.6
6.48
6.6
6.48
15.24
18.0
18.12
18.12
18.0
18.12
18.12
28.08
30.36
30.36
30.36
30.36
30.36
30.36
30.24
30.36
30.36
26.52
25.68
25.56
25.68
25.68
25.68
25.56
25.68
25.68
25.68
26.52
26.88
26.88
26.88
27.0
26.88
26.88
26.88
26.88
26.88
18.6
16.56
16.68
16.68
16.56
16.68
16.56
19.44
19.8
19.8
19.8
19.8
19.8
19.8
25.2
25.56
25.44
25.56
25.56
25.56
25.56
25.56
25.56
25.44
26.52
26.64
26.64
26.64
26.64
26.64
26.64
26.52
26.64
26.64
28.08
28.08
28.08
28.08
28.08
28.2
28.08
28.08
28.08
28.08
32.4
32.52
32.64
32.64
32.52
32.64
32.64
32.52
32.64
32.52
23.64
23.04
23.16
23.04
23.04
23.04
22.92
16.8
16.68
16.8
16.8
16.8
16.8
16.32
13.32
13.2
13.32
13.2
13.2
13.32
13.56
16.32
16.32
16.2
16.32
16.2
16.32
14.88
10.92
10.8
10.8
10.92
10.8
10.92
11.88
14.4
14.4
14.28
14.4
14.4
14.4
14.52
15.0
15.0
15.0
15.0
15.0
15.0
20.88
27.72
27.72
27.72
27.72
27.72
27.72
27.72
27.72
27.84
31.44
36.24
36.24
36.12
36.24
36.24
36.12
36.24
36.24
36.12
34.92
33.6
33.6
33.6
33.6
33.6
33.6
33.6
33.6
33.6
34.56
35.76
35.88
35.76
35.88
35.76
35.88
35.76
35.88
35.76
28.92
20.76
20.64
20.76
20.64
20.76
20.76
19.08
17.76
17.88
17.76
17.76
17.76
17.88
15.48
14.16
14.04
14.16
14.16
14.16
14.16
16.44
18.0
17.88
17.88
17.88
18.0
17.88
27.24
30.48
30.48
30.48
30.48
30.48
30.48
30.48
30.48
30.48
27.0
25.68
25.8
25.8
25.68
25.8
25.8
25.8
25.68
25.8
34.32
37.44
37.44
37.44
37.44
37.44
37.44
37.44
37.32
37.44
25.8
21.72
21.72
21.72
21.72
21.72
21.72
20.64
20.52
20.52
20.52
20.52
20.52
20.52
26.04
27.12
27.0
27.12
27.0
27.12
27.0
27.12
27.0
27.12
28.8
29.4
29.28
29.4
29.28
29.28
29.4
29.28
29.4
29.28
31.68
32.04
32.16
32.04
32.04
32.16
32.04
32.16
32.04
32.04
38.88
40.2
40.2
40.2
40.32
40.2
40.2
40.2
40.2
40.2
44.16
44.88
44.88
44.88
44.88
44.88
44.88
44.88
45.0
44.88
35.4
33.96
33.84
33.84
33.96
33.84
33.84
33.96
33.84
33.84
37.92
38.64
38.64
38.64
38.64
38.64
38.76
38.64
38.64
38.64
29.04
27.36
27.48
27.36
27.36
27.48
27.36
27.48
27.36
27.48
23.16
22.44
22.44
22.56
22.44
22.44
22.56
34.32
36.0
36.0
35.88
36.0
35.88
36.0
36.0
35.88
36.0
42.0
42.72
42.72
42.72
42.72
42.72
42.84
42.72
42.72
42.72
35.16
34.44
34.32
34.44
34.32
34.44
34.32
34.32
34.44
34.32
38.16
38.64
38.64
38.64
38.52
38.64
38.64
38.64
38.64
38.52
22.2
20.28
20.28
20.28
20.28
20.28
20.28
11.28
11.28
11.28
11.28
11.28
11.16
13.44
47.28
47.28
47.28
47.28
47.28
47.28
47.28
47.28
47.28
46.92
42.48
42.36
42.48
42.36
42.48
42.48
42.36
42.48
42.36
41.76
33.36
33.36
33.24
33.36
33.36
33.36
33.36
33.36
33.36
31.8
13.32
13.32
13.32
13.32
13.32
13.32
17.04
37.56
37.68
37.68
37.56
37.68
37.68
37.56
37.68
37.68
38.04
41.16
41.16
41.16
41.28
41.16
41.16
41.16
41.16
41.28
39.6
31.56
31.56
31.68
31.56
31.56
31.68
31.56
31.56
31.68
31.68
32.64
32.76
32.64
32.64
32.76
32.64
32.64
32.76
32.64
33.72
39.48
39.48
39.36
39.48
39.48
39.48
39.36
39.48
39.48
37.92
30.96
30.84
30.84
30.96
30.84
30.84
30.96
30.84
30.84
33.48
46.2
46.08
46.2
46.2
46.2
46.08
46.2
46.2
46.2
46.68
49.92
49.8
49.8
49.92
49.8
49.8
49.8
49.92
49.8
48.6
43.92
43.8
43.92
43.8
43.92
43.92
43.8
43.92
43.8
43.8
43.68
43.68
43.68
43.68
43.8
43.68
43.68
43.68
43.68
42.84
39.6
39.6
39.6
39.6
39.6
39.6
39.6
39.72
39.6
41.88
50.64
50.76
50.64
50.64
50.76
50.64
50.64
50.76
50.64
45.6
28.2
28.32
28.2
28.2
28.2
28.2
28.2
28.2
28.32
32.88
51.36
51.24
51.36
51.24
51.36
51.24
51.36
51.24
51.36
51.36
52.2
52.08
52.2
52.08
52.2
52.08
52.2
52.08
52.2
46.2
26.64
26.76
26.76
26.64
26.76
26.76
26.76
26.64
26.76
29.4
38.76
38.76
38.88
38.76
38.76
38.76
38.88
38.76
38.76
35.76
25.32
25.44
25.32
25.32
25.32
25.44
25.32
25.32
25.32
28.8
42.12
42.12
42.12
42.12
42.12
42.12
42.12
42.12
42.12
45.24
56.52
56.52
56.64
56.52
56.64
56.52
56.64
56.52
56.64
50.76
30.96
30.84
30.96
30.84
30.96
30.84
30.96
30.84
30.96
27.96
17.64
17.52
17.64
17.52
17.64
17.52
25.2
45.12
45.12
45.12
45.12
45.12
45.24
45.12
45.12
45.12
40.08
27.72
27.72
27.72
27.72
27.72
27.84
27.72
27.72
27.72
30.48
37.56
37.56
37.56
37.56
37.56
37.56
37.68
37.56
37.56
36.96
35.76
35.64
35.76
35.76
35.76
35.76
35.64
35.76
35.76
38.28
45.24
45.36
45.24
45.24
45.24
45.24
45.36
45.24
45.24
40.56
29.4
29.4
29.4
29.28
29.4
29.4
29.28
29.4
29.4
31.2
35.88
35.76
35.88
35.76
35.88
35.76
35.88
35.76
35.88
32.28
23.76
23.88
23.76
23.88
23.76
23.76
23.88
43.56
50.4
50.28
50.4
50.28
50.4
50.4
50.28
50.4
50.28
39.12
35.64
35.64
35.64
35.52
35.64
35.64
35.64
35.64
35.64
35.04
34.92
34.92
35.04
34.92
34.92
34.92
34.92
35.04
34.92
32.76
32.04
32.04
32.04
32.04
32.04
32.04
32.04
32.16
32.04
32.16
32.28
32.28
32.28
32.28
32.28
32.28
32.28
32.28
32.28
26.64
24.84
24.84
24.96
24.84
24.84
24.84
24.84
24.96
24.84
22.2
21.36
21.36
21.36
21.36
21.36
21.24
30.12
32.28
32.28
32.28
32.28
32.28
32.28
32.16
32.28
32.28
31.08
30.96
30.84
30.96
30.84
30.96
30.84
30.96
30.84
30.84
30.96
30.84
30.96
30.84
30.96
30.96
30.84
30.96
30.96
30.84
35.88
37.08
37.2
37.08
37.2
37.08
37.2
37.08
37.2
37.08
37.2
37.44
37.32
37.32
37.32
37.32
37.44
37.32
37.32
37.32
13.32
7.2
7.2
7.2
7.32
7.2
7.2
21.84
24.0
23.88
24.0
24.0
23.88
24.0
27.12
46.44
46.32
46.32
46.32
46.44
46.32
46.32
46.32
46.44
47.28
52.56
52.56
52.68
52.56
52.56
52.68
52.56
52.56
52.68
50.16
38.04
38.04
37.92
38.04
38.04
38.04
37.92
38.04
38.04
38.88
43.56
43.44
43.56
43.56
43.44
43.56
43.56
43.44
43.56
39.24
19.32
19.32
19.44
19.32
19.32
19.44
16.44
8.28
8.28
8.4
8.28
8.28
8.4
14.64
27.48
27.48
27.36
27.48
27.48
27.48
27.36
27.48
27.48
30.72
37.44
37.44
37.44
37.56
37.44
37.44
37.44
37.56
37.44
33.84
26.76
26.76
26.64
26.76
26.76
26.76
26.64
26.76
26.76
26.4
26.16
26.16
26.16
26.16
26.16
26.16
26.16
26.04
26.16
25.32
23.4
23.4
23.4
23.4
23.4
23.4
30.72
44.28
44.16
44.28
44.28
44.16
44.28
44.28
44.16
44.28
48.72
56.88
56.76
56.88
56.76
56.88
56.76
56.88
56.88
56.76
51.12
41.52
41.64
41.52
41.64
41.52
41.64
41.52
41.64
41.52
41.04
40.32
40.2
40.2
40.2
40.2
40.2
40.2
40.2
40.2
32.28
19.2
19.32
19.32
19.2
19.32
19.32
23.28
28.56
28.56
28.44
28.56
28.44
28.56
28.44
28.56
28.56
41.64
58.56
58.56
58.68
58.56
58.56
58.56
58.56
58.56
58.56
54.48
49.32
49.44
49.32
49.32
49.32
49.32
49.32
49.32
49.32
46.92
44.16
44.16
44.16
44.28
44.16
44.16
44.16
44.16
44.16
43.32
42.48
42.6
42.48
42.48
42.48
42.48
42.48
42.48
42.48
40.44
38.28
38.16
38.28
38.16
38.28
38.16
38.28
38.16
38.28
43.56
49.56
49.44
49.56
49.44
49.44
49.56
49.44
49.56
49.44
44.04
38.64
38.76
38.64
38.64
38.64
38.64
38.64
38.64
38.76
31.92
25.44
25.44
25.44
25.44
25.32
25.44
25.44
25.44
25.32
25.92
26.64
26.64
26.64
26.52
26.64
26.64
26.64
26.64
26.64
37.32
48.48
48.6
48.48
48.6
48.48
48.6
48.6
48.48
48.6
38.04
27.84
27.84
27.84
27.84
27.84
27.84
27.84
27.84
27.84
40.56
53.28
53.4
53.28
53.4
53.28
53.4
53.28
53.4
53.28
54.48
55.92
55.8
55.92
55.8
55.8
55.92
55.8
55.92
55.8
47.28
39.0
39.0
39.12
39.0
39.12
39.0
39.12
39.0
39.12
40.2
41.64
41.64
41.64
41.64
41.52
41.64
41.64
41.64
41.64
37.44
33.36
33.48
33.36
33.48
33.36
33.48
33.36
33.48
33.36
38.52
43.92
43.92
43.8
43.92
43.8
43.92
43.92
43.8
43.92
39.24
34.68
34.68
34.68
34.68
34.68
34.68
34.68
34.68
34.68
33.0
31.44
31.44
31.56
31.44
31.44
31.56
31.44
31.44
31.56
31.56
31.92
31.8
31.92
31.8
31.92
31.8
31.92
31.8
31.92
41.4
51.12
51.12
51.0
51.12
51.12
51.12
51.0
51.12
51.12
34.68
19.32
19.32
19.32
19.2
19.32
19.32
14.16
10.8
10.68
10.8
10.68
10.8
10.68
13.92
15.36
15.48
15.48
15.48
15.48
15.48
38.52
46.68
46.68
46.68
46.68
46.8
46.68
46.68
46.68
46.8
50.64
52.2
52.2
52.08
52.2
52.08
52.2
52.08
52.2
52.08
43.56
40.56
40.68
40.68
40.56
40.68
40.68
40.56
40.68
40.68
41.4
41.64
41.76
41.76
41.64
41.76
41.64
41.76
41.76
41.64
35.88
34.08
34.08
33.96
34.08
34.08
33.96
34.08
34.08
34.08
49.44
54.24
54.36
54.36
54.36
54.24
54.36
54.36
54.36
54.24
55.92
56.4
56.52
56.4
56.52
56.4
56.52
56.4
56.52
56.4
36.72
30.96
30.96
30.84
30.96
30.96
30.96
30.96
30.84
30.96
20.16
16.92
16.8
16.92
16.8
16.92
16.8
18.72
19.2
19.08
19.2
19.08
19.2
19.2
31.08
32.76
32.76
32.76
32.64
32.76
32.76
32.76
32.76
32.64
49.56
51.84
51.84
51.84
51.84
51.84
51.96
51.84
51.84
51.84
20.76
16.56
16.68
16.56
16.56
16.56
16.68
17.04
17.16
17.16
17.28
17.16
17.16
17.28
22.08
22.08
22.08
21.96
22.08
22.08
22.8
30.96
31.08
31.08
30.96
31.08
30.96
31.08
31.08
30.96
31.8
41.28
41.28
41.16
41.28
41.28
41.28
41.28
41.16
41.28
40.92
37.68
37.68
37.68
37.68
37.8
37.68
37.68
37.68
37.68
37.08
31.44
31.32
31.32
31.32
31.44
31.32
31.32
31.32
31.32
31.44
31.92
32.04
32.04
31.92
32.04
32.04
31.92
32.04
32.04
31.68
28.8
28.8
28.8
28.8
28.8
28.8
28.8
28.8
28.8
29.28
34.44
34.56
34.44
34.56
34.44
34.56
34.56
34.44
34.56
33.36
21.0
21.0
21.12
21.0
21.0
21.12
21.24
23.64
23.52
23.64
23.52
23.64
23.64
23.28
21.96
21.96
21.84
21.96
21.96
21.96
21.48
19.44
19.56
19.44
19.56
19.44
19.56
19.56
20.4
20.28
20.4
20.28
20.4
20.28
22.8
29.28
29.16
29.16
29.28
29.16
29.28
29.16
29.28
29.16
29.52
30.36
30.36
30.36
30.36
30.36
30.36
30.36
30.36
30.36
35.04
47.64
47.52
47.52
47.64
47.52
47.52
47.52
47.64
47.52
46.56
44.52
44.52
44.52
44.4
44.52
44.52
44.52
44.52
44.4
41.64
35.04
34.92
35.04
34.92
35.04
35.04
34.92
35.04
35.04
39.0
48.6
48.6
48.6
48.6
48.6
48.72
48.6
48.6
48.6
50.16
54.0
54.0
53.88
54.0
54.0
54.0
54.0
54.0
54.0
44.28
24.36
24.36
24.36
24.36
24.36
24.36
24.36
24.36
24.36
23.28
21.24
21.24
21.24
21.36
21.24
21.24
18.84
15.12
15.24
15.24
15.12
15.24
15.24
27.48
42.0
42.0
42.12
42.0
42.0
42.12
42.0
42.0
42.12
43.68
45.6
45.72
45.6
45.72
45.6
45.72
45.6
45.72
45.6
46.2
46.92
46.8
46.92
46.8
46.92
46.8
46.92
46.92
46.8
42.48
37.92
37.8
37.92
37.92
37.8
37.92
37.92
37.8
37.92
42.84
48.24
48.24
48.24
48.24
48.36
48.24
48.24
48.24
48.24
45.12
41.88
42.0
42.0
41.88
42.0
42.0
41.88
42.0
41.88
40.08
37.92
38.04
38.04
37.92
38.04
37.92
38.04
38.04
37.92
36.0
34.08
34.08
34.08
34.08
34.08
34.08
34.08
34.08
34.08
45.0
56.28
56.4
56.4
56.28
56.4
56.4
56.28
56.4
56.4
46.08
35.64
35.52
35.64
35.52
35.64
35.64
35.52
35.64
35.64
36.72
37.92
37.92
38.04
37.92
38.04
37.92
38.04
37.92
37.92
40.44
42.96
42.96
42.96
42.96
42.96
42.96
42.96
42.96
42.96
42.84
42.84
42.84
42.84
42.84
42.84
42.96
42.84
42.84
42.84
35.04
27.72
27.72
27.72
27.72
27.72
27.72
27.72
27.72
27.72
19.92
12.48
12.36
12.36
12.36
12.48
12.36
29.52
41.52
41.52
41.52
41.52
41.52
41.52
41.52
41.52
41.52
49.56
55.32
55.32
55.32
55.32
55.32
55.32
55.2
55.32
55.32
49.44
45.6
45.6
45.6
45.72
45.6
45.6
45.72
45.6
45.6
47.28
48.6
48.48
48.48
48.6
48.48
48.6
48.48
48.48
48.6
42.96
39.24
39.24
39.24
39.24
39.24
39.24
39.24
39.24
39.24
51.36
59.76
59.76
59.64
59.76
59.76
59.64
59.76
59.76
59.76
51.84
46.56
46.68
46.68
46.68
46.56
46.68
46.68
46.56
46.68
49.92
52.08
52.08
51.96
52.08
52.08
52.08
52.08
51.96
52.08
46.32
42.72
42.72
42.84
42.72
42.84
42.72
42.84
42.72
42.84
42.12
41.88
41.88
41.88
41.88
41.88
41.88
41.88
41.88
41.88
43.44
44.28
44.28
44.28
44.4
44.28
44.28
44.28
44.28
44.28
51.12
54.6
54.72
54.6
54.6
54.72
54.6
54.72
54.6
54.72
48.36
45.0
45.0
45.12
45.0
45.12
45.0
45.12
45.0
45.12
49.44
51.96
52.08
51.96
51.96
52.08
51.96
51.96
52.08
51.96
36.84
29.16
29.28
29.16
29.16
29.16
29.28
29.16
29.16
29.28
45.96
54.96
54.96
55.08
54.96
55.08
54.96
55.08
54.96
55.08
53.16
52.32
52.32
52.32
52.32
52.32
52.32
52.44
52.32
52.32
42.84
38.28
38.16
38.16
38.16
38.16
38.16
38.16
38.16
38.16
37.56
37.44
37.56
37.44
37.44
37.44
37.44
37.44
37.44
37.44
31.08
28.08
27.96
27.96
27.96
27.96
28.08
27.96
27.96
27.96
41.04
47.76
47.76
47.76
47.76
47.76
47.76
47.76
47.76
47.76
40.92
37.8
37.8
37.8
37.8
37.8
37.8
37.8
37.8
37.8
37.08
36.72
36.84
36.72
36.84
36.72
36.84
36.72
36.84
36.72
36.12
35.76
35.88
35.88
35.76
35.88
35.88
35.76
35.88
35.88
31.68
29.76
29.88
29.76
29.88
29.88
29.76
29.88
29.76
29.88
26.28
24.72
24.6
24.72
24.6
24.72
24.6
24.72
24.6
24.72
23.76
23.28
23.4
23.28
23.28
23.4
23.28
19.44
18.0
18.0
18.0
18.0
18.0
18.0
35.04
39.96
39.96
39.96
39.96
39.96
39.96
39.96
39.96
39.96
41.4
42.0
41.88
42.0
42.0
41.88
42.0
41.88
42.0
42.0
45.24
46.32
46.32
46.2
46.32
46.32
46.32
46.2
46.32
46.32
41.88
40.92
40.92
41.04
40.92
40.92
40.92
40.92
40.92
40.92
42.96
43.56
43.44
43.56
43.56
43.44
43.56
43.44
43.56
43.56
34.92
33.0
33.12
33.12
33.12
33.12
33.0
33.12
33.12
33.12
49.8
53.88
53.76
53.88
53.88
53.76
53.88
53.88
53.76
53.88
50.4
49.56
49.68
49.68
49.56
49.68
49.68
49.56
49.68
49.68
36.48
33.72
33.72
33.72
33.72
33.72
33.72
33.72
33.72
33.72
39.96
41.64
41.64
41.64
41.64
41.52
41.64
41.64
41.64
41.64
50.64
52.92
53.04
52.92
52.92
52.92
53.04
52.92
52.92
53.04
38.28
35.04
35.16
35.16
35.16
35.16
35.16
35.16
35.04
35.16
46.08
48.36
48.48
48.48
48.36
48.48
48.48
48.48
48.36
48.48
53.28
54.36
54.36
54.36
54.24
54.36
54.36
54.24
54.36
54.36
45.48
43.92
43.92
43.92
44.04
43.92
43.92
43.92
43.92
43.92
50.52
51.84
51.84
51.84
51.84
51.84
51.84
51.84
51.84
51.84
44.28
42.96
42.84
42.96
42.96
42.96
42.96
42.96
42.96
42.84
37.68
36.72
36.72
36.84
36.72
36.72
36.84
36.72
36.72
36.72
46.92
48.72
48.72
48.72
48.72
48.72
48.72
48.72
48.72
48.72
53.88
54.72
54.84
54.72
54.72
54.72
54.84
54.72
54.72
54.84
49.2
48.36
48.48
48.36
48.48
48.48
48.36
48.48
48.36
48.48
50.4
50.76
50.76
50.76
50.88
50.76
50.76
50.88
50.76
50.76
42.48
41.28
41.4
41.28
41.4
41.28
41.28
41.4
41.28
41.4
35.88
35.16
35.16
35.28
35.16
35.28
35.16
35.28
35.16
35.16
49.68
51.48
51.36
51.48
51.48
51.48
51.36
51.48
51.48
51.36
53.64
53.88
54.0
53.88
53.88
54.0
53.88
53.88
54.0
53.88
45.12
44.28
44.28
44.4
44.28
44.28
44.4
44.28
44.28
44.28
48.6
48.96
48.84
48.96
48.96
48.96
48.96
48.84
48.96
48.96
52.32
52.56
52.68
52.56
52.56
52.56
52.68
52.56
52.56
52.68
40.68
39.84
39.84
39.96
39.84
39.84
39.84
39.96
39.84
39.84
43.8
43.92
44.04
44.04
43.92
44.04
44.04
44.04
43.92
44.04
55.2
56.04
55.92
56.04
55.92
56.04
55.92
56.04
55.92
56.04
42.24
41.52
41.52
41.64
41.52
41.52
41.64
41.52
41.64
41.52
52.32
52.8
52.8
52.8
52.8
52.8
52.8
52.8
52.8
52.8
39.12
38.76
38.76
38.76
38.76
38.76
38.76
38.76
38.76
38.76
33.12
33.0
33.12
33.0
33.0
33.12
33.0
33.12
33.0
33.12
33.84
33.96
34.08
33.96
33.96
33.96
34.08
33.96
33.96
33.96
36.24
36.36
36.36
36.36
36.36
36.36
36.24
36.36
36.36
36.36
30.84
30.72
30.72
30.72
30.72
30.72
30.72
30.72
30.6
30.72
28.2
28.08
28.08
28.08
28.08
28.08
28.08
28.08
27.96
28.08
41.76
42.24
42.24
42.24
42.36
42.24
42.24
42.24
42.36
42.24
36.48
36.24
36.24
36.24
36.24
36.24
36.24
36.24
36.24
36.24
31.92
31.8
31.68
31.8
31.68
31.8
31.68
31.8
31.8
31.68
36.24
36.48
36.36
36.48
36.48
36.48
36.36
36.48
36.48
36.36
36.0
36.12
36.12
36.12
36.12
36.0
36.12
36.12
36.12
36.12
39.12
39.24
39.24
39.36
39.24
39.24
39.24
39.36
39.24
39.24
40.8
40.92
40.8
40.92
40.8
40.92
40.92
40.8
40.92
40.8
41.04
40.92
41.04
41.04
40.92
41.04
40.92
41.04
41.04
40.92
52.44
52.68
52.56
52.56
52.68
52.56
52.56
52.56
52.68
52.56
32.76
32.88
32.88
32.88
32.88
32.76
32.88
32.88
32.88
32.88
34.8
34.92
34.8
34.92
34.8
34.92
34.8
34.92
34.92
34.8
24.0
24.0
24.12
24.0
24.12
24.0
24.0
24.12
24.0
24.12
23.4
23.52
23.52
23.52
23.52
23.52
23.52
23.28
23.28
23.4
23.4
23.4
23.4
23.28
49.32
54.72
54.72
54.72
54.72
54.72
54.72
54.72
54.72
54.72
34.2
30.48
30.36
30.36
30.36
30.48
30.36
30.36
30.48
30.36
26.64
25.8
25.92
25.92
25.8
25.92
25.92
25.8
25.92
25.92
26.16
26.52
26.52
26.4
26.52
26.4
26.52
26.4
26.52
26.52
19.2
17.52
17.52
17.52
17.52
17.52
17.52
31.32
33.24
33.12
33.12
33.24
33.12
33.12
33.24
33.12
33.12
24.0
22.92
22.92
22.92
22.8
22.92
22.92
33.96
34.8
34.68
34.8
34.68
34.8
34.68
34.8
34.68
34.8
31.2
31.08
31.08
31.08
31.08
31.08
31.08
31.08
31.08
31.08
17.04
16.08
16.2
16.2
16.08
16.2
16.56
44.04
44.04
44.16
44.04
44.04
44.04
44.16
44.04
44.04
43.68
28.2
28.08
28.2
28.08
28.08
28.2
28.08
28.2
28.08
28.08
24.36
24.48
24.48
24.48
24.48
24.48
24.36
24.48
24.48
24.48
30.24
30.36
30.36
30.36
30.24
30.36
30.36
30.36
30.24
30.36
38.88
39.0
39.12
39.0
39.0
39.0
39.0
39.0
39.0
39.0
31.68
31.68
31.68
31.8
31.68
31.68
31.68
31.68
31.8
31.68
33.96
34.2
34.08
34.2
34.08
34.08
34.2
34.08
34.2
34.08
32.52
32.52
32.52
32.52
32.52
32.64
32.52
32.52
32.52
32.52
29.64
29.64
29.64
29.64
29.64
29.64
29.64
29.64
29.64
29.76
36.72
37.2
37.08
37.08
37.08
37.2
37.08
37.08
37.08
37.2
28.08
27.96
27.84
27.96
27.96
27.84
27.96
27.96
27.84
27.96
57.96
59.4
59.28
59.4
59.28
59.4
59.28
59.4
59.28
59.4
42.48
41.76
41.76
41.76
41.76
41.88
41.76
41.76
41.76
41.76
30.0
29.64
29.64
29.64
29.52
29.64
29.64
29.64
29.64
29.64
24.96
24.84
24.84
24.96
24.84
24.84
24.84
24.84
24.84
24.84
18.0
17.64
17.76
17.76
17.64
17.76
17.64
18.96
18.96
18.96
18.96
18.96
18.96
21.24
42.84
42.84
42.84
42.84
42.84
42.84
42.84
42.84
42.84
40.56
19.44
19.44
19.56
19.44
19.44
19.44
19.68
21.0
21.0
20.88
21.0
21.0
21.0
21.84
25.32
25.32
25.32
25.32
25.32
25.32
25.32
25.32
25.32
23.52
17.76
17.76
17.76
17.88
17.76
17.76
17.64
18.0
18.0
18.0
17.88
18.0
18.0
23.88
33.96
34.08
34.08
34.08
34.08
34.08
34.08
34.08
34.08
33.72
33.12
33.12
33.12
33.12
33.12
33.12
33.12
33.12
33.12
27.24
17.28
17.28
17.28
17.28
17.28
17.28
16.56
15.96
15.84
15.96
15.84
15.84
15.96
24.12
32.52
32.52
32.52
32.64
32.52
32.52
32.52
32.52
32.52
36.48
40.32
40.32
40.44
40.32
40.44
40.32
40.32
40.44
40.32
40.32
40.56
40.44
40.56
40.44
40.56
40.44
40.56
40.44
40.56
34.44
28.68
28.8
28.68
28.68
28.8
28.68
28.68
28.68
28.8
31.56
34.8
34.8
34.8
34.68
34.8
34.8
34.68
34.8
34.8
36.84
39.24
39.12
39.24
39.12
39.12
39.24
39.12
39.24
39.12
41.28
43.68
43.68
43.8
43.68
43.68
43.68
43.68
43.8
43.68
45.6
47.52
47.52
47.52
47.64
47.52
47.52
47.52
47.52
47.64
47.28
47.16
47.16
47.16
47.16
47.16
47.16
47.28
47.16
47.16
46.68
46.68
46.56
46.56
46.56
46.56
46.56
46.56
46.68
46.56
37.8
30.12
30.24
30.12
30.24
30.12
30.24
30.12
30.24
30.12
37.44
44.28
44.28
44.16
44.28
44.16
44.28
44.28
44.16
44.28
42.6
41.16
41.04
41.16
41.16
41.16
41.16
41.16
41.04
41.16
35.88
30.96
30.96
31.08
30.96
30.96
31.08
30.96
30.96
30.96
29.4
27.96
27.96
27.96
27.84
27.96
27.96
27.96
27.96
27.84
32.52
37.2
37.08
37.08
37.2
37.08
37.2
37.08
37.08
37.2
35.88
34.8
34.8
34.8
34.8
34.92
34.8
34.8
34.8
34.8
36.48
38.28
38.28
38.28
38.28
38.28
38.28
38.28
38.28
38.28
37.56
36.84
36.96
36.84
36.84
36.84
36.84
36.84
36.96
36.84
37.32
38.16
38.16
38.04
38.16
38.04
38.16
38.04
38.16
38.16
32.64
27.6
27.6
27.72
27.6
27.6
27.6
27.72
27.6
27.6
19.08
10.8
10.8
10.8
10.8
10.8
10.8
4.44
0.12
0.12
0.12
0.12
0.12
0.12
0.12
0.12
0.12
22.44
40.68
40.68
40.68
40.68
40.68
40.68
40.56
40.68
40.68
33.72
28.68
28.8
28.68
28.68
28.68
28.68
28.8
28.68
28.68
34.08
37.92
37.92
37.92
37.8
37.92
37.92
37.92
37.92
37.92
35.64
33.96
33.96
33.96
33.96
34.08
33.96
33.96
33.96
33.96
30.36
27.84
27.96
27.84
27.84
27.84
27.96
27.84
27.84
27.84
32.76
36.36
36.48
36.48
36.48
36.36
36.48
36.48
36.48
36.36
35.04
34.08
34.08
33.96
34.08
34.08
34.08
33.96
34.08
34.08
46.08
55.08
55.2
55.2
55.2
55.2
55.2
55.2
55.08
55.2
53.4
52.32
52.2
52.32
52.2
52.32
52.2
52.32
52.2
52.32
50.88
50.04
50.16
50.04
50.04
50.16
50.04
50.04
50.16
50.04
46.32
43.92
43.8
43.92
43.8
43.92
43.92
43.8
43.92
43.92
41.04
39.24
39.24
39.24
39.24
39.24
39.36
39.24
39.24
39.24
48.84
55.08
55.08
55.08
54.96
55.08
55.08
55.08
54.96
55.08
50.88
48.6
48.48
48.48
48.6
48.48
48.6
48.48
48.6
48.48
51.84
53.76
53.88
53.76
53.76
53.88
53.76
53.88
53.76
53.76
46.32
41.88
41.88
41.88
42.0
41.88
41.88
41.88
42.0
41.88
43.44
44.4
44.4
44.4
44.4
44.4
44.4
44.4
44.4
44.4
55.44
61.2
61.32
61.32
61.32
61.32
61.32
61.32
61.32
61.32
55.2
51.96
51.96
51.96
51.96
51.96
51.84
51.96
51.96
51.96
49.32
48.0
48.0
48.0
48.0
48.0
48.0
48.0
48.0
48.0
45.12
43.8
43.8
43.8
43.8
43.8
43.68
43.8
43.8
43.8
41.52
40.44
40.44
40.44
40.44
40.44
40.44
40.44
40.44
40.44
45.96
48.6
48.48
48.6
48.6
48.6
48.6
48.48
48.6
48.6
52.32
54.0
54.0
54.0
54.12
54.0
54.0
54.0
54.0
54.0
35.64
27.84
27.96
27.84
27.84
27.84
27.96
27.84
27.84
27.84
24.72
23.4
23.4
23.52
23.4
23.4
23.4
27.48
29.88
29.88
29.88
30.0
29.88
29.88
29.88
29.88
29.88
12.84
3.84
3.72
3.84
3.84
3.72
3.84
33.84
44.88
44.88
45.0
44.88
44.88
44.88
45.0
44.88
44.88
54.96
58.68
58.68
58.68
58.68
58.68
58.68
58.68
58.68
58.68
47.64
43.56
43.56
43.56
43.68
43.56
43.56
43.68
43.56
43.56
46.8
48.0
48.0
48.0
47.88
48.0
48.0
48.0
47.88
48.0
37.2
33.84
33.72
33.72
33.72
33.84
33.72
33.72
33.84
33.72
51.84
57.96
57.96
57.96
57.96
57.96
57.96
57.96
57.96
57.96
53.64
52.32
52.32
52.32
52.32
52.2
52.32
52.32
52.32
52.32
51.96
51.96
51.96
52.08
51.96
51.96
52.08
51.96
51.96
52.08
51.6
51.6
51.48
51.6
51.6
51.6
51.6
51.6
51.6
51.6
43.32
41.04
41.04
41.04
41.04
41.04
41.04
41.04
41.04
41.04
44.64
45.48
45.6
45.6
45.48
45.6
45.6
45.6
45.48
45.6
57.96
61.2
61.2
61.2
61.2
61.32
61.2
61.2
61.2
61.32
52.32
49.92
50.04
50.04
49.92
50.04
50.04
50.04
49.92
50.04
50.16
50.4
50.4
50.4
50.4
50.4
50.28
50.4
50.4
50.4
48.72
48.48
48.36
48.48
48.36
48.48
48.36
48.36
48.48
48.36
30.12
25.92
25.92
25.8
25.92
25.92
25.8
25.92
25.92
25.8
52.44
59.04
59.16
59.16
59.04
59.16
59.16
59.04
59.16
59.16
55.68
54.84
54.96
54.84
54.96
54.84
54.96
54.96
54.84
54.96
45.12
42.72
42.84
42.72
42.84
42.72
42.84
42.72
42.84
42.72
48.84
50.28
50.28
50.28
50.4
50.28
50.28
50.28
50.28
50.28
36.36
33.12
33.24
33.24
33.24
33.24
33.24
33.24
33.24
33.24
48.96
52.92
52.8
52.8
52.92
52.8
52.8
52.92
52.8
52.8
57.72
58.92
58.92
58.92
58.92
58.92
58.92
58.92
58.92
58.92
50.16
48.12
48.12
48.24
48.12
48.24
48.12
48.12
48.24
48.12
46.8
46.32
46.44
46.44
46.32
46.44
46.44
46.32
46.44
46.44
36.24
34.44
34.32
34.44
34.32
34.32
34.44
34.32
34.44
34.32
48.6
51.72
51.6
51.6
51.6
51.6
51.6
51.6
51.6
51.6
54.24
54.72
54.72
54.84
54.72
54.72
54.84
54.72
54.72
54.72
51.6
51.12
51.0
51.12
51.12
51.12
51.0
51.12
51.12
51.0
47.28
46.56
46.56
46.68
46.56
46.68
46.56
46.68
46.56
46.56
41.64
40.68
40.8
40.8
40.68
40.8
40.8
40.8
40.68
40.8
48.36
49.68
49.8
49.8
49.68
49.8
49.68
49.8
49.68
49.8
52.32
52.92
52.92
52.8
52.92
52.8
52.92
52.92
52.8
52.92
51.12
50.88
51.0
50.88
51.0
50.88
51.0
50.88
51.0
50.88
45.24
44.52
44.4
44.52
44.52
44.52
44.4
44.52
44.52
44.52
39.72
39.24
39.24
39.24
39.12
39.24
39.24
39.24
39.24
39.24
45.84
46.68
46.8
46.68
46.68
46.68
46.8
46.68
46.68
46.68
56.16
57.24
57.36
57.24
57.24
57.36
57.24
57.24
57.36
57.24
52.68
52.2
52.2
52.2
52.08
52.2
52.2
52.2
52.2
52.2
45.0
44.52
44.4
44.4
44.52
44.4
44.4
44.4
44.52
44.4
42.36
42.12
42.12
42.12
42.12
42.12
42.24
42.12
42.12
42.12
44.16
44.4
44.4
44.4
44.4
44.4
44.4
44.4
44.28
44.4
54.72
55.56
55.44
55.56
55.56
55.44
55.56
55.56
55.56
55.44
52.32
52.2
52.08
52.08
52.2
52.08
52.08
52.2
52.08
52.08
46.92
46.68
46.68
46.68
46.68
46.56
46.68
46.68
46.68
46.68
42.0
41.88
41.76
41.88
41.88
41.88
41.88
41.76
41.88
41.88
40.8
40.92
40.8
40.92
40.8
40.92
40.8
40.92
40.92
40.8
53.76
54.24
54.36
54.24
54.36
54.24
54.36
54.24
54.36
54.24
49.08
49.08
48.96
48.96
48.96
49.08
48.96
48.96
48.96
49.08
49.68
49.68
49.8
49.8
49.68
49.8
49.8
49.68
49.8
49.8
43.44
43.32
43.44
43.32
43.44
43.32
43.44
43.32
43.44
43.32
38.16
38.04
38.16
38.04
38.16
38.04
38.04
38.16
38.04
38.16
57.24
57.6
57.6
57.48
57.6
57.6
57.48
57.6
57.48
57.6
49.44
49.44
49.44
49.44
49.32
49.44
49.44
49.44
49.32
49.44
44.4
44.52
44.52
44.52
44.52
44.52
44.52
44.52
44.52
44.52
44.88
44.88
44.88
44.88
44.88
44.88
44.88
44.88
44.88
44.88
37.92
37.92
37.8
37.92
37.92
37.92
37.92
37.92
37.92
38.04
56.76
56.64
56.64
56.76
56.64
56.76
56.64
56.64
56.76
56.52
40.8
40.8
40.92
40.8
40.8
40.8
40.92
40.8
40.8
40.44
20.28
20.28
20.4
20.28
20.28
20.4
22.32
46.56
46.56
46.56
46.68
46.56
46.56
46.68
46.56
46.56
45.12
30.6
30.48
30.48
30.6
30.48
30.6
30.48
30.48
30.6
32.4
54.36
54.36
54.48
54.36
54.36
54.48
54.36
54.36
54.36
54.36
54.84
54.84
54.84
54.84
54.84
54.84
54.84
54.84
54.84
54.12
48.0
47.88
47.88
47.88
48.0
47.88
47.88
47.88
47.88
48.12
50.64
50.52
50.52
50.64
50.52
50.52
50.64
50.52
50.52
48.96
33.24
33.12
33.24
33.12
33.24
33.12
33.24
33.12
33.24
34.68
53.52
53.4
53.4
53.52
53.4
53.4
53.52
53.4
53.4
53.4
53.4
53.28
53.4
53.4
53.28
53.4
53.4
53.28
53.4
52.8
48.0
48.0
48.0
48.0
48.0
48.0
48.0
48.0
48.0
47.88
48.36
48.24
48.36
48.36
48.36
48.24
48.36
48.36
48.36
46.44
30.48
30.48
30.48
30.48
30.48
30.6
30.48
30.48
30.48
32.64
52.08
52.2
52.08
52.2
52.08
52.2
52.08
52.2
52.08
52.68
57.12
57.24
57.24
57.12
57.24
57.12
57.24
57.12
57.24
55.8
46.68
46.8
46.68
46.68
46.68
46.8
46.68
46.68
46.68
46.8
47.4
47.4
47.4
47.4
47.52
47.4
47.4
47.4
47.4
45.96
37.8
37.68
37.68
37.8
37.68
37.68
37.68
37.8
37.68
39.0
47.52
47.52
47.52
47.52
47.52
47.52
47.52
47.64
47.52
49.56
61.92
61.8
61.92
61.92
61.8
61.92
61.92
61.8
61.92
