5.64
5.52
5.52
5.52
5.64
5.52
5.52
8.28
9.6
9.72
9.6
9.72
9.6
9.72
10.32
12.0
12.0
12.0
11.88
12.0
12.0
12.0
7.2
7.08
7.2
7.08
7.08
7.2
7.08
15.96
21.0
21.0
21.0
21.0
21.0
21.0
18.0
10.92
11.04
10.92
10.92
11.04
10.92
10.92
12.24
12.24
12.36
12.24
12.36
12.24
12.36
12.24
12.6
12.48
12.48
12.6
12.48
12.6
17.76
32.4
32.4
32.4
32.28
32.4
32.4
32.4
32.28
32.4
29.28
20.76
20.76
20.64
20.76
20.76
20.64
20.76
22.2
22.56
22.44
22.56
22.56
22.44
22.56
25.2
28.32
28.32
28.32
28.32
28.32
28.32
28.32
28.32
28.32
22.32
16.2
16.32
16.2
16.32
16.2
16.32
15.0
8.04
8.16
8.04
8.16
8.16
8.04
8.16
13.68
15.0
15.0
15.0
15.0
15.0
15.0
19.8
25.2
25.32
25.32
25.32
25.32
25.32
25.32
25.2
25.32
18.48
10.92
10.92
10.92
10.8
10.92
10.92
11.28
14.28
14.28
14.28
14.28
14.4
14.28
14.28
19.2
20.52
20.52
20.52
20.52
20.52
20.52
23.28
27.12
27.12
27.12
27.12
27.12
27.24
27.12
27.12
27.12
24.96
21.96
22.08
22.08
22.08
22.08
22.08
23.04
41.52
41.52
41.52
41.52
41.4
41.52
41.52
41.52
41.52
41.4
40.8
40.92
40.8
40.92
40.8
40.8
40.92
40.8
40.8
41.4
52.68
52.56
52.56
52.68
52.56
52.56
52.68
52.56
52.56
52.56
52.44
52.56
52.44
52.44
52.44
52.44
52.44
52.44
52.56
51.6
37.44
37.56
37.44
37.44
37.56
37.44
37.44
37.44
37.56
36.36
13.92
13.92
13.8
13.92
13.92
13.92
13.92
10.44
9.24
9.12
9.24
9.12
9.24
9.12
20.76
41.28
41.4
41.28
41.4
41.28
41.4
41.28
41.4
41.4
44.16
49.8
49.8
49.8
49.68
49.8
49.8
49.8
49.8
49.8
47.28
42.84
42.96
42.84
42.84
42.84
42.84
42.96
42.84
42.84
39.48
33.6
33.6
33.6
33.6
33.6
33.6
33.6
33.6
33.6
25.92
12.48
12.48
12.6
12.48
12.48
12.48
12.84
35.52
35.4
35.4
35.4
35.4
35.52
35.4
35.4
35.4
35.28
20.4
20.28
20.28
20.4
20.28
20.4
20.28
8.28
1.8
1.92
1.92
1.8
1.92
1.8
7.56
20.28
20.16
20.28
20.28
20.28
20.28
20.16
15.84
15.84
15.84
15.84
15.72
15.84
15.84
10.32
7.08
7.08
7.2
7.08
7.08
7.08
7.32
8.16
8.16
8.04
8.16
8.16
8.04
8.16
10.08
10.2
10.32
10.2
10.2
10.32
10.2
8.04
6.84
6.84
6.72
6.84
6.84
6.72
7.08
7.92
7.92
7.92
7.92
7.92
7.92
7.92
3.6
3.36
3.36
3.24
3.36
3.36
3.36
3.6
3.96
4.08
4.08
3.96
4.08
3.96
4.2
4.92
4.92
4.92
4.92
4.92
4.8
4.92
8.28
8.64
8.76
8.64
8.76
8.64
8.76
17.64
24.96
24.84
24.84
24.84
24.84
24.84
24.84
24.96
24.84
29.4
33.0
33.12
33.0
33.12
33.0
33.12
33.12
33.0
33.12
31.44
30.12
30.12
30.12
30.12
30.24
30.12
30.12
30.12
30.12
26.52
23.76
23.76
23.76
23.76
23.76
23.76
23.88
28.68
28.56
28.68
28.56
28.68
28.56
28.68
28.56
28.68
28.2
19.92
19.8
19.8
19.92
19.8
19.8
19.92
18.96
18.6
18.6
18.72
18.6
18.6
18.72
18.96
20.04
19.92
20.04
20.04
19.92
20.04
20.04
19.32
19.32
19.44
19.44
19.32
19.44
19.44
20.16
21.0
20.88
21.0
21.0
20.88
21.0
24.96
38.76
38.76
38.88
38.76
38.76
38.88
38.76
38.76
38.76
37.8
33.96
33.96
33.96
34.08
33.96
33.96
33.96
33.96
34.08
34.44
36.84
36.84
36.84
36.84
36.72
36.84
36.84
36.84
36.84
37.32
39.0
39.12
39.0
39.12
39.0
39.0
39.12
39.0
39.12
38.64
37.32
37.32
37.44
37.32
37.32
37.32
37.44
37.32
37.32
35.52
28.08
27.96
28.08
28.08
28.08
27.96
28.08
28.08
28.08
25.08
12.72
12.72
12.6
12.72
12.72
12.72
12.72
50.04
56.64
56.76
56.64
56.76
56.64
56.64
56.76
56.64
56.76
59.88
60.6
60.6
60.48
60.6
60.6
60.48
60.6
60.48
60.6
40.2
37.08
37.2
37.08
37.2
37.08
37.08
37.2
37.08
37.2
32.4
31.68
31.68
31.68
31.68
31.68
31.68
31.68
31.68
31.68
28.56
28.08
28.08
27.96
28.08
28.08
27.96
28.08
28.08
27.96
19.92
18.48
18.6
18.48
18.48
18.6
18.48
24.96
31.68
31.68
31.68
31.68
31.56
31.68
31.68
31.68
31.68
36.84
42.36
42.24
42.36
42.36
42.24
42.36
42.36
42.24
42.36
39.36
36.48
36.36
36.48
36.48
36.36
36.48
36.36
36.48
36.48
37.44
38.64
38.64
38.64
38.64
38.64
38.64
38.64
38.64
38.64
35.16
31.44
31.56
31.56
31.56
31.44
31.56
31.56
31.56
31.56
32.64
33.96
34.08
33.96
34.08
33.96
34.08
33.96
34.08
33.96
32.64
31.32
31.32
31.44
31.32
31.32
31.32
31.32
31.32
31.32
29.64
27.84
27.84
27.84
27.96
27.84
27.84
27.84
27.84
27.84
38.76
51.6
51.72
51.6
51.6
51.72
51.6
51.72
51.6
51.72
48.48
45.12
45.12
45.0
45.12
45.0
45.12
45.12
45.0
45.12
42.24
38.88
38.88
38.88
38.76
38.88
38.88
38.88
38.88
38.88
39.12
39.24
39.24
39.24
39.24
39.24
39.24
39.24
39.24
39.24
36.24
32.52
32.64
32.64
32.52
32.64
32.52
32.64
32.52
32.64
36.24
41.64
41.52
41.64
41.52
41.64
41.52
41.64
41.52
41.64
30.24
14.76
14.64
14.76
14.64
14.76
14.76
17.76
54.6
54.48
54.6
54.6
54.6
54.6
54.48
54.6
54.6
54.0
48.48
48.6
48.6
48.48
48.6
48.48
48.6
48.48
48.6
46.44
26.52
26.52
26.52
26.52
26.52
26.52
26.52
26.4
26.52
26.16
23.52
23.64
23.52
23.52
23.52
23.52
23.64
27.36
29.16
29.16
29.16
29.28
29.16
29.16
29.16
29.16
29.28
25.92
24.72
24.72
24.6
24.72
24.72
24.6
24.72
24.72
24.6
21.72
20.4
20.4
20.4
20.4
20.4
20.4
20.4
20.76
20.76
20.76
20.76
20.88
20.76
20.76
18.96
19.2
19.08
19.2
19.2
19.08
19.2
17.04
16.08
16.2
16.08
16.08
16.2
16.08
18.6
24.48
24.6
24.6
24.48
24.6
24.48
24.6
24.48
24.6
23.64
21.96
21.84
21.96
21.84
21.96
21.84
21.96
7.8
6.84
6.84
6.84
6.84
6.84
6.84
8.64
10.2
10.08
10.08
10.08
10.2
10.08
11.16
14.64
14.52
14.64
14.64
14.64
14.64
14.52
26.76
28.08
27.96
28.08
27.96
28.08
27.96
28.08
27.96
28.08
20.64
20.04
19.92
20.04
19.92
20.04
19.92
20.4
20.76
20.88
20.76
20.88
20.76
20.76
23.64
34.2
34.32
34.32
34.32
34.2
34.32
34.32
34.32
34.32
33.84
33.12
33.0
33.0
33.12
33.0
33.0
33.12
33.0
33.0
30.0
17.76
17.76
17.76
17.76
17.76
17.76
17.76
26.16
27.72
27.6
27.72
27.72
27.6
27.72
27.72
27.6
27.72
37.56
39.24
39.24
39.24
39.24
39.24
39.24
39.24
39.24
39.24
44.88
45.96
45.96
45.96
45.96
45.96
45.96
45.96
45.96
45.96
46.8
46.92
46.8
46.92
46.92
46.92
46.92
46.92
46.92
46.92
46.2
46.32
46.32
46.2
46.32
46.32
46.32
46.2
46.32
46.32
53.04
54.12
54.24
54.24
54.24
54.24
54.24
54.12
54.24
54.24
30.12
25.92
25.92
25.92
25.8
25.92
25.92
25.92
25.92
25.92
32.04
33.24
33.12
33.24
33.24
33.24
33.12
33.24
33.24
33.24
46.08
48.6
48.72
48.6
48.6
48.72
48.6
48.72
48.6
48.6
36.0
33.48
33.6
33.6
33.6
33.6
33.6
33.6
33.48
33.6
42.24
43.92
44.04
43.92
44.04
43.92
43.92
44.04
43.92
44.04
31.32
28.68
28.8
28.8
28.8
28.8
28.68
28.8
28.8
28.8
41.04
43.92
43.92
43.8
43.92
43.92
43.8
43.92
43.8
43.92
39.24
38.16
38.28
38.16
38.28
38.16
38.28
38.16
38.28
38.16
37.2
37.08
36.96
36.96
37.08
36.96
36.96
37.08
36.96
36.96
36.48
36.24
36.36
36.36
36.24
36.36
36.36
36.36
36.24
36.36
27.84
25.56
25.56
25.56
25.44
25.56
25.56
25.56
25.56
25.56
39.36
43.2
43.08
43.08
43.08
43.2
43.08
43.08
43.08
43.2
39.72
38.76
38.76
38.76
38.88
38.76
38.76
38.76
38.88
38.76
40.68
41.4
41.28
41.4
41.4
41.28
41.4
41.4
41.28
41.4
38.88
38.16
38.28
38.16
38.16
38.16
38.16
38.16
38.16
38.16
29.76
26.88
26.88
26.88
26.88
27.0
26.88
26.88
26.88
27.0
36.36
39.84
39.84
39.96
39.84
39.84
39.84
39.84
39.84
39.84
38.04
37.32
37.44
37.32
37.44
37.32
37.32
37.44
37.32
37.44
49.08
53.4
53.4
53.4
53.52
53.4
53.4
53.4
53.52
53.4
40.44
35.76
35.88
35.88
35.76
35.88
35.88
35.88
35.76
35.88
35.52
35.28
35.4
35.4
35.28
35.4
35.4
35.28
35.4
35.4
31.2
29.88
29.76
29.88
29.76
29.88
29.76
29.88
29.76
29.88
41.64
46.44
46.32
46.44
46.44
46.32
46.44
46.32
46.44
46.44
45.48
45.36
45.36
45.36
45.24
45.36
45.36
45.36
45.24
45.36
36.0
32.28
32.4
32.28
32.4
32.4
32.28
32.4
32.28
32.4
37.56
39.96
39.84
39.84
39.84
39.96
39.84
39.84
39.96
39.84
33.6
31.2
31.2
31.08
31.2
31.2
31.08
31.2
31.2
31.08
37.68
40.68
40.56
40.56
40.68
40.56
40.56
40.68
40.56
40.56
25.32
18.84
18.84
18.84
18.84
18.84
18.84
18.96
19.56
19.56
19.44
19.56
19.44
19.56
19.44
12.84
12.84
12.84
12.84
12.84
12.96
12.84
8.52
6.36
6.36
6.48
6.36
6.36
6.48
4.32
0.12
0.12
0.12
0.12
0.12
0.12
0.12
0.12
0.12
0.12
0.12
0.12
0.12
0.12
0.12
0.12
0.12
0.12
0.12
0.12
0.12
0.12
0.12
0.12
0.12
0.12
0.12
0.12
0.12
5.64
28.8
28.8
28.8
28.8
28.8
28.92
28.8
28.8
28.8
21.36
5.28
5.4
5.28
5.28
5.4
5.28
5.28
6.0
6.12
6.12
6.12
6.12
6.0
6.12
6.12
6.24
6.24
6.24
6.24
6.24
6.24
9.96
19.08
19.08
19.2
19.08
19.08
19.2
19.08
5.28
4.44
4.32
4.32
4.32
4.44
4.32
6.0
7.2
7.2
7.2
7.08
7.2
7.2
9.84
18.0
18.0
17.88
18.0
18.0
18.0
18.0
22.2
22.68
22.68
22.68
22.68
22.68
22.68
17.52
13.44
13.56
13.44
13.56
13.56
13.44
14.16
16.92
16.8
16.92
16.8
16.8
16.92
16.8
25.32
26.64
26.52
26.64
26.52
26.64
26.52
26.52
26.64
26.52
13.08
11.16
11.16
11.28
11.16
11.28
11.16
6.6
2.64
2.76
2.76
2.64
2.76
2.76
2.64
2.64
2.64
2.64
2.64
2.64
2.52
2.64
1.08
1.08
0.96
0.96
0.96
0.96
0.96
0.48
0.24
0.12
0.24
0.12
0.12
0.24
0.48
2.4
2.4
2.52
2.4
2.4
2.4
2.4
3.0
3.12
3.12
3.12
3.12
3.12
3.12
1.92
0.96
0.96
0.96
0.96
0.96
0.96
0.84
0.12
0.12
0.12
0.12
0.12
0.12
0.12
0.12
0.12
0.24
0.48
0.36
0.36
0.36
3.72
7.32
7.44
7.32
7.32
7.44
7.32
6.48
0.96
0.96
0.96
1.08
0.96
0.96
1.08
0.12
0.12
0.12
0.12
0.12
0.12
0.12
0.12
0.72
0.6
0.72
0.72
0.6
0.72
0.6
0.24
0.36
0.36
0.24
0.36
0.24
0.36
0.12
0.12
0.12
0.12
0.12
0.12
0.12
0.12
0.12
0.12
0.12
0.12
0.12
0.12
0.12
0.12
0.12
0.12
0.12
0.12
0.12
0.12
0.12
0.12
0.12
0.12
0.12
0.12
0.12
0.12
0.12
0.12
0.48
1.56
1.56
1.56
1.56
18.72
41.88
41.76
41.76
41.76
41.88
41.76
41.76
41.88
41.76
36.96
30.6
30.48
30.6
30.6
30.48
30.6
30.6
30.48
30.6
33.72
38.16
38.16
38.16
38.16
38.16
38.16
38.16
38.16
38.16
34.2
28.92
28.92
28.92
28.92
28.92
28.92
28.8
28.92
28.92
33.0
38.64
38.76
38.64
38.76
38.64
38.76
38.64
38.64
38.76
38.88
39.48
39.48
39.36
39.48
39.48
39.48
39.36
39.48
39.48
36.36
32.28
32.16
32.16
32.16
32.28
32.16
32.16
32.16
32.16
32.76
33.96
33.84
33.84
33.96
33.84
33.84
33.84
33.96
33.84
33.96
34.44
34.44
34.44
34.44
34.44
34.44
34.32
34.44
34.44
27.84
17.16
17.16
17.04
17.16
17.16
17.16
17.04
17.52
17.4
17.4
17.52
17.4
17.4
17.52
22.32
24.6
24.48
24.6
24.6
24.6
24.6
24.6
24.48
24.6
12.0
6.6
6.6
6.72
6.6
6.6
6.6
10.56
17.4
17.4
17.4
17.4
17.4
17.52
17.28
15.12
15.12
15.12
15.12
15.12
15.24
15.12
9.48
6.84
6.84
6.84
6.84
6.84
6.72
10.8
18.72
18.72
18.72
18.72
18.6
18.72
18.72
14.04
14.04
14.04
14.04
14.04
14.04
14.04
16.92
18.48
18.48
18.48
18.48
18.6
18.48
16.56
12.24
12.12
12.24
12.12
12.24
12.12
12.24
3.84
3.36
3.48
3.36
3.48
3.36
3.48
2.28
1.56
1.68
1.56
1.68
1.56
1.68
2.76
5.76
5.88
5.76
5.88
5.76
5.88
5.76
2.88
2.64
2.52
2.64
2.64
2.64
2.64
19.44
31.2
31.2
31.32
31.2
31.2
31.2
31.2
31.2
31.32
24.48
19.92
20.04
20.04
19.92
20.04
19.92
22.68
30.84
30.96
30.96
30.84
30.96
30.84
30.96
30.96
30.84
29.76
26.88
26.76
26.88
26.76
26.76
26.88
26.76
26.88
26.76
28.68
34.56
34.56
34.68
34.56
34.56
34.68
34.56
34.56
34.56
33.84
31.56
31.68
31.56
31.68
31.56
31.56
31.68
31.56
31.68
27.6
15.0
15.0
15.0
15.0
15.12
15.0
15.0
12.72
12.72
12.6
12.72
12.6
12.72
12.6
12.84
12.96
13.08
12.96
12.96
12.96
12.96
11.76
6.84
6.96
6.96
6.84
6.96
6.96
6.84
4.2
3.84
3.84
3.84
3.72
3.84
3.84
1.8
0.12
0.12
0.12
0.12
0.12
0.12
0.12
0.12
0.12
0.12
0.12
0.12
0.12
0.12
0.12
0.12
0.12
0.12
0.12
0.12
0.12
0.12
0.12
0.12
0.12
0.12
0.12
0.12
0.12
0.12
4.8
5.52
5.52
5.52
5.52
5.64
12.6
43.2
43.08
43.2
43.2
43.08
43.2
43.2
43.2
43.08
40.8
30.96
30.96
30.84
30.96
30.84
30.96
30.84
30.96
30.96
33.0
42.48
42.6
42.48
42.6
42.48
42.6
42.48
42.6
42.48
39.96
28.32
28.32
28.32
28.44
28.32
28.32
28.32
28.32
28.32
32.4
51.0
51.0
51.0
51.0
51.0
51.0
51.0
51.0
51.0
47.52
31.32
31.32
31.32
31.32
31.32
31.44
31.32
31.32
31.32
31.8
34.44
34.32
34.44
34.32
34.44
34.44
34.32
34.44
34.32
33.96
32.04
31.92
32.04
32.04
32.04
32.04
31.92
32.04
32.04
32.76
37.44
37.44
37.32
37.44
37.32
37.44
37.32
37.44
37.44
38.64
45.96
45.96
45.96
45.96
45.96
46.08
45.96
45.96
45.96
42.36
23.4
23.4
23.4
23.4
23.4
23.4
23.28
14.16
12.0
12.0
12.0
12.0
12.0
12.0
21.24
32.16
32.04
32.16
32.16
32.16
32.16
32.16
32.16
32.16
32.64
33.72
33.6
33.72
33.6
33.6
33.72
33.6
33.72
33.6
30.96
27.96
27.96
27.96
27.84
27.96
27.96
27.96
27.96
27.96
23.04
17.28
17.4
17.28
17.4
17.4
17.28
19.32
34.32
34.32
34.32
34.32
34.32
34.32
34.32
34.32
34.44
33.84
30.72
30.72
30.72
30.72
30.84
30.72
30.72
30.72
30.72
30.36
28.32
28.32
28.32
28.2
28.32
28.32
28.32
28.2
28.32
28.92
35.76
35.64
35.76
35.64
35.64
35.76
35.64
35.76
35.64
36.84
48.0
48.12
48.0
48.12
48.12
48.0
48.12
48.0
48.12
48.72
54.72
54.84
54.84
54.84
54.84
54.84
54.72
54.84
54.84
52.68
31.92
31.8
31.8
31.92
31.8
31.8
31.8
31.92
31.8
32.76
43.8
43.68
43.68
43.68
43.8
43.68
43.68
43.68
43.8
43.32
40.32
40.2
40.32
40.2
40.32
40.32
40.2
40.32
40.2
39.48
30.72
30.72
30.84
30.72
30.72
30.72
30.72
30.84
30.72
30.24
24.36
24.36
24.48
24.36
24.36
24.36
24.48
24.36
24.36
24.36
25.32
25.32
25.32
25.32
25.2
25.32
25.32
25.32
25.32
25.32
25.92
26.04
26.04
26.04
26.04
25.92
26.04
26.04
26.04
25.68
22.92
22.92
22.92
22.92
22.92
22.8
22.92
23.4
23.64
23.76
23.64
23.64
23.76
23.64
22.44
19.68
19.8
19.68
19.8
19.8
19.68
19.8
16.32
16.2
16.32
16.2
16.32
16.2
16.32
16.32
16.56
16.56
16.68
16.56
16.56
16.56
13.8
6.96
6.96
6.96
6.96
6.96
7.08
6.96
18.36
19.2
19.2
19.2
19.2
19.2
19.2
19.56
19.8
19.8
19.92
19.8
19.92
19.8
24.0
36.24
36.12
36.24
36.24
36.24
36.12
36.24
36.24
36.24
33.48
25.68
25.56
25.68
25.68
25.56
25.68
25.68
25.56
25.68
24.24
20.52
20.52
20.52
20.4
20.52
20.52
20.52
22.32
22.68
22.68
22.68
22.68
22.68
22.56
18.48
15.36
15.24
15.36
15.36
15.24
15.36
15.12
14.52
14.52
14.52
14.64
14.52
14.52
14.52
7.8
6.72
6.84
6.72
6.72
6.72
6.84
3.24
0.12
0.24
0.12
0.12
0.12
0.12
0.12
0.12
0.12
0.12
0.12
0.12
0.12
0.12
0.12
0.12
0.12
1.92
2.64
2.76
2.64
2.64
2.76
2.64
21.0
24.6
24.48
24.6
24.48
24.48
24.6
24.48
24.6
24.48
3.96
0.12
0.12
0.12
0.12
0.12
0.12
0.12
0.12
0.12
0.48
2.04
1.92
2.04
1.92
2.04
1.92
14.76
27.24
27.24
27.24
27.24
27.36
27.24
27.24
27.24
27.24
16.56
6.6
6.6
6.48
6.6
6.6
6.6
6.0
3.96
3.84
3.96
3.84
3.96
3.84
3.96
16.08
18.6
18.72
18.72
18.6
18.72
18.6
14.04
9.0
9.12
9.0
9.12
9.0
9.12
8.52
5.4
5.4
5.4
5.4
5.4
5.4
5.4
6.72
7.08
6.96
7.08
7.08
7.08
7.08
15.0
24.36
24.36
24.36
24.36
24.36
24.36
24.36
24.36
24.36
23.76
23.16
23.16
23.16
23.16
23.16
23.16
22.8
6.24
6.36
6.36
6.24
6.36
6.36
6.24
5.28
4.92
5.04
4.92
4.92
4.92
4.92
4.08
2.76
2.64
2.76
2.64
2.76
2.76
2.64
3.24
3.36
3.36
3.36
3.36
3.36
3.36
4.2
4.56
4.68
4.68
4.56
4.68
4.56
5.16
6.48
6.6
6.48
6.48
6.48
6.6
6.48
5.76
5.76
5.76
5.76
5.76
5.76
5.76
5.04
4.8
4.8
4.8
4.8
4.68
4.8
5.52
7.2
7.2
7.2
7.2
7.2
7.2
7.2
9.96
10.2
10.2
10.2
10.2
10.2
10.2
8.16
6.96
6.96
6.96
7.08
6.96
6.96
8.16
11.16
11.28
11.16
11.28
11.16
11.16
11.28
13.44
13.68
13.56
13.68
13.68
13.56
13.68
15.72
17.28
17.28
17.28
17.4
17.28
17.28
15.96
12.48
12.6
12.6
12.48
12.6
12.6
12.48
17.4
17.76
17.64
17.76
17.76
17.76
17.76
23.28
27.36
27.36
27.36
27.36
27.36
27.36
27.36
27.36
27.36
29.52
31.32
31.32
31.32
31.32
31.32
31.32
31.32
31.32
31.32
34.2
36.6
36.6
36.72
36.6
36.6
36.6
36.6
36.6
36.6
33.36
30.96
30.96
31.08
30.96
30.96
30.96
31.08
30.96
30.96
25.32
21.12
21.0
21.12
21.12
21.12
21.12
18.72
11.04
11.16
11.04
11.16
11.16
11.04
11.16
12.6
12.84
12.84
12.84
12.96
12.84
12.84
17.88
22.2
22.2
22.2
22.2
22.08
22.2
20.28
9.96
9.84
9.96
9.96
9.96
9.96
9.84
9.84
9.72
9.84
9.72
9.84
9.84
9.72
12.84
16.68
16.56
16.56
16.56
16.56
16.56
17.64
25.8
25.8
25.92
25.8
25.8
25.8
25.8
25.8
25.8
24.96
19.44
19.56
19.44
19.56
19.44
19.56
19.44
24.72
26.52
26.4
26.52
26.4
26.52
26.52
26.4
26.52
26.4
18.24
15.72
15.6
15.72
15.72
15.72
15.72
11.76
6.12
6.12
6.24
6.12
6.24
6.12
5.88
3.24
3.24
3.24
3.24
3.36
3.24
3.24
5.88
7.08
6.96
6.96
7.08
6.96
7.08
6.96
7.2
7.08
7.2
7.2
7.08
7.2
7.32
10.56
10.68
10.56
10.56
10.68
10.56
10.56
12.12
12.72
12.72
12.72
12.72
12.72
12.72
10.32
6.6
6.6
6.6
6.6
6.6
6.72
6.6
10.8
10.68
10.68
10.8
10.68
10.8
10.68
11.28
11.52
11.52
11.52
11.52
11.52
11.52
7.44
0.12
0.12
0.12
0.12
0.12
0.12
0.12
0.12
0.12
0.12
0.12
0.12
0.36
0.48
0.6
0.6
0.72
27.6
27.6
27.6
27.72
27.6
27.6
27.6
27.72
27.6
27.6
39.24
39.24
39.24
39.24
39.24
39.24
39.24
39.24
39.24
39.24
29.52
29.64
29.52
29.52
29.64
29.52
29.52
29.64
29.52
29.52
17.76
17.64
17.64
17.64
17.64
17.64
17.64
22.92
26.04
26.16
26.04
26.16
26.16
26.04
26.16
26.16
26.04
24.36
23.28
23.4
23.28
23.4
23.28
23.4
22.92
22.56
22.44
22.56
22.44
22.44
22.56
22.44
38.76
41.52
41.52
41.4
41.52
41.52
41.52
41.52
41.52
41.4
39.24
38.88
38.76
38.88
38.88
38.76
38.88
38.88
38.76
38.88
25.44
23.28
23.28
23.28
23.28
23.28
23.28
19.68
15.6
15.6
15.48
15.6
15.48
15.6
16.44
25.92
26.04
25.92
25.92
26.04
25.92
25.92
26.04
25.92
24.6
12.12
12.12
12.12
12.12
12.12
12.12
12.12
16.08
17.52
17.4
17.52
17.4
17.52
17.4
14.64
10.56
10.56
10.56
10.56
10.68
10.56
11.04
18.0
18.0
18.12
18.0
18.0
18.0
18.0
17.88
17.88
17.88
17.88
17.88
17.88
17.88
16.8
15.36
15.24
15.36
15.36
15.36
15.24
15.24
13.2
13.32
13.2
13.2
13.32
13.2
13.2
18.72
21.24
21.36
21.24
21.24
21.24
21.24
25.56
34.56
34.44
34.56
34.56
34.44
34.56
34.44
34.56
34.56
31.44
25.68
25.8
25.68
25.68
25.8
25.68
25.68
25.68
25.8
27.6
31.68
31.68
31.68
31.8
31.68
31.68
31.68
31.68
31.8
28.92
23.52
23.52
23.52
23.52
23.52
23.52
23.52
39.84
41.04
41.04
41.04
41.16
41.04
41.04
41.04
41.04
41.04
20.04
18.6
18.6
18.72
18.6
18.6
18.72
14.88
12.36
12.48
12.48
12.36
12.48
12.48
14.52
21.48
21.6
21.48
21.48
21.48
21.48
21.48
32.16
33.96
33.96
33.84
33.96
33.96
33.84
33.96
33.96
33.84
23.16
21.48
21.36
21.48
21.36
21.48
21.36
31.8
43.2
43.08
43.2
43.2
43.2
43.08
43.2
43.2
43.08
41.16
38.88
38.88
39.0
38.88
38.88
38.88
38.88
39.0
38.88
36.36
33.48
33.6
33.48
33.48
33.6
33.48
33.48
33.6
33.48
34.56
35.88
35.88
35.88
35.88
35.88
35.76
35.88
35.88
35.88
33.48
30.48
30.48
30.48
30.48
30.36
30.48
30.48
30.48
30.48
28.08
25.08
25.2
25.08
25.2
25.2
25.08
25.2
25.08
25.2
29.76
36.0
36.0
36.0
36.0
36.0
36.0
36.0
36.0
36.0
32.52
27.84
27.84
27.84
27.72
27.84
27.84
27.84
27.84
27.84
30.84
35.4
35.28
35.28
35.4
35.28
35.4
35.28
35.4
35.28
30.96
24.84
24.84
24.84
24.84
24.84
24.84
24.84
24.84
24.84
27.84
32.16
32.16
32.28
32.16
32.28
32.16
32.28
32.16
32.16
34.08
36.96
36.84
36.96
36.96
36.96
36.96
36.96
36.96
36.96
31.56
23.64
23.64
23.64
23.64
23.64
23.64
24.36
38.4
38.4
38.4
38.4
38.4
38.4
38.4
38.4
38.4
38.16
32.4
32.4
32.4
32.4
32.4
32.4
32.4
32.4
32.28
32.76
42.0
42.0
41.88
42.0
42.0
41.88
42.0
41.88
42.0
42.48
56.76
56.64
56.76
56.64
56.64
56.76
56.64
56.76
56.64
55.56
36.0
35.88
36.0
35.88
35.88
36.0
35.88
36.0
35.88
35.64
32.76
32.76
32.64
32.76
32.76
32.64
32.76
32.76
32.64
33.48
57.12
57.12
57.24
57.12
57.12
57.24
57.12
57.12
57.12
56.64
43.8
43.8
43.8
43.8
43.8
43.8
43.8
43.8
43.8
43.32
35.04
34.92
35.04
35.04
34.92
35.04
34.92
35.04
35.04
34.56
28.8
28.8
28.8
28.8
28.8
28.8
28.92
28.8
28.8
29.16
40.32
40.32
40.32
40.32
40.32
40.32
40.32
40.32
40.32
39.84
31.92
31.8
31.8
31.8
31.8
31.8
31.8
31.8
31.8
31.8
30.12
30.24
30.12
30.24
30.12
30.24
30.12
30.24
30.12
30.12
30.96
31.08
30.96
31.08
31.08
30.96
31.08
30.96
31.08
30.84
29.16
29.04
29.16
29.16
29.04
29.16
29.04
29.16
29.04
29.16
32.16
32.16
32.28
32.16
32.16
32.16
32.16
32.28
32.16
32.04
29.4
29.4
29.4
29.4
29.4
29.4
29.52
29.4
29.4
29.28
27.0
27.0
27.0
27.0
27.0
27.0
27.0
27.0
27.0
26.76
21.24
21.24
21.24
21.24
21.12
21.24
21.24
16.44
14.04
14.04
14.04
14.04
14.04
14.04
14.4
15.36
15.36
15.36
15.24
15.36
15.36
15.24
6.72
6.48
6.48
6.6
6.48
6.48
6.6
2.28
0.12
0.12
0.12
0.12
0.12
0.12
0.12
0.12
0.12
4.68
9.12
9.0
9.12
9.12
9.0
9.12
6.6
0.96
0.96
0.96
0.96
0.96
0.96
0.96
0.12
0.12
0.12
0.12
0.12
0.12
0.12
0.12
0.12
0.12
22.2
24.72
24.6
24.72
24.6
24.72
24.72
24.6
24.72
24.72
15.0
14.52
14.52
14.52
14.52
14.52
14.52
18.84
21.84
21.84
21.72
21.84
21.72
21.84
20.4
15.96
15.84
15.96
15.84
15.96
15.84
15.96
8.16
6.96
7.08
6.96
6.96
7.08
6.96
13.2
18.96
19.08
19.08
18.96
19.08
18.96
18.36
15.96
15.84
15.96
15.84
15.96
15.84
15.96
18.48
19.08
19.08
19.08
18.96
19.08
19.08
18.84
18.84
18.72
18.72
18.84
18.72
18.84
18.24
16.2
16.2
16.08
16.2
16.2
16.2
16.2
25.56
28.08
28.08
27.96
28.08
28.08
27.96
28.08
28.08
27.96
28.44
28.68
28.56
28.68
28.56
28.68
28.56
28.68
28.56
28.68
18.24
15.72
15.6
15.6
15.6
15.72
15.6
15.36
15.24
15.24
15.24
15.24
15.36
15.24
15.84
21.6
21.48
21.6
21.6
21.48
21.6
21.48
19.68
19.2
19.2
19.2
19.2
19.2
19.2
18.96
18.96
19.08
18.96
18.96
18.96
18.96
18.96
20.64
20.64
20.64
20.64
20.64
20.64
20.64
21.96
22.56
22.56
22.56
22.68
22.56
22.56
20.88
16.68
16.56
16.56
16.68
16.56
16.56
16.56
20.52
20.88
20.88
20.88
21.0
20.88
20.88
19.2
18.0
18.12
18.0
18.0
18.12
18.0
18.36
20.28
20.16
20.28
20.28
20.16
20.28
20.28
13.32
12.12
12.0
12.12
12.12
12.0
12.12
9.84
7.8
7.8
7.8
7.8
7.8
7.8
7.2
4.08
4.2
4.2
4.08
4.2
4.2
4.2
5.64
6.24
6.24
6.24
6.12
6.24
6.24
4.32
2.4
2.4
2.4
2.4
2.4
2.4
2.28
1.08
1.2
1.2
1.08
1.2
1.08
1.2
3.36
4.08
4.08
4.08
4.08
4.08
4.08
4.2
4.56
4.68
4.56
4.56
4.68
4.56
5.28
10.2
10.2
10.2
10.2
10.2
10.2
10.2
13.8
15.0
15.0
15.0
15.0
15.0
15.0
15.84
17.16
17.04
17.16
17.04
17.16
17.04
16.68
11.52
11.4
11.52
11.4
11.52
11.4
11.52
10.2
9.84
9.72
9.84
9.72
9.84
9.84
8.76
7.68
7.68
7.68
7.68
7.68
7.68
8.28
19.32
19.44
19.32
19.44
19.32
19.44
19.32
15.96
14.64
14.52
14.64
14.64
14.64
14.64
16.2
19.44
19.56
19.44
19.44
19.44
19.44
19.56
23.4
23.52
23.64
23.52
23.52
23.64
23.52
25.56
26.88
26.88
26.88
26.76
26.88
26.88
26.88
26.88
26.88
24.24
22.8
22.8
22.8
22.8
22.8
22.8
20.76
16.44
16.44
16.56
16.44
16.44
16.44
16.44
20.52
20.88
20.88
20.88
20.88
20.88
21.0
19.2
18.24
18.12
18.24
18.12
18.24
18.24
17.52
16.08
16.2
16.08
16.08
16.08
16.08
16.08
15.96
15.96
16.08
15.96
15.96
15.96
15.96
18.84
21.12
21.12
21.24
21.12
21.24
21.12
20.28
17.4
17.4
17.4
17.4
17.28
17.4
17.4
20.04
20.64
20.52
20.64
20.64
20.52
20.64
19.8
19.08
19.2
19.2
19.2
19.2
19.2
20.52
27.48
27.48
27.6
27.48
27.6
27.48
27.6
27.48
27.6
26.28
21.12
21.0
21.12
21.0
21.12
21.0
21.12
10.8
8.64
8.52
8.52
8.52
8.64
8.52
9.0
9.72
9.72
9.72
9.72
9.6
9.72
9.84
11.76
11.88
11.76
11.76
11.76
11.76
11.76
3.72
1.56
1.56
1.68
1.56
1.56
1.56
8.76
17.28
17.4
17.4
17.28
17.4
17.4
15.48
1.92
1.8
1.92
1.8
1.92
1.8
1.92
10.08
12.72
12.72
12.72
12.84
12.72
12.72
14.28
16.56
16.56
16.56
16.56
16.44
16.56
16.32
13.8
13.92
13.92
13.8
13.92
13.8
13.92
16.92
18.0
18.12
18.0
18.0
18.0
18.12
17.64
17.28
17.4
17.28
17.4
17.28
17.4
17.28
18.12
18.12
18.12
18.12
18.12
18.12
18.0
12.72
10.68
10.8
10.8
10.68
10.8
10.68
17.16
27.24
27.24
27.12
27.24
27.24
27.24
27.24
27.24
27.12
24.0
18.96
18.96
18.84
18.96
18.96
18.84
18.6
9.0
9.0
9.0
9.0
9.0
9.0
9.0
41.4
56.04
56.04
56.16
56.04
56.04
56.04
56.04
56.16
56.04
31.8
21.48
21.48
21.36
21.48
21.48
21.48
24.48
30.36
30.48
30.48
30.36
30.48
30.36
30.48
30.48
30.36
27.36
21.36
21.36
21.36
21.36
21.36
21.36
21.36
32.64
33.24
33.24
33.24
33.12
33.24
33.24
33.24
33.24
33.24
26.88
26.52
26.4
26.52
26.52
26.52
26.4
26.52
26.52
26.4
33.36
33.96
33.84
33.96
33.84
33.84
33.96
33.84
33.96
33.84
32.52
32.52
32.4
32.4
32.52
32.4
32.4
32.52
32.4
32.52
33.24
33.48
33.48
33.48
33.36
33.48
33.48
33.48
33.48
33.36
31.32
31.2
31.2
31.2
31.2
31.2
31.2
31.2
31.2
31.2
32.52
32.76
32.76
32.76
32.76
32.76
32.76
32.76
32.76
32.76
29.28
28.92
28.8
28.8
28.92
28.8
28.92
28.8
28.92
28.8
36.36
37.56
37.44
37.56
37.44
37.56
37.44
37.56
37.44
37.56
33.84
33.36
33.24
33.36
33.36
33.24
33.36
33.36
33.36
33.24
29.52
29.04
29.04
29.04
29.04
29.04
29.04
29.04
29.04
29.04
38.16
39.72
39.6
39.72
39.72
39.6
39.72
39.6
39.72
39.72
37.68
37.44
37.44
37.44
37.44
37.44
37.44
37.44
37.44
37.44
27.36
25.92
25.92
25.8
25.92
25.92
25.92
25.92
25.8
25.92
39.84
42.24
42.24
42.24
42.24
42.24
42.24
42.24
42.24
42.24
31.92
30.12
30.12
30.12
30.12
30.12
30.0
30.12
30.12
30.12
30.12
30.24
30.24
30.12
30.24
30.24
30.24
30.12
30.24
30.24
20.04
18.24
18.24
18.24
18.24
18.24
18.24
27.0
36.0
36.0
35.88
36.0
36.0
36.0
35.88
36.0
36.0
33.12
30.36
30.36
30.24
30.36
30.36
30.36
30.24
30.36
30.36
30.96
32.04
31.92
31.92
31.92
32.04
31.92
31.92
31.92
32.04
38.4
45.48
45.6
45.48
45.6
45.48
45.6
45.48
45.6
45.48
44.4
43.44
43.32
43.44
43.32
43.44
43.32
43.44
43.32
43.44
44.04
45.0
45.12
45.0
45.0
45.0
45.12
45.0
45.0
45.0
37.44
28.68
28.56
28.68
28.56
28.68
28.56
28.68
28.56
28.68
30.6
33.12
33.12
33.12
33.12
33.12
33.12
33.12
33.12
33.12
28.32
22.44
22.44
22.56
22.44
22.44
22.44
23.52
41.28
41.28
41.28
41.28
41.28
41.28
41.28
41.28
41.16
40.68
31.92
31.92
31.92
31.92
31.92
31.92
31.92
31.92
31.92
32.28
39.24
39.24
39.24
39.24
39.24
39.24
39.24
39.24
39.24
38.64
31.08
31.08
31.08
31.08
31.08
30.96
31.08
31.08
31.08
30.72
25.56
25.44
25.56
25.56
25.44
25.56
25.56
25.44
25.56
26.52
54.0
54.0
54.0
53.88
54.0
54.0
54.0
53.88
54.0
54.0
54.24
54.24
54.36
54.24
54.24
54.36
54.24
54.24
54.36
54.12
52.8
52.92
52.8
52.8
52.92
52.8
52.8
52.92
52.8
52.56
45.12
45.24
45.12
45.24
45.12
45.24
45.12
45.24
45.24
45.12
47.52
47.52
47.4
47.52
47.52
47.4
47.52
47.52
47.4
46.68
29.16
29.04
29.04
29.16
29.04
29.04
29.16
29.04
29.16
29.76
50.64
50.52
50.52
50.64
50.52
50.52
50.64
50.52
50.64
50.04
40.32
40.32
40.2
40.32
40.32
40.32
40.32
40.2
40.32
40.2
39.0
39.0
38.88
39.0
38.88
39.0
38.88
39.0
39.0
38.88
43.68
43.68
43.68
43.56
43.68
43.68
43.56
43.68
43.68
43.2
29.76
29.76
29.76
29.76
29.76
29.76
29.76
29.76
29.76
29.88
36.0
36.12
36.12
36.0
36.12
36.12
36.12
36.0
36.12
36.24
44.04
44.16
44.04
44.16
44.04
44.16
44.04
44.04
44.16
