3.48
23.52
31.32
31.32
31.32
31.32
31.32
31.32
31.2
31.32
31.32
39.72
45.48
45.6
45.48
45.48
45.48
45.48
45.6
45.48
45.48
43.44
41.88
42.0
41.88
42.0
42.0
41.88
42.0
41.88
42.0
31.68
24.72
24.72
24.84
24.72
24.72
24.72
24.72
24.72
24.84
36.6
44.64
44.76
44.64
44.76
44.64
44.64
44.76
44.64
44.76
49.44
53.04
53.04
53.04
53.04
52.92
53.04
53.04
53.04
53.04
50.52
48.72
48.84
48.84
48.72
48.84
48.84
48.84
48.72
48.84
44.4
41.4
41.4
41.4
41.4
41.4
41.4
41.4
41.4
41.4
37.2
34.32
34.32
34.32
34.32
34.2
34.32
34.32
34.32
34.32
22.68
38.04
38.04
38.04
38.04
38.16
38.04
38.04
38.04
38.04
37.2
30.72
30.84
30.72
30.84
30.84
30.72
30.84
30.72
30.84
27.96
2.16
0.12
0.12
0.12
0.12
0.12
0.12
0.12
0.12
0.12
4.56
18.36
28.8
28.92
28.8
28.8
28.8
28.8
28.8
28.8
28.8
29.76
33.0
33.0
33.0
33.0
33.12
33.0
33.0
33.0
33.0
34.56
39.48
39.6
39.6
39.48
39.6
39.6
39.48
39.6
39.6
42.24
51.12
51.12
51.24
51.12
51.12
51.12
51.24
51.12
51.12
53.16
60.48
60.36
60.48
60.48
60.36
60.48
60.36
60.48
60.48
56.88
46.32
46.44
46.32
46.32
46.32
46.32
46.32
46.44
46.32
38.76
16.68
12.48
17.4
30.0
31.56
31.44
31.44
31.44
31.56
31.44
31.44
31.56
31.44
19.2
20.4
24.36
24.36
24.24
24.36
24.36
24.36
24.36
24.36
24.36
26.64
29.64
29.52
29.64
29.64
29.64
29.64
29.64
29.64
29.64
26.28
33.6
34.8
34.68
34.68
34.68
34.68
34.68
34.68
34.68
34.68
28.2
27.6
27.72
27.72
27.72
27.6
27.72
27.72
27.6
27.72
25.68
25.68
25.68
25.56
25.68
25.68
25.68
25.56
25.68
25.68
26.64
26.64
26.64
26.76
26.64
26.76
26.64
26.64
26.76
26.64
24.0
26.76
26.76
26.76
26.76
26.76
26.64
26.76
26.76
26.76
26.28
24.12
24.96
24.96
24.84
24.96
24.96
24.84
24.96
24.96
24.84
19.2
11.28
39.24
39.24
39.24
39.24
39.12
39.24
39.24
39.24
39.24
38.52
34.44
34.56
34.44
34.44
34.44
34.56
34.44
34.44
34.44
35.04
40.44
40.32
40.44
40.32
40.32
40.44
40.32
40.32
40.44
41.04
47.76
47.76
47.88
47.76
47.76
47.76
47.76
47.76
47.76
46.92
39.72
39.84
39.84
39.84
39.84
39.72
39.84
39.84
39.84
38.88
31.8
31.8
31.92
31.8
31.8
31.8
31.8
31.92
31.8
29.4
20.4
49.8
49.92
49.8
49.92
49.8
49.92
49.92
49.8
49.92
46.08
21.96
24.84
24.72
24.84
24.84
24.72
24.84
24.72
24.84
24.84
26.4
41.04
41.16
41.04
41.04
41.04
41.16
41.04
41.04
41.04
41.64
47.28
47.16
47.28
47.28
47.28
47.16
47.28
47.28
47.28
46.68
42.48
42.48
42.48
42.48
42.48
42.48
42.48
42.48
42.48
43.08
51.24
51.36
51.36
51.24
51.36
51.36
51.24
51.36
51.36
49.8
31.32
31.32
31.32
31.32
31.32
31.44
31.32
31.32
31.32
31.92
40.44
40.44
40.44
40.32
40.44
40.44
40.32
40.44
40.44
42.24
66.0
65.88
65.88
66.0
65.88
65.88
65.88
66.0
65.88
65.52
62.4
62.28
62.4
62.4
62.28
62.4
62.4
62.28
62.4
62.4
63.36
63.36
63.36
63.36
63.36
63.48
63.36
63.36
63.36
60.48
35.64
35.52
35.64
35.52
35.64
35.52
35.64
35.64
35.52
35.16
32.4
32.28
32.4
32.4
32.28
32.4
32.28
32.4
32.28
35.28
61.8
61.68
61.8
61.8
61.68
61.8
61.8
61.8
61.68
61.8
63.12
63.12
63.12
63.12
63.12
63.12
63.12
63.12
63.12
62.28
56.64
56.52
56.52
56.64
56.52
56.52
56.64
56.52
56.52
53.16
28.56
28.44
28.56
28.44
28.56
28.56
28.44
28.56
28.44
26.76
32.4
41.52
41.52
41.52
41.52
41.52
41.52
41.52
41.52
41.52
49.92
54.6
54.6
54.6
54.6
54.6
54.6
54.6
54.6
54.6
48.24
44.88
45.0
45.0
44.88
45.0
44.88
45.0
44.88
45.0
38.76
35.52
35.4
35.4
35.4
35.4
35.52
35.4
35.4
35.4
34.08
33.36
33.36
33.36
33.36
33.36
33.36
33.36
33.36
33.36
53.28
64.2
64.2
64.2
64.2
64.2
64.2
64.2
64.2
64.2
60.24
58.56
58.56
58.44
58.56
58.56
58.56
58.44
58.56
58.56
56.64
55.92
55.8
55.92
55.8
55.92
55.8
55.8
55.92
55.8
31.44
27.24
32.28
32.28
32.28
32.28
32.28
32.28
32.28
32.28
32.28
51.24
59.64
59.52
59.64
59.52
59.64
59.64
59.52
59.64
59.52
63.0
64.56
64.56
64.56
64.56
64.44
64.56
64.56
64.56
64.56
44.76
37.2
37.2
37.2
37.2
37.2
37.2
37.2
37.2
37.2
29.4
26.52
26.52
26.64
26.52
26.52
26.52
26.64
26.52
26.52
35.16
38.28
38.28
38.28
38.28
38.28
38.4
38.28
38.28
38.28
22.92
17.76
26.16
27.72
27.72
27.72
27.6
27.72
27.72
27.72
27.6
27.72
21.0
18.72
15.84
15.96
9.6
9.84
8.4
8.4
7.32
8.04
9.24
4.8
2.88
4.92
8.16
0.72
0.12
0.12
0.12
0.12
0.12
0.12
0.12
0.12
0.12
0.12
0.12
0.12
0.12
0.12
0.12
0.12
0.12
0.12
0.12
0.12
0.12
0.12
0.12
0.12
0.12
0.12
0.12
0.12
0.12
13.8
24.96
25.08
25.2
25.2
25.08
25.2
25.2
25.2
25.08
25.2
28.56
28.92
28.92
28.92
28.92
29.04
28.92
28.92
28.92
28.92
50.76
51.72
51.84
51.72
51.84
51.72
51.72
51.84
51.72
51.84
38.88
38.52
38.52
38.52
38.52
38.52
38.52
38.52
38.52
38.52
34.56
34.56
34.56
34.44
34.56
34.44
34.56
34.44
34.56
34.44
26.28
26.16
26.04
26.16
26.04
26.16
26.04
26.04
26.16
26.04
30.96
41.88
41.88
41.88
41.88
41.88
41.88
41.88
42.0
41.88
37.92
33.6
33.48
33.6
33.48
33.6
33.48
33.6
33.48
33.6
27.12
39.6
40.08
39.96
39.96
39.96
40.08
39.96
39.96
39.96
40.08
24.96
24.96
24.84
24.96
24.96
24.84
24.96
24.96
24.84
24.96
24.24
24.36
24.36
24.36
24.36
24.36
24.36
24.36
24.36
24.24
11.88
0.12
0.12
0.12
0.12
0.12
0.12
0.12
0.12
0.12
0.12
0.12
0.12
0.12
0.12
0.12
0.12
0.12
0.12
0.12
0.12
0.12
0.12
0.12
0.12
0.12
0.12
0.12
0.12
0.12
0.12
0.12
0.12
0.12
0.12
0.12
0.12
0.12
0.12
0.12
0.12
0.12
0.12
0.12
0.12
0.12
0.12
0.12
0.12
0.12
0.12
0.12
0.12
0.12
0.12
0.12
0.12
0.12
0.12
0.12
0.12
0.12
0.12
0.12
0.12
0.12
0.12
0.12
0.12
0.12
0.12
0.12
0.12
0.12
0.12
0.12
0.12
0.12
0.12
0.12
0.12
0.12
0.12
0.12
0.12
0.12
0.12
0.12
0.12
0.12
0.12
0.12
0.12
0.12
0.12
0.12
0.12
0.12
0.12
0.12
0.12
0.12
0.12
0.12
0.12
0.12
0.12
0.12
0.12
0.12
0.12
0.12
0.12
0.12
0.12
0.12
0.12
0.12
0.12
0.12
0.12
0.12
0.12
0.12
0.12
0.12
0.12
0.12
0.12
0.12
0.12
0.12
13.8
24.96
24.96
24.96
24.96
24.96
24.96
24.96
24.96
25.08
34.56
39.36
39.48
39.36
39.48
39.36
39.48
39.36
39.48
39.48
46.56
50.4
50.28
50.4
50.28
50.28
50.4
50.28
50.4
50.28
49.08
48.6
48.48
48.6
48.48
48.48
48.6
48.48
48.6
48.48
51.84
53.88
53.76
53.76
53.88
53.76
53.88
53.76
53.88
53.76
56.4
57.84
57.72
57.72
57.72
57.84
57.72
57.72
57.84
57.72
30.84
23.52
42.72
42.84
42.84
42.84
42.84
42.72
42.84
42.84
42.84
45.6
62.28
62.16
62.28
62.16
62.28
62.28
62.16
62.28
62.16
59.16
43.08
42.96
43.08
42.96
43.08
43.08
42.96
43.08
42.96
42.84
41.76
41.76
41.88
41.76
41.88
41.76
41.76
41.88
41.76
44.88
63.0
63.0
63.0
63.0
62.88
63.0
63.0
63.0
63.0
62.16
58.32
58.32
58.32
58.32
58.2
58.32
58.32
58.32
58.2
59.04
63.24
63.36
63.36
63.36
63.36
63.36
63.24
63.36
63.36
59.76
41.52
41.64
41.64
41.52
41.64
41.52
41.64
41.52
41.64
39.96
31.8
31.92
31.8
31.8
31.8
31.8
31.8
31.8
31.92
36.0
58.8
58.68
58.8
58.8
58.68
58.8
58.8
58.68
58.8
59.04
61.2
61.08
61.2
61.08
61.2
61.2
61.08
61.2
61.08
59.16
50.04
50.04
50.16
50.04
50.16
50.04
50.04
50.16
50.04
47.88
37.56
37.68
37.56
37.68
37.56
37.68
37.56
37.68
37.56
36.84
33.36
33.36
33.24
33.36
33.36
33.36
33.36
33.36
33.36
37.92
58.92
58.92
58.92
58.92
58.92
59.04
58.92
58.92
58.92
60.0
64.44
64.56
64.56
64.56
64.56
64.56
64.44
64.56
64.56
60.12
43.2
43.08
43.08
43.2
43.08
43.08
43.2
43.08
43.2
41.16
32.88
33.0
32.88
32.88
33.0
32.88
33.0
32.88
33.0
32.28
29.88
29.88
30.0
29.88
29.88
30.0
29.88
29.88
29.88
36.12
62.52
62.64
62.64
62.52
62.64
62.64
62.52
62.64
62.64
57.12
35.52
35.52
35.52
35.52
35.52
35.52
35.52
35.52
35.52
33.0
24.0
24.0
24.0
24.0
24.0
24.0
24.0
24.0
24.0
25.2
29.76
29.76
29.76
29.76
29.76
29.76
29.76
29.76
29.76
27.84
20.16
13.08
4.56
0.6
0.12
0.12
0.12
0.12
0.12
0.12
0.12
0.12
0.12
0.12
0.12
0.12
0.12
0.12
0.12
0.12
0.12
0.12
0.12
0.12
0.12
0.12
0.12
0.12
0.12
0.12
0.12
0.12
0.12
12.72
13.32
14.28
6.48
22.56
15.48
23.88
40.2
40.2
40.2
40.08
40.2
40.2
40.2
40.2
40.2
39.48
37.68
37.68
37.68
37.68
37.68
37.68
37.68
37.68
37.68
38.88
42.84
42.72
42.84
42.72
42.84
42.72
42.84
42.72
42.84
42.96
44.16
44.16
44.16
44.16
44.16
44.16
44.28
44.16
44.16
47.88
61.44
61.44
61.56
61.44
61.44
61.44
61.44
61.44
61.44
61.2
60.48
60.48
60.48
60.48
60.36
60.48
60.48
60.48
60.48
60.96
62.88
62.88
62.88
62.88
62.88
62.88
63.0
62.88
62.88
59.4
48.72
48.72
48.72
48.72
48.6
48.72
48.72
48.72
48.72
43.8
28.8
28.92
28.8
28.92
28.92
28.8
28.92
28.8
28.92
30.96
37.8
37.68
37.68
37.8
37.68
37.8
37.68
37.8
37.68
39.0
42.96
42.96
42.84
42.96
42.96
42.96
42.96
42.84
42.96
43.68
46.08
46.08
46.2
46.08
46.2
46.08
46.08
46.2
46.08
41.76
27.12
27.12
27.24
27.12
27.12
27.12
27.24
27.12
27.12
29.52
37.44
37.44
37.32
37.44
37.44
37.32
37.44
37.44
37.32
37.92
39.6
39.72
39.6
39.6
39.72
39.6
39.72
39.6
39.72
36.12
24.6
24.72
24.6
24.72
24.72
24.6
24.72
24.6
24.72
28.56
41.16
41.16
41.16
41.16
41.16
41.16
41.16
41.16
41.16
40.56
38.64
38.64
38.64
38.64
38.64
38.64
38.64
38.64
38.64
37.8
35.28
35.28
35.28
35.28
35.28
35.28
35.28
35.28
35.28
38.64
49.92
49.92
49.92
49.92
49.8
49.92
49.92
49.92
49.92
50.88
54.72
54.72
54.6
54.72
54.72
54.6
54.72
54.72
54.6
51.36
40.56
40.56
40.56
40.56
40.56
40.56
40.56
40.56
40.56
37.08
26.4
26.4
26.4
26.4
26.4
26.28
26.4
26.4
26.4
26.16
25.56
25.68
25.56
25.68
25.68
25.56
25.68
25.56
25.68
23.28
23.76
25.92
25.92
25.8
25.92
25.92
25.92
25.92
25.92
25.92
18.48
25.08
25.08
25.08
25.08
25.08
25.08
25.08
25.08
25.08
30.24
41.52
41.4
41.52
41.4
41.52
41.4
41.52
41.4
41.52
35.4
19.2
15.24
27.72
29.28
29.28
29.28
29.28
29.28
29.28
29.28
29.16
29.28
26.28
26.04
26.04
26.04
26.04
26.04
26.04
26.04
26.16
26.04
20.64
20.76
14.64
16.44
9.6
0.12
0.12
0.12
0.12
0.12
0.12
0.12
0.12
0.12
0.12
0.12
0.12
0.12
0.12
0.12
12.84
24.0
24.0
24.0
24.0
24.0
24.0
24.0
24.0
24.0
19.56
6.24
12.48
16.08
13.68
9.84
21.48
24.72
24.84
24.72
24.72
24.84
24.72
24.72
24.84
24.72
21.36
22.68
27.12
27.6
27.6
27.48
27.6
27.6
27.6
27.6
27.6
27.6
25.44
31.92
31.8
31.92
31.8
31.92
31.8
31.92
31.8
31.92
24.0
2.88
5.88
7.32
0.36
0.12
0.12
0.12
0.12
0.12
0.12
0.12
0.12
0.12
13.44
33.0
33.12
33.0
33.12
33.12
33.0
33.12
33.0
33.12
32.4
29.76
29.88
29.76
29.76
29.88
29.76
29.76
29.88
29.76
27.6
21.24
21.6
24.36
24.36
24.36
24.48
24.36
24.36
24.36
24.36
24.36
25.44
29.52
29.64
29.52
29.64
29.52
29.52
29.64
29.52
29.64
27.48
19.56
18.36
25.8
26.88
26.76
26.88
26.88
26.76
26.88
26.88
26.88
26.76
23.76
27.96
28.08
27.96
27.96
27.96
28.08
27.96
27.96
27.96
26.4
27.36
29.04
29.04
29.04
29.04
29.04
29.04
29.04
29.04
29.04
22.08
11.4
26.16
29.28
29.16
29.28
29.28
29.16
29.28
29.28
29.28
29.16
16.68
14.04
9.48
7.32
24.72
24.72
24.84
24.72
24.72
24.72
24.72
24.84
24.72
23.16
15.84
20.52
18.36
21.6
17.16
15.72
22.2
39.48
39.6
39.48
39.6
39.48
39.48
39.6
39.48
39.6
39.6
41.4
41.28
41.28
41.4
41.28
41.28
41.4
41.28
41.28
40.56
34.56
34.44
34.44
34.44
34.56
34.44
34.44
34.56
34.44
33.24
31.8
38.76
38.88
38.88
38.88
38.88
38.76
38.88
38.88
38.88
32.04
26.16
26.28
26.28
26.28
26.28
26.28
26.16
26.28
26.28
26.76
27.24
27.24
27.24
27.24
27.24
27.24
27.12
27.24
27.24
29.88
32.28
32.16
32.28
32.16
32.16
32.28
32.16
32.28
32.16
30.0
28.44
28.44
28.44
28.44
28.32
28.44
28.44
28.44
28.44
38.76
47.16
47.16
47.04
47.16
47.04
47.16
47.04
47.16
47.16
44.28
42.12
42.12
42.12
42.12
42.12
42.12
42.12
42.12
42.12
45.48
48.24
48.24
48.24
48.24
48.36
48.24
48.24
48.24
48.24
48.72
49.44
49.32
49.32
49.32
49.32
49.32
49.32
49.32
49.32
46.92
45.12
45.0
45.0
45.12
45.0
45.0
45.12
45.0
45.0
37.68
30.96
30.84
30.84
30.84
30.84
30.96
30.84
30.84
30.84
46.2
60.0
60.0
60.0
60.0
60.0
60.0
60.0
60.0
60.0
46.56
35.4
35.28
35.28
35.4
35.28
35.4
35.28
35.28
35.4
25.8
31.32
39.6
39.6
39.48
39.6
39.6
39.48
39.6
39.6
39.48
42.0
44.52
44.52
44.52
44.52
44.52
44.64
44.52
44.52
44.52
39.84
35.4
35.4
35.4
35.28
35.4
35.4
35.4
35.4
35.4
39.84
44.52
44.52
44.52
44.52
44.64
44.52
44.52
44.52
44.52
41.28
38.28
38.16
38.16
38.28
38.16
38.16
38.28
38.16
38.16
36.84
35.4
35.52
35.4
35.4
35.4
35.4
35.52
35.4
35.4
31.44
27.24
27.24
27.24
27.24
27.24
27.24
27.24
27.24
27.24
29.76
32.64
32.76
32.64
32.76
32.64
32.64
32.76
32.64
32.76
32.4
32.16
32.28
32.16
32.28
32.16
32.16
32.28
32.16
32.28
29.64
26.88
27.0
27.0
26.88
27.0
27.0
26.88
27.0
27.0
27.96
29.28
29.16
29.28
29.16
29.28
29.16
29.28
29.16
29.28
23.76
20.16
11.28
2.4
0.12
0.12
0.12
0.12
0.12
0.12
0.12
0.12
0.12
2.04
11.88
1.08
0.12
0.12
0.12
0.12
0.12
0.12
0.12
0.12
0.12
5.76
11.04
13.56
10.44
15.24
20.52
27.48
27.48
27.36
27.48
27.48
27.48
27.48
27.48
27.48
27.36
25.32
25.32
25.32
25.32
25.32
25.32
25.32
25.32
25.32
25.2
26.88
26.88
27.0
26.88
26.88
26.88
26.88
26.88
26.88
26.64
24.48
29.4
29.4
29.28
29.4
29.4
29.28
29.4
29.28
29.4
27.0
25.56
25.44
25.44
25.44
25.44
25.44
25.56
25.44
25.44
28.08
30.24
30.24
30.24
30.12
30.24
30.24
30.12
30.24
30.24
24.36
29.64
29.76
29.64
29.76
29.64
29.76
29.64
29.64
29.76
28.8
18.24
14.76
11.88
10.2
19.08
33.36
33.24
33.36
33.24
33.36
33.24
33.36
33.24
33.36
30.72
26.4
26.52
26.4
26.52
26.4
26.4
26.52
26.4
26.52
30.12
36.48
36.36
36.48
36.48
36.48
36.36
36.48
36.48
36.48
29.88
27.24
28.08
28.2
28.2
28.2
28.2
28.2
28.2
28.2
28.2
21.12
26.76
26.64
26.64
26.76
26.64
26.64
26.76
26.64
26.76
28.44
30.84
30.96
30.96
30.84
30.96
30.84
30.96
30.96
30.84
30.12
29.4
29.28
29.4
29.28
29.4
29.28
29.4
29.28
29.4
27.6
25.68
25.68
25.68
25.68
25.68
25.68
25.68
25.68
25.68
24.0
21.48
26.76
27.0
27.12
27.0
27.12
27.12
27.0
27.12
27.0
27.12
25.32
27.72
27.72
27.72
27.72
27.84
27.72
27.72
27.72
27.84
25.32
24.48
24.6
24.6
24.6
24.6
24.6
24.72
24.6
24.6
24.6
13.08
15.36
19.56
16.2
11.4
8.76
16.2
20.28
25.68
25.8
25.68
25.68
25.8
25.68
25.8
25.68
25.68
19.68
7.8
13.2
16.92
25.08
25.08
25.08
25.08
25.08
25.08
25.08
25.08
25.08
21.96
31.32
41.76
41.64
41.76
41.76
41.76
41.76
41.76
41.76
41.76
34.44
29.28
29.28
29.28
29.16
29.28
29.28
29.16
29.28
29.28
23.4
29.64
29.64
29.64
29.64
29.64
29.64
29.76
29.64
29.64
28.32
26.28
30.36
30.48
30.36
30.36
30.48
30.36
30.36
30.48
30.36
17.04
13.32
24.12
26.52
26.64
26.52
26.52
26.64
26.52
26.52
26.64
26.52
30.6
31.68
31.8
31.8
31.68
31.8
31.68
31.8
31.8
31.68
24.48
29.04
29.04
29.04
29.04
29.04
28.92
29.04
29.04
29.04
33.84
44.28
44.4
44.4
44.28
44.4
44.28
44.4
44.4
44.28
40.08
30.72
30.84
30.72
30.84
30.72
30.84
30.72
30.84
30.72
31.2
32.52
32.52
32.52
32.52
32.52
32.52
32.4
32.52
32.52
28.2
22.32
27.24
27.12
27.24
27.12
27.24
27.12
27.24
27.12
27.24
29.52
33.72
33.72
33.72
33.84
33.72
33.72
33.72
33.72
33.72
27.72
23.64
24.24
24.24
24.24
24.24
24.24
24.24
24.24
24.24
24.24
22.92
25.2
25.08
25.2
25.08
25.2
25.08
25.2
25.08
25.2
24.24
18.24
25.08
26.76
26.76
26.76
26.64
26.76
26.76
26.64
26.76
26.76
18.36
19.68
18.6
23.28
25.68
25.68
25.8
25.68
25.68
25.8
25.68
25.68
25.8
25.32
18.72
