5.88
5.88
5.76
5.88
5.76
5.88
5.76
5.88
7.08
9.0
9.12
9.12
9.12
9.12
9.12
9.12
9.12
23.28
26.64
26.64
26.64
26.64
26.52
26.64
26.64
26.64
26.64
29.16
29.88
29.88
29.88
29.88
29.88
29.88
29.88
29.88
29.88
46.44
50.28
50.4
50.4
50.4
50.4
50.28
50.4
50.4
50.4
30.84
26.28
26.28
26.4
26.28
26.28
26.28
26.4
26.28
26.28
16.44
14.04
14.04
14.04
14.04
14.16
14.04
14.04
19.08
38.76
38.64
38.64
38.76
38.64
38.64
38.76
38.64
38.64
35.64
23.52
23.52
23.52
23.64
23.52
23.52
23.52
23.52
31.56
40.68
40.8
40.68
40.68
40.8
40.68
40.8
40.68
40.68
34.44
27.12
27.12
27.12
27.12
27.12
27.12
27.12
27.12
27.12
28.56
30.48
30.36
30.48
30.36
30.48
30.48
30.36
30.48
30.36
34.32
39.24
39.12
39.12
39.12
39.12
39.12
39.12
39.12
39.12
31.2
21.48
21.48
21.48
21.6
21.48
21.48
21.48
21.48
22.8
23.16
23.28
23.16
23.28
23.16
23.16
23.28
24.96
32.52
32.4
32.52
32.52
32.52
32.52
32.52
32.52
32.52
31.44
27.48
27.48
27.48
27.48
27.48
27.48
27.48
27.48
27.48
30.72
45.36
45.24
45.36
45.36
45.24
45.36
45.24
45.36
45.36
43.68
37.44
37.32
37.32
37.32
37.32
37.32
37.32
37.32
37.32
36.72
34.56
34.56
34.56
34.56
34.56
34.56
34.56
34.56
34.56
34.56
34.56
34.56
34.68
34.56
34.56
34.56
34.68
34.56
34.56
33.36
27.24
27.36
27.24
27.24
27.36
27.24
27.24
27.36
27.24
24.48
9.72
9.72
9.84
9.72
9.84
9.72
9.72
9.84
10.68
11.4
11.4
11.4
11.4
11.52
11.4
11.4
11.4
19.56
19.8
19.8
19.8
19.8
19.8
19.8
19.68
16.08
9.96
9.96
9.96
9.96
9.84
9.96
9.96
9.96
17.28
19.56
19.56
19.44
19.56
19.56
19.56
19.44
20.04
22.92
23.04
22.92
22.92
22.92
23.04
22.92
22.92
17.04
12.48
12.36
12.48
12.48
12.48
12.48
12.48
12.48
26.76
27.24
27.24
27.36
27.24
27.24
27.24
27.36
27.24
27.24
27.12
27.24
27.12
27.24
27.24
27.12
27.24
27.12
27.24
27.24
31.8
32.16
32.04
32.16
32.04
32.16
32.16
32.04
32.16
32.16
33.72
33.96
33.84
33.96
33.96
33.96
33.84
33.96
33.96
33.84
36.96
37.08
37.08
37.08
37.08
37.08
37.2
37.08
37.08
37.08
23.52
22.8
22.8
22.68
22.8
22.8
22.8
22.8
23.28
25.08
25.08
25.08
24.96
25.08
25.08
25.08
25.08
24.96
26.64
30.6
30.48
30.48
30.6
30.48
30.6
30.48
30.6
30.48
29.52
27.48
27.36
27.48
27.36
27.48
27.36
27.36
27.48
27.36
25.68
21.36
21.36
21.24
21.36
21.24
21.36
21.36
21.24
27.72
31.2
31.2
31.32
31.2
31.2
31.32
31.2
31.2
31.32
38.4
42.48
42.6
42.6
42.48
42.6
42.6
42.48
42.6
42.6
24.36
14.28
14.16
14.16
14.28
14.16
14.16
14.28
14.52
23.88
23.88
23.88
23.88
23.88
23.88
23.88
23.88
23.88
47.04
56.52
56.64
56.64
56.64
56.64
56.64
56.64
56.64
56.64
43.8
39.0
38.88
38.88
39.0
38.88
39.0
38.88
39.0
38.88
31.32
28.32
28.32
28.32
28.32
28.32
28.32
28.32
28.32
28.32
27.48
27.24
27.24
27.24
27.12
27.24
27.24
27.24
27.12
27.24
39.96
45.12
45.12
45.24
45.12
45.12
45.24
45.12
45.12
45.24
35.16
31.2
31.08
31.2
31.2
31.08
31.2
31.2
31.08
31.2
36.24
38.52
38.4
38.52
38.4
38.52
38.4
38.52
38.4
38.52
30.36
26.88
27.0
26.88
27.0
26.88
27.0
26.88
27.0
26.88
24.96
24.12
24.12
24.12
24.12
24.24
24.12
24.12
24.12
24.12
22.2
21.48
21.48
21.48
21.48
21.48
21.48
21.48
22.92
44.52
44.4
44.4
44.52
44.4
44.4
44.52
44.4
44.4
43.2
26.88
26.88
26.76
26.88
26.88
26.76
26.88
26.88
26.88
26.88
30.0
29.88
29.88
30.0
29.88
29.88
30.0
29.88
29.88
28.56
8.16
8.16
8.28
8.16
8.16
8.28
8.16
8.16
7.56
6.72
6.84
6.72
6.84
6.72
6.84
6.72
6.84
5.88
6.0
6.0
5.88
6.0
6.0
5.88
6.0
5.64
5.4
5.4
5.28
5.4
5.4
5.28
5.4
5.4
6.12
6.6
6.72
6.6
6.6
6.72
6.6
6.6
6.36
4.8
4.92
4.8
4.92
4.8
4.92
4.8
4.92
6.12
7.44
7.44
7.44
7.32
7.44
7.44
7.44
7.44
8.88
9.0
9.0
8.88
9.0
9.0
9.0
9.0
10.68
14.52
14.52
14.4
14.52
14.4
14.52
14.4
14.52
28.8
33.84
33.72
33.72
33.84
33.72
33.72
33.72
33.84
33.72
30.36
29.28
29.4
29.28
29.4
29.28
29.4
29.28
29.4
29.28
27.24
26.52
26.64
26.64
26.52
26.64
26.52
26.64
26.64
26.52
17.88
14.76
14.88
14.76
14.88
14.76
14.88
14.88
13.92
9.48
9.36
9.48
9.36
9.48
9.36
9.48
9.36
11.76
13.68
13.68
13.68
13.56
13.68
13.68
13.68
13.68
6.84
6.6
6.72
6.6
6.72
6.6
6.72
6.6
16.68
33.72
33.84
33.84
33.72
33.84
33.84
33.72
33.84
33.84
32.64
30.84
30.96
30.84
30.84
30.84
30.96
30.84
30.84
30.84
36.36
47.04
46.92
46.92
46.92
46.92
46.92
47.04
46.92
46.92
41.28
31.2
31.2
31.2
31.08
31.2
31.2
31.08
31.2
31.2
33.84
39.48
39.48
39.48
39.48
39.48
39.48
39.48
39.48
39.48
37.32
33.12
33.0
33.12
33.0
33.12
33.0
33.12
33.0
33.12
30.12
24.0
24.12
24.0
24.12
24.12
24.0
24.12
24.0
24.12
30.12
42.72
42.72
42.72
42.72
42.72
42.72
42.72
42.84
42.72
37.92
27.96
27.96
28.08
27.96
27.96
27.96
27.96
28.08
27.96
34.56
49.2
49.08
49.08
49.2
49.08
49.08
49.08
49.2
49.08
46.32
40.44
40.56
40.44
40.56
40.44
40.56
40.44
40.56
40.44
40.8
41.52
41.52
41.52
41.52
41.52
41.52
41.52
41.52
41.52
39.96
36.24
36.24
36.24
36.24
36.24
36.24
36.24
36.24
36.24
37.32
40.08
40.2
40.2
40.08
40.2
40.08
40.2
40.2
40.08
35.64
24.24
24.24
24.24
24.24
24.12
24.24
24.24
24.24
24.24
27.24
35.52
35.52
35.4
35.52
35.52
35.52
35.4
35.52
35.52
31.2
20.28
20.28
20.28
20.28
20.16
20.28
20.28
20.28
21.24
21.84
21.84
21.84
21.96
21.84
21.84
21.84
22.2
29.04
29.16
29.16
29.16
29.16
29.16
29.04
29.16
29.16
28.8
22.08
22.2
22.08
22.08
22.08
22.2
22.08
22.08
15.72
7.44
7.44
7.44
7.32
7.44
7.44
7.44
7.44
12.84
13.92
13.92
13.92
13.92
13.92
13.92
13.92
12.72
9.12
9.12
9.12
9.12
9.24
9.12
9.12
9.12
7.44
6.72
6.72
6.72
6.72
6.72
6.6
6.72
6.48
4.2
4.32
4.2
4.2
4.32
4.2
4.2
4.32
10.68
18.0
17.88
18.0
17.88
18.0
17.88
18.0
17.88
9.0
7.8
7.92
7.8
7.92
7.8
7.92
7.8
6.36
3.0
3.0
3.12
3.0
3.0
3.0
3.12
3.0
17.28
23.64
23.64
23.64
23.64
23.64
23.64
23.64
24.12
33.0
33.0
33.12
33.0
33.0
33.0
33.0
33.0
33.12
32.88
32.52
32.52
32.52
32.52
32.52
32.52
32.52
32.52
32.52
32.76
36.84
36.72
36.84
36.84
36.72
36.84
36.84
36.72
36.84
36.72
36.72
36.84
36.84
36.72
36.84
36.72
36.84
36.84
36.72
36.6
30.48
30.6
30.6
30.6
30.48
30.6
30.6
30.48
30.6
30.36
24.96
24.96
25.08
24.96
24.96
25.08
24.96
24.96
25.08
24.84
21.84
21.96
21.84
21.84
21.84
21.96
21.84
21.84
21.12
19.92
20.04
20.04
19.92
20.04
20.04
19.92
20.04
20.04
20.28
20.28
20.16
20.28
20.16
20.28
20.16
20.16
20.28
20.28
20.28
20.28
20.28
20.28
20.28
20.28
28.44
34.08
33.96
34.08
34.08
34.08
34.08
34.08
34.08
33.96
32.04
30.6
30.6
30.6
30.6
30.6
30.6
30.6
30.6
30.6
43.2
52.32
52.44
52.32
52.44
52.32
52.44
52.44
52.32
52.44
50.88
50.04
50.04
49.92
50.04
50.04
50.04
49.92
50.04
50.04
53.4
55.8
55.8
55.8
55.8
55.8
55.8
55.92
55.8
55.8
62.76
67.56
67.44
67.56
67.56
67.44
67.56
67.56
67.44
67.56
54.36
45.96
46.08
45.96
46.08
46.08
45.96
46.08
45.96
46.08
32.28
23.4
23.4
23.52
23.4
23.52
23.4
23.4
23.52
62.88
65.52
65.52
65.52
65.52
65.52
65.52
65.52
65.52
65.52
65.16
65.28
65.28
65.28
65.16
65.28
65.28
65.28
65.28
65.16
34.32
33.0
33.0
33.0
33.0
33.0
33.0
33.0
33.12
33.0
55.92
57.36
57.36
57.36
57.36
57.36
57.36
57.36
57.24
57.36
51.6
51.24
51.36
51.36
51.24
51.36
51.24
51.36
51.36
51.24
38.16
37.44
37.56
37.56
37.44
37.56
37.56
37.44
37.56
37.44
25.08
24.24
24.24
24.36
24.24
24.36
24.24
24.24
24.36
24.24
28.56
29.04
28.92
29.04
28.92
28.92
29.04
28.92
29.04
28.92
45.12
46.32
46.2
46.32
46.32
46.32
46.2
46.32
46.32
46.2
69.72
71.04
71.16
71.16
71.04
71.16
71.16
71.04
71.16
71.16
47.28
46.2
46.2
46.2
46.2
46.2
46.2
46.2
46.2
46.2
36.0
35.64
35.64
35.64
35.64
35.64
35.52
35.64
35.64
35.64
28.8
28.32
28.44
28.32
28.32
28.44
28.32
28.44
28.32
28.32
42.96
43.92
43.92
43.92
43.92
43.92
44.04
43.92
43.92
43.92
30.48
29.76
29.64
29.76
29.64
29.76
29.76
29.64
29.76
29.64
53.04
54.72
54.6
54.6
54.6
54.6
54.6
54.6
54.72
54.6
68.28
69.0
69.0
69.12
69.0
69.0
69.0
69.0
69.12
69.0
63.96
63.6
63.72
63.6
63.72
63.6
63.72
63.6
63.72
63.72
43.92
42.96
43.08
42.96
42.96
43.08
42.96
42.96
43.08
42.96
31.56
30.96
30.96
30.96
30.96
30.96
30.96
30.96
30.96
30.96
42.36
43.32
43.2
43.2
43.32
43.2
43.32
43.2
43.2
43.32
57.36
58.44
58.44
58.56
58.44
58.44
58.44
58.56
58.44
58.44
58.08
58.08
57.96
58.08
58.08
57.96
58.08
57.96
58.08
58.08
43.8
43.2
43.2
43.08
43.2
43.2
43.2
43.08
43.2
43.2
41.52
41.4
41.4
41.52
41.4
41.4
41.52
41.4
41.4
41.52
34.2
33.96
33.84
33.96
33.96
33.84
33.96
33.96
33.84
33.96
9.6
8.16
8.16
8.16
8.16
8.16
8.16
8.16
10.44
14.88
14.88
14.88
14.88
14.88
14.88
14.88
14.88
33.6
39.84
39.72
39.72
39.72
39.84
39.72
39.72
39.84
39.72
50.76
54.36
54.48
54.36
54.48
54.36
54.48
54.36
54.48
54.48
40.56
36.12
36.12
36.12
36.12
36.12
36.0
36.12
36.12
36.12
39.72
41.04
41.04
40.92
41.04
41.04
41.04
41.04
41.04
41.04
29.16
24.72
24.84
24.72
24.72
24.72
24.84
24.72
24.72
24.72
22.8
22.08
21.96
22.08
22.08
22.08
22.08
22.08
23.4
35.04
35.16
35.04
35.16
35.04
35.16
35.04
35.16
35.04
34.56
29.52
29.52
29.4
29.52
29.52
29.52
29.52
29.4
29.52
28.44
20.28
20.28
20.28
20.28
20.28
20.28
20.28
20.28
17.16
14.28
14.28
14.28
14.16
14.28
14.28
14.28
14.28
21.72
22.44
22.56
22.56
22.56
22.56
22.44
22.56
20.28
14.76
14.76
14.88
14.76
14.76
14.76
14.76
14.88
10.68
8.88
8.88
8.88
8.88
8.88
8.88
9.0
9.12
12.6
12.48
12.6
12.6
12.48
12.6
12.6
12.6
13.8
15.24
15.24
15.24
15.24
15.24
15.24
15.36
15.24
11.88
11.76
11.76
11.64
11.76
11.76
11.76
11.64
12.36
13.8
13.8
13.8
13.68
13.8
13.8
13.8
13.68
3.72
0.12
0.12
0.12
0.12
0.12
0.12
0.12
0.12
0.12
0.12
0.24
0.36
0.36
0.36
0.36
0.36
0.48
0.84
0.84
0.84
0.84
0.84
0.84
0.84
0.84
0.24
0.24
0.24
0.12
0.24
0.24
0.12
0.24
0.72
1.8
1.8
1.8
1.8
1.92
1.8
1.8
1.8
13.44
16.92
16.92
16.8
16.92
16.92
16.92
16.8
13.92
1.56
1.56
1.56
1.56
1.56
1.56
1.56
1.44
0.72
0.12
0.12
0.12
0.12
0.12
0.12
0.12
0.12
0.12
0.12
0.12
0.12
0.12
0.12
0.12
0.12
0.12
0.12
0.12
0.12
0.12
0.12
0.12
0.12
0.12
0.12
0.12
0.12
0.12
0.12
0.12
0.12
0.12
0.12
0.12
0.12
0.12
0.12
0.12
0.12
0.12
0.12
0.12
0.12
0.12
0.12
0.12
0.12
0.12
0.12
0.12
0.12
0.12
0.12
0.12
0.12
0.12
0.12
0.12
0.12
0.12
0.12
0.12
0.12
0.12
0.12
0.12
0.12
0.12
0.12
0.12
0.12
0.12
0.12
0.12
0.12
0.12
0.12
0.12
0.12
0.12
0.12
0.12
0.12
0.12
0.12
0.12
0.12
0.12
0.12
0.12
0.12
0.12
0.12
0.12
0.12
0.12
0.12
0.12
0.12
0.12
0.12
0.12
0.12
0.12
0.12
0.12
0.12
0.12
0.12
0.12
0.12
0.12
0.12
0.12
0.12
0.12
0.12
0.12
0.12
0.12
0.12
0.12
0.12
0.12
0.12
0.12
0.12
0.12
0.12
0.12
0.12
0.12
0.12
0.12
0.12
0.12
0.12
0.12
0.12
0.12
0.12
0.12
0.12
0.12
0.12
0.12
0.12
0.12
0.12
0.12
0.12
0.12
0.24
0.36
0.48
0.36
0.48
0.24
0.48
0.36
0.36
0.48
0.36
0.36
0.48
0.36
0.48
0.48
0.48
0.36
0.48
0.48
0.48
0.48
0.12
0.12
0.12
0.12
0.12
0.12
0.12
0.12
0.12
0.12
0.12
0.12
0.12
0.12
0.12
0.12
0.12
0.12
0.12
0.12
0.12
0.12
0.12
0.12
0.12
0.12
0.12
0.12
0.12
0.12
0.12
0.12
0.12
0.12
0.12
0.12
0.12
0.12
0.12
0.12
0.12
0.12
0.12
0.12
0.12
0.12
0.12
0.12
0.12
0.12
0.12
0.12
0.12
0.12
0.12
0.12
0.12
0.12
0.12
0.12
0.12
0.12
0.12
0.12
0.12
0.12
0.12
0.12
0.12
0.12
0.12
0.12
0.12
0.12
0.12
0.12
0.12
0.12
0.12
0.12
0.12
0.12
0.12
0.12
0.12
0.12
0.12
0.12
0.12
0.12
0.12
0.12
0.12
0.12
0.12
0.12
0.12
0.12
0.12
0.12
0.12
0.12
0.12
0.12
0.12
0.12
0.12
0.12
0.12
0.12
0.12
0.12
0.12
0.12
0.12
0.12
0.12
0.12
0.12
0.12
0.12
0.12
0.12
0.12
0.12
0.12
0.12
0.12
0.12
0.12
0.12
0.12
0.12
0.12
0.12
0.12
0.12
0.12
0.12
0.12
0.12
0.12
0.12
0.12
0.12
0.12
0.12
0.12
0.12
0.12
0.12
0.12
0.12
0.12
0.12
0.12
0.12
0.12
0.12
0.12
0.12
0.12
0.12
0.12
0.12
0.12
0.12
0.12
0.12
0.12
0.12
0.12
0.12
0.12
0.12
0.12
0.12
0.12
0.12
0.12
0.12
0.12
0.12
0.12
0.12
0.12
0.12
0.12
0.12
0.12
0.12
0.12
0.12
0.12
0.12
0.12
0.12
0.12
0.12
0.12
0.12
0.12
0.12
0.12
0.12
0.12
0.12
0.6
0.6
0.72
0.6
0.72
0.84
0.96
0.84
0.96
0.84
0.84
0.96
0.84
0.48
0.12
0.12
0.12
0.12
0.12
0.12
0.12
0.12
0.12
0.12
0.12
0.36
0.36
0.36
0.36
0.48
0.24
0.12
0.12
0.12
0.12
0.12
0.12
0.12
0.12
0.12
0.12
0.12
0.12
0.12
0.12
0.12
0.12
0.12
0.12
0.12
0.12
0.12
0.12
0.12
0.12
0.12
0.12
0.12
0.12
0.12
0.12
0.12
0.12
0.12
0.12
0.12
0.12
0.12
0.12
0.12
0.12
0.12
0.12
0.12
0.12
0.12
0.12
0.12
0.12
0.12
0.12
0.12
0.12
0.12
0.12
1.2
1.44
1.44
1.44
17.16
21.48
21.6
21.48
21.48
21.6
21.48
21.48
25.2
41.28
41.16
41.28
41.28
41.28
41.28
41.28
41.16
41.28
42.48
47.88
47.76
47.88
47.76
47.76
47.88
47.76
47.88
47.76
50.88
64.08
63.96
64.08
64.08
63.96
64.08
64.08
64.08
63.96
61.92
53.76
53.64
53.76
53.64
53.76
53.64
53.76
53.64
53.76
48.12
27.36
27.36
27.36
27.24
27.36
27.36
27.24
27.36
27.36
33.12
55.32
55.2
55.32
55.2
55.32
55.2
55.32
55.2
55.32
46.92
15.96
15.96
16.08
15.96
15.96
15.96
15.96
15.96
12.36
10.44
10.56
10.44
10.44
10.44
10.44
10.44
10.56
17.64
17.76
17.64
17.64
17.64
17.76
17.64
17.64
21.6
26.88
27.0
26.88
27.0
26.88
26.88
27.0
26.88
27.0
26.04
25.2
25.2
25.2
25.32
25.2
25.2
25.2
25.2
25.32
23.4
21.24
21.24
21.24
21.24
21.36
21.24
21.24
21.24
27.6
29.04
29.04
28.92
29.04
28.92
29.04
29.04
28.92
29.04
35.88
37.32
37.44
37.32
37.44
37.32
37.44
37.32
37.44
37.32
46.2
48.24
48.24
48.24
48.24
48.24
48.24
48.36
48.24
48.24
42.0
40.68
40.68
40.68
40.68
40.68
40.68
40.68
40.68
40.68
31.44
29.16
29.28
29.16
29.28
29.16
29.28
29.28
29.16
29.28
29.16
29.4
29.28
29.28
29.4
29.28
29.4
29.28
29.28
29.4
15.6
12.48
12.6
12.48
12.48
12.6
12.48
12.48
10.32
2.28
2.28
2.16
2.28
2.28
2.28
2.28
2.28
16.08
24.12
24.24
24.12
24.24
24.12
24.24
24.24
24.12
24.24
22.56
21.84
21.84
21.84
21.84
21.84
21.84
21.84
21.6
14.64
14.52
14.64
14.64
14.64
14.52
14.64
14.64
12.12
8.88
9.0
9.0
9.0
8.88
9.0
9.0
9.0
4.08
3.36
3.24
3.24
3.24
3.36
3.24
3.24
6.72
17.4
17.4
17.4
17.4
17.4
17.4
17.4
17.4
12.72
10.32
10.44
10.44
10.32
10.44
10.32
10.44
9.96
4.56
4.44
4.56
4.44
4.56
4.56
4.44
4.56
3.0
1.44
1.56
1.44
1.56
1.44
1.56
1.56
1.44
0.24
0.12
0.12
0.12
0.12
0.12
0.12
0.12
0.12
0.12
26.64
31.2
31.2
31.32
31.2
31.2
31.2
31.2
31.2
31.32
26.88
26.64
26.52
26.64
26.52
26.52
26.64
26.52
26.52
26.64
20.4
19.92
19.8
19.8
19.8
19.8
19.8
19.8
19.44
18.96
18.84
18.96
18.96
18.84
18.96
18.84
18.96
21.6
22.92
22.8
22.92
22.92
22.8
22.92
22.92
22.2
17.88
17.88
17.88
17.76
17.88
17.88
17.88
17.76
20.28
22.68
22.68
22.68
22.56
22.68
22.68
22.68
22.68
18.48
17.88
17.88
17.88
17.88
17.76
17.88
17.88
15.48
9.0
8.88
9.0
9.0
9.0
9.0
8.88
9.0
5.88
4.44
4.32
4.44
4.44
4.32
4.44
4.44
4.2
3.36
3.36
3.48
3.36
3.36
3.48
3.36
3.36
2.76
2.04
2.04
2.04
2.04
2.04
2.04
2.04
2.04
1.8
2.04
1.92
2.04
1.92
2.04
1.92
2.04
1.32
0.12
0.12
0.12
0.12
0.12
0.12
0.12
0.12
0.12
0.12
0.12
0.12
0.12
0.12
0.12
0.12
0.12
1.8
2.4
2.52
2.4
2.52
2.4
2.52
2.4
14.76
25.32
25.32
25.32
25.32
25.32
25.32
25.32
25.32
25.32
29.76
33.72
33.6
33.72
33.72
33.72
33.6
33.72
33.72
33.6
34.68
35.76
35.76
35.64
35.76
35.76
35.64
35.76
35.76
35.64
39.48
42.84
42.84
42.84
42.84
42.84
42.84
42.84
42.84
42.84
46.32
49.56
49.56
49.56
49.44
49.56
49.56
49.56
49.56
49.56
48.36
47.4
47.4
47.4
47.4
47.4
47.4
47.4
47.4
47.4
38.16
29.88
29.88
29.88
29.88
29.88
29.88
29.88
29.88
29.88
32.52
35.04
35.16
35.16
35.04
35.16
35.16
35.04
35.16
35.16
33.84
33.0
32.88
33.0
32.88
33.0
32.88
32.88
33.0
32.88
25.08
17.28
17.28
17.28
17.28
17.28
17.28
17.4
17.28
25.8
26.88
26.88
26.88
26.88
26.88
26.88
26.88
26.88
26.88
11.76
9.96
9.96
9.96
9.96
9.96
9.96
9.84
16.68
32.76
32.76
32.76
32.76
32.76
32.76
32.76
32.76
32.76
30.96
27.36
27.24
27.24
27.36
27.24
27.24
27.24
27.36
27.24
23.64
15.0
15.12
15.0
15.12
15.0
15.0
15.12
15.0
13.68
13.08
13.2
13.08
13.2
13.08
13.08
13.2
14.4
25.68
25.56
25.68
25.56
25.68
25.56
25.68
25.56
25.68
25.32
23.4
23.52
23.4
23.52
23.4
23.52
23.4
23.52
24.6
26.28
26.28
26.28
26.28
26.28
26.28
26.28
26.28
26.28
27.96
30.0
30.0
30.0
30.0
29.88
30.0
30.0
30.0
30.0
33.12
36.96
36.96
36.84
36.96
36.96
36.84
36.96
36.96
36.96
34.32
31.32
31.32
31.32
31.44
31.32
31.32
31.32
31.32
31.32
32.76
34.32
34.44
34.32
34.44
34.32
34.44
34.44
34.32
34.44
29.64
23.64
23.64
23.64
23.64
23.64
23.64
23.64
23.64
25.08
26.28
26.28
26.28
26.28
26.4
26.28
26.28
26.28
26.28
21.84
18.84
18.84
18.96
18.84
18.84
18.84
18.84
18.84
9.48
9.48
9.6
9.48
9.6
9.48
9.48
9.6
8.4
7.08
6.96
7.08
6.96
7.08
7.08
6.96
7.08
7.92
8.28
8.16
8.28
8.28
8.28
8.16
8.28
12.0
24.72
24.72
24.72
24.6
24.72
24.72
24.72
24.72
24.72
21.6
11.52
11.52
11.52
11.52
11.52
11.64
11.52
11.52
6.6
3.96
3.96
4.08
3.96
3.96
4.08
3.96
4.2
10.8
10.8
10.68
10.8
10.8
10.8
10.68
10.8
12.24
13.8
13.92
13.92
13.92
13.8
13.92
13.92
13.92
7.32
6.36
6.36
6.36
6.36
6.48
6.36
6.36
6.72
8.4
8.4
8.4
8.4
8.28
8.4
8.4
8.4
7.32
6.96
6.96
6.96
6.96
6.96
6.96
6.96
6.96
8.16
8.16
8.28
8.16
8.16
8.28
8.16
8.16
9.24
10.56
10.44
10.56
10.44
10.56
10.44
10.56
10.44
15.0
15.36
15.48
15.48
15.36
15.48
15.48
15.36
15.6
16.08
15.96
16.08
15.96
15.96
16.08
15.96
16.08
10.08
7.92
8.04
7.92
7.92
8.04
7.92
7.92
7.44
4.68
4.68
4.8
4.68
4.68
4.68
4.68
4.68
5.04
5.4
5.4
5.4
5.4
5.4
5.4
5.4
5.4
7.68
7.92
7.92
7.8
7.92
7.8
7.92
7.92
8.4
9.48
9.48
9.48
9.48
9.48
9.48
9.48
9.48
7.68
7.32
7.2
7.2
7.2
7.2
7.2
7.2
6.96
5.76
5.76
5.76
5.76
5.76
5.76
5.76
5.76
6.72
7.56
7.56
7.56
7.56
7.56
7.56
7.44
7.68
12.12
12.12
12.24
12.12
12.12
12.24
12.12
12.12
10.56
8.4
8.4
8.52
8.4
8.4
8.4
8.4
8.4
14.88
16.2
16.2
16.32
16.2
16.2
16.32
16.2
14.88
10.56
10.56
10.68
10.56
10.68
10.56
10.56
10.68
10.08
9.96
9.96
9.96
9.96
9.96
9.96
10.08
10.2
15.84
15.72
15.84
15.72
15.84
15.72
15.84
15.84
12.36
8.28
8.4
8.28
8.4
8.28
8.4
8.28
8.4
12.72
13.44
13.56
13.56
13.56
13.56
13.56
13.56
14.4
17.04
17.04
17.04
17.04
17.04
17.04
17.04
17.04
14.28
12.96
13.08
13.08
13.08
13.08
13.08
13.08
13.08
13.44
13.44
13.44
13.44
13.44
13.44
13.44
13.44
17.16
20.88
21.0
21.0
20.88
21.0
20.88
21.0
21.0
17.52
17.4
17.28
17.4
17.28
17.4
17.28
17.4
16.68
15.48
15.48
15.48
15.48
15.48
15.48
15.36
15.48
15.0
14.88
14.88
14.88
14.76
14.88
14.88
14.88
15.96
23.64
23.64
23.76
23.64
23.64
23.64
23.64
23.76
22.56
20.4
20.28
20.4
20.28
20.4
20.4
20.28
20.4
18.24
17.52
17.52
17.52
17.52
17.4
17.52
17.52
17.28
16.44
16.44
16.44
16.32
16.44
16.44
16.44
16.44
15.24
14.28
14.28
14.4
14.28
14.28
14.28
14.28
14.28
12.6
12.6
12.48
12.48
12.48
12.6
12.48
12.48
11.64
9.72
9.72
9.84
9.72
9.72
9.84
9.72
9.72
15.48
17.76
17.64
17.76
17.76
17.64
17.76
17.64
17.16
14.4
14.28
14.4
14.28
14.4
14.28
14.4
14.28
13.44
12.72
12.72
12.84
12.72
12.72
12.72
12.84
12.72
16.56
16.92
16.8
16.8
16.8
16.92
16.8
16.8
15.6
13.32
13.32
13.32
13.44
13.32
13.32
13.44
13.32
20.04
22.08
22.2
22.08
22.2
22.08
22.2
22.08
22.2
23.16
23.04
23.16
23.04
23.16
23.04
23.16
23.04
22.08
21.36
21.24
21.36
21.24
21.36
21.36
21.24
21.36
25.92
26.76
26.64
26.64
26.64
26.64
26.64
26.64
26.76
26.64
27.96
28.08
28.2
28.2
28.2
28.08
28.2
28.2
28.2
28.08
21.0
20.28
20.16
20.28
20.16
20.28
20.16
20.28
20.04
20.28
20.4
20.28
20.28
20.28
20.4
20.28
20.28
24.0
25.68
25.8
25.68
25.8
25.68
25.8
25.8
25.68
25.8
25.68
25.8
25.92
25.8
25.8
25.92
25.8
25.8
25.8
25.92
29.76
31.68
31.8
31.68
31.8
31.68
31.8
31.68
31.8
31.68
25.56
22.68
22.68
22.8
22.68
22.68
22.68
22.68
23.04
27.0
27.12
27.12
27.12
27.12
27.0
27.12
27.12
27.12
26.52
19.8
19.68
19.8
19.68
19.8
19.8
19.68
19.8
15.6
11.52
11.4
11.4
11.52
11.4
11.4
11.52
11.4
16.32
16.8
16.92
16.92
16.92
16.8
16.92
16.92
16.32
15.12
15.24
15.24
15.12
15.24
15.24
15.12
15.24
15.48
15.72
15.6
15.72
15.6
15.72
15.6
15.72
15.84
18.24
18.24
18.24
18.24
18.24
18.24
18.24
18.24
11.64
5.76
5.64
5.76
5.64
5.76
5.64
5.76
5.64
14.64
15.24
15.36
15.24
15.36
15.24
15.24
15.36
15.72
16.92
16.8
16.92
16.8
16.92
16.8
16.8
16.92
16.68
16.56
16.68
16.68
16.56
16.68
16.68
16.68
16.56
16.56
16.68
16.68
16.68
16.56
16.68
16.68
16.68
13.08
10.56
10.68
10.68
10.56
10.68
10.56
10.68
10.56
31.56
32.04
32.04
31.92
32.04
32.04
32.04
32.04
32.04
31.92
19.68
19.44
19.32
19.44
19.44
19.32
19.44
19.32
18.6
17.52
17.64
17.52
17.52
17.64
17.52
17.52
17.64
14.16
13.56
13.44
13.44
13.44
13.56
13.44
13.44
15.84
25.32
25.32
25.2
25.32
25.32
25.32
25.32
25.32
25.32
23.4
15.48
15.6
15.48
15.6
15.48
15.6
15.48
15.48
18.96
21.36
21.36
21.24
21.36
21.36
21.36
21.24
21.24
18.48
18.48
18.36
18.48
18.48
18.48
18.36
18.48
15.6
11.76
11.76
11.76
11.76
11.88
11.76
11.76
11.76
39.6
45.36
45.24
45.36
45.36
45.36
45.24
45.36
45.36
45.36
40.56
39.72
39.6
39.72
39.72
39.6
39.72
39.72
39.6
39.72
11.28
5.16
5.16
5.04
5.16
5.16
5.16
5.16
9.48
24.48
24.48
24.48
24.48
24.48
24.48
24.48
24.48
24.48
27.12
36.36
36.36
36.36
36.36
36.36
36.24
36.36
36.36
36.36
35.64
33.6
33.6
33.48
33.6
33.6
33.6
33.48
33.6
33.6
32.52
28.68
28.56
28.68
28.68
28.68
28.68
28.68
28.68
28.56
27.6
23.88
23.76
23.76
23.88
23.76
23.88
23.76
23.88
26.52
33.0
33.0
33.12
33.0
33.0
33.0
33.12
33.0
33.0
29.28
20.88
20.76
20.76
20.76
20.76
20.76
20.88
20.76
11.28
6.96
7.08
6.96
6.96
6.96
7.08
6.96
11.52
57.84
57.96
57.84
57.96
57.84
57.96
57.84
57.96
57.96
53.16
10.8
10.92
10.92
10.92
10.92
10.92
10.8
10.92
13.08
15.12
15.12
15.24
15.12
15.12
15.12
15.12
15.24
24.48
25.32
25.32
25.44
25.32
25.32
25.32
25.44
25.32
25.32
14.76
13.8
13.8
13.8
13.8
13.92
13.8
13.8
10.44
3.72
3.84
3.72
3.84
3.84
3.72
3.84
3.72
19.44
24.96
24.96
24.96
25.08
24.96
24.96
25.08
24.96
24.96
24.0
23.88
23.76
23.88
23.76
23.88
23.76
23.88
23.88
24.12
24.36
24.24
24.36
24.36
24.24
24.36
24.36
24.24
24.36
28.68
28.92
28.92
28.92
28.8
28.92
28.92
28.8
28.92
28.92
15.6
15.24
15.24
15.24
15.36
15.24
15.24
15.24
16.44
18.24
18.36
18.36
18.36
18.36
18.36
18.36
18.36
29.52
33.0
32.88
32.88
32.88
32.88
33.0
32.88
32.88
32.88
30.0
29.16
29.04
29.16
29.16
29.16
29.16
29.16
29.16
29.16
29.28
29.28
29.28
29.28
29.28
29.28
29.4
29.28
29.28
29.28
33.48
34.68
34.8
34.8
34.8
34.8
34.68
34.8
34.8
34.8
23.16
19.92
19.8
19.92
19.92
19.92
19.8
19.92
21.0
26.76
26.88
26.88
26.88
26.88
26.88
26.88
26.76
26.88
25.92
21.6
21.6
21.6
21.6
21.6
21.6
21.6
21.72
31.92
40.92
41.04
40.92
40.92
41.04
40.92
41.04
40.92
40.92
40.32
39.6
39.72
39.6
39.72
39.6
39.72
39.6
39.72
39.6
39.12
38.52
38.52
38.52
38.52
38.52
38.52
38.52
38.52
38.52
42.12
45.72
45.6
45.6
45.72
45.6
45.6
45.6
45.72
45.6
47.88
50.04
50.04
50.04
50.04
50.04
50.04
50.04
50.04
50.04
39.6
30.0
30.0
30.0
30.0
30.0
30.0
30.0
30.0
30.0
38.76
47.04
47.04
47.04
47.04
47.04
47.04
47.04
46.92
47.04
37.68
29.28
29.28
29.28
29.28
29.28
29.28
29.28
29.16
29.28
27.84
26.52
26.64
26.52
26.52
26.64
26.52
26.64
26.52
26.64
29.04
31.44
31.32
31.44
31.44
31.44
31.44
31.44
31.32
31.44
29.28
27.0
27.12
27.0
27.12
27.0
27.12
27.0
27.12
27.12
30.48
34.08
33.96
34.08
34.08
33.96
34.08
34.08
33.96
34.08
32.76
31.68
31.68
31.56
31.68
31.68
31.56
31.68
31.68
31.68
28.92
26.4
26.52
26.4
26.52
26.4
26.52
26.4
26.52
26.52
26.52
26.88
26.76
26.76
26.88
26.76
26.76
26.88
26.76
26.76
26.76
26.88
26.88
26.88
26.88
26.88
26.88
26.88
26.88
26.88
23.52
20.16
20.16
20.28
20.16
20.16
20.28
20.16
20.16
28.32
29.64
29.52
29.52
29.64
29.52
29.64
29.52
29.52
29.64
16.08
14.4
14.4
14.4
14.4
14.4
14.4
14.4
10.2
0.12
0.12
0.12
0.12
0.12
0.12
0.12
0.12
4.44
6.96
6.96
6.84
6.96
6.96
6.96
6.96
8.52
22.08
22.2
22.2
22.08
22.2
22.2
22.08
22.2
12.0
2.16
2.16
2.16
2.16
2.16
2.16
2.16
2.16
0.24
0.12
0.12
0.12
0.12
0.12
0.24
0.12
9.72
30.36
30.36
30.24
30.36
30.24
30.36
30.36
30.24
30.36
26.04
17.04
17.04
16.92
17.04
17.04
16.92
17.04
17.04
12.6
11.16
11.04
11.16
11.04
11.16
11.16
11.04
11.52
13.92
14.04
14.04
14.04
13.92
14.04
14.04
14.04
13.2
12.72
12.84
12.72
12.84
12.72
12.72
12.84
12.72
23.28
23.88
23.88
23.88
24.0
23.88
23.88
23.88
22.92
17.04
16.92
16.92
16.92
16.92
16.92
16.92
16.92
15.12
13.32
13.44
13.44
13.44
13.44
13.32
13.44
13.44
13.92
14.04
13.92
14.04
14.04
13.92
14.04
14.04
13.2
12.36
12.36
12.36
12.36
12.36
12.36
12.24
12.36
15.36
16.44
16.44
16.44
16.44
16.44
16.44
16.44
15.36
9.84
9.96
9.84
9.96
9.96
9.84
9.96
9.84
14.04
17.16
17.28
17.16
17.16
17.16
17.16
17.28
17.16
19.2
19.32
19.44
19.32
19.32
19.44
19.32
19.32
18.96
18.72
18.6
18.6
18.6
18.6
18.6
18.6
18.6
20.64
21.24
21.24
21.24
21.24
21.24
21.24
21.24
20.64
18.84
18.84
18.84
18.84
18.84
18.84
18.84
18.84
26.76
32.76
32.64
32.64
32.64
32.64
32.64
32.76
32.64
32.64
33.48
34.32
34.32
34.2
34.32
34.32
34.2
34.32
34.32
34.2
32.16
30.36
30.48
30.48
30.48
30.36
30.48
30.48
30.36
30.48
22.32
15.72
15.72
15.72
15.6
15.72
15.72
15.72
15.72
23.64
24.12
24.0
24.12
24.12
24.0
24.12
24.0
24.12
24.12
40.32
41.4
41.28
41.28
41.28
41.28
41.28
41.28
41.4
41.28
19.8
18.6
18.6
18.6
18.6
18.48
18.6
18.6
18.24
18.0
18.0
18.0
18.0
18.0
17.88
18.0
18.0
21.0
22.2
22.2
22.2
22.2
22.2
22.2
22.2
21.6
18.72
18.72
18.72
18.6
18.72
18.72
18.72
18.72
21.48
24.0
24.0
23.88
24.0
23.88
24.0
24.0
23.88
24.0
22.56
21.48
21.36
21.48
21.48
21.48
21.48
21.36
21.48
14.4
14.04
14.16
14.16
14.16
14.04
14.16
14.16
19.8
29.52
29.52
29.52
29.52
29.52
29.52
29.52
29.52
29.52
25.68
19.2
19.2
19.08
19.2
19.2
19.2
19.2
19.2
15.12
14.04
14.04
13.92
14.04
14.04
14.04
14.04
13.2
9.48
9.48
9.48
9.6
9.48
9.48
9.48
9.6
13.56
16.56
16.56
16.56
16.56
16.56
16.56
16.56
16.44
21.72
21.6
21.72
21.72
21.6
21.72
21.6
21.72
20.16
18.36
18.24
18.24
18.36
18.24
18.24
18.24
18.36
14.76
13.92
13.92
13.92
14.04
13.92
13.92
14.04
13.68
12.72
12.72
12.72
12.84
12.72
12.72
12.72
12.84
23.4
30.48
30.36
30.48
30.36
30.48
30.36
30.48
30.36
30.48
24.48
21.0
21.0
21.0
20.88
21.0
21.0
21.0
21.0
27.0
27.12
27.0
27.0
27.0
27.12
27.0
27.0
27.12
26.76
20.4
20.4
20.28
20.4
20.4
20.4
20.4
20.4
20.16
20.04
20.16
20.04
20.16
20.04
20.16
20.04
20.16
24.24
25.2
25.2
25.2
25.2
25.32
25.2
25.2
25.2
25.2
21.84
21.12
21.24
21.12
21.24
21.12
21.12
21.24
20.76
20.16
20.16
20.16
20.16
20.16
20.04
20.16
20.16
22.2
23.88
23.76
23.76
23.76
23.76
23.76
23.88
23.76
12.12
9.36
9.36
9.36
9.48
9.36
9.36
9.36
9.0
7.56
7.56
7.56
7.56
7.56
7.56
7.68
7.56
5.76
4.68
4.68
4.68
4.68
4.68
4.68
4.68
4.68
6.36
6.36
6.48
6.36
6.36
6.36
6.36
6.36
12.6
20.76
20.64
20.76
20.64
20.76
20.64
20.76
20.64
18.0
17.64
17.64
17.52
17.64
17.64
17.52
17.64
24.0
43.32
43.32
43.32
43.32
43.32
43.32
43.32
43.32
43.32
36.12
14.88
14.76
14.88
14.76
14.88
14.76
14.88
14.76
20.04
22.8
22.68
22.8
22.8
22.8
22.8
22.68
22.8
24.72
24.72
24.72
24.84
24.72
24.72
24.72
24.84
24.72
24.96
34.68
34.68
34.56
34.68
34.68
34.68
34.56
34.68
34.68
34.8
42.96
43.08
42.96
43.08
42.96
43.08
42.96
43.08
43.08
42.96
46.92
46.92
46.92
46.92
46.8
46.92
46.92
46.92
46.92
46.44
19.44
19.44
19.44
19.32
19.44
19.44
19.44
19.44
24.6
32.16
32.16
32.28
32.16
32.16
32.28
32.16
32.16
32.28
33.72
36.12
36.12
36.0
36.12
36.12
36.12
36.12
36.12
36.12
35.04
33.84
33.84
33.84
33.84
33.84
33.84
33.84
33.84
33.84
28.92
21.24
21.24
21.24
21.24
21.24
21.24
21.24
21.24
8.52
4.44
4.44
4.44
4.44
4.44
4.44
4.44
6.12
15.0
15.12
15.12
15.12
15.0
15.12
15.12
15.0
16.56
17.88
17.76
17.88
17.76
17.88
17.88
17.76
17.88
23.76
24.12
24.0
24.12
24.0
24.12
24.12
24.0
24.12
24.12
26.52
26.52
26.64
26.64
26.64
26.64
26.64
26.52
26.64
26.64
25.56
25.44
25.44
25.56
25.44
25.44
25.56
25.44
25.56
25.44
27.36
27.48
27.48
27.48
27.6
27.48
27.48
27.48
27.48
27.6
24.96
24.96
24.96
25.08
24.96
25.08
24.96
24.96
25.08
24.96
16.92
16.8
16.8
16.8
16.8
16.8
16.8
16.8
14.76
11.52
11.64
11.52
11.52
11.52
11.64
11.52
11.52
15.12
16.2
16.08
16.2
16.2
16.2
16.2
16.2
16.68
19.68
19.8
19.68
19.68
19.8
19.68
19.68
19.8
13.68
9.48
9.48
9.48
9.48
9.48
9.48
9.48
9.48
24.12
24.48
24.48
24.6
24.48
24.6
24.48
24.48
24.6
24.48
22.8
22.68
22.8
22.8
22.8
22.8
22.8
22.68
22.68
22.44
22.44
22.56
22.44
22.56
22.44
22.44
22.56
34.08
40.56
40.56
40.56
40.56
40.56
40.56
40.56
40.44
40.56
36.48
34.44
34.32
34.32
34.32
34.32
34.32
34.32
34.44
34.32
18.24
9.36
9.36
9.36
9.36
9.24
9.36
9.36
10.44
33.48
33.36
33.36
33.36
33.48
33.36
33.36
33.36
33.36
32.4
11.4
11.28
11.28
11.4
11.28
11.28
11.4
11.28
12.24
13.32
13.44
13.44
13.44
13.32
13.44
13.44
13.32
11.64
11.4
11.4
11.4
11.4
11.4
11.4
11.4
10.32
8.04
7.92
7.92
7.92
8.04
7.92
7.92
7.92
7.56
7.44
7.56
7.44
7.44
7.56
7.44
7.44
7.56
8.76
8.76
8.76
8.76
8.76
8.64
8.76
8.76
9.96
11.16
11.28
11.16
11.16
11.28
11.16
11.16
11.28
10.32
10.44
10.32
10.44
10.32
10.32
10.44
10.32
10.68
11.64
11.64
11.64
11.52
11.64
11.64
11.52
11.64
21.0
24.72
24.6
24.6
24.72
24.6
24.6
24.72
24.6
24.6
23.28
22.68
22.8
22.68
22.8
22.68
22.68
22.8
24.12
36.6
36.72
36.6
36.72
36.6
36.6
36.72
36.6
36.6
34.08
11.4
11.52
11.4
11.52
11.4
11.4
11.52
11.4
10.92
10.44
10.32
10.44
10.44
10.44
10.32
10.44
10.44
11.04
11.04
11.16
11.04
11.16
11.04
11.16
11.04
10.2
8.64
8.52
8.64
8.52
8.64
8.64
8.52
8.64
6.36
5.64
5.76
5.76
5.64
5.76
5.64
5.76
5.16
1.68
1.8
1.68
1.8
1.68
1.8
1.8
1.68
1.56
1.44
1.44
1.44
1.44
1.32
1.44
1.44
1.44
0.24
0.36
0.24
0.36
0.36
0.36
0.24
0.36
