7.68
15.12
32.76
32.88
32.88
32.88
32.88
32.76
32.88
32.88
32.88
33.72
36.24
36.24
36.24
36.24
36.24
36.24
36.24
36.24
36.24
33.12
26.4
26.4
26.4
26.28
26.4
26.4
26.4
26.28
26.4
24.96
21.84
24.96
27.24
27.36
27.36
27.24
27.36
27.24
27.36
27.36
27.24
28.08
28.56
28.56
28.56
28.56
28.68
28.56
28.56
28.56
28.56
30.0
31.08
31.08
31.08
31.08
31.08
31.08
31.08
31.08
31.08
30.72
30.72
30.72
30.72
30.6
30.72
30.72
30.72
30.72
30.6
34.44
36.96
37.08
36.96
37.08
37.08
36.96
37.08
36.96
37.08
34.2
32.28
32.16
32.28
32.28
32.16
32.28
32.28
32.16
32.28
35.64
38.28
38.16
38.28
38.16
38.28
38.16
38.28
38.28
38.16
28.8
22.32
15.48
14.4
14.16
11.88
9.0
12.24
13.44
15.36
13.68
10.56
9.96
9.6
13.68
15.12
19.32
16.32
13.44
29.16
33.24
33.24
33.24
33.24
33.24
33.24
33.24
33.24
33.24
37.2
38.28
38.28
38.28
38.28
38.28
38.28
38.28
38.28
38.28
44.52
46.2
46.2
46.08
46.2
46.2
46.2
46.08
46.2
46.2
41.52
40.44
40.56
40.44
40.44
40.44
40.56
40.44
40.44
40.44
40.68
40.8
40.8
40.8
40.68
40.8
40.8
40.8
40.68
40.8
37.68
36.84
36.96
36.84
36.96
36.96
36.84
36.96
36.96
36.84
32.88
31.8
31.92
31.8
31.92
31.8
31.92
31.8
31.92
31.8
38.16
39.96
39.84
39.84
39.96
39.84
39.84
39.84
39.96
39.84
46.8
48.6
48.6
48.6
48.6
48.6
48.6
48.72
48.6
48.6
46.8
46.44
46.44
46.32
46.44
46.44
46.44
46.44
46.44
46.32
41.4
40.08
40.08
40.08
40.08
40.08
40.08
40.08
40.08
40.08
45.6
46.92
47.04
46.92
47.04
46.92
46.92
47.04
46.92
47.04
45.96
45.96
45.84
45.96
45.84
45.84
45.96
45.84
45.84
45.96
46.44
46.68
46.68
46.68
46.68
46.68
46.68
46.68
46.68
46.68
45.96
45.84
45.96
45.96
45.84
45.96
45.84
45.96
45.96
45.84
44.52
44.16
44.04
44.16
44.16
44.16
44.16
44.16
44.04
44.16
44.28
44.4
44.4
44.4
44.4
44.4
44.4
44.4
44.4
44.4
44.76
45.0
44.88
44.88
45.0
44.88
45.0
44.88
45.0
44.88
44.64
44.52
44.52
44.64
44.52
44.52
44.64
44.52
44.64
44.52
45.12
45.48
45.36
45.48
45.36
45.48
45.36
45.48
45.36
45.48
41.88
40.92
41.04
40.92
41.04
40.92
40.92
41.04
40.92
41.04
35.16
33.72
33.84
33.84
33.72
33.84
33.84
33.72
33.84
33.84
39.0
40.44
40.44
40.44
40.44
40.44
40.44
40.44
40.44
40.32
44.64
45.72
45.72
45.72
45.6
45.72
45.72
45.72
45.6
45.72
45.84
45.96
46.08
45.96
45.96
45.96
46.08
45.96
45.96
45.96
40.92
39.84
39.72
39.72
39.72
39.72
39.84
39.72
39.72
39.72
35.52
34.44
34.56
34.56
34.44
34.56
34.44
34.56
34.56
34.44
42.72
44.64
44.76
44.64
44.76
44.64
44.76
44.64
44.76
44.64
38.52
37.08
36.96
36.96
37.08
36.96
37.08
36.96
36.96
37.08
41.4
42.48
42.48
42.48
42.48
42.48
42.48
42.48
42.48
42.48
45.84
46.68
46.68
46.68
46.68
46.68
46.68
46.68
46.8
46.68
41.52
40.44
40.32
40.44
40.44
40.32
40.44
40.44
40.32
40.44
45.96
47.52
47.52
47.52
47.52
47.52
47.52
47.52
47.52
47.52
40.8
39.12
39.24
39.12
39.24
39.12
39.24
39.12
39.24
39.12
40.32
40.8
40.8
40.68
40.8
40.8
40.68
40.8
40.8
40.8
41.76
42.12
42.12
42.12
42.24
42.12
42.12
42.24
42.12
42.12
46.08
47.16
47.04
47.16
47.16
47.16
47.16
47.04
47.16
47.16
46.68
46.56
46.44
46.56
46.56
46.56
46.56
46.56
46.44
46.56
41.28
39.96
39.84
39.96
39.96
39.96
39.96
39.84
39.96
39.96
45.72
47.16
47.28
47.16
47.16
47.28
47.16
47.16
47.28
47.16
46.32
46.2
46.32
46.2
46.32
46.2
46.32
46.2
46.32
46.2
46.56
46.56
46.68
46.68
46.68
46.68
46.56
46.68
46.68
46.68
41.88
40.68
40.68
40.68
40.68
40.68
40.68
40.8
40.68
40.68
46.68
48.24
48.24
48.24
48.24
48.24
48.24
48.24
48.24
48.24
41.88
40.32
40.32
40.32
40.44
40.32
40.32
40.44
40.32
40.32
40.92
41.04
40.92
41.04
41.04
41.04
40.92
41.04
41.04
40.92
50.28
52.44
52.56
52.56
52.44
52.56
52.56
52.44
52.56
52.56
47.16
45.84
45.96
45.84
45.96
45.84
45.96
45.84
45.96
45.84
44.52
44.04
44.16
44.16
44.16
44.04
44.16
44.16
44.16
44.04
47.52
48.24
48.36
48.36
48.36
48.36
48.24
48.36
48.36
48.36
43.56
42.48
42.48
42.48
42.48
42.48
42.48
42.48
42.48
42.6
30.84
28.08
28.08
28.08
28.08
28.08
28.2
28.08
28.08
28.08
17.04
17.04
41.52
41.52
41.4
41.52
41.52
41.52
41.4
41.52
41.52
41.64
43.2
43.2
43.2
43.2
43.2
43.2
43.2
43.2
43.2
42.24
34.8
34.68
34.68
34.68
34.8
34.68
34.68
34.68
34.8
34.92
37.56
37.68
37.56
37.56
37.68
37.56
37.68
37.56
37.56
37.8
40.68
40.68
40.68
40.68
40.68
40.68
40.68
40.68
40.68
40.32
36.24
36.24
36.36
36.24
36.24
36.36
36.24
36.24
36.36
37.44
48.72
48.6
48.72
48.6
48.72
48.6
48.72
48.6
48.72
47.88
41.16
41.16
41.28
41.16
41.16
41.16
41.28
41.16
41.16
42.12
50.76
50.88
50.88
50.76
50.88
50.76
50.88
50.88
50.76
46.92
7.2
20.16
40.56
40.56
40.56
40.56
40.44
40.56
40.56
40.56
40.56
42.84
46.44
46.56
46.44
46.56
46.44
46.56
46.44
46.56
46.44
45.48
44.16
44.16
44.04
44.16
44.16
44.16
44.16
44.16
44.04
43.56
42.48
42.48
42.48
42.48
42.48
42.48
42.48
42.48
42.48
43.2
44.52
44.52
44.52
44.52
44.4
44.52
44.52
44.52
44.52
44.28
44.04
44.16
44.04
44.16
44.04
44.16
44.04
44.16
44.04
45.48
47.64
47.76
47.76
47.64
47.76
47.76
47.64
47.76
47.76
45.72
42.72
42.84
42.84
42.84
42.72
42.84
42.84
42.84
42.72
44.28
46.68
46.56
46.68
46.68
46.56
46.68
46.56
46.68
46.68
46.92
47.4
47.4
47.4
47.4
47.4
47.4
47.4
47.4
47.4
44.28
39.24
39.24
39.24
39.24
39.24
39.12
39.24
39.24
39.24
40.92
43.44
43.44
43.56
43.44
43.44
43.56
43.44
43.44
43.56
41.64
38.76
38.76
38.76
38.88
38.76
38.76
38.76
38.88
38.76
39.12
39.72
39.72
39.72
39.72
39.84
39.72
39.72
39.72
39.72
37.2
32.88
33.0
33.0
33.0
33.0
32.88
33.0
33.0
33.0
33.12
33.84
33.72
33.72
33.84
33.72
33.72
33.84
33.72
33.72
37.2
42.48
42.6
42.48
42.48
42.6
42.48
42.6
42.48
42.6
37.44
29.64
29.64
29.64
29.64
29.76
29.64
29.64
29.64
29.64
30.96
33.12
33.0
33.12
33.0
33.12
33.0
33.12
33.12
33.0
33.24
33.84
33.72
33.84
33.72
33.72
33.84
33.72
33.84
33.72
31.44
27.96
27.96
27.84
27.96
27.96
27.96
27.84
27.96
27.96
26.88
25.44
25.32
25.44
25.44
25.44
25.32
25.44
25.44
25.32
23.88
21.6
29.04
32.52
32.64
32.52
32.64
32.64
32.52
32.64
32.52
32.64
34.2
35.04
35.04
35.04
35.16
35.04
35.04
35.04
35.04
35.04
37.32
38.28
38.4
38.28
38.4
38.28
38.28
38.4
38.28
38.4
42.36
44.4
44.28
44.28
44.4
44.28
44.4
44.28
44.28
44.4
45.6
46.44
46.44
46.44
46.44
46.32
46.44
46.44
46.44
46.32
44.76
44.04
44.04
44.16
44.04
44.04
44.04
44.04
44.16
44.04
46.2
47.16
47.16
47.16
47.16
47.16
47.16
47.16
47.16
47.16
44.64
43.44
43.44
43.56
43.44
43.44
43.56
43.44
43.44
43.56
40.32
39.12
39.12
39.0
39.12
39.12
39.0
39.12
39.12
39.12
43.2
45.12
45.12
45.0
45.12
45.12
45.12
45.12
45.12
45.12
46.68
47.4
47.52
47.52
47.4
47.52
47.52
47.4
47.52
47.52
44.88
43.92
43.92
43.8
43.92
43.92
43.92
43.92
43.92
43.8
47.64
49.44
49.32
49.32
49.44
49.32
49.32
49.32
49.44
49.32
46.44
45.12
45.12
45.12
45.12
45.12
45.12
45.12
45.12
45.12
44.28
44.04
43.92
43.92
43.92
44.04
43.92
43.92
44.04
43.92
45.72
46.44
46.44
46.44
46.44
46.56
46.44
46.44
46.44
46.44
42.24
40.44
40.44
40.44
40.44
40.44
40.44
40.44
40.44
40.56
42.72
43.92
44.04
43.92
43.92
43.92
43.92
44.04
43.92
43.92
45.72
46.44
46.44
46.44
46.44
46.44
46.44
46.56
46.44
46.44
14.88
0.72
38.28
38.64
38.76
38.64
38.76
38.64
38.76
38.64
38.76
38.64
41.76
41.76
41.76
41.76
41.88
41.76
41.76
41.76
41.76
41.76
43.56
43.44
43.56
43.56
43.44
43.56
43.56
43.56
43.44
43.56
40.8
40.8
40.68
40.8
40.8
40.68
40.8
40.8
40.8
40.68
47.4
47.4
47.4
47.4
47.4
47.4
47.52
47.4
47.4
47.4
46.56
46.68
46.56
46.68
46.56
46.68
46.68
46.56
46.68
46.56
38.76
38.64
38.64
38.76
38.64
38.64
38.76
38.64
38.64
38.76
45.36
45.6
45.6
45.48
45.6
45.6
45.48
45.6
45.48
45.6
42.96
42.96
42.96
42.96
42.96
42.96
42.84
42.96
42.96
42.96
45.36
45.48
45.48
45.36
45.48
45.36
45.48
45.48
45.36
45.48
42.84
42.84
42.72
42.84
42.84
42.84
42.84
42.72
42.84
42.84
43.44
43.44
43.56
43.56
43.44
43.56
43.44
43.56
43.56
43.44
40.44
40.44
40.44
40.44
40.44
40.44
40.44
40.44
40.44
40.44
38.64
38.64
38.64
38.76
38.64
38.64
38.76
38.64
38.76
38.64
45.48
45.6
45.6
45.6
45.72
45.6
45.6
45.6
45.6
45.72
42.84
42.96
42.96
42.96
42.96
43.08
42.96
42.96
42.96
42.96
38.4
38.28
38.4
38.28
38.28
38.4
38.28
38.4
38.28
38.28
37.56
37.44
37.44
37.56
37.44
37.44
37.44
37.56
37.44
37.44
26.88
26.88
26.76
26.76
26.76
26.76
26.88
26.76
26.76
26.76
33.12
33.36
33.24
33.36
33.24
33.24
33.36
33.24
33.36
33.24
38.04
38.04
38.04
38.04
38.04
38.04
38.16
38.04
38.04
38.04
41.52
41.64
41.64
41.64
41.64
41.64
41.64
41.64
41.64
41.64
42.24
42.36
42.36
42.36
42.24
42.36
42.36
42.36
42.36
42.36
43.32
43.44
43.44
43.32
43.44
43.44
43.44
43.44
43.44
43.44
39.48
39.6
39.6
39.6
39.6
39.72
39.6
39.6
39.6
39.6
47.28
47.52
47.52
47.52
47.52
47.4
47.52
47.52
47.52
47.52
47.4
47.4
47.4
47.52
47.4
47.4
47.4
47.4
47.52
47.4
43.68
43.68
43.56
43.68
43.68
43.68
43.68
43.56
43.68
43.68
45.96
46.08
46.08
46.08
46.08
45.96
46.08
46.08
46.08
46.08
38.52
38.52
38.52
38.52
38.52
38.52
38.52
38.4
38.52
38.52
29.04
29.04
28.92
29.04
29.04
28.92
29.04
29.04
29.04
28.92
41.28
41.28
41.4
41.28
41.4
41.4
41.28
41.4
41.28
41.4
48.24
48.48
48.6
48.48
48.48
48.48
48.48
48.48
48.48
48.48
38.16
38.04
38.16
38.04
38.04
38.16
38.04
38.16
38.04
38.16
42.72
42.84
42.84
42.84
42.84
42.96
42.84
42.84
42.84
42.84
29.16
29.04
29.04
29.16
29.04
29.04
29.04
29.04
29.04
29.04
38.88
39.12
39.0
39.0
39.0
39.0
39.0
39.0
39.0
39.12
36.12
36.24
36.24
36.24
36.24
36.24
36.24
36.24
36.24
36.24
38.76
38.76
38.88
38.76
38.88
38.76
38.76
38.88
38.76
38.88
37.08
37.08
37.08
37.08
37.2
37.08
37.08
37.08
37.08
37.2
43.56
43.8
43.68
43.68
43.8
43.68
43.68
43.8
43.68
43.8
40.68
40.68
40.8
40.68
40.8
40.8
40.68
40.8
40.68
40.8
41.52
41.52
41.64
41.64
41.64
41.52
41.64
41.64
41.64
41.52
42.48
42.6
42.48
42.6
42.48
42.48
42.6
42.48
42.48
42.6
33.6
33.72
33.6
33.6
33.72
33.6
33.72
33.6
33.6
33.72
45.36
45.48
45.48
45.48
45.48
45.48
45.48
45.48
45.48
45.48
37.68
37.68
37.68
37.68
37.68
37.68
37.68
37.68
37.68
37.68
47.04
47.16
47.28
47.16
47.16
47.28
47.16
47.16
47.28
47.16
35.04
34.92
35.04
34.92
34.92
34.92
35.04
34.92
34.92
35.04
42.12
42.12
42.24
42.24
42.12
42.24
42.24
42.12
42.24
42.24
39.72
39.96
39.84
39.84
39.96
39.84
39.84
39.84
39.96
39.84
45.84
45.84
45.96
45.96
45.96
45.96
45.96
45.96
45.96
45.96
41.04
41.16
41.04
41.16
41.16
41.16
41.04
41.16
41.16
41.16
45.36
45.48
45.6
45.48
45.48
45.6
45.48
45.48
45.48
45.6
44.88
44.88
44.88
44.88
44.88
45.0
44.88
44.88
44.88
44.88
39.36
39.36
39.48
39.36
39.36
39.36
39.36
39.36
39.36
39.48
37.44
37.56
37.44
37.56
37.56
37.44
37.56
37.56
37.44
37.56
40.8
41.04
40.92
41.04
40.92
40.92
41.04
40.92
41.04
40.92
38.4
38.4
38.52
38.4
38.52
38.4
38.52
38.4
38.52
38.4
36.24
36.24
36.12
36.24
36.12
36.24
36.12
36.24
36.12
36.24
30.48
30.48
30.48
30.6
30.48
30.48
30.48
30.48
30.6
30.48
33.96
34.08
34.08
34.08
34.08
34.08
34.08
34.08
34.08
34.08
39.36
39.48
39.36
39.48
39.48
39.48
39.36
39.48
39.48
39.48
45.24
45.48
45.48
45.48
45.36
45.48
45.48
45.48
45.36
45.48
40.68
40.8
40.68
40.68
40.8
40.68
40.68
40.8
40.68
40.68
35.4
35.4
35.4
35.4
35.28
35.4
35.4
35.4
35.28
35.4
46.56
46.56
46.68
46.68
46.68
46.68
46.68
46.68
46.68
46.68
47.64
47.76
47.76
47.64
47.76
47.76
47.64
47.76
47.76
47.64
43.8
43.92
43.8
43.92
43.8
43.92
43.8
43.92
43.8
43.92
46.56
46.8
46.68
46.8
46.68
46.8
46.68
46.8
46.68
46.8
44.28
44.28
44.28
44.4
44.28
44.28
44.28
44.4
44.28
44.28
38.52
38.52
38.52
38.52
38.52
38.52
38.52
38.52
38.52
38.52
33.72
33.84
33.84
33.84
33.84
33.72
33.84
33.84
33.84
33.84
37.92
38.04
38.04
38.04
38.16
38.04
38.04
38.04
38.16
38.04
34.32
34.2
34.32
34.32
34.32
34.32
34.32
34.32
34.32
34.32
40.56
40.8
40.68
40.68
40.8
40.68
40.68
40.8
40.68
40.68
44.88
45.0
44.88
45.0
44.88
45.0
44.88
45.0
45.0
44.88
36.48
36.48
36.48
36.48
36.48
36.48
36.48
36.48
36.48
36.48
29.04
28.92
29.04
29.04
28.92
29.04
28.92
29.04
29.04
28.92
26.04
26.04
25.92
26.04
26.04
26.04
25.92
26.04
26.04
25.92
34.2
34.44
34.32
34.44
34.44
34.32
34.44
34.44
34.32
34.44
31.68
31.8
31.68
31.8
31.68
31.8
31.68
31.8
31.68
31.8
29.76
29.76
29.88
29.76
29.76
29.76
29.88
29.76
29.76
29.76
19.68
16.68
9.6
8.64
8.04
12.0
12.0
10.2
9.72
9.0
8.16
7.92
8.04
7.8
7.8
6.6
6.24
7.8
7.44
6.36
6.24
6.12
4.2
3.84
3.24
3.96
4.68
9.72
11.16
13.32
10.68
6.0
7.8
8.88
7.08
6.84
5.64
5.64
5.52
4.8
4.68
4.2
3.96
3.48
3.48
3.36
3.48
3.0
2.64
3.0
3.36
2.4
1.8
0.84
3.24
4.92
2.28
1.68
0.48
2.04
4.32
4.32
4.32
5.28
4.92
4.68
4.08
4.08
3.6
3.72
4.56
4.08
3.72
2.88
2.88
4.08
3.84
3.72
3.12
3.0
2.64
1.8
0.72
0.36
0.6
6.84
5.88
2.76
4.8
6.36
5.28
5.52
7.2
7.08
7.2
7.2
7.2
8.4
9.0
9.96
11.28
12.0
9.36
8.52
6.48
5.76
5.4
6.12
6.96
10.32
8.28
6.24
4.44
3.96
3.0
5.76
10.68
14.28
16.2
23.64
23.88
24.0
34.92
36.48
36.36
36.36
36.48
36.36
36.36
36.48
36.36
36.36
31.08
30.6
30.48
30.6
30.48
30.6
30.48
30.48
30.6
30.48
16.08
13.44
8.88
7.08
5.64
5.28
5.4
6.72
6.84
7.56
8.88
9.6
8.4
8.64
9.36
9.12
9.12
8.76
8.52
7.32
6.0
4.32
4.8
5.28
8.28
7.68
6.84
6.72
6.72
7.68
7.56
7.8
8.52
9.0
7.44
7.44
7.68
7.92
8.16
9.24
9.48
8.88
8.4
8.04
8.04
8.28
9.72
9.24
8.04
6.6
5.64
5.76
7.2
13.32
10.2
6.96
7.44
7.44
5.4
6.0
7.2
6.48
6.24
11.16
11.16
11.16
10.92
10.8
8.88
10.08
15.96
13.08
10.32
12.36
13.2
17.28
14.52
10.8
7.8
6.36
5.88
5.64
5.28
4.2
3.6
2.64
2.04
0.12
5.04
10.44
6.0
4.56
4.32
4.68
6.0
8.64
10.08
11.4
11.76
12.72
12.36
12.48
11.88
11.28
8.88
12.24
15.72
12.48
11.64
14.4
13.44
12.12
12.84
13.08
13.08
13.44
13.68
12.96
12.6
14.28
15.12
17.28
17.16
17.04
16.92
16.8
18.12
18.36
18.96
16.92
15.6
18.72
18.0
14.88
14.4
14.28
15.72
15.96
15.84
16.2
17.04
17.4
17.76
21.48
22.2
24.12
24.24
24.12
24.24
24.12
24.24
24.12
24.24
24.12
24.24
24.84
24.84
24.84
24.72
24.84
24.84
24.84
24.72
24.84
25.92
28.92
28.92
28.92
28.92
28.92
28.92
28.92
28.92
28.92
30.0
32.76
32.76
32.88
32.76
32.76
32.76
32.88
32.76
32.76
32.04
30.48
30.6
30.48
30.48
30.48
30.6
30.48
30.48
30.48
31.92
35.16
35.28
35.28
35.28
35.16
35.28
35.28
35.28
35.16
34.32
32.04
32.04
32.04
32.04
32.04
32.04
31.92
32.04
32.04
32.64
33.96
33.96
33.96
34.08
33.96
33.96
33.96
33.96
34.08
35.04
37.68
37.68
37.68
37.8
37.68
37.68
37.68
37.8
37.68
37.92
38.76
38.76
38.76
38.88
38.76
38.76
38.76
38.76
38.76
36.6
31.8
31.68
31.8
31.8
31.68
31.8
31.68
31.8
31.8
32.04
33.36
33.48
33.36
33.36
33.48
33.36
33.36
33.36
33.48
35.76
42.0
41.88
42.0
41.88
42.0
42.0
41.88
42.0
42.0
40.56
37.56
37.68
37.56
37.56
37.56
37.56
37.56
37.68
37.56
38.04
39.36
39.36
39.36
39.36
39.36
39.36
39.36
39.48
39.36
39.24
39.36
39.24
39.36
39.24
39.36
39.24
39.36
39.24
39.36
37.8
34.44
34.32
34.32
34.32
34.32
34.32
34.32
34.32
34.32
35.04
36.84
36.84
36.72
36.84
36.84
36.72
36.84
36.72
36.84
35.64
33.12
33.0
33.0
33.0
33.0
33.12
33.0
33.0
33.0
32.64
31.68
31.8
31.68
31.68
31.68
31.8
31.68
31.68
31.8
33.48
38.04
38.16
38.16
38.04
38.16
38.04
38.16
38.16
38.04
38.16
38.28
38.4
38.28
38.4
38.28
38.28
38.4
38.28
38.28
36.96
33.6
33.72
33.6
33.6
33.72
33.6
33.6
33.72
33.6
34.32
36.24
36.36
36.24
36.24
36.24
36.36
36.24
36.24
36.24
36.84
38.28
38.28
38.28
38.28
38.28
38.28
38.28
38.28
38.28
40.44
45.72
45.84
45.72
45.72
45.72
45.72
45.84
45.72
45.72
45.36
44.64
44.52
44.52
44.64
44.52
44.52
44.64
44.52
44.52
32.76
3.84
19.2
29.88
29.88
29.88
29.88
30.0
29.88
29.88
29.88
30.0
38.04
43.68
43.8
43.68
43.8
43.68
43.8
43.8
43.68
43.8
45.12
46.44
46.32
46.32
46.44
46.32
46.32
46.44
46.32
46.32
42.36
39.48
39.48
39.48
39.48
39.48
39.36
39.48
39.48
39.48
37.2
35.64
35.64
35.76
35.64
35.64
35.64
35.76
35.64
35.64
37.32
38.4
38.4
38.52
38.4
38.52
38.4
38.4
38.52
38.4
36.48
35.28
35.16
35.16
35.16
35.16
35.16
35.28
35.16
35.16
33.72
32.88
32.88
32.88
32.88
33.0
32.88
32.88
32.88
32.88
27.6
24.12
24.0
24.12
24.12
24.12
24.0
24.12
24.12
24.0
21.6
19.68
18.24
17.64
15.84
15.24
15.0
14.52
15.12
24.48
24.6
24.6
24.48
24.6
24.48
24.6
24.6
24.48
25.2
34.08
33.96
34.08
34.08
33.96
34.08
33.96
34.08
34.08
32.52
15.36
17.04
20.16
15.12
12.6
10.44
10.56
10.92
8.4
6.84
8.52
9.24
11.4
12.84
14.28
10.44
9.6
14.88
12.72
9.36
10.32
10.68
7.92
8.16
9.48
8.04
7.08
5.64
5.52
6.12
6.36
6.96
8.4
8.88
7.2
5.88
3.72
4.08
4.56
6.24
5.88
4.92
5.28
5.64
6.12
6.24
6.24
5.52
4.44
5.16
5.4
6.12
6.48
6.96
6.96
7.08
8.28
8.88
10.56
10.32
10.2
9.96
10.56
12.72
12.12
11.16
10.8
10.8
9.36
8.64
7.56
7.68
7.8
6.96
7.44
8.76
7.8
7.08
4.8
4.68
5.64
6.6
7.68
7.32
7.2
7.56
7.08
6.48
5.76
5.64
5.28
5.76
7.44
7.32
7.44
7.56
7.92
9.36
8.52
7.44
7.2
7.32
8.04
7.8
7.44
7.32
7.32
6.72
6.36
6.0
5.52
5.28
4.56
4.44
5.64
6.0
6.6
7.56
7.92
9.24
8.88
8.28
9.0
9.24
8.88
8.4
7.44
8.64
9.72
7.44
7.08
7.8
7.32
6.84
7.8
7.92
6.48
6.84
7.68
7.68
7.92
7.56
7.44
6.96
6.96
6.84
5.4
5.28
6.84
6.96
7.56
9.96
10.68
9.6
8.28
6.0
6.0
6.36
6.84
7.08
7.92
7.56
7.32
10.2
10.92
12.84
13.44
14.28
13.92
13.68
13.08
13.44
13.92
13.8
13.68
12.24
12.24
12.24
10.8
9.84
9.72
10.8
15.84
12.96
9.84
9.6
9.72
12.6
13.32
14.52
13.32
12.72
13.56
14.04
15.48
13.68
12.48
15.24
15.6
14.16
15.84
18.24
12.24
9.96
9.0
10.68
13.8
14.04
14.4
15.72
15.36
13.56
11.64
10.08
8.52
8.64
9.6
9.48
9.36
11.88
13.08
15.36
15.0
14.88
14.76
14.88
14.64
14.76
15.48
14.88
14.4
6.24
4.8
6.36
6.6
7.44
6.12
5.88
9.96
8.04
4.2
5.4
6.24
4.56
4.32
3.36
4.44
5.28
3.6
3.84
7.44
7.44
7.44
6.96
6.84
5.76
5.64
5.16
4.32
3.84
3.72
3.12
0.96
3.24
5.52
2.52
1.68
0.24
