6.0
6.6
25.56
25.44
25.56
25.44
25.56
25.44
25.56
25.56
25.44
26.04
40.68
40.68
40.56
40.68
40.68
40.56
40.68
40.68
40.68
40.92
48.6
48.48
48.6
48.6
48.6
48.6
48.48
48.6
48.6
48.12
41.52
41.64
41.64
41.52
41.64
41.64
41.52
41.64
41.52
40.8
27.96
28.08
28.08
27.96
28.08
28.08
27.96
28.08
28.08
28.2
33.72
33.6
33.6
33.6
33.72
33.6
33.6
33.72
33.6
32.64
20.52
19.92
16.08
16.44
18.24
18.12
18.36
20.04
27.0
27.0
27.0
27.0
27.0
27.0
27.0
27.0
27.0
26.64
25.32
25.44
25.32
25.44
25.32
25.32
25.44
25.32
25.44
26.52
30.72
30.72
30.84
30.72
30.72
30.72
30.84
30.72
30.72
29.4
24.6
24.6
24.6
24.6
24.6
24.6
24.6
24.6
24.6
21.84
12.48
23.4
52.44
52.56
52.44
52.56
52.56
52.44
52.56
52.44
52.56
46.44
30.48
30.48
30.48
30.48
30.48
30.48
30.48
30.48
30.48
32.76
38.64
38.76
38.64
38.64
38.76
38.64
38.64
38.76
38.64
36.72
31.92
31.92
32.04
31.92
31.92
32.04
31.92
31.92
32.04
29.76
24.84
24.84
24.84
24.84
24.84
24.84
24.72
24.84
24.84
27.0
32.4
32.52
32.4
32.4
32.52
32.4
32.4
32.52
32.4
41.04
61.56
61.44
61.56
61.44
61.56
61.56
61.44
61.56
61.44
54.36
36.96
36.96
36.96
36.96
36.96
37.08
36.96
36.96
36.96
33.0
23.88
24.0
22.56
22.68
33.24
33.84
33.72
33.72
33.72
33.84
33.72
33.72
33.72
33.84
30.72
30.84
30.72
30.84
30.72
30.84
30.72
30.84
30.72
30.84
25.2
25.08
25.2
25.08
25.08
25.2
25.08
25.2
25.08
25.08
28.8
28.68
28.68
28.8
28.68
28.8
28.68
28.8
28.68
28.8
27.24
27.24
27.24
27.24
27.36
27.24
27.24
27.24
27.24
27.36
48.84
48.84
48.96
48.84
48.96
48.84
48.84
48.96
48.84
48.96
32.16
32.28
32.28
32.28
32.16
32.28
32.28
32.28
32.16
32.28
17.52
17.64
19.56
19.32
16.08
16.2
17.64
16.56
10.8
10.68
11.16
9.84
5.16
3.84
0.12
0.12
0.12
0.12
0.12
0.12
0.12
0.12
0.12
3.48
19.56
20.64
24.48
24.36
24.48
24.36
24.48
24.36
24.48
24.36
24.48
21.36
13.68
14.16
15.48
15.6
15.48
14.04
12.0
8.52
4.08
16.08
30.36
30.24
30.24
30.24
30.24
30.24
30.24
30.24
30.24
27.6
24.6
24.48
24.6
24.6
24.6
24.6
24.6
24.6
24.48
24.12
23.52
23.76
24.24
24.12
24.24
24.24
24.12
24.24
24.12
24.24
24.12
19.68
15.24
15.48
16.08
16.32
16.92
14.04
12.36
11.4
10.92
5.88
3.72
0.96
0.12
0.12
0.12
0.12
0.12
0.12
0.12
0.12
0.12
0.12
0.12
0.12
0.12
0.12
0.12
0.12
0.12
0.12
0.12
0.12
0.12
0.12
0.12
0.12
0.12
0.12
0.12
0.12
0.12
15.96
27.24
27.12
27.12
27.12
27.12
27.24
27.12
27.12
27.12
10.68
4.32
1.68
0.84
0.36
0.24
5.88
6.84
0.84
0.12
0.12
0.12
0.12
0.12
0.12
0.12
0.12
0.12
0.12
0.12
0.12
0.12
0.12
0.12
0.12
0.12
0.12
0.12
0.12
0.12
19.32
22.44
5.28
4.08
6.12
6.36
8.4
8.4
6.96
7.08
7.8
7.56
6.0
6.12
6.24
6.12
5.76
5.4
4.8
4.68
4.68
4.92
5.28
5.28
5.28
5.52
6.0
6.6
7.56
7.08
6.96
3.36
0.24
0.24
0.12
0.12
0.12
0.12
0.12
0.12
0.12
0.12
0.12
0.12
0.12
0.12
0.12
7.8
10.8
15.36
15.84
6.6
5.88
5.76
5.88
6.24
6.24
5.88
5.76
6.24
6.24
6.72
6.24
4.44
5.16
8.88
9.12
10.32
9.6
8.04
8.52
9.96
8.64
6.36
5.04
3.12
1.68
0.12
0.12
0.12
0.12
0.12
0.12
0.12
0.12
0.12
0.12
0.12
0.12
0.12
0.12
0.12
0.12
0.12
0.12
0.12
0.12
0.12
0.12
0.12
0.12
0.12
0.12
0.12
0.12
0.12
0.12
0.12
0.12
0.12
3.36
12.0
9.96
8.52
3.72
0.72
0.24
0.12
0.12
0.12
0.12
0.12
0.12
0.12
0.12
0.12
3.0
6.48
4.8
4.2
1.2
0.12
0.12
0.12
0.12
0.12
0.12
0.12
0.12
0.12
0.36
2.04
8.88
11.04
8.04
7.32
4.68
4.2
4.08
4.08
5.76
6.0
4.8
4.8
2.88
3.0
3.84
3.6
2.16
2.04
0.12
0.12
0.12
0.12
0.12
0.12
0.12
0.12
0.12
0.12
0.12
0.12
0.12
0.12
0.12
0.12
0.12
0.12
0.12
0.12
8.52
9.0
4.56
5.16
7.8
7.32
5.64
5.04
3.96
4.32
5.52
4.8
3.36
2.52
1.32
0.72
0.12
0.12
0.12
0.12
0.12
0.12
0.12
0.12
0.12
0.12
0.84
1.08
0.72
0.24
0.12
0.12
0.12
0.12
0.12
0.12
0.12
0.12
0.12
0.12
0.12
0.12
0.12
0.12
0.12
0.12
0.12
0.12
0.12
3.96
12.12
5.4
0.48
5.64
9.48
6.72
5.28
8.28
9.72
6.96
6.0
3.96
3.36
1.32
0.96
7.92
9.48
4.44
3.84
2.4
2.16
0.6
0.48
6.0
5.88
3.24
3.84
9.96
10.08
11.76
10.92
7.32
6.48
3.36
5.28
11.4
10.44
9.0
7.8
5.64
6.48
8.16
6.6
4.32
4.68
5.28
6.36
7.8
7.32
6.96
7.08
7.32
5.76
4.56
5.76
6.48
7.56
8.04
8.76
9.0
8.04
7.8
6.84
6.6
1.44
0.48
18.72
21.12
15.24
14.52
12.0
11.88
7.92
7.8
3.0
4.08
21.84
21.48
15.48
15.24
13.08
12.96
12.84
13.2
15.36
15.96
18.36
18.48
19.08
19.08
19.08
19.2
19.56
17.64
14.4
12.48
9.72
9.12
8.4
8.28
7.92
7.56
7.56
9.48
11.04
11.28
11.52
10.8
10.2
9.84
9.6
9.6
9.84
13.56
14.88
14.16
14.16
13.8
13.92
5.04
3.84
9.36
9.84
20.04
20.52
4.8
4.32
0.12
0.12
0.12
0.12
0.12
0.12
0.12
0.12
0.12
0.12
0.12
0.12
0.12
0.12
0.12
0.12
0.12
0.12
0.12
0.12
0.12
0.12
0.12
0.12
0.12
0.12
0.12
0.12
0.12
0.12
17.28
20.76
15.36
14.88
9.12
9.6
12.84
12.72
13.56
13.56
14.16
13.68
12.36
12.96
14.88
14.76
14.4
14.16
13.8
14.28
15.6
16.56
18.24
21.0
24.72
24.84
24.72
24.72
24.72
24.72
24.84
24.72
24.72
25.44
26.4
26.4
26.4
26.28
26.4
26.4
26.4
26.4
26.28
25.92
25.68
25.56
25.56
25.56
25.56
25.68
25.56
25.56
25.56
26.76
27.96
28.08
28.08
28.08
28.08
27.96
28.08
28.08
28.08
27.84
27.72
27.72
27.72
27.84
27.72
27.72
27.72
27.84
27.72
28.44
29.52
29.4
29.4
29.52
29.4
29.4
29.52
29.4
29.52
26.04
22.44
17.16
12.24
28.2
41.76
41.88
41.76
41.88
41.76
41.88
41.76
41.88
41.76
36.72
32.52
32.52
32.64
32.52
32.52
32.64
32.52
32.52
32.64
28.8
25.92
26.04
26.04
25.92
26.04
25.92
26.04
26.04
25.92
24.6
23.64
24.96
27.0
27.0
27.12
27.0
27.12
27.0
27.12
27.0
27.0
25.08
22.56
24.0
26.4
26.52
26.4
26.4
26.4
26.4
26.4
26.52
26.4
24.48
22.2
26.16
31.32
31.32
31.32
31.32
31.2
31.32
31.32
31.32
31.32
28.08
24.72
24.72
24.6
24.72
24.72
24.6
24.72
24.72
24.6
21.48
18.0
19.2
20.52
23.52
26.52
26.64
26.64
26.64
26.52
26.64
26.64
26.52
26.64
26.04
25.56
25.56
25.44
25.56
25.56
25.56
25.44
25.56
25.56
25.08
24.72
24.72
24.72
24.72
24.72
24.72
24.72
24.84
24.72
26.76
28.8
28.8
28.68
28.8
28.68
28.8
28.68
28.8
28.68
26.76
25.08
25.08
25.2
25.08
25.08
25.08
25.08
25.08
25.08
26.4
27.72
27.72
27.84
27.72
27.72
27.72
27.72
27.72
27.72
31.8
35.4
35.28
35.4
35.4
35.4
35.4
35.4
35.4
35.4
34.44
33.84
33.84
33.96
33.84
33.96
33.84
33.84
33.96
33.84
38.04
41.64
41.52
41.52
41.64
41.52
41.52
41.52
41.64
41.52
36.48
32.76
32.76
32.88
32.76
32.76
32.76
32.76
32.76
32.76
31.92
31.44
31.44
31.44
31.44
31.44
31.56
31.44
31.44
31.44
25.56
21.6
23.88
25.8
25.8
25.8
25.68
25.8
25.8
25.8
25.8
25.68
27.24
28.44
28.44
28.44
28.44
28.44
28.44
28.44
28.44
28.32
22.44
18.36
28.92
35.28
35.4
35.28
35.4
35.28
35.4
35.28
35.4
35.28
15.12
3.72
14.76
20.04
18.0
17.28
17.4
17.52
15.36
14.76
14.16
14.16
15.72
16.08
16.56
16.56
14.4
14.28
5.76
5.28
17.88
18.12
13.68
13.08
2.04
3.96
21.48
20.4
15.12
15.12
15.48
15.72
16.08
15.96
15.96
18.72
25.32
25.32
25.32
25.32
25.32
25.32
25.32
25.32
25.32
26.16
28.08
28.2
28.2
28.2
28.2
28.08
28.2
28.2
28.2
26.4
22.08
21.72
20.88
17.64
10.92
7.44
1.32
12.72
28.92
29.04
28.92
29.04
28.92
29.04
28.92
29.04
29.04
33.96
40.8
40.92
40.92
40.8
40.92
40.92
40.8
40.92
40.92
33.36
23.4
25.32
28.32
28.2
28.32
28.32
28.2
28.32
28.32
28.2
28.32
26.64
24.48
24.6
24.48
24.48
24.48
24.48
24.6
24.48
24.48
21.12
16.32
18.72
21.72
25.2
29.4
29.28
29.4
29.28
29.4
29.28
29.4
29.28
29.28
27.12
24.48
24.6
24.6
24.6
24.48
24.6
24.6
24.48
24.6
27.6
31.08
31.08
31.08
31.08
31.08
31.2
31.08
31.08
31.08
31.56
32.04
32.04
32.04
32.04
32.04
32.04
32.04
32.04
32.16
30.96
29.88
29.88
30.0
29.88
30.0
29.88
29.88
30.0
29.88
27.84
25.92
25.8
25.92
25.92
25.8
25.92
25.8
25.92
25.92
34.68
43.68
43.8
43.8
43.68
43.8
43.8
43.68
43.8
43.8
39.0
34.68
34.8
34.68
34.68
34.8
34.68
34.68
34.68
34.8
34.2
33.84
33.72
33.84
33.84
33.72
33.84
33.84
33.72
33.84
26.64
20.4
21.24
21.96
36.96
48.48
48.6
48.48
48.48
48.6
48.48
48.48
48.6
48.48
45.72
43.68
43.56
43.68
43.68
43.56
43.68
43.68
43.56
43.68
40.2
37.68
37.68
37.8
37.68
37.68
37.68
37.8
37.68
37.68
33.84
30.96
31.08
31.08
30.96
31.08
31.08
31.08
30.96
31.08
33.0
34.32
34.44
34.32
34.44
34.44
34.32
34.44
34.32
34.44
38.04
40.92
40.8
40.92
40.8
40.92
40.92
40.8
40.92
40.8
49.32
55.2
55.2
55.32
55.2
55.2
55.2
55.2
55.2
55.32
45.96
39.84
39.72
39.84
39.72
39.84
39.72
39.84
39.72
39.84
29.64
23.16
30.12
36.0
36.0
36.0
36.0
36.0
36.12
36.0
36.0
36.0
34.32
33.12
33.12
33.12
33.12
33.12
33.24
33.12
33.12
33.12
47.88
59.76
59.76
59.76
59.76
59.76
59.76
59.76
59.76
59.76
48.6
39.72
39.72
39.72
39.6
39.72
39.72
39.72
39.72
39.6
42.84
45.6
45.6
45.6
45.6
45.6
45.6
45.6
45.6
45.6
35.88
28.08
27.96
28.08
28.08
27.96
28.08
28.08
27.96
28.08
31.8
35.04
35.04
35.04
35.04
35.04
34.92
35.04
35.04
35.04
47.16
56.52
56.52
56.64
56.52
56.64
56.52
56.64
56.52
56.64
57.96
59.28
59.28
59.28
59.28
59.28
59.28
59.28
59.28
59.16
52.92
47.28
47.28
47.4
47.28
47.4
47.28
47.4
47.28
47.4
40.92
35.52
35.52
35.64
35.52
35.52
35.64
35.52
35.52
35.64
32.28
29.88
29.88
29.76
29.88
29.88
29.76
29.88
29.76
29.88
37.8
43.92
44.04
43.92
44.04
44.04
43.92
44.04
43.92
44.04
38.16
34.08
33.96
34.08
33.96
34.08
33.96
34.08
33.96
34.08
31.56
29.88
30.0
29.88
29.88
29.88
30.0
29.88
29.88
30.0
25.08
21.84
27.72
31.44
31.44
31.56
31.44
31.56
31.44
31.44
31.56
31.44
25.8
22.32
19.44
18.12
17.16
16.68
15.6
15.24
7.8
5.4
1.2
0.12
0.12
0.12
0.12
0.12
0.12
0.12
0.12
0.12
21.12
23.88
14.76
8.64
4.68
2.28
11.76
16.44
9.12
6.12
6.12
6.0
7.32
7.68
9.6
9.96
7.92
7.68
8.28
8.28
6.6
6.48
5.64
5.64
5.64
5.28
0.12
0.12
0.12
0.12
0.12
0.12
0.12
0.12
0.12
0.12
20.88
20.04
11.16
11.04
11.04
10.92
10.56
9.6
5.64
4.92
2.76
1.92
0.12
0.12
0.12
0.12
0.12
0.12
0.12
0.12
0.12
3.24
15.84
12.12
4.56
3.6
2.04
7.2
14.76
12.48
9.6
8.64
7.68
6.6
5.76
5.88
6.12
6.72
7.2
8.4
9.36
8.16
7.92
8.04
8.4
7.92
8.04
8.64
9.0
11.64
12.36
12.0
12.0
13.92
14.28
13.2
13.44
13.56
13.68
14.4
14.28
14.52
14.28
13.92
13.8
14.88
14.88
15.6
15.12
13.2
13.44
14.16
13.8
12.96
8.64
1.08
10.32
24.96
25.08
24.96
24.96
25.08
24.96
24.96
25.08
24.96
21.12
15.12
15.12
15.24
17.16
19.68
15.96
12.6
13.68
14.4
13.2
12.24
4.56
0.12
0.12
0.12
0.12
0.12
0.12
0.12
0.12
0.12
14.52
24.96
24.96
24.96
24.96
24.96
24.96
24.84
24.96
24.96
16.44
11.52
9.84
9.24
3.84
1.92
0.84
0.6
0.12
0.12
0.12
0.12
0.12
0.12
0.12
0.12
0.12
0.12
0.12
0.12
23.4
29.64
29.64
29.64
29.64
29.52
29.64
29.64
29.64
29.64
12.48
9.0
11.28
11.76
9.96
9.84
9.6
9.6
8.52
8.52
9.6
9.48
9.6
9.36
8.04
8.52
12.6
11.28
6.84
5.64
1.8
1.32
0.12
0.12
0.12
0.12
0.12
0.12
0.12
0.12
0.12
2.76
15.12
13.92
11.28
11.88
13.68
14.64
16.56
15.6
14.64
16.2
18.48
18.48
18.6
17.4
16.32
13.92
12.0
9.6
8.04
14.52
18.96
20.16
21.24
23.04
24.12
24.24
24.12
24.12
24.12
24.12
24.24
24.12
24.12
24.0
24.12
24.12
24.24
24.12
24.12
24.12
24.12
24.12
24.12
22.92
22.44
18.24
16.68
14.88
14.4
15.6
15.96
15.24
15.0
15.12
15.12
16.08
16.32
18.36
18.72
20.4
20.64
13.68
13.44
4.92
4.8
2.52
3.0
11.28
10.08
1.08
0.96
0.12
0.12
0.12
0.12
0.12
0.12
0.12
0.12
0.12
2.28
22.44
20.04
8.52
7.92
6.36
12.48
30.84
30.96
30.96
30.84
30.96
30.84
30.96
30.84
30.96
26.88
15.12
14.88
14.52
13.92
12.36
13.68
16.32
17.28
18.84
19.8
21.12
22.08
23.52
22.68
21.6
21.0
20.28
21.36
22.8
20.64
17.52
19.08
21.48
20.64
20.04
19.44
18.96
18.96
18.84
19.68
20.52
18.84
18.12
18.72
19.44
18.6
18.48
18.36
18.48
18.12
18.12
17.04
16.8
13.2
12.36
13.2
13.44
19.44
20.16
1.32
0.12
0.12
0.12
0.12
0.12
0.12
0.12
0.12
0.12
28.56
32.4
32.28
32.4
32.28
32.28
32.4
32.28
32.4
32.28
14.4
13.08
16.08
16.32
15.24
15.24
14.64
13.92
8.28
7.32
0.12
0.12
0.12
0.12
0.12
0.12
0.12
0.12
0.12
0.12
6.6
5.88
0.6
0.48
0.12
0.12
0.12
0.12
0.12
0.12
0.12
0.12
0.12
2.76
19.68
16.2
5.52
4.92
3.24
10.08
25.2
25.2
25.2
25.32
25.2
25.2
25.2
25.32
25.2
21.12
12.12
11.64
10.8
9.0
6.48
3.6
0.12
0.12
4.8
7.8
16.92
21.36
15.72
13.68
15.6
16.32
16.68
16.92
13.56
12.84
10.68
10.56
10.08
10.08
7.8
7.68
5.4
5.16
0.12
0.12
0.12
0.12
0.12
0.12
0.12
0.12
0.12
0.12
16.32
16.08
7.8
7.2
3.72
3.0
0.12
0.12
0.12
0.12
0.12
0.12
0.12
0.12
0.12
0.6
11.52
10.32
5.52
5.4
5.76
5.64
5.28
4.44
2.52
1.68
0.12
0.12
0.12
0.12
0.12
0.12
0.12
0.12
0.12
0.12
0.12
0.12
0.12
0.12
0.12
0.12
0.12
0.12
0.12
0.12
0.12
0.12
0.12
0.12
0.12
0.12
0.12
0.12
0.12
0.12
0.12
7.56
28.44
28.44
28.44
28.44
28.44
28.44
28.44
28.44
28.44
20.16
7.56
8.04
8.52
8.16
8.16
6.96
5.76
6.48
7.32
7.2
7.32
6.72
6.48
5.4
5.04
1.44
0.12
0.12
0.12
0.12
0.12
0.12
0.12
0.12
0.12
2.64
5.4
10.56
12.48
6.12
4.68
5.52
5.76
6.96
7.08
5.64
5.4
1.08
0.84
2.4
2.64
11.16
10.2
0.84
1.68
9.12
8.52
4.8
4.32
3.12
3.84
6.48
6.24
5.76
4.8
2.88
1.92
0.6
0.36
0.12
0.12
0.12
0.12
0.12
0.12
0.12
0.12
0.12
0.12
0.12
0.12
0.12
0.12
0.12
0.12
0.12
0.12
0.12
0.12
0.12
0.12
0.12
0.12
0.12
0.12
0.12
0.12
0.12
0.12
0.12
4.32
15.36
12.24
9.12
6.84
4.8
5.64
6.24
4.92
3.96
3.24
3.0
1.44
0.84
0.36
0.12
0.12
0.12
0.12
0.12
0.12
0.12
0.12
0.12
7.2
11.64
6.84
5.4
2.76
2.28
1.32
1.08
0.12
0.12
0.12
0.12
0.12
0.12
0.12
0.12
0.12
0.12
0.36
1.68
3.12
3.36
6.72
6.96
3.6
3.6
3.48
3.6
7.2
7.2
7.44
6.84
4.8
4.44
4.32
5.28
8.4
8.16
7.68
7.56
7.56
6.6
5.04
4.68
4.44
4.2
4.08
4.32
5.16
4.92
4.8
2.52
0.96
1.8
2.52
7.2
9.96
4.2
1.56
0.48
0.12
0.12
0.12
0.12
0.12
0.12
0.12
0.12
0.12
9.0
14.4
10.56
9.24
9.6
9.72
8.16
7.8
2.76
2.04
6.72
7.44
4.32
4.2
4.2
4.2
5.04
5.16
5.64
5.28
3.24
3.36
3.72
3.6
4.08
4.68
6.96
7.44
9.0
9.6
11.28
11.04
10.56
9.72
8.4
6.84
4.68
5.64
7.08
6.12
5.16
5.76
6.6
3.6
1.32
10.56
16.68
11.52
9.0
9.36
9.6
11.16
11.88
11.88
11.88
11.52
11.52
10.68
10.44
5.04
4.44
0.72
0.36
15.96
16.44
13.92
13.8
12.24
12.36
14.16
14.76
19.92
19.2
15.6
15.48
15.6
16.2
18.48
18.48
18.6
17.16
13.68
12.0
8.88
9.0
9.24
9.0
8.76
9.36
10.2
9.6
9.12
7.44
6.12
9.48
12.0
17.04
20.28
24.72
27.6
27.6
27.48
27.6
27.6
27.48
27.6
27.48
27.6
28.8
29.52
29.4
29.52
29.52
29.52
29.4
29.52
29.52
29.52
25.92
24.24
24.12
24.24
24.12
24.24
24.12
24.12
24.24
24.12
21.12
19.68
16.32
15.12
14.04
13.8
13.32
13.32
10.56
9.96
10.32
10.44
11.16
11.52
25.8
27.24
27.36
27.36
27.24
27.36
27.36
27.24
27.36
27.36
34.08
34.8
34.8
34.68
34.8
34.8
34.8
34.8
34.68
34.8
25.56
24.72
24.84
24.84
24.84
24.72
24.84
24.84
24.84
24.72
16.8
16.32
12.96
12.96
20.04
19.92
12.12
12.36
13.92
13.44
9.84
8.76
2.4
4.8
15.48
17.76
25.44
25.56
25.44
25.44
25.44
25.44
25.44
25.56
25.44
24.24
20.76
23.88
33.72
33.6
33.72
33.6
33.72
33.6
33.6
33.72
33.6
35.04
39.12
39.0
39.12
39.0
39.12
39.0
39.12
39.0
39.12
37.68
34.56
34.56
34.56
34.68
34.56
34.56
34.56
34.56
34.56
40.56
55.44
55.44
55.44
55.44
55.44
55.44
55.44
55.44
55.44
49.44
34.44
34.56
34.44
34.44
34.56
34.44
34.56
34.44
34.44
33.72
32.04
32.04
32.04
32.04
32.04
32.04
32.04
32.04
32.04
29.52
23.28
23.04
22.56
24.36
33.36
33.48
33.36
33.48
33.36
33.48
33.36
33.48
33.36
34.56
39.12
39.12
39.24
39.12
39.12
39.24
39.12
39.12
39.24
40.44
46.2
46.08
46.08
46.08
46.2
46.08
46.08
46.08
46.2
43.92
35.4
35.4
35.52
35.4
35.4
35.52
35.4
35.4
35.52
