0.12
0.12
0.12
0.12
0.12
0.12
0.12
0.12
0.84
8.76
8.64
8.76
8.76
8.64
8.76
8.76
8.64
18.36
32.64
32.76
32.76
32.76
32.64
32.76
32.76
32.76
32.76
40.68
52.32
52.2
52.32
52.2
52.32
52.2
52.32
52.2
52.32
60.12
71.76
71.64
71.64
71.76
71.64
71.64
71.76
71.64
71.64
58.8
39.6
39.6
39.48
39.6
39.6
39.6
39.48
39.6
39.6
39.6
40.08
40.08
40.08
40.08
40.08
40.08
40.08
39.96
40.08
40.56
41.16
41.28
41.16
41.16
41.28
41.16
41.28
41.16
41.16
40.68
40.08
40.08
39.96
40.08
40.08
40.08
40.08
39.96
40.08
40.2
40.68
40.56
40.68
40.56
40.68
40.56
40.68
40.56
40.68
40.2
39.84
39.96
39.84
39.84
39.96
39.84
39.96
39.84
39.84
39.96
39.96
39.96
40.08
39.96
40.08
39.96
40.08
39.96
39.96
40.2
40.56
40.44
40.56
40.56
40.44
40.56
40.44
40.56
40.44
40.56
40.68
40.68
40.68
40.68
40.68
40.68
40.68
40.68
40.68
40.2
39.84
39.72
39.84
39.72
39.84
39.84
39.72
39.84
39.72
39.84
40.08
40.08
39.96
40.08
39.96
40.08
40.08
39.96
40.08
40.32
40.68
40.8
40.68
40.8
40.68
40.8
40.8
40.68
40.8
39.72
38.64
38.76
38.64
38.76
38.76
38.64
38.76
38.64
38.76
35.52
32.52
32.52
32.64
32.52
32.52
32.52
32.52
32.52
32.52
41.04
49.68
49.56
49.56
49.68
49.56
49.56
49.68
49.56
49.68
45.0
40.44
40.44
40.44
40.44
40.44
40.44
40.44
40.44
40.44
39.36
38.16
38.16
38.28
38.16
38.28
38.16
38.28
38.16
38.28
32.52
27.12
27.12
27.0
27.12
27.12
27.0
27.12
27.12
27.12
31.8
36.84
36.84
36.84
36.84
36.84
36.84
36.84
36.96
36.84
44.16
51.48
51.48
51.48
51.48
51.36
51.48
51.48
51.48
51.48
49.44
47.76
47.64
47.76
47.64
47.76
47.64
47.76
47.64
47.76
38.76
30.36
30.36
30.36
30.36
30.36
30.36
30.36
30.36
30.36
30.36
30.48
30.48
30.48
30.48
30.48
30.48
30.6
30.48
30.48
26.64
23.16
23.28
23.16
23.28
23.16
23.16
23.28
23.16
23.16
23.28
23.28
23.28
23.28
23.28
23.4
23.28
23.28
37.56
46.44
46.44
46.44
46.56
46.44
46.44
46.56
46.44
46.44
42.48
40.2
40.08
40.2
40.08
40.2
40.08
40.2
40.2
40.08
39.96
39.84
39.84
39.96
39.84
39.84
39.96
39.84
39.84
39.84
36.36
34.44
34.56
34.44
34.44
34.44
34.44
34.44
34.44
34.56
42.12
46.44
46.44
46.32
46.44
46.44
46.44
46.44
46.32
46.44
42.48
40.44
40.44
40.44
40.32
40.44
40.44
40.44
40.44
40.44
40.2
40.2
40.2
40.2
40.32
40.2
40.2
40.2
40.2
40.2
40.32
40.32
40.44
40.32
40.44
40.32
40.32
40.44
40.32
40.44
35.64
33.24
33.12
33.12
33.24
33.12
33.12
33.24
33.12
33.12
40.08
43.8
43.8
43.8
43.8
43.8
43.8
43.8
43.92
43.8
43.8
44.04
44.04
44.04
44.04
44.04
43.92
44.04
44.04
44.04
41.52
40.32
40.32
40.32
40.32
40.32
40.32
40.32
40.32
40.32
39.6
39.36
39.36
39.36
39.36
39.36
39.36
39.36
39.36
39.36
35.04
33.0
32.88
33.0
33.0
32.88
33.0
33.0
32.88
33.0
41.52
45.84
45.72
45.84
45.72
45.72
45.84
45.72
45.84
45.72
43.92
43.2
43.08
43.2
43.08
43.2
43.2
43.08
43.2
43.08
41.16
40.32
40.32
40.32
40.2
40.32
40.32
40.32
40.32
40.32
40.32
40.44
40.56
40.44
40.44
40.44
40.56
40.44
40.44
40.44
37.08
35.64
35.76
35.76
35.64
35.76
35.76
35.64
35.76
35.76
39.84
41.64
41.52
41.64
41.64
41.64
41.64
41.64
41.64
41.52
42.96
43.56
43.56
43.56
43.56
43.44
43.56
43.56
43.56
43.56
41.16
40.2
40.2
40.32
40.2
40.2
40.32
40.2
40.2
40.32
40.2
40.32
40.44
40.32
40.32
40.32
40.44
40.32
40.32
40.32
38.76
38.16
38.28
38.16
38.28
38.16
38.28
38.16
38.28
38.28
40.2
41.16
41.16
41.16
41.16
41.16
41.16
41.16
41.16
41.16
36.0
34.08
34.08
34.08
34.08
34.08
34.08
34.08
34.08
34.08
44.16
48.0
48.0
48.0
48.0
47.88
48.0
48.0
48.0
47.88
41.88
39.6
39.6
39.6
39.6
39.6
39.6
39.6
39.6
39.6
26.76
21.96
22.08
21.96
22.08
22.08
21.96
22.08
21.96
12.6
11.28
11.4
11.28
11.4
11.28
11.4
11.28
12.96
32.4
32.28
32.4
32.4
32.28
32.4
32.4
32.28
32.4
34.68
62.52
62.4
62.52
62.52
62.4
62.52
62.4
62.52
62.52
62.4
63.48
63.48
63.36
63.48
63.48
63.48
63.48
63.36
63.48
59.76
27.24
27.24
27.24
27.24
27.24
27.24
27.24
27.24
27.24
27.84
33.48
33.36
33.36
33.36
33.48
33.36
33.36
33.36
33.48
34.32
44.04
43.92
44.04
44.04
43.92
44.04
44.04
43.92
44.04
43.92
44.76
44.64
44.64
44.64
44.76
44.64
44.64
44.64
44.76
44.16
39.84
39.96
39.84
39.96
39.84
39.96
39.84
39.96
39.84
39.6
37.8
37.68
37.68
37.8
37.68
37.8
37.68
37.68
37.8
38.04
41.4
41.28
41.28
41.4
41.28
41.28
41.4
41.28
41.28
41.4
42.24
42.24
42.24
42.24
42.24
42.24
42.24
42.24
42.24
41.88
39.72
39.6
39.72
39.6
39.72
39.6
39.72
39.72
39.6
39.72
41.04
41.04
40.92
41.04
40.92
41.04
40.92
41.04
40.92
39.84
33.12
33.0
33.0
33.0
33.12
33.0
33.0
33.12
33.0
33.72
38.64
38.52
38.52
38.64
38.52
38.52
38.64
38.52
38.52
40.08
48.96
49.08
49.08
48.96
49.08
48.96
49.08
49.08
48.96
47.76
40.68
40.56
40.68
40.56
40.68
40.56
40.68
40.56
40.68
40.44
40.32
40.2
40.32
40.2
40.32
40.2
40.32
40.32
40.2
39.12
33.0
33.12
33.12
33.12
33.12
33.12
33.12
33.12
33.0
34.44
41.88
41.88
41.76
41.88
41.76
41.88
41.88
41.76
41.88
42.24
45.24
45.12
45.12
45.12
45.12
45.12
45.12
45.12
45.12
44.28
40.32
40.32
40.32
40.32
40.32
40.32
40.32
40.2
40.32
40.08
38.88
39.0
39.0
38.88
39.0
39.0
38.88
39.0
39.0
37.68
31.92
32.04
32.04
32.04
32.04
32.04
32.04
32.04
32.04
33.48
40.56
40.44
40.44
40.56
40.44
40.44
40.56
40.44
40.56
42.12
50.28
50.28
50.16
50.28
50.28
50.28
50.28
50.16
50.28
48.36
40.44
40.32
40.32
40.44
40.32
40.32
40.44
40.32
40.32
40.32
39.96
39.84
39.96
39.96
39.96
39.96
39.96
39.96
39.84
38.76
33.6
33.6
33.6
33.6
33.6
33.72
33.6
33.6
33.6
32.52
28.56
28.56
28.56
28.68
28.56
28.56
28.56
28.56
28.56
34.08
56.04
56.04
56.16
56.04
56.04
56.04
56.04
56.16
56.04
53.28
43.44
43.32
43.44
43.32
43.44
43.32
43.44
43.32
43.44
42.36
39.24
39.24
39.24
39.24
39.24
39.24
39.24
39.12
39.24
38.64
36.6
36.6
36.6
36.72
36.6
36.6
36.6
36.6
36.72
35.76
33.12
33.24
33.12
33.12
33.24
33.12
33.12
33.24
33.12
37.56
51.48
51.6
51.48
51.6
51.6
51.48
51.6
51.48
51.6
48.96
40.8
40.8
40.68
40.8
40.8
40.8
40.68
40.8
40.8
40.2
38.76
38.76
38.76
38.76
38.76
38.64
38.76
38.76
38.76
38.88
39.48
39.36
39.48
39.48
39.48
39.48
39.48
39.48
39.48
36.36
27.96
27.84
27.96
27.84
27.96
27.96
27.84
27.96
27.84
34.8
54.72
54.6
54.72
54.72
54.72
54.6
54.72
54.72
54.72
50.88
40.56
40.56
40.56
40.44
40.56
40.56
40.56
40.56
40.44
40.44
40.32
40.32
40.32
40.32
40.32
40.32
40.32
40.32
40.32
39.84
38.76
38.76
38.88
38.76
38.76
38.88
38.76
38.76
38.88
37.44
34.56
34.56
34.56
34.44
34.56
34.56
34.56
34.56
34.44
38.4
47.88
47.76
47.88
47.76
47.88
47.76
47.88
47.76
47.88
45.48
39.72
39.72
39.6
39.72
39.72
39.72
39.72
39.6
39.72
39.84
40.32
40.32
40.32
40.44
40.32
40.32
40.32
40.32
40.32
39.6
37.68
37.68
37.68
37.68
37.68
37.68
37.68
37.68
37.8
36.12
33.0
33.12
33.0
33.0
33.0
33.12
33.0
33.0
33.0
38.16
49.8
49.68
49.8
49.68
49.8
49.68
49.8
49.68
49.8
46.92
40.92
40.8
40.92
40.8
40.92
40.8
40.92
40.8
40.92
40.56
40.32
40.2
40.32
40.32
40.2
40.32
40.32
40.2
40.32
38.16
34.08
33.96
33.96
34.08
33.96
33.96
34.08
33.96
34.08
33.12
31.56
31.56
31.56
31.56
31.56
31.56
31.56
31.56
31.56
39.12
54.6
54.48
54.48
54.48
54.48
54.48
54.48
54.6
54.48
50.16
41.88
41.88
41.88
41.88
41.88
41.88
41.88
41.88
41.88
39.84
36.24
36.24
36.36
36.24
36.24
36.24
36.24
36.24
36.24
32.64
25.8
25.92
25.8
25.8
25.92
25.8
25.8
25.92
25.8
28.2
32.76
32.64
32.76
32.64
32.76
32.76
32.64
32.76
32.76
42.12
59.4
59.28
59.28
59.28
59.4
59.28
59.28
59.28
59.4
54.72
47.04
47.04
47.04
47.04
47.04
47.04
47.04
47.04
47.04
44.64
40.56
40.56
40.56
40.44
40.56
40.56
40.56
40.56
40.44
39.12
36.72
36.72
36.72
36.72
36.72
36.84
36.72
36.72
36.72
35.16
32.64
32.64
32.76
32.64
32.64
32.64
32.76
32.64
32.64
38.16
47.04
47.16
47.04
47.16
47.04
47.16
47.04
47.16
47.04
46.2
44.52
44.52
44.52
44.52
44.52
44.52
44.52
44.52
44.52
42.72
40.2
40.08
40.2
40.2
40.08
40.2
40.08
40.2
40.2
38.16
35.28
35.28
35.28
35.28
35.4
35.28
35.28
35.28
35.28
34.8
34.08
34.2
34.2
34.2
34.2
34.2
34.2
34.08
34.2
34.44
35.04
35.04
34.92
35.04
35.04
35.04
34.92
35.04
35.04
35.88
37.32
37.32
37.32
37.32
37.32
37.32
37.32
37.32
37.32
36.36
35.28
35.16
35.28
35.28
35.28
35.16
35.28
35.28
35.28
32.28
28.8
28.68
28.8
28.68
28.68
28.8
28.68
28.68
28.8
30.24
32.4
32.4
32.4
32.4
32.4
32.4
32.52
32.4
32.4
34.08
36.6
36.6
36.48
36.6
36.48
36.6
36.48
36.6
36.48
35.64
34.56
34.56
34.68
34.56
34.56
34.56
34.56
34.56
34.56
32.4
29.64
29.76
29.76
29.76
29.76
29.76
29.76
29.76
29.76
30.12
30.84
30.72
30.84
30.72
30.84
30.72
30.84
30.72
30.84
30.12
29.64
29.52
29.64
29.52
29.64
29.52
29.64
29.52
29.52
29.28
28.8
28.92
28.8
28.92
28.8
28.92
28.8
28.92
28.8
32.16
35.64
35.64
35.64
35.76
35.64
35.64
35.64
35.64
35.64
33.12
30.6
30.6
30.48
30.6
30.6
30.6
30.6
30.6
30.6
28.44
26.4
26.52
26.4
26.52
26.52
26.4
26.52
26.4
26.52
35.88
45.6
45.48
45.6
45.48
45.6
45.48
45.6
45.48
45.48
50.64
55.68
55.68
55.68
55.68
55.68
55.8
55.68
55.68
55.68
55.2
54.84
54.84
54.84
54.84
54.84
54.84
54.84
54.96
54.84
56.76
58.8
58.8
58.8
58.8
58.68
58.8
58.8
58.8
58.8
45.96
34.68
34.8
34.68
34.8
34.68
34.8
34.68
34.8
34.68
19.2
6.24
6.12
6.12
6.24
6.12
6.24
6.12
6.12
27.12
34.32
34.44
34.32
34.44
34.32
34.44
34.44
34.32
34.44
44.16
47.76
47.64
47.64
47.76
47.64
47.64
47.76
47.64
47.64
56.4
59.4
59.52
59.4
59.52
59.4
59.4
59.52
59.4
59.52
55.8
54.84
54.84
54.72
54.84
54.84
54.84
54.72
54.84
54.84
38.4
33.0
33.0
33.0
33.0
33.0
33.0
33.0
33.0
33.0
43.56
47.04
47.04
46.92
47.04
47.04
46.92
47.04
47.04
47.04
43.92
42.96
42.96
43.08
42.96
42.96
42.96
42.96
42.96
43.08
41.88
41.76
41.64
41.64
41.76
41.64
41.76
41.64
41.76
41.64
39.36
38.64
38.76
38.64
38.64
38.76
38.64
38.64
38.64
38.76
31.08
28.8
28.8
28.8
28.8
28.8
28.8
28.8
28.8
28.8
38.28
41.16
41.16
41.16
41.16
41.16
41.16
41.16
41.16
41.16
27.12
23.4
23.4
23.4
23.28
23.4
23.4
23.28
23.4
21.84
21.72
21.6
21.72
21.72
21.72
21.72
21.72
21.48
20.28
20.28
20.28
20.28
20.28
20.28
20.28
20.28
19.2
16.2
16.08
16.08
16.08
16.2
16.08
16.08
16.2
16.2
16.56
16.68
16.56
16.68
16.56
16.68
16.56
16.68
14.04
12.72
12.72
12.6
12.72
12.72
12.72
12.6
12.72
14.16
14.64
14.64
14.64
14.52
14.64
14.64
14.64
14.52
13.56
13.68
13.56
13.68
13.68
13.56
13.68
13.56
13.2
11.52
11.52
11.64
11.52
11.52
11.64
11.52
11.52
12.48
13.92
13.8
13.92
13.8
13.92
13.92
13.8
13.92
12.84
12.36
12.24
12.36
12.24
12.36
12.24
12.36
12.24
12.72
12.84
12.84
12.84
12.84
12.84
12.84
12.84
12.96
20.76
20.76
20.76
20.76
20.64
20.76
20.76
20.76
20.76
20.88
21.0
20.88
20.88
21.0
20.88
21.0
20.88
19.92
18.6
18.48
18.6
18.6
18.6
18.6
18.48
18.6
17.52
16.8
16.68
16.8
16.8
16.8
16.8
16.8
16.8
13.56
12.84
12.84
12.84
12.84
12.84
12.84
12.84
12.84
10.2
10.08
10.2
10.2
10.2
10.08
10.2
10.2
10.08
10.2
10.2
10.2
10.2
10.2
10.2
10.2
10.2
10.2
10.32
10.2
10.32
10.32
10.2
10.32
10.32
10.2
9.72
9.6
9.48
9.48
9.6
9.48
9.48
9.48
9.6
7.8
7.44
7.44
7.32
7.44
7.44
7.44
7.44
7.44
4.56
4.56
4.68
4.56
4.68
4.56
4.56
4.68
3.72
0.72
0.6
0.72
0.6
0.6
0.72
0.6
0.72
0.36
0.12
0.12
0.12
0.12
0.12
0.12
0.12
0.12
0.12
0.12
0.12
0.12
0.12
0.12
0.12
0.12
0.12
0.12
0.12
0.12
0.12
0.12
0.12
0.12
0.12
0.12
0.12
0.12
0.12
11.04
39.48
39.48
39.6
39.48
39.48
39.48
39.48
39.48
39.48
42.48
47.76
47.64
47.64
47.64
47.64
47.64
47.76
47.64
47.64
52.2
60.36
60.24
60.24
60.36
60.24
60.24
60.24
60.36
60.24
54.72
45.48
45.48
45.48
45.6
45.48
45.48
45.6
45.48
45.48
43.08
39.72
39.72
39.72
39.6
39.72
39.72
39.72
39.6
39.72
40.08
40.92
40.92
40.92
40.92
41.04
40.92
40.92
40.92
40.92
37.68
33.12
33.12
33.12
33.12
33.12
33.12
33.24
33.12
33.12
33.84
35.04
34.92
35.04
35.04
34.92
35.04
34.92
35.04
35.04
42.6
52.8
52.92
52.8
52.8
52.92
52.8
52.8
52.92
52.8
47.28
40.32
40.32
40.2
40.32
40.32
40.2
40.32
40.32
40.2
32.04
21.96
21.96
21.96
21.96
21.96
21.96
21.96
21.96
26.16
28.68
28.68
28.68
28.68
28.68
28.68
28.8
28.68
28.68
39.0
44.52
44.52
44.64
44.52
44.52
44.52
44.64
44.52
44.52
53.88
58.92
59.04
58.92
59.04
58.92
59.04
58.92
59.04
58.92
51.0
47.04
47.04
47.04
47.16
47.04
47.04
47.04
47.04
47.04
42.72
40.68
40.56
40.68
40.56
40.68
40.56
40.56
40.68
40.56
34.68
31.56
31.68
31.68
31.68
31.68
31.56
31.68
31.68
31.68
33.96
35.04
35.16
35.16
35.04
35.16
35.16
35.16
35.04
35.16
48.0
54.24
54.12
54.12
54.24
54.12
54.12
54.24
54.12
54.12
39.84
33.12
33.0
33.12
33.12
33.12
33.0
33.12
33.12
33.0
42.96
47.52
47.4
47.4
47.52
47.4
47.52
47.4
47.4
47.52
36.48
31.32
31.44
31.44
31.44
31.44
31.44
31.44
31.44
31.32
34.2
35.4
35.4
35.4
35.4
35.4
35.4
35.4
35.4
35.52
48.36
54.12
54.12
54.24
54.12
54.12
54.12
54.12
54.12
54.12
44.28
40.2
40.32
40.2
40.32
40.2
40.32
40.2
40.32
40.2
40.32
40.32
40.32
40.32
40.44
40.32
40.32
40.32
40.44
40.32
36.96
35.64
35.64
35.76
35.64
35.64
35.76
35.64
35.64
35.76
35.76
35.76
35.88
35.88
35.88
35.76
35.88
35.88
35.76
35.88
45.84
49.32
49.44
49.32
49.32
49.44
49.32
49.32
49.44
49.32
42.72
40.32
40.32
40.44
40.32
40.32
40.44
40.32
40.32
40.32
40.08
40.08
40.08
40.08
40.08
40.08
40.08
40.08
40.08
40.08
36.24
34.92
34.92
34.92
34.92
34.92
34.92
34.92
34.92
34.92
34.56
34.44
34.44
34.44
34.56
34.44
34.44
34.44
34.44
34.44
47.04
51.36
51.24
51.36
51.36
51.24
51.36
51.24
51.36
51.24
42.12
38.88
39.0
38.88
38.88
38.88
38.88
38.88
38.88
38.88
39.36
39.6
39.6
39.6
39.6
39.72
39.6
39.6
39.6
39.6
36.24
35.4
35.28
35.28
35.4
35.28
35.28
35.4
35.28
35.28
38.16
39.0
39.0
39.0
39.0
38.88
39.0
39.0
39.0
39.0
46.68
49.2
49.08
49.08
49.08
49.08
49.08
49.08
49.08
49.08
42.12
39.96
39.96
40.08
39.96
39.96
40.08
39.96
39.96
39.96
38.88
38.52
38.64
38.52
38.52
38.52
38.64
38.52
38.52
38.64
31.08
29.16
29.16
29.16
29.16
29.16
29.16
29.16
29.16
29.16
35.64
37.56
37.56
37.56
37.68
37.56
37.56
37.56
37.56
37.68
40.32
41.16
41.16
41.28
41.16
41.16
41.16
41.28
41.16
41.16
37.2
36.12
36.24
36.24
36.12
36.24
36.24
36.12
36.24
36.12
32.4
31.32
31.44
31.44
31.44
31.44
31.44
31.44
31.32
31.44
28.92
28.32
28.32
28.32
28.32
28.32
28.32
28.2
28.32
28.32
30.48
31.08
31.08
30.96
31.08
31.08
30.96
31.08
31.08
31.08
40.56
42.96
42.96
42.96
42.96
42.96
42.96
42.96
42.96
42.96
35.16
33.48
33.6
33.48
33.6
33.48
33.48
33.6
33.48
33.6
33.96
34.32
34.2
34.2
34.2
34.2
34.32
34.2
34.2
34.2
32.64
32.16
32.28
32.28
32.16
32.28
32.28
32.28
32.16
32.28
32.04
32.16
32.04
32.16
32.04
32.16
32.04
32.16
32.16
32.04
36.96
37.92
37.92
37.92
37.92
37.92
37.92
37.92
38.04
37.92
36.84
36.72
36.72
36.72
36.72
36.84
36.72
36.72
36.72
36.72
36.72
36.72
36.84
36.72
36.72
36.84
36.72
36.72
36.84
36.72
32.64
32.16
32.16
32.16
32.16
32.16
32.04
32.16
32.16
32.16
36.6
37.2
37.32
37.32
37.2
37.32
37.32
37.2
37.32
37.32
36.72
36.6
36.72
36.72
36.72
36.6
36.72
36.72
36.72
36.6
33.72
33.48
33.36
33.48
33.36
33.48
33.36
33.48
33.36
33.48
32.52
32.4
32.52
32.4
32.52
32.4
32.52
32.4
32.52
32.4
31.2
31.2
31.2
31.2
31.08
31.2
31.2
31.08
31.2
31.2
31.92
32.04
32.04
32.04
32.04
32.16
32.04
32.04
32.04
32.04
39.84
40.68
40.68
40.56
40.68
40.68
40.68
40.68
40.56
40.68
36.24
36.0
35.88
36.0
35.88
36.0
36.0
35.88
36.0
35.88
22.44
21.36
21.48
21.48
21.36
21.48
21.36
21.48
22.2
28.8
28.8
28.8
28.8
28.8
28.8
28.8
28.8
28.8
29.52
35.04
34.92
34.92
34.92
34.92
34.92
34.92
34.92
34.92
35.76
42.96
42.84
42.96
42.84
42.96
42.84
42.96
42.84
42.84
42.0
36.24
36.36
36.36
36.24
36.36
36.24
36.36
36.24
36.36
36.24
36.36
36.24
36.36
36.36
36.24
36.36
36.36
36.24
36.36
35.76
33.12
33.24
33.12
33.12
33.12
33.24
33.12
33.12
33.24
32.52
30.0
30.0
29.88
30.0
29.88
30.0
30.0
29.88
30.0
29.16
24.84
24.84
24.84
24.84
24.84
24.84
24.84
24.84
24.84
24.72
24.24
24.24
24.12
24.24
24.24
24.24
24.24
24.24
24.24
22.92
16.8
16.8
16.8
16.8
16.92
16.8
16.8
16.8
15.84
14.4
14.28
14.4
14.28
14.4
14.28
14.28
14.4
28.08
39.96
39.96
39.96
39.96
39.96
39.96
39.96
39.96
39.96
33.12
27.96
27.84
27.96
27.84
27.96
27.84
27.84
27.96
27.84
26.4
25.2
25.32
25.2
25.2
25.2
25.32
25.2
25.2
25.2
22.92
21.0
21.12
21.0
21.0
21.12
21.0
21.12
21.0
8.28
3.6
3.6
3.6
3.6
3.6
3.6
3.72
3.6
27.0
28.92
28.8
28.92
28.8
28.92
28.92
28.8
28.92
28.8
15.72
14.88
15.0
14.88
14.88
14.88
14.88
14.88
17.28
32.28
32.4
32.28
32.28
32.4
32.28
32.28
32.28
32.4
32.64
34.68
34.68
34.68
34.68
34.56
34.68
34.68
34.68
34.68
34.44
33.6
33.6
33.6
33.48
33.6
33.6
33.6
33.6
33.48
32.52
27.24
27.12
27.24
27.12
27.24
27.12
27.24
27.24
27.12
28.44
35.16
35.04
35.16
35.04
35.16
35.04
35.16
35.04
35.16
34.44
31.68
31.68
31.8
31.68
31.68
31.68
31.68
31.68
31.8
32.4
35.76
35.76
35.76
35.76
35.76
35.76
35.76
35.76
35.76
34.56
30.6
30.6
30.6
30.6
30.48
30.6
30.6
30.6
30.48
30.24
29.04
28.92
28.92
29.04
28.92
28.92
29.04
28.92
28.92
32.52
44.88
44.76
44.88
44.88
44.88
44.88
44.76
44.88
44.88
42.0
32.16
32.16
32.28
32.16
32.28
32.16
32.16
32.28
32.16
33.48
37.68
37.8
37.68
37.68
37.8
37.68
37.68
37.8
37.68
36.96
34.92
34.92
34.8
34.92
34.92
34.92
34.8
34.92
34.92
34.92
35.04
35.16
35.16
35.04
35.16
35.16
35.04
35.16
35.16
35.64
37.8
37.68
37.68
37.8
37.68
37.68
37.8
37.68
37.68
36.48
33.36
33.24
33.24
33.24
33.36
33.24
33.24
33.24
33.36
33.72
35.4
35.52
35.4
35.4
35.4
35.4
35.52
35.4
35.4
35.04
34.32
34.2
34.32
34.2
34.32
34.2
34.32
34.2
34.32
33.6
32.16
32.28
32.28
32.28
32.28
32.28
32.28
32.28
32.28
35.4
42.96
43.08
43.08
43.08
43.08
43.08
43.08
43.08
43.08
38.4
27.6
27.6
27.6
27.6
27.48
27.6
27.6
27.6
27.6
29.04
32.88
32.76
32.76
32.76
32.76
32.76
32.76
32.88
32.76
33.72
36.0
36.0
36.0
36.0
36.0
36.0
36.12
36.0
36.0
30.48
18.72
18.72
18.72
18.84
18.72
18.72
18.72
18.84
17.76
17.04
17.04
16.92
17.04
17.04
17.04
17.04
17.04
35.76
43.8
43.92
43.92
43.8
43.92
43.92
43.92
43.8
43.92
53.64
58.08
58.2
58.08
58.2
58.08
58.2
58.08
58.2
58.08
42.6
35.76
35.64
35.76
35.76
35.64
35.76
35.76
35.64
35.76
33.84
33.0
33.12
33.12
33.12
33.12
33.12
33.0
33.12
33.12
32.52
32.28
32.4
32.28
32.4
32.28
32.4
32.28
32.4
32.28
44.28
48.96
48.84
48.96
48.96
48.84
48.96
48.96
48.84
48.96
41.88
39.0
39.12
39.12
39.0
39.12
39.12
39.12
39.0
39.12
36.12
35.04
35.04
35.04
34.92
35.04
35.04
35.04
35.04
35.04
30.48
28.92
28.92
28.8
28.92
28.92
28.92
28.8
28.92
28.92
31.8
32.88
32.76
32.88
32.76
32.88
32.88
32.76
32.88
32.76
38.52
40.32
40.32
40.44
40.32
40.32
40.44
40.32
40.44
40.32
31.32
28.56
28.44
28.44
28.56
28.44
28.44
28.56
28.44
28.44
33.0
34.56
34.44
34.44
34.56
34.44
34.56
34.44
34.56
34.44
34.2
34.08
34.2
34.2
34.08
34.2
34.2
34.08
34.2
34.08
26.76
24.6
24.6
24.6
24.6
24.6
24.6
24.6
24.6
24.6
27.72
28.8
28.68
28.8
28.68
28.8
28.68
28.8
28.68
28.8
45.72
50.52
50.52
50.52
50.4
50.52
50.52
50.52
50.52
50.52
39.0
35.64
35.76
35.76
35.76
35.64
35.76
35.76
35.76
35.64
33.12
32.4
32.4
32.4
32.4
32.4
32.4
32.52
32.4
32.4
31.2
30.96
30.96
30.96
30.96
30.96
30.96
30.96
30.96
30.96
38.4
40.2
40.32
40.2
40.32
40.2
40.32
40.2
40.32
40.2
38.52
38.16
38.28
38.16
38.16
38.16
38.16
38.16
38.28
38.16
37.32
37.32
37.2
37.32
37.2
37.32
37.2
37.32
37.2
37.32
36.36
36.24
36.24
36.24
36.24
36.24
36.12
36.24
36.24
36.24
31.32
30.6
30.48
30.6
30.48
30.6
30.48
30.6
30.48
30.6
40.32
42.12
42.12
42.12
42.12
42.24
42.12
42.12
42.12
42.12
24.96
22.44
22.32
22.32
22.32
22.32
22.32
22.32
22.8
35.76
35.64
35.64
35.76
35.64
35.64
35.76
35.64
35.64
35.52
32.88
32.76
32.88
32.88
32.76
32.88
32.88
32.76
32.88
32.76
32.64
32.64
32.64
32.64
32.64
32.64
32.64
32.64
32.64
33.12
40.56
40.56
40.56
40.56
40.56
40.56
40.56
40.56
40.56
40.68
44.16
44.16
44.16
44.16
44.04
44.16
44.16
44.16
44.16
43.44
36.6
36.6
36.6
36.6
36.6
36.48
36.6
36.6
36.6
35.04
18.84
18.96
18.84
18.96
18.84
18.84
18.96
18.84
21.36
27.72
27.72
27.72
27.72
27.72
27.6
27.72
27.72
27.72
36.48
57.12
57.12
57.12
57.12
57.0
57.12
57.12
57.12
57.12
50.76
37.2
37.08
37.08
37.08
37.2
37.08
37.08
37.08
37.2
36.72
36.36
36.24
36.24
36.36
36.24
36.24
36.36
36.24
36.24
35.04
32.76
32.76
32.64
32.76
32.64
32.76
32.64
32.76
32.64
29.64
23.28
23.28
23.4
23.28
23.28
23.4
23.28
23.4
24.24
25.56
25.56
25.68
25.56
25.56
25.68
25.56
25.56
25.68
27.36
29.88
29.76
29.88
29.76
29.76
29.88
29.76
29.88
29.76
31.8
34.2
34.32
34.32
34.2
34.32
34.2
34.32
34.2
34.32
34.2
34.32
34.32
34.44
34.32
34.32
34.32
34.32
34.32
34.32
34.08
33.72
33.84
33.84
33.72
33.84
33.84
33.72
33.84
33.84
34.56
35.52
35.52
35.52
35.52
35.64
35.52
35.52
35.52
35.52
34.32
33.12
33.12
33.12
33.12
33.24
33.12
33.12
33.12
33.12
30.72
28.44
28.56
28.44
28.44
28.44
28.56
28.44
28.44
28.44
28.68
28.8
28.92
28.8
28.8
28.92
28.8
28.8
28.92
28.8
28.8
28.8
28.8
28.8
28.8
28.8
28.68
28.8
28.8
28.8
28.92
29.04
29.04
29.04
29.04
29.04
28.92
29.04
29.04
29.04
29.76
30.36
30.36
30.36
30.48
30.36
30.36
30.48
30.36
30.36
30.12
29.88
29.88
30.0
29.88
29.88
29.88
29.88
30.0
29.88
28.08
26.4
26.4
26.4
26.4
26.4
26.4
26.28
26.4
26.4
25.56
24.84
24.84
24.84
24.84
24.72
24.84
24.84
24.84
24.84
26.76
28.56
28.68
28.68
28.68
28.68
28.56
28.68
28.68
28.68
26.28
24.24
24.36
24.24
24.36
24.24
24.36
24.24
24.36
24.24
25.2
26.04
26.16
26.04
26.16
26.04
26.16
26.16
26.04
26.16
24.72
23.64
23.76
23.64
23.76
23.64
23.64
23.76
23.64
22.68
21.36
21.24
21.36
21.36
21.24
21.36
21.36
21.24
24.24
26.64
26.64
26.64
26.64
26.64
26.64
26.64
26.64
26.64
19.92
14.76
14.64
14.64
14.76
14.64
14.76
14.64
14.76
26.76
30.6
30.6
30.6
30.72
30.6
30.6
30.72
30.6
30.6
50.4
56.4
56.4
56.4
56.4
56.4
56.4
56.4
56.52
56.4
40.56
36.12
36.12
36.24
36.12
36.12
36.24
36.12
36.24
36.12
41.52
43.08
43.08
42.96
43.08
43.08
43.08
43.08
42.96
43.08
44.88
45.36
45.48
45.48
45.36
45.48
45.36
45.48
45.48
45.36
41.52
40.44
40.44
40.44
40.32
40.44
40.44
40.44
40.44
40.44
40.44
40.44
40.56
40.44
40.56
40.56
40.44
40.56
40.44
40.56
35.28
34.08
33.96
33.96
34.08
33.96
33.96
34.08
33.96
33.96
29.88
28.92
28.8
28.8
28.92
28.8
28.8
28.8
28.92
28.8
51.48
57.6
57.6
57.6
57.6
57.6
57.6
57.6
57.6
57.6
43.2
39.6
39.6
39.6
39.72
39.6
39.6
39.6
39.72
39.6
40.44
40.8
40.8
40.8
40.8
40.8
40.68
40.8
40.8
40.8
34.92
33.6
33.6
33.72
33.6
33.6
33.72
33.6
33.72
33.6
34.2
34.44
34.44
34.44
34.44
34.44
34.44
34.44
34.44
34.44
45.36
47.76
47.76
47.88
47.76
47.76
47.76
47.76
47.88
47.76
41.64
40.08
40.2
40.08
40.2
40.2
40.08
40.2
40.2
40.08
37.92
37.44
37.44
37.44
37.44
37.32
37.44
37.44
37.44
37.44
36.6
36.36
36.48
36.48
36.48
36.36
36.48
36.48
36.36
36.48
34.32
33.96
33.96
33.96
33.96
33.96
33.96
33.96
33.96
33.84
31.8
31.44
31.44
31.44
31.44
31.44
31.32
31.44
31.44
31.44
32.04
32.28
32.16
32.28
32.16
32.28
32.16
32.28
32.16
32.28
31.44
31.44
31.44
31.44
31.32
31.44
31.44
31.44
31.44
31.32
31.68
31.68
31.8
31.68
31.68
31.8
31.68
31.68
31.8
31.68
40.32
41.88
41.88
41.76
41.88
41.76
41.88
41.88
41.76
41.88
36.72
36.12
36.0
36.12
36.0
36.12
36.12
36.0
36.12
36.0
34.32
34.08
34.08
34.08
33.96
34.08
34.08
34.08
34.08
33.96
26.88
26.04
26.04
26.04
25.92
26.04
26.04
26.04
25.92
26.04
43.92
46.2
46.2
46.2
46.2
46.2
46.2
46.2
46.2
46.2
30.0
27.72
27.72
27.72
27.72
27.72
27.72
27.72
27.72
27.72
44.88
46.92
46.92
46.92
46.92
46.92
46.92
47.04
46.92
46.92
34.92
33.36
33.24
33.36
33.36
33.36
33.36
33.24
33.36
33.36
17.52
15.36
15.36
15.48
15.36
15.48
15.36
15.48
15.6
19.2
19.32
19.32
19.2
19.32
19.2
19.32
19.2
23.28
34.8
34.8
34.8
34.8
34.8
34.8
34.8
34.8
34.8
39.6
53.04
53.04
53.16
53.04
53.04
53.04
53.16
53.04
53.04
52.92
52.2
52.32
52.32
52.32
52.32
52.2
52.32
52.32
52.32
54.24
59.52
59.52
59.4
59.52
59.4
59.52
59.52
59.4
59.52
56.04
47.64
47.76
47.64
47.76
47.64
47.64
47.76
47.64
47.76
43.92
34.44
34.44
34.56
34.44
34.44
34.56
34.44
34.44
34.44
35.64
38.52
38.64
38.52
38.52
38.64
38.52
38.64
38.52
38.52
43.44
55.08
54.96
54.96
55.08
54.96
55.08
54.96
55.08
54.96
51.96
45.36
45.24
45.36
45.24
45.24
45.36
45.24
45.24
45.36
43.44
40.08
40.08
40.08
40.08
40.08
40.08
40.08
40.08
40.08
36.6
29.52
29.4
29.52
29.4
29.4
29.52
29.4
29.52
29.4
35.28
47.16
47.16
47.16
47.04
47.16
47.16
47.16
47.16
47.16
46.44
45.24
45.24
45.24
45.24
45.36
45.24
45.24
45.24
45.24
43.92
41.88
41.76
41.76
41.76
41.76
41.88
41.76
41.76
41.76
39.48
35.28
35.28
35.16
35.28
35.28
35.16
35.28
35.16
35.28
30.72
22.44
22.56
22.44
22.44
22.56
22.44
22.44
22.56
37.56
52.2
52.32
52.32
52.32
52.2
52.32
52.32
52.32
52.2
40.92
30.12
30.12
30.12
30.12
30.0
30.12
30.12
30.12
30.12
33.12
36.12
36.12
36.12
36.0
36.12
36.12
36.12
36.12
36.12
33.12
30.72
30.6
30.72
30.6
30.72
30.6
30.72
30.6
30.72
33.6
36.36
36.24
36.36
36.24
36.36
36.36
36.24
36.36
36.36
39.36
42.12
42.24
42.12
42.12
42.24
42.12
42.12
42.12
42.24
39.48
37.44
37.32
37.44
37.44
37.44
37.32
37.44
37.44
37.44
35.88
34.8
34.92
34.8
34.8
34.8
34.92
34.8
34.8
34.92
35.76
36.72
36.72
36.84
36.72
36.72
36.72
36.72
36.84
36.72
34.92
33.48
33.36
33.48
33.48
33.48
33.48
33.48
33.48
33.48
36.84
39.96
39.84
39.84
39.84
39.84
39.84
39.84
39.84
39.84
22.92
10.32
10.2
10.32
10.2
10.32
10.2
10.32
10.2
24.36
28.56
28.68
28.56
28.56
28.68
28.56
28.56
28.56
28.68
46.68
52.08
52.2
52.08
52.08
52.2
52.08
52.08
52.2
52.08
33.96
28.68
28.68
28.56
28.68
28.56
28.68
28.68
28.56
28.68
33.96
35.28
35.4
35.4
35.4
35.4
35.4
35.4
35.4
35.28
36.48
36.72
36.84
36.84
36.72
36.84
36.84
36.72
36.84
36.84
32.64
31.56
31.68
31.68
31.68
31.68
31.56
31.68
31.68
31.68
34.32
34.92
34.92
35.04
34.92
35.04
34.92
35.04
34.92
35.04
33.0
32.64
32.76
32.64
32.64
32.76
32.64
32.76
32.64
32.64
37.08
37.92
37.92
38.04
37.92
37.92
37.92
38.04
37.92
37.92
33.0
32.04
32.04
31.92
32.04
32.04
32.04
31.92
32.04
32.04
27.36
26.52
26.52
26.52
26.52
26.4
26.52
26.52
26.52
26.52
39.48
42.0
42.0
42.0
42.0
42.0
42.0
42.0
42.0
42.12
32.52
30.96
31.08
30.96
30.96
31.08
30.96
30.96
31.08
30.96
49.44
52.68
52.68
52.68
52.8
52.68
52.68
52.68
52.8
52.68
42.0
40.08
40.08
40.2
40.08
40.2
40.08
40.08
40.2
40.08
39.84
39.84
39.84
39.84
39.84
39.84
39.84
39.84
39.84
39.84
40.08
40.2
40.2
40.2
40.2
40.2
40.2
40.2
40.32
40.2
32.4
31.44
31.32
31.44
31.32
31.44
31.44
31.32
31.44
31.32
47.76
49.92
49.92
49.92
50.04
49.92
49.92
49.92
50.04
49.92
41.04
39.96
39.96
39.96
39.96
39.96
39.96
39.96
39.96
39.96
39.84
39.84
39.96
39.84
39.84
39.84
39.84
39.96
39.84
39.84
39.0
39.0
39.0
38.88
39.0
39.0
39.0
39.0
39.0
38.88
33.84
33.24
33.24
33.24
33.24
33.24
33.24
33.24
33.24
33.24
12.84
10.92
10.92
10.92
10.92
10.8
10.92
10.92
14.4
42.96
42.96
42.96
42.96
42.96
42.96
42.96
42.96
43.08
44.4
57.72
57.72
57.72
57.72
57.72
57.72
57.72
57.72
57.72
57.84
58.68
58.68
58.68
58.68
58.68
58.68
58.68
58.8
58.68
54.12
24.84
24.96
24.84
24.84
24.84
24.84
24.84
24.84
24.84
27.6
46.68
46.68
46.8
46.68
46.68
46.68
46.68
46.68
46.8
44.04
25.32
25.32
25.32
25.32
25.32
25.32
25.32
25.32
25.32
27.36
42.48
42.48
42.48
42.48
42.48
42.48
42.48
42.48
42.48
42.12
40.56
40.56
40.44
40.56
40.44
40.56
40.56
40.44
40.56
38.16
24.48
24.48
24.48
24.48
24.48
24.48
24.6
24.48
24.48
27.6
47.64
47.64
47.64
47.76
47.64
47.64
47.64
47.64
47.64
46.56
38.88
38.88
39.0
38.88
39.0
38.88
38.88
39.0
38.88
40.44
50.16
50.16
50.04
50.16
50.16
50.16
50.04
50.16
50.16
48.48
38.52
38.64
38.52
38.52
38.52
38.52
38.52
38.52
38.52
37.44
29.88
29.76
29.88
29.88
29.88
29.76
29.88
29.88
29.88
32.16
46.68
46.56
46.68
46.68
46.56
46.68
46.68
46.68
46.56
46.44
45.84
45.72
45.84
45.84
45.72
45.84
45.72
45.84
45.84
45.0
40.92
40.8
40.92
40.8
40.8
40.92
40.8
40.92
40.8
40.68
40.44
40.32
40.32
40.32
40.44
40.32
40.32
40.44
40.32
39.48
34.44
34.56
34.44
34.56
34.44
34.56
34.44
34.56
34.44
35.64
42.24
42.12
42.24
42.12
42.12
42.24
42.12
42.24
42.12
42.48
44.52
44.52
44.52
44.52
44.64
44.52
44.52
44.52
44.52
43.8
39.96
39.96
39.96
39.96
39.84
39.96
39.96
39.96
39.84
39.96
40.44
40.32
40.44
40.32
40.44
40.32
40.44
40.32
40.44
38.52
29.88
29.88
29.88
29.88
29.88
29.88
29.88
29.88
29.88
31.32
38.52
38.64
38.52
38.52
38.64
38.52
38.52
38.64
38.52
35.04
19.8
19.8
19.8
19.8
19.8
19.8
19.8
19.8
17.4
13.56
13.56
13.56
13.56
13.56
13.56
13.56
13.56
15.72
17.64
17.52
17.52
17.64
17.52
17.52
17.64
17.52
