6.0
6.0
6.0
6.0
6.0
4.8
4.32
4.2
4.32
4.2
3.36
0.12
0.12
0.12
0.12
0.12
0.12
0.12
0.12
0.12
0.12
3.24
3.72
3.6
3.72
3.6
40.2
47.76
47.76
47.64
47.76
47.64
47.76
47.76
47.64
47.76
59.76
62.4
62.28
62.4
62.4
62.4
62.28
62.4
62.4
62.4
56.4
55.2
55.2
55.2
55.2
55.2
55.2
55.32
55.2
55.2
57.12
57.72
57.72
57.72
57.6
57.72
57.72
57.72
57.72
57.72
61.68
62.76
62.76
62.88
62.76
62.76
62.76
62.88
62.76
62.76
62.4
62.4
62.28
62.4
62.4
62.28
62.4
62.28
62.4
62.28
59.28
58.56
58.44
58.44
58.44
58.44
58.44
58.56
58.44
58.44
59.76
60.24
60.24
60.24
60.24
60.24
60.24
60.24
60.24
60.24
61.92
62.64
62.64
62.52
62.64
62.64
62.52
62.64
62.64
62.52
51.12
47.64
47.52
47.64
47.64
47.52
47.64
47.64
47.52
47.64
63.24
68.28
68.28
68.28
68.28
68.28
68.28
68.28
68.28
68.28
64.68
63.6
63.48
63.6
63.6
63.6
63.6
63.6
63.6
63.6
62.76
62.64
62.64
62.52
62.64
62.52
62.64
62.64
62.52
62.64
63.72
64.2
64.08
64.2
64.2
64.08
64.2
64.08
64.2
64.08
55.44
52.68
52.68
52.68
52.68
52.68
52.68
52.68
52.68
52.68
53.76
54.12
54.24
54.12
54.24
54.12
54.24
54.24
54.12
54.24
57.0
58.08
58.08
58.08
57.96
58.08
58.08
58.08
57.96
58.08
59.28
59.76
59.76
59.76
59.76
59.64
59.76
59.76
59.76
59.76
49.8
46.56
46.56
46.44
46.56
46.56
46.44
46.56
46.56
46.56
62.76
68.64
68.76
68.64
68.76
68.64
68.64
68.76
68.64
68.64
62.76
60.84
60.72
60.84
60.72
60.72
60.84
60.72
60.84
60.72
61.08
61.2
61.2
61.08
61.2
61.2
61.2
61.2
61.2
61.2
59.76
59.16
59.28
59.16
59.28
59.28
59.16
59.28
59.16
59.28
57.12
56.4
56.28
56.4
56.4
56.4
56.4
56.28
56.4
56.4
55.08
54.6
54.6
54.72
54.6
54.72
54.6
54.6
54.72
54.6
56.16
57.0
56.88
56.88
56.88
56.88
56.88
57.0
56.88
56.88
55.8
55.56
55.44
55.44
55.44
55.44
55.56
55.44
55.44
55.44
58.32
59.64
59.64
59.64
59.64
59.64
59.64
59.76
59.64
59.64
59.76
59.76
59.88
59.76
59.88
59.88
59.76
59.88
59.88
59.76
60.0
60.12
60.0
60.12
60.12
60.12
60.0
60.12
60.12
60.12
55.56
53.4
53.4
53.4
53.4
53.4
53.4
53.4
53.4
53.4
64.08
70.2
70.08
70.08
70.2
70.08
70.08
70.2
70.08
70.08
64.2
61.2
61.08
61.2
61.2
61.2
61.08
61.2
61.2
61.08
60.24
59.76
59.76
59.64
59.76
59.76
59.76
59.76
59.64
59.76
59.64
59.52
59.64
59.64
59.64
59.64
59.64
59.64
59.64
59.64
59.52
59.52
59.64
59.52
59.52
59.64
59.52
59.52
59.52
59.64
59.04
58.8
58.92
58.8
58.92
58.8
58.92
58.8
58.92
58.8
57.6
56.88
57.0
57.0
56.88
57.0
57.0
56.88
57.0
57.0
53.52
51.36
51.48
51.36
51.48
51.48
51.36
51.48
51.36
51.48
50.64
50.4
50.4
50.28
50.4
50.4
50.28
50.4
50.28
50.4
55.68
59.28
59.28
59.28
59.28
59.28
59.28
59.28
59.28
59.28
58.2
57.48
57.36
57.48
57.36
57.48
57.48
57.36
57.48
57.48
55.68
54.48
54.6
54.48
54.6
54.48
54.6
54.48
54.48
54.6
55.44
56.28
56.28
56.28
56.28
56.16
56.28
56.28
56.28
56.28
57.6
58.68
58.56
58.68
58.56
58.68
58.68
58.56
58.68
58.56
57.36
56.4
56.52
56.4
56.4
56.52
56.4
56.4
56.52
56.4
54.6
53.28
53.16
53.16
53.28
53.16
53.16
53.28
53.16
53.16
54.96
56.52
56.52
56.52
56.52
56.52
56.52
56.64
56.52
56.52
56.04
55.8
55.8
55.68
55.8
55.8
55.8
55.8
55.8
55.8
58.8
61.32
61.32
61.32
61.32
61.32
61.32
61.44
61.32
61.32
61.8
62.4
62.4
62.4
62.4
62.4
62.4
62.52
62.4
62.4
50.88
40.68
40.56
40.56
40.68
40.56
40.56
40.68
40.56
40.56
34.2
28.2
28.2
28.2
28.2
28.2
28.2
28.2
28.2
28.2
42.6
56.04
56.04
56.04
56.04
56.04
56.04
56.04
56.04
56.04
60.6
65.16
65.16
65.16
65.16
65.16
65.16
65.16
65.16
65.16
64.44
63.6
63.6
63.6
63.6
63.6
63.6
63.6
63.6
63.6
54.12
44.76
44.76
44.64
44.76
44.76
44.76
44.76
44.76
44.64
38.04
31.2
31.32
31.2
31.32
31.2
31.32
31.2
31.32
31.2
19.8
8.28
8.28
8.28
8.28
13.32
53.76
53.76
53.76
53.64
53.76
53.76
53.76
53.76
53.76
54.96
66.6
66.72
66.6
66.6
66.6
66.72
66.6
66.6
66.72
64.08
44.16
44.16
44.16
44.16
44.16
44.16
44.16
44.16
44.16
42.72
30.84
30.84
30.84
30.96
30.84
30.84
30.84
30.96
30.84
34.08
61.08
60.96
60.96
60.96
60.96
60.96
61.08
60.96
60.96
61.32
65.28
65.4
65.28
65.4
65.28
65.4
65.28
65.4
65.28
65.52
66.72
66.84
66.84
66.72
66.84
66.72
66.84
66.84
66.72
65.04
47.28
47.4
47.28
47.28
47.28
47.4
47.28
47.28
47.4
46.08
34.92
35.04
35.04
34.92
35.04
35.04
34.92
35.04
34.92
36.12
47.04
47.16
47.04
47.04
47.16
47.04
47.16
47.04
47.16
48.6
64.44
64.56
64.44
64.56
64.56
64.44
64.56
64.44
64.56
63.84
57.48
57.48
57.48
57.48
57.48
57.48
57.48
57.48
57.48
54.96
27.72
27.6
27.72
27.6
27.72
27.6
27.72
27.72
27.6
27.48
26.76
26.76
26.76
26.76
26.64
26.76
26.76
26.76
26.76
26.52
25.32
25.32
25.32
25.32
25.32
25.2
25.32
25.32
25.32
25.2
24.36
24.36
24.36
24.36
24.36
24.48
24.36
24.36
24.36
24.6
27.72
27.72
27.6
27.72
27.72
27.72
27.6
27.72
27.72
27.24
23.88
24.0
23.88
23.88
23.88
23.88
27.72
29.88
29.88
29.76
29.88
29.88
29.88
29.76
29.88
29.88
28.32
27.48
27.6
27.6
27.6
27.6
27.6
27.6
27.6
27.6
15.72
9.96
10.08
10.08
10.08
17.28
36.0
36.0
36.0
36.0
36.0
36.0
36.0
36.12
36.0
33.84
28.32
28.32
28.32
28.32
28.32
28.32
28.32
28.32
28.32
35.28
53.28
53.28
53.28
53.16
53.28
53.28
53.28
53.28
53.28
55.56
61.92
61.92
62.04
61.92
61.92
61.92
62.04
61.92
61.92
62.64
64.56
64.68
64.56
64.68
64.68
64.56
64.68
64.68
64.56
64.92
65.64
65.64
65.64
65.64
65.64
65.64
65.64
65.64
65.76
60.12
45.72
45.72
45.72
45.6
45.72
45.72
45.72
45.72
45.6
40.08
25.08
25.08
25.2
25.08
25.08
25.08
25.2
25.08
25.08
30.72
45.96
45.96
45.84
45.96
45.96
45.96
45.96
45.96
45.84
50.16
61.32
61.44
61.32
61.32
61.44
61.32
61.44
61.32
61.44
61.92
63.96
64.08
63.96
63.96
64.08
63.96
63.96
63.96
64.08
60.12
48.6
48.48
48.6
48.6
48.6
48.6
48.48
48.6
48.6
42.84
25.56
25.68
25.56
25.68
25.56
25.68
25.56
25.68
25.56
33.36
57.0
57.0
56.88
57.0
57.0
57.0
56.88
57.0
57.0
58.32
62.76
62.76
62.76
62.76
62.76
62.76
62.76
62.88
62.76
62.04
60.6
60.48
60.48
60.48
60.48
60.48
60.48
60.48
60.6
57.36
46.8
46.68
46.68
46.8
46.68
46.8
46.68
46.68
46.8
42.96
30.48
30.36
30.36
30.48
30.36
30.48
30.36
30.36
30.48
35.52
54.0
54.0
54.0
54.0
54.0
54.0
54.0
54.0
54.0
55.44
61.68
61.68
61.68
61.68
61.68
61.68
61.68
61.68
61.68
62.76
66.96
66.96
66.96
66.96
66.96
67.08
66.96
66.96
66.96
61.8
42.84
42.84
42.72
42.84
42.84
42.72
42.84
42.72
42.84
39.12
25.32
25.44
25.32
25.44
25.32
25.44
25.32
25.44
25.32
30.72
51.24
51.36
51.24
51.24
51.24
51.24
51.36
51.24
51.24
52.68
58.44
58.56
58.44
58.44
58.44
58.56
58.44
58.44
58.56
58.32
58.32
58.44
58.44
58.32
58.44
58.32
58.44
58.44
58.32
55.56
44.16
44.16
44.16
44.16
44.04
44.16
44.16
44.16
44.16
40.92
27.48
27.6
27.48
27.6
27.48
27.48
27.6
27.48
27.48
29.16
36.48
36.6
36.48
36.48
36.48
36.48
36.6
36.48
36.48
39.84
54.72
54.6
54.6
54.72
54.6
54.72
54.6
54.72
54.6
55.44
58.8
58.8
58.8
58.8
58.92
58.8
58.8
58.8
58.92
56.76
47.52
47.52
47.52
47.52
47.52
47.4
47.52
47.52
47.52
45.0
33.84
33.72
33.72
33.84
33.72
33.84
33.72
33.72
33.84
37.44
54.6
54.6
54.6
54.6
54.48
54.6
54.6
54.6
54.48
55.32
58.68
58.8
58.68
58.8
58.8
58.68
58.8
58.68
58.8
54.72
36.0
35.88
36.0
35.88
35.88
36.0
35.88
36.0
35.88
38.52
51.24
51.24
51.24
51.24
51.24
51.24
51.24
51.12
51.24
46.92
24.24
24.36
24.24
24.36
24.24
24.24
24.36
24.24
24.36
25.2
30.12
30.0
30.12
30.12
30.12
30.12
30.12
30.12
30.12
34.08
55.2
55.08
55.2
55.2
55.08
55.2
55.08
55.2
55.2
54.0
48.12
48.0
48.12
48.12
48.12
48.12
48.12
48.12
48.12
44.88
27.0
27.0
27.0
27.0
27.0
27.0
27.0
27.0
27.0
27.0
27.24
27.24
27.24
27.24
27.36
27.24
27.24
27.24
27.24
27.36
28.08
28.08
28.2
28.08
28.2
28.08
28.08
28.2
28.08
27.96
26.76
26.76
26.76
26.76
26.76
26.76
26.76
26.76
26.76
26.52
25.08
25.08
24.96
25.08
25.08
25.08
25.08
25.08
25.08
25.08
25.92
25.92
25.92
25.92
25.92
25.92
25.92
25.92
25.92
23.04
6.6
6.6
6.48
6.6
6.6
21.84
26.88
26.76
26.76
26.88
26.76
26.76
26.88
26.76
26.88
37.44
41.04
40.92
41.04
41.04
40.92
41.04
40.92
41.04
41.04
40.32
40.08
40.08
40.2
40.08
40.2
40.08
40.08
40.2
40.08
37.92
37.44
37.44
37.32
37.44
37.44
37.32
37.44
37.44
37.32
34.2
33.12
33.12
33.24
33.12
33.12
33.24
33.12
33.12
33.24
44.52
48.36
48.36
48.24
48.36
48.24
48.36
48.24
48.36
48.36
47.76
47.88
47.88
47.76
47.88
47.76
47.88
47.88
47.76
47.88
54.84
57.0
57.12
57.0
57.12
57.0
57.12
57.0
57.12
57.0
52.8
51.6
51.48
51.48
51.48
51.48
51.6
51.48
51.48
51.48
34.92
28.92
29.04
29.04
29.04
29.04
29.04
29.04
29.04
29.04
43.08
48.0
48.0
48.12
48.0
48.0
48.12
48.0
48.0
48.12
54.36
56.76
56.76
56.76
56.64
56.76
56.76
56.76
56.64
56.76
57.96
58.32
58.32
58.44
58.32
58.32
58.44
58.32
58.32
58.44
55.8
54.84
54.96
54.84
54.96
54.96
54.84
54.96
54.84
54.96
33.12
24.48
24.48
24.48
24.48
24.36
24.48
24.48
24.48
24.48
42.12
49.32
49.44
49.32
49.44
49.32
49.44
49.32
49.44
49.32
56.52
59.52
59.52
59.52
59.52
59.64
59.52
59.52
59.52
59.52
60.36
60.6
60.72
60.72
60.72
60.72
60.72
60.72
60.6
60.72
59.04
58.32
58.32
58.32
58.44
58.32
58.32
58.32
58.32
58.32
42.0
33.84
33.84
33.96
33.84
33.84
33.96
33.84
33.96
33.84
33.24
32.88
33.0
33.0
32.88
33.0
33.0
32.88
33.0
33.0
51.72
60.84
60.96
60.84
60.96
60.96
60.84
60.96
60.84
60.96
65.4
68.04
68.04
67.92
68.04
68.04
67.92
68.04
67.92
68.04
63.6
61.56
61.56
61.56
61.44
61.56
61.56
61.56
61.56
61.44
39.96
29.64
29.64
29.64
29.64
29.64
29.64
29.64
29.76
29.64
36.36
39.72
39.6
39.72
39.6
39.72
39.72
39.6
39.72
39.6
54.0
60.72
60.72
60.72
60.72
60.72
60.72
60.72
60.72
60.72
63.72
65.4
65.4
65.4
65.4
65.4
65.4
65.4
65.4
65.4
61.2
59.28
59.28
59.28
59.28
59.28
59.28
59.28
59.28
59.28
39.12
28.68
28.8
28.68
28.68
28.8
28.68
28.8
28.68
28.8
37.56
42.36
42.36
42.36
42.24
42.36
42.36
42.36
42.24
42.36
54.96
61.68
61.56
61.56
61.56
61.68
61.56
61.56
61.56
61.68
61.92
62.28
62.16
62.28
62.28
62.28
62.28
62.16
62.28
62.28
60.12
58.92
58.92
58.92
58.92
58.92
58.92
58.92
58.92
58.92
36.84
24.0
23.88
24.0
24.0
23.88
24.0
24.0
42.36
44.64
44.64
44.64
44.64
44.64
44.64
44.64
44.64
44.52
57.6
58.92
59.04
58.92
59.04
58.92
59.04
58.92
59.04
58.92
65.88
66.84
66.84
66.84
66.96
66.84
66.84
66.84
66.84
66.84
59.4
58.44
58.56
58.56
58.44
58.56
58.56
58.44
58.56
58.56
36.84
34.44
34.32
34.44
34.32
34.44
34.32
34.44
34.32
34.32
32.4
32.04
32.04
32.16
32.04
32.16
32.04
32.16
32.04
32.16
54.96
57.96
57.84
57.96
57.84
57.96
57.84
57.96
57.96
57.84
54.12
53.76
53.64
53.64
53.76
53.64
53.76
53.64
53.64
53.76
57.6
58.2
58.32
58.2
58.2
58.32
58.2
58.2
58.32
58.2
38.4
35.28
35.28
35.28
35.16
35.28
35.28
35.28
35.28
35.28
30.84
30.24
30.24
30.24
30.24
30.24
30.24
30.36
30.24
30.24
55.8
60.0
60.0
60.0
60.0
60.0
60.0
60.0
60.12
60.0
58.68
58.68
58.56
58.56
58.56
58.56
58.56
58.68
58.56
58.56
59.52
59.64
59.76
59.76
59.76
59.64
59.76
59.76
59.76
59.64
42.72
39.24
39.24
39.24
39.36
39.24
39.24
39.24
39.24
39.24
33.96
32.88
32.88
33.0
32.88
32.88
32.88
32.88
32.88
32.88
46.68
49.44
49.44
49.44
49.44
49.44
49.44
49.44
49.44
49.44
55.8
57.12
57.24
57.12
57.12
57.24
57.12
57.12
57.24
57.12
57.36
57.48
57.48
57.48
57.48
57.48
57.48
57.48
57.48
57.48
39.12
35.04
34.92
34.92
34.92
35.04
34.92
34.92
34.92
34.92
35.76
35.88
35.88
35.88
35.88
36.0
35.88
35.88
35.88
35.88
52.32
56.16
56.16
56.16
56.16
56.28
56.16
56.16
56.16
56.16
56.4
56.52
56.4
56.52
56.52
56.52
56.4
56.52
56.52
56.52
58.32
58.92
58.8
58.92
58.92
58.92
58.8
58.92
58.92
58.8
41.76
37.44
37.32
37.32
37.32
37.44
37.32
37.32
37.32
37.44
31.32
29.76
29.88
29.88
29.76
29.88
29.88
29.76
29.88
29.76
45.96
50.28
50.28
50.28
50.28
50.28
50.28
50.28
50.16
50.28
57.48
59.4
59.52
59.4
59.52
59.4
59.52
59.4
59.52
59.4
58.08
57.6
57.72
57.72
57.72
57.72
57.6
57.72
57.72
57.72
36.24
29.88
30.0
30.0
29.88
30.0
29.88
30.0
30.0
29.88
35.28
36.96
36.84
36.96
36.84
36.96
36.84
36.96
36.84
36.96
52.2
57.0
57.0
56.88
57.0
57.0
57.0
57.0
56.88
57.0
59.4
60.24
60.24
60.24
60.24
60.12
60.24
60.24
60.24
60.24
59.04
58.68
58.8
58.68
58.8
58.8
58.68
58.8
58.68
58.8
42.72
37.68
37.56
37.56
37.56
37.56
37.56
37.68
37.56
37.56
33.84
32.64
32.76
32.64
32.64
32.76
32.64
32.64
32.76
32.64
53.52
60.48
60.48
60.48
60.48
60.48
60.48
60.48
60.6
60.48
60.0
60.0
60.0
60.0
60.0
60.0
59.88
60.0
60.0
60.0
59.64
59.52
59.64
59.52
59.52
59.64
59.52
59.64
59.52
59.52
44.64
39.0
39.0
38.88
39.0
39.0
38.88
39.0
39.0
38.88
32.64
30.24
30.36
30.24
30.24
30.36
30.24
30.24
30.36
30.24
50.4
58.2
58.32
58.2
58.2
58.32
58.2
58.32
58.2
58.2
60.12
60.84
60.84
60.96
60.84
60.96
60.84
60.84
60.96
60.84
59.52
58.92
59.04
58.92
59.04
58.92
59.04
58.92
59.04
58.92
44.16
37.44
37.44
37.44
37.44
37.44
37.44
37.44
37.44
37.56
16.08
6.72
6.6
6.72
6.72
12.72
27.12
27.12
27.12
27.24
27.12
27.12
27.12
27.12
27.12
35.76
56.04
56.04
56.04
56.16
56.04
56.04
56.04
56.04
56.16
56.52
58.2
58.08
58.2
58.08
58.2
58.08
58.2
58.08
58.2
53.4
41.28
41.28
41.28
41.28
41.16
41.28
41.28
41.28
41.28
38.4
31.2
31.2
31.08
31.2
31.2
31.08
31.2
31.2
31.08
38.4
57.48
57.36
57.36
57.36
57.36
57.36
57.36
57.36
57.48
57.24
56.88
57.0
56.88
57.0
56.88
57.0
56.88
57.0
56.88
58.08
61.32
61.44
61.32
61.44
61.32
61.44
61.32
61.44
61.44
52.44
26.4
26.4
26.4
26.4
26.28
26.4
26.4
26.4
26.28
27.24
30.24
30.24
30.12
30.24
30.24
30.12
30.24
30.12
30.24
32.88
40.8
40.8
40.8
40.8
40.8
40.92
40.8
40.8
40.8
39.48
35.52
35.52
35.52
35.64
35.52
35.52
35.52
35.64
35.52
38.4
47.04
47.04
47.16
47.04
47.04
47.16
47.04
47.04
47.16
45.24
39.96
39.96
39.96
39.96
39.96
39.96
39.96
39.96
39.96
39.72
39.36
39.24
39.24
39.24
39.24
39.36
39.24
39.24
39.24
44.64
60.84
60.84
60.84
60.84
60.84
60.84
60.84
60.84
60.84
55.56
39.12
39.24
39.12
39.12
39.24
39.12
39.12
39.24
39.12
38.04
34.56
34.68
34.56
34.68
34.56
34.68
34.56
34.68
34.56
36.0
40.44
40.32
40.44
40.44
40.32
40.44
40.32
40.44
40.44
37.32
28.56
28.44
28.56
28.44
28.44
28.56
28.44
28.56
28.44
33.96
51.6
51.6
51.6
51.6
51.6
51.6
51.6
51.6
51.6
53.52
59.52
59.64
59.52
59.64
59.64
59.52
59.64
59.52
59.64
58.8
56.64
56.64
56.52
56.64
56.64
56.64
56.64
56.52
56.64
53.28
42.6
42.6
42.6
42.6
42.48
42.6
42.6
42.6
42.6
39.36
29.16
29.16
29.16
29.16
29.16
29.16
29.16
29.16
29.16
35.52
57.0
56.88
57.0
57.0
57.0
57.0
57.0
57.0
56.88
57.72
60.12
60.12
60.12
60.24
60.12
60.12
60.12
60.12
60.24
60.24
60.84
60.72
60.84
60.84
60.72
60.84
60.84
60.72
60.84
58.32
49.08
48.96
49.08
48.96
49.08
48.96
49.08
48.96
49.08
45.6
31.44
31.44
31.44
31.44
31.44
31.32
31.44
31.44
31.44
33.36
42.12
42.0
42.12
42.12
42.0
42.12
42.0
42.12
42.12
45.0
57.6
57.6
57.72
57.6
57.6
57.72
57.6
57.6
57.72
58.44
62.04
62.16
62.16
62.16
62.04
62.16
62.16
62.16
62.04
59.88
50.4
50.28
50.28
50.4
50.28
50.4
50.28
50.4
50.28
44.52
19.8
19.68
19.8
19.8
19.8
45.0
51.96
51.96
51.84
51.96
51.96
51.96
51.84
51.96
51.96
56.04
57.48
57.36
57.36
57.48
57.36
57.36
57.48
57.36
57.36
54.36
53.4
53.28
53.4
53.4
53.4
53.4
53.4
53.4
53.4
39.24
35.28
35.28
35.16
35.28
35.28
35.28
35.28
35.28
35.28
26.76
24.24
24.36
24.36
24.36
24.24
24.36
24.36
24.36
24.24
44.88
50.64
50.76
50.64
50.64
50.76
50.64
50.76
50.64
50.64
45.12
43.68
43.56
43.68
43.56
43.68
43.56
43.68
43.56
43.68
27.6
23.4
23.28
23.28
23.4
26.04
36.36
36.48
36.36
36.36
36.36
36.36
36.36
36.36
36.48
34.8
29.76
29.76
29.76
29.76
29.76
29.76
29.76
29.76
29.76
36.0
58.56
58.68
58.56
58.68
58.56
58.68
58.56
58.68
58.56
58.08
56.64
56.52
56.52
56.64
56.52
56.52
56.64
56.52
56.52
53.76
42.84
42.84
42.72
42.84
42.84
42.84
42.84
42.84
42.84
40.68
32.64
32.64
32.64
32.64
32.64
32.64
32.64
32.64
32.64
30.24
21.24
21.12
21.24
21.24
21.24
50.64
57.72
57.72
57.72
57.6
57.72
57.72
57.72
57.72
57.72
38.76
33.96
34.08
34.08
34.08
34.08
34.08
33.96
34.08
34.08
21.36
18.12
18.12
18.24
18.12
18.72
19.68
19.8
19.68
19.68
19.68
34.8
34.8
34.8
34.92
34.8
34.8
34.8
34.92
34.8
34.8
31.56
31.68
31.68
31.56
31.68
31.68
31.68
31.56
31.68
31.68
31.44
31.44
31.44
31.56
31.44
31.44
31.44
31.56
31.44
31.44
38.52
38.64
38.52
38.64
38.52
38.64
38.52
38.64
38.52
38.64
34.8
34.92
34.8
34.92
34.92
34.8
34.92
34.8
34.92
34.92
27.36
27.48
27.36
27.48
27.36
27.48
27.36
27.48
27.48
27.36
43.44
43.56
43.44
43.56
43.44
43.56
43.44
43.56
43.44
43.56
37.56
37.56
37.68
37.56
37.56
37.68
37.56
37.56
37.68
37.56
34.92
35.04
35.04
35.04
34.92
35.04
35.04
35.04
35.04
34.92
28.2
28.32
28.2
28.32
28.32
28.2
28.32
28.2
28.32
28.32
28.92
28.92
28.92
29.04
28.92
28.92
29.04
28.92
28.92
28.92
20.16
20.28
20.28
20.28
20.16
30.96
37.92
37.8
37.92
37.92
37.92
37.8
37.92
37.92
37.8
37.68
37.8
37.8
37.8
37.68
37.8
37.8
37.68
37.8
37.8
34.56
32.64
32.64
32.64
32.64
32.64
32.52
32.64
32.64
32.64
36.6
39.12
39.24
39.24
39.12
39.24
39.24
39.12
39.24
39.24
47.76
53.4
53.4
53.4
53.4
53.4
53.52
53.4
53.4
53.4
43.8
38.04
37.92
37.92
37.92
37.92
38.04
37.92
37.92
37.92
36.72
36.12
36.0
36.12
36.12
36.0
36.12
36.0
36.12
36.12
40.56
43.44
43.56
43.44
43.56
43.44
43.56
43.44
43.56
43.44
30.24
21.72
21.72
21.72
21.6
27.6
49.92
49.92
50.04
49.92
49.92
50.04
49.92
49.92
49.92
52.44
61.68
61.8
61.8
61.68
61.8
61.8
61.68
61.8
61.8
61.32
59.4
59.4
59.4
59.4
59.4
59.4
59.4
59.4
59.4
57.84
51.84
51.72
51.84
51.72
51.84
51.72
51.84
51.72
51.72
47.4
28.56
28.68
28.56
28.56
28.68
28.56
28.68
28.56
28.56
30.84
40.92
40.8
40.92
40.8
40.92
40.8
40.92
40.8
40.92
44.28
58.92
58.8
58.92
58.92
58.92
58.92
58.92
58.8
58.92
58.32
55.8
55.8
55.68
55.8
55.8
55.8
55.68
55.8
55.8
55.56
54.96
54.96
54.84
54.96
54.96
54.84
54.96
54.96
54.84
50.04
26.16
26.16
26.28
26.16
26.16
26.28
26.16
26.16
26.16
28.2
37.8
37.92
37.8
37.92
37.8
37.8
37.92
37.8
37.8
41.76
61.2
61.2
61.2
61.2
61.2
61.2
61.2
61.2
61.08
60.96
59.4
59.28
59.4
59.4
59.4
59.4
59.4
59.4
59.4
59.52
60.6
60.6
60.6
60.6
60.6
60.6
60.6
60.6
60.48
56.04
33.36
33.36
33.48
33.36
33.36
33.36
33.48
33.36
33.36
32.64
29.16
29.28
29.28
29.16
29.28
29.16
29.28
29.16
29.28
33.96
57.24
57.24
57.24
57.24
57.24
57.24
57.24
57.24
57.24
58.56
65.52
65.52
65.52
65.52
65.64
65.52
65.52
65.52
65.52
66.6
72.6
72.6
72.48
72.6
72.48
72.6
72.6
72.48
72.6
69.24
53.16
53.16
53.16
53.16
53.16
53.04
53.16
53.16
53.16
49.92
34.08
34.2
34.08
34.08
34.2
34.08
34.2
34.08
34.08
37.2
52.56
52.56
52.56
52.68
52.56
52.56
52.56
52.56
52.56
53.16
56.76
56.64
56.76
56.76
56.76
56.64
56.76
56.76
56.64
56.88
58.08
58.08
58.08
57.96
58.08
58.08
58.08
58.08
58.08
53.88
30.84
30.72
30.84
30.84
30.72
30.84
30.84
30.72
30.84
30.84
31.92
31.8
31.8
31.8
31.92
31.8
31.8
31.92
31.8
35.76
58.68
58.8
58.68
58.68
58.8
58.68
58.68
58.8
58.68
58.8
59.4
59.52
59.4
59.4
59.52
59.4
59.4
59.52
59.4
59.52
60.0
60.0
60.0
60.12
60.0
60.0
60.0
60.12
60.0
56.76
33.6
33.48
33.48
33.6
33.48
33.6
33.48
33.6
33.48
33.12
30.0
30.12
30.12
30.0
30.12
30.12
30.0
30.12
30.12
33.72
61.8
61.68
61.8
61.8
61.68
61.8
61.68
61.8
61.8
61.32
58.2
58.2
58.2
58.2
58.2
58.2
58.2
58.2
58.2
58.68
62.64
62.64
62.64
62.76
62.64
62.64
62.64
62.64
62.76
59.52
32.4
32.4
32.28
32.4
32.4
32.28
32.4
32.4
32.28
32.52
34.32
34.32
34.44
34.32
34.32
34.32
34.32
34.44
34.32
36.36
56.04
56.16
56.04
56.04
56.04
56.16
56.04
56.04
56.04
56.16
58.44
58.56
58.44
58.44
58.44
58.44
58.44
58.56
58.44
58.56
60.72
60.84
60.72
60.84
60.72
60.72
60.84
60.72
60.84
58.8
36.36
36.48
36.48
36.36
36.48
36.48
36.36
36.48
36.48
34.44
13.32
13.32
13.32
13.2
13.32
26.76
33.0
33.0
33.0
33.0
32.88
33.0
33.0
33.0
33.0
51.48
60.0
59.88
59.88
60.0
59.88
60.0
59.88
60.0
59.88
59.64
59.64
59.52
59.64
59.52
59.64
59.52
59.64
59.52
59.52
45.12
38.04
38.04
38.04
38.04
38.04
38.04
38.04
38.16
38.04
35.76
34.92
34.92
34.92
34.92
34.8
34.92
34.92
34.92
34.92
53.76
63.36
63.24
63.36
63.24
63.36
63.24
63.36
63.24
63.36
62.52
62.16
62.16
62.16
62.16
62.28
62.16
62.16
62.16
62.16
63.12
63.6
63.6
63.72
63.6
63.6
63.72
63.6
63.6
63.72
45.24
36.24
36.24
36.24
36.24
36.24
36.24
36.24
36.24
36.24
29.28
25.92
25.92
25.92
25.92
25.92
25.92
25.92
25.92
25.92
49.56
61.2
61.32
61.32
61.2
61.32
61.2
61.32
61.32
61.2
61.44
61.68
61.56
61.56
61.68
61.56
61.68
61.56
61.56
61.68
63.6
65.04
64.92
64.92
64.92
64.92
65.04
64.92
64.92
64.92
50.28
42.48
42.48
42.48
42.36
42.48
42.48
42.48
42.48
42.36
33.6
29.04
28.92
29.04
28.92
28.92
29.04
28.92
29.04
28.92
44.76
53.4
53.4
53.28
53.4
53.4
53.4
53.4
53.4
53.4
58.44
61.32
61.32
61.32
61.32
61.32
61.44
61.32
61.32
61.32
48.6
41.16
41.28
41.16
41.16
41.28
41.16
41.28
41.16
41.16
31.2
25.2
25.08
25.2
25.2
25.2
25.2
25.2
25.08
25.2
25.68
25.92
26.04
25.92
25.92
26.04
25.92
26.04
25.92
25.92
33.84
38.4
38.28
38.4
38.4
38.4
38.28
38.4
38.4
38.28
27.48
21.12
21.0
21.12
21.0
23.16
30.72
30.72
30.72
30.6
30.72
30.72
30.72
30.72
30.6
31.68
35.4
35.4
35.4
35.4
35.4
35.4
35.4
35.4
35.28
36.72
41.16
41.16
41.16
41.16
41.16
41.16
41.16
41.16
41.04
46.8
65.28
65.28
65.28
65.4
65.28
65.28
65.28
65.28
65.4
59.88
42.24
42.24
42.12
42.24
42.12
42.24
42.12
42.24
42.24
39.48
30.96
31.08
30.96
30.96
31.08
30.96
30.96
31.08
30.96
27.84
17.52
17.64
17.52
17.52
17.64
17.4
17.4
17.4
17.52
17.4
23.4
31.08
31.08
31.08
31.08
31.08
31.2
31.08
31.08
31.08
32.76
35.16
35.16
35.16
35.16
35.16
35.04
35.16
35.16
35.16
33.48
31.56
31.44
31.56
31.44
31.56
31.44
31.56
31.44
31.56
30.72
29.76
29.76
29.88
29.76
29.76
29.88
29.76
29.88
29.76
33.6
38.4
38.52
38.52
38.52
38.52
38.4
38.52
38.52
38.52
37.8
37.2
37.32
37.2
37.32
37.2
37.2
37.32
37.2
37.2
