3.24
10.8
18.24
25.08
25.08
25.2
25.08
25.08
25.08
25.2
25.08
25.08
25.08
24.0
24.12
24.12
24.12
24.12
24.12
24.12
24.12
24.12
24.36
35.4
35.4
35.28
35.4
35.4
35.28
35.4
35.4
35.4
35.04
30.12
30.12
30.12
30.12
30.12
30.12
30.12
30.12
30.12
30.36
37.2
37.2
37.32
37.2
37.2
37.2
37.2
37.32
37.2
36.84
30.0
30.0
30.0
29.88
30.0
30.0
29.88
30.0
30.0
30.0
33.36
33.36
33.36
33.36
33.36
33.36
33.36
33.36
33.36
33.36
34.2
34.32
34.2
34.32
34.32
34.2
34.32
34.2
34.32
34.2
35.16
35.16
35.16
35.16
35.16
35.04
35.16
35.16
35.16
35.28
41.88
41.76
41.76
41.76
41.76
41.76
41.88
41.76
41.76
41.64
40.08
40.2
40.08
40.08
40.2
40.08
40.2
40.08
40.08
39.12
16.8
40.08
58.56
58.56
58.56
58.56
58.56
58.56
58.68
58.56
58.56
52.44
47.76
47.76
47.76
47.88
47.76
47.76
47.76
47.76
47.76
47.16
46.92
46.8
46.92
46.8
46.92
46.8
46.8
46.92
46.8
43.2
40.32
40.2
40.32
40.2
40.32
40.2
40.32
40.32
40.2
35.76
32.28
32.28
32.28
32.16
32.28
32.28
32.28
32.28
32.16
32.52
32.76
32.88
32.76
32.88
32.76
32.88
32.76
32.88
32.76
23.28
16.68
32.52
32.64
32.64
32.64
32.64
32.64
32.52
32.64
32.64
30.6
4.92
24.48
38.28
38.28
38.16
38.28
38.28
38.28
38.28
38.28
38.28
33.72
30.72
30.6
30.72
30.72
30.6
30.72
30.6
30.72
30.72
32.4
33.84
33.96
33.84
33.84
33.96
33.84
33.96
33.84
33.84
32.88
32.28
32.16
32.28
32.16
32.28
32.28
32.16
32.28
32.28
34.56
36.36
36.36
36.36
36.36
36.24
36.36
36.36
36.36
36.36
32.4
30.0
29.88
29.88
29.88
29.88
29.88
29.88
29.88
29.88
38.52
44.4
44.4
44.4
44.4
44.4
44.4
44.4
44.4
44.4
37.92
33.72
33.72
33.72
33.72
33.72
33.72
33.72
33.72
33.72
46.68
55.92
55.92
55.8
55.92
55.8
55.92
55.92
55.8
55.92
41.28
30.72
30.72
30.72
30.84
30.72
30.72
30.72
30.72
30.72
25.56
21.24
17.76
20.16
23.16
44.64
44.76
44.64
44.64
44.76
44.64
44.64
44.76
44.64
44.88
49.32
49.32
49.2
49.32
49.32
49.32
49.2
49.32
49.32
48.6
39.6
39.6
39.6
39.6
39.6
39.6
39.48
39.6
39.6
40.44
54.84
54.84
54.84
54.84
54.84
54.84
54.84
54.84
54.84
54.48
48.12
48.12
48.12
48.12
48.12
48.12
48.12
48.12
48.12
47.52
38.16
38.04
38.04
38.04
38.04
38.04
38.04
38.16
38.04
38.28
43.2
43.32
43.2
43.32
43.2
43.32
43.2
43.32
43.2
42.6
29.64
29.64
29.64
29.64
29.64
29.64
29.64
29.76
29.64
29.28
24.84
24.96
24.84
24.96
24.84
24.96
24.84
24.96
24.84
24.84
26.16
26.04
26.16
26.04
26.04
26.16
26.04
26.16
26.04
26.64
37.44
37.56
37.44
37.56
37.44
37.44
37.56
37.44
37.56
37.68
45.36
45.36
45.36
45.36
45.24
45.36
45.36
45.36
45.36
45.24
47.4
47.4
47.28
47.4
47.28
47.4
47.4
47.28
47.4
47.28
46.44
46.44
46.44
46.44
46.44
46.44
46.44
46.44
46.44
46.32
47.52
47.52
47.52
47.52
47.52
47.52
47.52
47.52
47.52
47.16
40.44
40.44
40.44
40.32
40.44
40.44
40.44
40.32
40.44
40.68
47.64
47.52
47.64
47.64
47.52
47.64
47.52
47.64
47.64
47.16
41.52
41.52
41.64
41.52
41.52
41.52
41.64
41.52
41.52
41.64
43.44
43.44
43.44
43.44
43.44
43.44
43.44
43.56
43.44
43.08
37.68
37.8
37.68
37.68
37.8
37.68
37.68
37.68
37.8
37.92
44.28
44.28
44.16
44.28
44.28
44.28
44.28
44.16
44.28
44.4
45.96
45.96
45.96
46.08
45.96
45.96
45.96
46.08
45.96
45.84
45.12
45.12
45.0
45.12
45.12
45.0
45.12
45.12
45.0
44.76
39.24
39.24
39.24
39.24
39.24
39.36
39.24
39.24
39.24
39.6
47.88
47.76
47.76
47.88
47.76
47.76
47.76
47.88
47.76
47.16
36.6
36.6
36.48
36.6
36.6
36.6
36.6
36.6
36.6
36.72
38.64
38.64
38.64
38.64
38.64
38.64
38.64
38.64
38.64
38.28
35.88
35.76
35.88
35.76
35.88
35.76
35.88
35.76
35.88
35.4
28.08
28.2
28.08
28.08
28.08
28.08
28.08
28.08
28.2
28.92
45.6
45.72
45.72
45.6
45.72
45.72
45.72
45.6
45.72
44.88
29.52
29.64
29.52
29.64
29.52
29.64
29.52
29.64
29.52
29.28
21.84
26.52
30.84
30.96
30.96
30.84
30.96
30.96
30.96
30.84
30.96
36.36
41.28
41.4
41.28
41.4
41.28
41.4
41.4
41.28
41.4
39.24
37.56
37.44
37.56
37.44
37.56
37.56
37.44
37.56
37.44
37.68
38.04
37.92
37.92
38.04
37.92
38.04
37.92
38.04
37.92
39.12
40.2
40.2
40.32
40.2
40.2
40.2
40.32
40.2
40.2
40.32
40.56
40.44
40.56
40.44
40.56
40.56
40.44
40.56
40.44
37.56
35.16
35.04
35.04
35.16
35.04
35.04
35.04
35.16
35.04
30.6
26.76
26.76
26.76
26.76
26.76
26.76
26.76
26.76
26.76
28.44
30.24
30.12
30.24
30.12
30.12
30.24
30.12
30.24
30.12
27.84
25.68
25.68
25.68
25.68
25.68
25.68
25.68
25.68
25.68
24.84
24.12
24.12
24.12
24.12
24.12
24.12
24.12
24.12
24.12
26.28
28.68
28.56
28.68
28.56
28.56
28.68
28.56
28.56
28.68
14.4
3.12
44.76
44.76
44.76
44.76
44.76
44.76
44.64
44.76
44.76
44.28
33.12
33.12
33.24
33.12
33.12
33.24
33.12
33.12
33.24
33.0
33.0
32.88
32.88
32.88
33.0
32.88
32.88
32.88
32.88
31.92
8.76
17.64
24.6
24.72
24.72
24.72
24.6
24.72
24.72
24.72
24.6
13.2
4.44
8.04
9.12
10.08
11.88
13.2
14.16
15.24
17.88
20.04
24.0
24.0
24.0
24.0
24.0
24.0
24.0
24.0
24.0
26.52
37.68
37.68
37.68
37.56
37.68
37.68
37.68
37.68
37.56
39.48
47.28
47.28
47.28
47.28
47.28
47.28
47.28
47.16
47.28
47.16
46.8
46.8
46.8
46.8
46.8
46.92
46.8
46.8
46.8
46.08
43.2
43.2
43.08
43.2
43.2
43.2
43.2
43.2
43.2
41.52
34.8
34.68
34.8
34.8
34.8
34.8
34.8
34.8
34.8
35.28
37.32
37.32
37.32
37.32
37.44
37.32
37.32
37.32
37.44
35.28
27.0
27.12
27.0
27.0
27.0
27.0
27.12
27.0
27.0
29.4
40.44
40.32
40.44
40.32
40.44
40.32
40.44
40.32
40.32
40.08
39.12
39.12
39.12
39.0
39.12
39.12
39.12
39.12
39.0
37.08
28.56
28.56
28.56
28.56
28.56
28.56
28.56
28.56
28.56
28.44
28.08
28.2
28.08
28.2
28.08
28.08
28.2
28.08
28.08
29.4
34.8
34.8
34.8
34.8
34.8
34.8
34.8
34.92
34.8
34.32
32.52
32.64
32.52
32.64
32.52
32.52
32.64
32.52
32.64
32.88
35.28
35.28
35.28
35.16
35.28
35.28
35.28
35.28
35.16
35.28
35.64
35.64
35.64
35.64
35.52
35.64
35.64
35.64
35.64
34.68
30.96
30.84
30.96
30.96
30.96
30.96
30.96
30.96
30.96
29.64
24.6
24.48
24.48
24.48
24.6
24.48
24.48
24.48
24.6
24.12
23.28
25.68
27.72
27.72
27.72
27.72
27.72
27.72
27.72
27.72
27.72
26.28
25.32
25.2
25.2
25.32
25.2
25.32
25.2
25.2
25.32
22.44
21.12
35.16
35.16
35.16
35.16
35.16
35.16
35.16
35.16
35.16
35.04
35.64
35.64
35.52
35.64
35.64
35.64
35.52
35.64
35.64
35.28
30.0
30.0
30.12
30.0
30.0
30.12
30.0
30.0
30.12
29.52
22.32
29.64
35.16
35.28
35.16
35.28
35.16
35.28
35.16
35.28
35.16
32.16
30.0
29.88
29.88
29.88
29.88
29.88
29.88
29.88
29.88
20.64
13.92
19.8
19.32
17.16
4.92
30.96
45.84
45.84
45.84
45.84
45.96
45.84
45.84
45.84
45.84
36.24
30.84
30.84
30.84
30.84
30.84
30.84
30.84
30.96
30.84
52.92
65.52
65.52
65.52
65.64
65.52
65.52
65.52
65.52
65.52
54.0
47.64
47.64
47.52
47.64
47.64
47.52
47.64
47.64
47.52
48.12
48.6
48.48
48.6
48.48
48.6
48.48
48.6
48.48
48.48
45.96
44.64
44.52
44.52
44.64
44.52
44.64
44.52
44.52
44.64
48.84
51.24
51.24
51.36
51.24
51.24
51.24
51.24
51.36
51.24
49.2
48.0
48.0
48.0
48.0
48.0
48.0
48.0
48.0
48.0
47.16
46.8
46.68
46.8
46.68
46.8
46.68
46.8
46.8
46.68
48.36
49.56
49.56
49.44
49.56
49.56
49.44
49.56
49.44
49.56
48.48
48.0
47.88
48.0
47.88
48.0
47.88
48.0
47.88
48.0
48.12
48.48
48.48
48.48
48.36
48.48
48.48
48.48
48.48
48.48
48.12
48.0
48.12
48.0
48.12
48.0
48.0
48.12
48.0
48.12
48.0
48.24
48.12
48.24
48.12
48.12
48.24
48.12
48.24
48.12
43.8
41.52
41.52
41.52
41.52
41.4
41.52
41.52
41.52
41.4
48.6
53.04
52.92
52.92
52.92
53.04
52.92
52.92
52.92
53.04
49.8
48.0
48.12
48.0
48.12
48.12
48.0
48.12
48.0
48.12
44.64
42.96
42.84
42.84
42.84
42.84
42.84
42.84
42.84
42.84
49.56
53.52
53.64
53.52
53.64
53.64
53.52
53.64
53.52
53.64
44.16
38.64
38.76
38.64
38.64
38.64
38.76
38.64
38.64
38.64
33.96
31.08
31.08
31.08
31.08
31.08
31.08
31.08
31.08
31.08
25.32
21.72
19.68
21.0
22.08
24.6
24.48
24.6
24.6
24.48
24.6
24.48
24.6
24.48
25.8
32.28
32.28
32.4
32.28
32.28
32.4
32.28
32.28
32.4
31.44
27.6
27.6
27.6
27.6
27.6
27.6
27.48
27.6
27.6
27.0
24.0
24.0
24.0
24.0
24.0
24.0
24.0
24.12
24.0
23.88
23.88
24.48
30.36
30.36
30.36
30.24
30.36
30.36
30.36
30.36
30.24
30.36
31.08
31.08
31.08
31.08
31.08
31.08
31.08
31.08
31.08
31.56
35.88
35.76
35.76
35.76
35.76
35.88
35.76
35.76
35.76
37.8
51.24
51.24
51.24
51.24
51.36
51.24
51.24
51.24
51.24
50.88
48.96
48.84
48.84
48.84
48.84
48.96
48.84
48.84
48.84
48.6
46.92
46.92
46.92
46.92
46.92
46.8
46.92
46.92
46.92
46.92
47.16
47.16
47.28
47.16
47.28
47.16
47.16
47.28
47.16
47.16
48.0
47.88
47.88
47.88
48.0
47.88
47.88
47.88
48.0
47.64
46.32
46.32
46.2
46.32
46.32
46.32
46.32
46.32
46.2
45.96
42.96
42.96
42.84
42.96
42.96
42.96
42.96
42.96
42.84
43.32
46.2
46.2
46.08
46.2
46.2
46.2
46.2
46.2
46.2
43.92
26.88
26.88
27.0
26.88
26.88
26.88
26.88
26.88
26.88
28.8
44.04
44.16
44.16
44.04
44.16
44.04
44.16
44.04
44.16
43.44
38.76
38.76
38.64
38.76
38.76
38.76
38.76
38.64
38.76
39.0
40.68
40.8
40.68
40.8
40.68
40.68
40.8
40.68
40.8
40.8
42.0
42.0
42.0
42.0
42.0
42.0
42.0
42.0
42.0
41.64
38.76
38.76
38.76
38.76
38.64
38.76
38.76
38.76
38.76
39.48
46.92
46.92
46.8
46.92
46.8
46.92
46.8
46.92
46.8
45.84
37.92
37.92
37.92
37.92
37.92
37.8
37.92
37.92
37.92
39.0
48.24
48.24
48.24
48.24
48.24
48.36
48.24
48.24
48.24
46.44
32.4
32.4
32.52
32.4
32.4
32.4
32.4
32.4
32.4
32.52
33.72
33.6
33.72
33.6
33.72
33.6
33.72
33.6
33.72
33.48
33.84
33.84
33.72
33.84
33.84
33.72
33.84
33.84
33.72
33.6
32.52
32.4
32.52
32.4
32.4
32.52
32.4
32.52
32.4
33.0
37.32
37.32
37.32
37.32
37.32
37.32
37.44
37.32
37.32
38.04
44.4
44.28
44.4
44.4
44.28
44.4
44.28
44.4
44.4
44.4
46.08
46.08
46.2
46.08
46.2
46.08
46.08
46.2
46.08
44.76
33.96
34.08
34.08
34.08
33.96
34.08
34.08
33.96
34.08
35.16
44.28
44.4
44.28
44.28
44.28
44.4
44.28
44.28
44.28
44.4
45.72
45.6
45.6
45.6
45.6
45.72
45.6
45.6
45.6
45.96
48.72
48.6
48.72
48.72
48.6
48.72
48.72
48.6
48.72
47.28
36.96
36.96
36.96
36.96
36.84
36.96
36.96
36.96
36.96
38.04
47.52
47.52
47.64
47.52
47.52
47.52
47.52
47.64
47.52
47.04
43.92
43.8
43.92
43.92
43.92
43.8
43.92
43.92
43.92
43.68
42.72
42.84
42.84
42.72
42.84
42.84
42.72
42.84
42.84
42.72
43.68
43.56
43.56
43.56
43.56
43.56
43.56
43.68
43.56
43.56
43.8
43.8
43.8
43.8
43.92
43.8
43.8
43.8
43.8
44.16
47.04
47.04
47.04
47.04
47.04
47.04
47.04
47.04
47.04
47.04
47.64
47.64
47.64
47.64
47.76
47.64
47.64
47.64
47.64
47.52
46.92
47.04
46.92
47.04
46.92
47.04
46.92
47.04
47.04
46.8
46.08
45.96
46.08
46.08
46.08
46.08
45.96
46.08
46.08
46.32
48.84
48.96
48.84
48.84
48.84
48.84
48.84
48.84
48.84
48.0
41.4
41.4
41.4
41.4
41.28
41.4
41.4
41.4
41.28
41.16
40.32
40.2
40.2
40.2
40.2
40.2
40.2
40.32
40.2
38.88
28.92
28.8
28.92
28.92
28.8
28.92
28.92
28.8
28.92
29.88
38.76
38.76
38.64
38.76
38.76
38.76
38.76
38.64
38.76
38.52
36.24
36.36
36.24
36.36
36.24
36.36
36.24
36.24
36.36
36.12
34.92
34.92
34.92
34.92
34.92
35.04
34.92
34.92
34.92
34.2
29.28
29.28
29.16
29.28
29.16
29.28
29.28
29.16
29.28
28.44
22.56
24.72
26.16
26.16
26.28
26.16
26.16
26.16
26.28
26.16
26.16
24.0
22.44
21.84
22.08
22.68
25.2
25.08
25.2
25.08
25.08
25.2
25.08
25.2
25.08
24.96
23.28
23.28
23.64
19.8
18.84
17.76
12.0
18.96
24.96
24.96
24.96
24.96
24.96
24.96
24.96
24.96
24.96
24.48
24.48
24.48
24.36
24.48
24.36
24.48
24.36
24.48
24.36
22.56
20.88
21.24
25.92
29.88
30.0
29.88
30.0
29.88
29.88
30.0
29.88
30.0
30.72
31.32
31.44
31.44
31.44
31.44
31.44
31.44
31.44
31.44
37.2
42.12
42.12
42.24
42.12
42.12
42.24
42.12
42.12
42.24
39.96
38.4
38.28
38.28
38.4
38.28
38.4
38.28
38.28
38.4
40.2
41.76
41.88
41.76
41.76
41.88
41.76
41.88
41.76
41.76
39.12
36.96
36.96
36.96
36.96
37.08
36.96
36.96
36.96
36.96
39.96
42.6
42.6
42.48
42.6
42.48
42.6
42.48
42.6
42.48
40.56
39.0
39.0
39.0
39.0
39.12
39.0
39.0
39.0
39.0
36.0
33.6
33.6
33.72
33.6
33.6
33.6
33.72
33.6
33.6
31.56
29.64
29.76
29.76
29.64
29.76
29.76
29.64
29.76
29.76
27.0
25.08
24.96
25.08
24.96
25.08
25.08
24.96
25.08
24.96
29.16
32.64
32.64
32.76
32.64
32.64
32.64
32.64
32.64
32.64
32.16
31.68
31.68
31.68
31.68
31.68
31.68
31.68
31.68
31.68
34.44
36.72
36.72
36.72
36.72
36.84
36.72
36.72
36.72
36.72
34.8
33.24
33.36
33.24
33.24
33.36
33.24
33.24
33.36
33.24
44.4
53.64
53.64
53.64
53.64
53.52
53.64
53.64
53.64
53.64
46.44
40.56
40.56
40.56
40.56
40.56
40.56
40.56
40.56
40.56
36.12
32.64
32.76
32.64
32.64
32.64
32.64
32.64
32.64
32.64
37.56
41.76
41.88
41.76
41.88
41.76
41.76
41.88
41.76
41.88
42.36
42.96
42.96
42.96
42.96
42.96
42.96
42.96
42.96
42.96
41.88
41.04
41.16
41.16
41.16
41.16
41.16
41.16
41.04
41.16
37.92
35.16
35.16
35.16
35.16
35.28
35.16
35.16
35.16
35.16
41.64
47.04
47.16
47.16
47.04
47.16
47.16
47.16
47.04
47.16
45.24
43.56
43.68
43.56
43.68
43.56
43.68
43.56
43.68
43.56
43.32
43.2
43.2
43.2
43.2
43.2
43.32
43.2
43.2
43.2
42.48
41.88
41.88
41.88
41.88
41.88
41.88
41.88
41.88
41.88
36.36
31.92
31.92
31.92
31.92
31.92
31.92
31.92
31.92
31.92
27.36
23.52
12.72
13.68
14.76
20.76
27.36
32.76
32.76
32.88
32.76
32.76
32.76
32.76
32.88
32.76
34.56
36.12
36.12
36.0
36.12
36.12
36.12
36.12
36.12
36.0
34.68
33.36
33.48
33.36
33.48
33.36
33.48
33.36
33.48
33.36
33.96
34.56
34.68
34.56
34.68
34.56
34.56
34.68
34.56
34.68
34.92
35.52
35.52
35.52
35.52
35.52
35.52
35.52
35.52
35.52
28.08
21.84
13.8
16.08
18.0
16.92
17.04
17.28
18.36
20.04
21.48
24.84
24.72
24.84
24.84
24.72
24.84
24.72
24.84
24.72
24.84
25.56
25.44
25.56
25.56
25.44
25.56
25.56
25.44
25.56
26.4
33.72
33.72
33.72
33.6
33.72
33.72
33.72
33.72
33.6
33.48
32.04
32.04
32.04
32.04
32.04
32.04
32.04
32.04
32.04
31.44
27.12
27.24
27.24
27.12
27.24
27.24
27.24
27.12
27.24
26.76
24.6
24.6
24.48
24.6
24.6
24.6
24.6
24.48
24.6
24.72
26.28
26.16
26.28
26.28
26.28
26.28
26.28
26.16
26.28
25.92
23.76
31.08
36.6
36.6
36.6
36.48
36.6
36.6
36.6
36.48
36.6
32.64
30.12
30.12
30.12
30.12
30.12
30.0
30.12
30.12
30.12
28.92
28.2
28.2
28.2
28.2
28.2
28.2
28.2
28.2
28.2
29.88
31.32
31.32
31.32
31.32
31.2
31.32
31.32
31.32
31.32
29.16
27.84
27.84
27.72
27.84
27.84
27.84
27.72
27.84
27.84
27.84
28.08
28.08
27.96
28.08
27.96
28.08
28.08
27.96
28.08
26.28
25.2
25.2
25.32
25.2
25.32
25.2
25.2
25.32
25.2
25.2
25.32
25.32
25.44
25.32
25.32
25.32
25.32
25.32
25.44
21.72
19.56
21.0
21.72
22.44
24.6
24.6
24.6
24.72
24.6
24.6
24.6
24.6
24.6
24.84
26.52
26.52
26.64
26.52
26.64
26.52
26.52
26.64
26.52
26.16
24.0
24.0
24.0
23.76
22.92
23.16
23.52
21.96
19.56
17.16
23.28
22.32
21.12
19.68
20.4
22.08
27.24
28.08
28.08
28.08
28.08
28.08
28.08
28.08
28.08
28.08
24.0
18.72
9.24
31.8
35.76
35.88
35.76
35.76
35.88
35.76
35.76
35.88
35.76
14.16
17.64
29.88
29.88
29.88
29.88
29.88
29.88
29.88
29.88
29.88
32.76
38.04
38.04
38.04
38.04
38.04
38.04
37.92
38.04
38.04
34.08
27.36
27.24
27.36
27.36
27.36
27.36
27.24
27.36
27.36
29.76
33.72
33.72
33.72
33.84
33.72
33.72
33.84
33.72
33.72
33.12
32.4
32.4
32.4
32.28
32.4
32.4
32.4
32.4
32.28
31.68
30.48
30.48
30.48
30.6
30.48
30.48
30.48
30.48
30.6
29.88
28.92
28.92
28.8
28.92
28.92
28.92
28.92
28.92
28.92
26.52
22.32
34.68
36.48
36.6
36.48
36.6
36.6
36.48
36.6
36.6
36.48
30.12
29.16
29.16
29.28
29.16
29.16
29.16
29.16
29.16
29.28
25.68
25.32
25.32
25.32
25.2
25.32
25.32
25.32
25.32
25.32
25.08
25.08
25.08
25.2
25.08
25.08
25.2
25.08
25.08
25.2
30.84
31.68
31.68
31.8
31.68
31.68
31.8
31.68
31.8
31.68
35.64
36.36
36.36
36.36
36.48
36.36
36.36
36.36
36.36
36.36
31.56
30.84
30.96
30.96
30.84
30.96
30.96
30.84
30.96
30.96
26.64
26.16
26.28
26.16
26.16
26.16
26.16
26.16
26.16
26.28
28.2
28.44
28.56
28.56
28.56
28.56
28.56
28.56
28.56
28.56
30.0
30.24
30.24
30.36
30.24
30.24
30.24
30.36
30.24
30.24
28.92
28.8
28.8
28.8
28.8
28.8
28.8
28.8
28.8
28.8
25.32
24.96
24.96
24.96
24.96
24.96
24.84
24.96
24.96
24.96
29.64
30.36
30.48
30.36
30.36
30.48
30.36
30.36
30.48
30.36
23.64
24.12
27.48
27.48
27.6
27.48
27.48
27.6
27.48
27.48
27.6
25.68
21.72
23.88
24.48
24.6
24.48
24.6
24.48
24.6
24.48
24.6
24.48
26.88
27.72
27.6
27.6
27.6
27.6
27.6
27.72
27.6
27.6
28.56
28.8
28.92
28.92
28.8
28.92
28.92
28.8
28.92
28.92
28.8
28.92
28.92
28.92
28.92
28.92
28.92
29.04
28.92
28.92
38.64
41.4
41.4
41.4
41.52
41.4
41.4
41.4
41.4
41.4
31.2
28.56
28.44
28.56
28.44
28.44
28.56
28.44
28.56
28.44
47.88
53.04
53.04
53.04
53.04
53.04
53.04
53.04
53.16
53.04
50.52
50.04
50.04
50.04
50.04
50.04
50.04
50.04
50.04
50.04
48.48
48.0
48.0
48.0
48.0
48.12
48.0
48.0
48.0
48.0
44.64
43.8
43.8
43.8
43.8
43.8
43.8
43.8
43.8
43.8
33.36
30.6
30.6
30.6
30.48
30.6
30.6
30.6
30.48
30.6
9.0
19.92
59.64
59.64
59.64
59.64
59.64
59.64
59.64
59.64
59.64
52.92
37.08
36.96
37.08
37.08
36.96
37.08
37.08
37.08
36.96
37.68
39.36
39.36
39.36
39.36
39.36
39.36
39.36
39.36
39.48
39.84
41.04
40.92
41.04
41.04
41.04
41.04
41.04
41.04
41.04
40.44
39.6
39.6
39.6
39.6
39.72
39.6
39.6
39.6
39.6
40.56
43.2
43.32
43.2
43.32
43.2
43.2
43.32
43.2
43.32
41.76
38.28
38.28
38.28
38.28
38.28
38.28
38.28
38.16
38.28
39.84
43.56
43.68
43.56
43.68
43.68
43.56
43.68
43.56
43.68
41.52
36.6
36.6
36.6
36.6
36.6
36.6
36.72
36.6
36.6
36.96
38.04
38.16
38.04
38.16
38.04
38.16
38.16
38.04
38.16
39.72
44.04
44.16
44.04
44.04
44.04
44.16
44.04
44.04
44.04
43.8
43.44
43.44
43.44
43.44
43.44
43.44
43.44
43.44
43.32
42.6
40.68
40.8
40.8
40.68
40.8
40.68
40.8
40.68
40.8
41.52
43.56
43.56
43.56
43.68
43.56
43.56
43.56
43.56
43.68
42.48
40.56
40.56
40.44
40.56
40.56
40.44
40.56
40.44
40.56
39.36
36.48
36.6
36.48
36.6
36.48
36.6
36.48
36.6
36.48
36.36
35.64
35.64
35.64
35.64
35.64
35.64
35.64
35.64
35.64
37.2
41.04
41.04
41.04
41.16
41.04
41.04
41.04
41.04
41.16
38.16
31.44
31.44
31.56
31.44
31.56
31.44
31.44
31.56
31.44
32.76
35.88
35.88
35.88
35.88
35.76
35.88
35.88
35.88
35.88
37.92
43.2
43.08
43.2
43.2
43.2
43.08
43.2
43.2
43.2
44.16
47.16
47.04
47.16
47.04
47.16
47.04
47.16
47.04
47.16
44.76
39.12
39.12
39.12
39.24
39.12
39.12
39.12
39.12
39.12
37.68
33.96
34.08
33.96
34.08
33.96
34.08
33.96
34.08
33.96
41.04
58.08
58.2
58.08
58.2
58.08
58.2
58.08
58.2
58.08
54.96
47.04
46.92
46.92
47.04
46.92
47.04
46.92
47.04
46.92
46.32
44.52
44.64
44.64
44.64
44.52
44.64
44.64
44.64
44.64
46.68
52.32
52.32
52.32
52.32
52.32
52.32
52.44
52.32
52.32
51.12
48.36
48.24
48.36
48.36
48.24
48.36
48.24
48.36
48.36
48.12
48.12
48.12
48.12
48.24
48.12
48.12
48.12
48.12
48.24
48.0
48.0
48.0
48.0
48.0
48.0
48.0
48.0
48.0
48.0
47.88
47.64
47.76
47.64
47.76
47.64
47.76
47.64
47.76
47.76
47.76
48.48
48.36
48.36
48.48
48.36
48.36
48.48
48.36
48.36
48.36
48.36
48.48
48.36
48.36
48.36
48.36
48.36
48.36
48.36
47.76
46.44
46.56
46.44
46.44
46.56
46.44
46.44
46.56
46.44
47.28
49.32
49.32
49.44
49.32
49.44
49.32
49.32
49.44
49.32
48.84
47.88
47.76
47.76
47.88
47.76
47.88
47.76
47.88
47.76
47.88
48.0
48.0
48.12
48.0
48.0
48.0
48.12
48.0
48.0
48.12
48.12
48.12
48.12
48.24
48.12
48.12
48.12
48.12
48.24
48.12
48.12
48.12
48.12
48.12
48.12
48.12
48.12
48.12
48.24
47.76
47.28
47.4
47.28
47.4
47.4
47.28
47.4
47.28
47.4
47.52
48.0
48.12
48.12
48.0
48.12
48.12
48.0
48.12
48.12
45.6
39.84
39.84
39.72
39.84
39.84
39.72
39.84
39.84
39.72
38.52
35.28
35.28
35.16
35.28
35.28
35.28
35.28
35.28
35.28
35.28
35.76
35.76
35.64
35.76
35.76
35.76
35.76
35.76
35.64
38.76
46.56
46.68
46.56
46.56
46.56
46.68
46.56
46.56
46.56
46.44
45.96
45.96
45.96
45.96
45.96
45.96
45.96
45.96
45.96
45.12
42.84
42.84
42.96
42.84
42.96
42.84
42.84
42.96
42.84
41.16
36.72
36.6
36.72
36.6
36.72
36.6
36.6
36.72
36.6
39.24
46.32
46.2
46.2
46.32
46.2
46.2
46.32
46.2
46.32
43.44
36.6
36.48
36.6
36.6
36.6
36.48
36.6
36.6
36.48
37.2
39.0
39.0
39.0
39.0
38.88
39.0
39.0
39.0
38.88
39.0
39.48
39.36
39.36
39.36
39.36
39.36
39.48
39.36
39.36
38.28
35.76
35.76
35.76
35.76
35.76
35.88
35.76
35.76
35.76
37.08
40.68
40.56
40.68
40.68
40.56
40.68
40.56
40.68
40.68
41.04
42.6
42.72
42.6
42.6
42.6
42.72
42.6
42.6
42.72
43.56
46.8
46.68
46.68
46.68
46.8
46.68
46.68
46.68
46.8
46.68
47.04
47.04
46.92
47.04
47.04
47.04
46.92
47.04
47.04
47.52
49.2
49.08
49.2
49.08
49.2
49.08
49.2
49.2
49.08
45.96
37.92
37.92
37.8
37.92
37.92
37.92
37.92
37.8
37.92
39.84
44.76
44.64
44.76
44.76
44.76
44.64
44.76
44.76
44.64
45.84
48.36
48.48
48.48
48.36
48.48
48.48
48.36
48.48
48.48
47.4
45.0
45.0
45.0
44.88
45.0
45.0
44.88
45.0
45.0
46.2
49.32
49.44
49.32
49.32
49.44
49.32
49.44
49.32
49.32
48.84
47.52
47.52
47.4
47.52
47.4
47.52
47.52
47.4
47.52
45.0
38.4
38.52
38.4
38.4
38.52
38.4
38.4
38.52
38.4
40.92
47.64
47.76
47.64
47.76
47.64
47.76
47.76
47.64
47.76
45.84
40.8
40.92
40.92
40.92
40.8
40.92
40.92
40.92
40.8
38.28
31.32
31.32
31.44
31.32
31.32
31.32
31.32
31.44
31.32
35.4
46.8
46.92
46.8
46.92
46.8
46.92
46.8
46.92
46.8
44.64
38.88
38.88
38.88
38.88
38.88
38.76
38.88
38.88
38.88
40.08
43.44
43.32
43.44
43.32
43.44
43.32
43.44
43.32
43.44
42.96
41.88
42.0
41.88
41.88
42.0
41.88
42.0
41.88
41.88
43.92
49.2
49.32
49.2
49.2
49.2
49.2
49.2
49.2
49.32
47.88
44.4
44.52
44.52
44.52
44.4
44.52
44.52
44.52
44.4
45.12
46.8
46.8
46.8
46.8
46.8
46.8
46.8
46.8
46.8
46.08
44.52
44.64
44.52
44.64
44.52
44.64
44.52
44.64
44.52
44.88
45.6
45.6
45.72
45.6
45.6
45.6
45.6
45.6
45.6
41.76
31.56
31.44
31.56
31.44
31.44
31.56
31.44
31.56
31.44
32.04
33.6
33.48
33.6
33.6
33.48
33.6
33.6
33.48
33.6
36.24
43.56
43.56
43.56
43.56
43.56
43.56
43.56
43.68
43.56
44.4
46.92
46.8
46.92
46.92
46.8
46.92
46.92
46.92
46.8
46.92
47.64
47.52
47.52
47.52
47.64
47.52
47.52
47.52
47.52
45.72
40.68
40.8
40.68
40.68
40.68
40.8
40.68
40.68
40.8
42.36
47.16
47.04
47.16
47.16
47.16
47.16
47.16
47.16
47.16
44.04
36.0
35.88
36.0
35.88
35.88
36.0
35.88
36.0
35.88
38.64
45.84
45.84
45.84
45.84
45.84
45.84
45.96
45.84
45.84
46.32
48.0
47.88
47.88
48.0
47.88
48.0
47.88
47.88
48.0
45.72
40.2
40.2
40.2
40.2
40.2
40.2
40.2
40.2
40.2
39.0
35.76
35.76
35.76
35.76
35.88
35.76
35.76
35.76
35.76
37.92
44.04
44.04
43.92
44.04
43.92
44.04
43.92
44.04
44.04
41.88
36.72
36.84
36.72
36.72
36.84
36.72
36.72
36.72
36.84
38.76
44.52
44.52
44.52
44.52
44.52
44.52
44.52
44.52
44.52
43.68
41.64
41.64
41.64
41.76
41.64
41.64
41.64
41.64
41.64
39.12
33.0
32.88
32.88
32.88
32.88
32.88
32.88
32.88
32.88
33.72
36.0
36.0
36.0
36.0
36.0
36.12
36.0
36.0
36.0
38.4
45.24
45.24
45.24
45.24
45.24
45.24
45.24
45.24
45.24
43.68
39.96
39.96
39.96
39.96
39.96
39.96
39.96
39.96
39.96
40.08
40.44
40.32
40.44
40.44
40.32
40.44
40.32
40.44
40.32
38.88
34.8
34.68
34.8
34.8
34.8
34.8
34.68
34.8
34.8
35.88
38.76
38.76
38.76
38.76
38.76
38.76
38.76
38.76
38.76
37.8
35.64
35.52
35.52
35.52
35.64
35.52
35.52
35.52
35.64
35.4
35.52
35.52
35.52
35.52
35.52
35.52
35.52
35.52
35.52
36.48
39.24
39.24
39.36
39.24
39.24
39.24
39.36
39.24
39.24
37.56
32.88
33.0
33.0
32.88
33.0
33.0
32.88
33.0
33.0
31.68
28.68
28.56
28.68
28.68
28.56
28.68
28.68
28.56
28.68
27.6
24.96
24.96
24.96
25.08
24.96
24.96
24.96
25.08
24.96
21.84
13.68
10.56
11.88
16.68
20.4
20.4
19.2
19.32
18.36
16.92
15.36
15.96
17.04
14.16
12.72
11.16
11.52
8.88
5.76
0.12
0.12
0.12
0.12
0.12
0.12
0.12
0.12
0.12
0.12
6.72
10.92
13.8
15.96
12.48
9.96
11.28
11.64
12.0
10.8
14.28
15.96
15.48
15.84
15.0
11.76
11.76
12.0
12.48
10.92
10.56
11.52
12.84
13.44
13.68
14.76
14.64
14.16
13.56
13.44
13.32
12.0
11.76
11.76
11.4
9.72
7.8
0.24
0.12
0.12
0.12
0.12
0.12
0.12
0.12
0.12
0.12
24.84
26.4
26.52
26.4
26.52
26.4
26.52
26.4
26.52
26.4
12.12
12.24
12.84
11.88
11.28
10.44
0.36
14.76
24.96
25.08
25.08
24.96
25.08
25.08
24.96
25.08
25.08
18.48
13.8
13.2
11.88
11.28
10.08
10.68
10.92
10.08
10.8
11.16
10.8
13.08
11.76
4.44
0.96
0.12
0.12
0.12
0.12
0.12
0.12
0.12
0.12
0.12
15.24
18.48
11.28
10.68
9.84
8.28
4.68
2.64
0.12
0.12
0.12
0.12
0.12
0.12
0.12
0.12
0.12
9.72
29.28
29.28
29.4
29.28
29.28
29.4
29.28
29.28
29.28
22.56
11.16
9.24
9.84
11.16
13.92
12.84
11.64
11.76
12.48
13.32
12.24
11.64
11.16
12.84
13.56
13.68
6.12
10.44
13.08
11.28
8.28
6.36
5.16
11.76
13.68
8.28
14.64
16.8
15.96
12.72
11.88
12.48
10.8
11.04
12.96
14.28
12.0
7.2
6.96
6.96
7.32
9.36
10.32
11.64
10.56
10.32
10.32
13.8
13.32
12.72
13.32
8.52
4.8
18.0
18.48
18.84
22.44
23.88
25.32
25.32
25.32
25.32
25.32
25.32
25.32
25.32
25.32
24.84
24.72
24.72
24.72
24.84
24.72
24.72
24.72
24.72
24.72
27.72
30.24
30.24
30.24
30.24
30.24
30.12
30.24
30.24
30.24
