0.12
30.36
33.72
33.84
33.72
33.72
33.84
33.72
33.72
33.84
33.72
38.4
38.88
39.0
38.88
39.0
38.88
39.0
38.88
39.0
38.88
46.56
47.4
47.52
47.4
47.4
47.4
47.52
47.4
47.4
47.4
42.24
41.76
41.64
41.76
41.76
41.64
41.76
41.64
41.76
41.64
51.72
52.8
52.8
52.8
52.8
52.92
52.8
52.8
52.8
52.8
51.72
51.72
51.72
51.6
51.72
51.72
51.72
51.6
51.72
51.72
46.2
45.72
45.72
45.72
45.72
45.72
45.72
45.72
45.72
45.72
35.4
34.2
34.32
34.32
34.2
34.32
34.2
34.32
34.32
34.2
61.2
64.2
64.2
64.2
64.2
64.2
64.2
64.2
64.2
64.2
52.32
51.0
51.12
51.0
51.12
51.0
51.12
51.12
51.0
51.12
42.96
42.12
42.12
42.24
42.12
42.12
42.24
42.12
42.24
42.12
46.8
47.4
47.4
47.4
47.4
47.4
47.4
47.4
47.28
47.4
26.88
24.72
24.72
24.6
24.72
24.6
24.72
24.6
24.72
24.6
18.96
25.08
26.88
26.76
26.76
26.88
26.76
26.76
26.88
26.76
26.76
47.88
52.56
52.56
52.68
52.56
52.56
52.68
52.56
52.56
52.56
43.08
41.04
41.04
41.16
41.04
41.04
41.04
41.04
41.04
41.16
31.56
29.76
29.64
29.76
29.64
29.76
29.64
29.76
29.64
29.76
33.96
35.04
35.04
34.92
35.04
35.04
35.04
35.04
35.04
35.04
22.32
25.56
28.08
28.08
28.08
28.08
28.08
28.08
28.08
28.08
28.08
43.8
50.04
50.04
50.04
50.04
50.04
50.04
50.04
50.04
50.04
27.48
24.36
27.96
27.96
27.84
27.96
27.96
27.96
27.96
27.84
27.96
19.44
32.04
47.64
47.76
47.64
47.64
47.64
47.76
47.64
47.64
47.64
35.4
24.6
24.48
24.6
24.6
24.48
24.6
24.6
24.6
24.48
23.64
26.52
31.68
31.8
31.68
31.68
31.8
31.68
31.68
31.8
31.68
32.88
34.68
34.68
34.68
34.8
34.68
34.68
34.68
34.68
34.68
37.56
41.64
41.64
41.64
41.64
41.64
41.64
41.64
41.64
41.64
41.52
41.64
41.52
41.64
41.64
41.52
41.64
41.52
41.64
41.64
37.8
32.76
32.76
32.76
32.88
32.76
32.76
32.76
32.76
32.76
33.24
34.2
34.08
34.2
34.08
34.2
34.2
34.08
34.2
34.08
29.52
21.72
13.44
15.48
1.2
22.44
25.92
25.92
26.04
25.92
25.92
26.04
25.92
26.04
25.92
16.32
14.64
13.08
13.92
15.96
14.64
10.32
10.2
8.16
2.76
20.64
16.56
16.32
16.92
15.84
14.28
10.32
3.48
2.16
0.12
0.12
0.12
0.12
0.12
0.12
0.12
0.12
0.12
2.28
29.04
29.04
28.92
29.04
29.04
28.92
29.04
29.04
28.92
32.52
57.24
57.24
57.12
57.24
57.12
57.24
57.12
57.24
57.24
56.4
52.68
52.56
52.56
52.56
52.56
52.56
52.68
52.56
52.56
50.16
35.04
34.92
35.04
34.92
35.04
34.92
35.04
34.92
35.04
37.68
56.28
56.4
56.28
56.4
56.4
56.28
56.4
56.28
56.4
56.4
57.96
58.08
57.96
57.96
57.96
57.96
57.96
57.96
57.96
58.2
59.28
59.28
59.4
59.28
59.28
59.28
59.4
59.28
59.28
59.04
58.2
58.08
58.08
58.08
58.2
58.08
58.08
58.08
58.08
54.96
33.72
33.72
33.72
33.72
33.72
33.72
33.72
33.72
33.72
33.36
31.8
31.92
31.8
31.92
31.8
31.92
31.8
31.8
31.92
34.56
52.92
53.04
53.04
52.92
53.04
52.92
53.04
52.92
53.04
53.4
56.52
56.52
56.4
56.52
56.52
56.52
56.52
56.52
56.52
56.88
59.04
59.04
59.16
59.04
59.04
59.16
59.04
59.04
59.16
55.92
35.52
35.64
35.52
35.64
35.52
35.64
35.52
35.52
35.64
35.16
32.4
32.4
32.52
32.4
32.4
32.52
32.4
32.4
32.52
38.28
78.36
78.36
78.36
78.24
78.36
78.36
78.36
78.24
78.36
77.4
71.52
71.52
71.4
71.52
71.52
71.52
71.52
71.52
71.4
68.52
48.0
48.0
48.0
48.0
48.12
48.0
48.0
48.0
48.12
46.8
38.76
38.76
38.76
38.76
38.76
38.76
38.76
38.88
38.76
37.2
27.24
27.12
27.24
27.12
27.24
27.24
27.12
27.24
27.12
29.64
45.24
45.24
45.12
45.24
45.24
45.24
45.12
45.24
45.24
46.8
56.52
56.64
56.52
56.64
56.52
56.64
56.64
56.52
56.64
56.16
54.12
54.12
54.12
54.12
54.0
54.12
54.12
54.12
54.12
51.0
32.64
32.52
32.52
32.64
32.52
32.52
32.64
32.52
32.52
28.8
8.04
40.56
40.44
40.56
40.44
40.56
40.44
40.56
40.44
40.56
41.28
60.24
60.36
60.24
60.36
60.36
60.24
60.36
60.36
60.24
60.12
56.88
56.76
56.76
56.76
56.76
56.76
56.76
56.88
56.76
56.04
40.92
40.8
40.92
40.8
40.92
40.92
40.8
40.92
40.8
40.44
31.68
31.68
31.68
31.68
31.68
31.68
31.68
31.68
31.68
32.16
42.84
42.72
42.84
42.72
42.72
42.84
42.72
42.84
42.72
43.2
51.36
51.48
51.36
51.48
51.36
51.48
51.36
51.48
51.36
51.48
53.76
53.76
53.76
53.76
53.76
53.76
53.76
53.76
53.76
53.16
43.32
43.44
43.44
43.32
43.44
43.44
43.44
43.32
43.44
43.08
36.36
36.24
36.36
36.36
36.36
36.36
36.36
36.36
36.24
35.04
11.76
26.76
27.72
27.72
27.72
27.84
27.72
27.72
27.72
27.72
27.72
39.0
39.48
39.6
39.48
39.6
39.48
39.6
39.48
39.6
39.48
28.8
28.32
28.32
28.32
28.2
28.32
28.32
28.2
28.32
28.32
45.96
46.8
46.8
46.8
46.8
46.8
46.68
46.8
46.8
46.8
32.88
32.28
32.28
32.28
32.28
32.28
32.28
32.28
32.28
32.28
28.68
28.68
28.68
28.68
28.68
28.68
28.68
28.68
28.68
28.68
42.24
42.72
42.72
42.72
42.6
42.72
42.72
42.72
42.72
42.72
30.12
29.88
30.0
29.88
29.88
30.0
29.88
29.88
30.0
29.88
30.6
30.72
30.72
30.72
30.72
30.72
30.72
30.72
30.72
30.72
30.0
30.0
30.12
30.0
30.0
30.12
30.0
30.0
30.12
30.0
23.28
24.36
24.72
24.84
24.84
24.84
24.84
24.84
24.84
24.72
24.84
20.64
28.92
34.32
34.32
34.32
34.2
34.32
34.32
34.32
34.32
34.2
30.12
27.84
27.96
27.96
27.96
27.84
27.96
27.96
27.96
27.84
22.92
23.64
26.64
26.52
26.64
26.52
26.64
26.64
26.52
26.64
26.52
28.08
29.28
29.28
29.28
29.28
29.28
29.28
29.28
29.28
29.28
31.56
33.6
33.48
33.6
33.48
33.6
33.48
33.6
33.6
33.48
34.92
36.0
36.0
36.0
36.0
36.0
36.0
36.0
36.12
36.0
32.88
30.72
30.84
30.72
30.72
30.72
30.72
30.72
30.72
30.72
33.24
35.28
35.28
35.28
35.28
35.16
35.28
35.28
35.28
35.28
39.0
41.64
41.76
41.76
41.64
41.76
41.76
41.76
41.64
41.76
36.6
33.24
33.12
33.12
33.12
33.12
33.12
33.24
33.12
33.12
35.04
36.48
36.6
36.48
36.48
36.6
36.48
36.48
36.48
36.6
33.36
31.32
31.44
31.44
31.32
31.44
31.44
31.32
31.44
31.44
34.44
36.72
36.84
36.72
36.72
36.72
36.84
36.72
36.72
36.72
33.12
30.72
30.84
30.72
30.72
30.72
30.72
30.84
30.72
30.72
33.96
36.12
36.12
36.12
36.12
36.12
36.12
36.0
36.12
36.12
32.4
30.0
30.0
30.0
30.0
29.88
30.0
30.0
30.0
29.88
31.2
32.16
32.16
32.16
32.16
32.04
32.16
32.16
32.16
32.16
28.44
25.92
26.04
26.04
26.04
25.92
26.04
26.04
26.04
25.92
30.0
32.64
32.64
32.64
32.52
32.64
32.64
32.64
32.52
32.64
34.68
36.0
36.0
36.12
36.0
36.0
36.12
36.0
36.0
36.12
32.16
29.88
29.88
29.88
29.88
29.76
29.88
29.88
29.88
29.88
34.56
37.44
37.32
37.44
37.32
37.44
37.44
37.32
37.44
37.44
27.96
29.76
37.2
37.32
37.32
37.32
37.2
37.32
37.32
37.2
37.32
35.28
33.36
33.24
33.36
33.24
33.36
33.24
33.36
33.24
33.36
30.6
28.32
28.2
28.32
28.2
28.2
28.32
28.2
28.32
28.2
22.8
18.12
18.72
16.44
15.0
13.92
12.72
30.72
33.36
33.24
33.24
33.24
33.36
33.24
33.24
33.24
33.36
28.92
28.56
28.44
28.56
28.44
28.56
28.44
28.56
28.44
28.44
25.2
24.84
24.72
24.72
24.84
24.72
24.84
24.72
24.72
24.84
30.36
31.08
31.2
31.08
31.08
31.08
31.08
31.08
31.2
31.08
28.8
28.8
28.68
28.68
28.68
28.8
28.68
28.68
28.68
28.68
27.96
27.84
27.84
27.96
27.84
27.96
27.84
27.84
27.96
27.84
26.04
25.92
25.92
25.92
25.92
25.92
25.92
25.92
25.92
25.92
32.16
32.76
32.76
32.76
32.76
32.76
32.76
32.76
32.76
32.64
34.92
35.04
35.04
35.16
35.04
35.16
35.04
35.16
35.04
35.16
42.48
43.2
43.32
43.2
43.32
43.2
43.2
43.32
43.2
43.2
24.72
22.92
27.84
30.84
30.84
30.84
30.84
30.84
30.84
30.84
30.84
30.84
34.92
37.32
37.32
37.32
37.32
37.32
37.32
37.32
37.32
37.44
38.04
38.4
38.52
38.52
38.52
38.52
38.52
38.4
38.52
38.52
38.88
39.24
39.24
39.24
39.24
39.24
39.24
39.24
39.24
39.24
42.96
45.12
45.24
45.12
45.24
45.12
45.24
45.24
45.12
45.24
33.0
25.92
25.92
26.04
25.92
25.92
25.92
26.04
25.92
25.92
42.6
51.96
52.08
51.96
51.96
52.08
51.96
51.96
52.08
51.96
54.96
56.76
56.76
56.76
56.76
56.76
56.76
56.76
56.76
56.76
55.2
54.48
54.48
54.48
54.6
54.48
54.48
54.48
54.48
54.48
51.96
50.64
50.52
50.64
50.52
50.64
50.52
50.64
50.52
50.64
39.84
34.08
34.08
34.08
34.08
34.08
34.08
34.08
34.08
34.08
37.44
39.48
39.36
39.48
39.36
39.48
39.36
39.48
39.36
39.48
51.72
58.32
58.32
58.44
58.32
58.32
58.44
58.32
58.32
58.44
56.28
55.44
55.32
55.44
55.44
55.32
55.44
55.32
55.44
55.32
48.96
45.6
45.48
45.48
45.6
45.48
45.6
45.48
45.6
45.48
34.8
29.04
29.04
29.04
29.04
28.92
29.04
29.04
29.04
29.04
39.24
44.64
44.76
44.64
44.64
44.64
44.64
44.64
44.76
44.64
54.0
58.8
58.92
58.92
58.92
58.92
58.92
58.92
58.92
58.92
35.64
32.76
51.84
51.72
51.84
51.72
51.84
51.84
51.72
51.84
51.72
43.68
27.0
27.0
27.0
27.0
27.0
27.0
27.0
27.0
27.0
20.04
16.2
45.84
45.84
45.84
45.84
45.84
45.72
45.84
45.84
45.84
48.36
56.64
56.64
56.64
56.64
56.64
56.76
56.64
56.64
56.64
55.44
51.96
51.84
51.84
51.84
51.96
51.84
51.84
51.84
51.96
47.4
33.6
33.6
33.72
33.6
33.6
33.72
33.6
33.6
33.6
37.08
48.0
47.88
47.88
47.88
47.88
48.0
47.88
47.88
47.88
50.4
58.32
58.32
58.32
58.32
58.2
58.32
58.32
58.32
58.32
55.2
45.72
45.72
45.72
45.72
45.72
45.72
45.6
45.72
45.72
46.92
50.64
50.64
50.76
50.64
50.64
50.64
50.76
50.64
50.64
46.68
33.96
33.96
34.08
33.96
34.08
33.96
34.08
33.96
34.08
33.84
33.6
33.48
33.6
33.6
33.6
33.6
33.6
33.6
33.6
38.76
55.8
55.92
55.8
55.8
55.92
55.8
55.8
55.92
55.8
55.8
55.68
55.68
55.8
55.68
55.68
55.68
55.68
55.8
55.68
56.28
58.56
58.44
58.44
58.56
58.44
58.44
58.44
58.56
58.44
51.72
30.48
30.48
30.48
30.48
30.48
30.6
30.48
30.48
30.48
31.08
33.48
33.36
33.48
33.36
33.36
33.48
33.36
33.36
33.48
38.64
55.8
55.8
55.8
55.8
55.8
55.8
55.8
55.8
55.8
56.64
60.0
60.0
60.0
60.0
60.0
60.0
60.0
60.0
60.0
54.72
38.16
38.28
38.16
38.16
38.28
38.16
38.28
38.16
38.16
33.36
20.4
37.08
37.08
37.2
37.08
37.08
37.2
37.08
37.08
37.2
36.24
30.84
30.84
30.84
30.84
30.84
30.84
30.84
30.84
30.84
30.6
30.24
30.24
30.36
30.24
30.24
30.24
30.24
30.24
30.24
30.12
29.52
29.4
29.4
29.4
29.52
29.4
29.4
29.52
29.4
28.68
24.6
24.6
24.6
24.6
24.6
24.6
24.6
24.6
24.6
24.6
25.56
25.44
25.56
25.44
25.56
25.44
25.44
25.56
25.44
24.72
20.64
19.44
17.64
20.4
6.24
0.12
0.12
0.12
34.92
35.52
35.52
35.52
35.64
35.52
35.52
35.52
35.52
35.64
19.32
31.2
33.0
33.0
33.0
33.0
32.88
33.0
33.0
33.0
33.0
32.88
33.0
32.88
33.0
32.88
33.0
33.0
32.88
33.0
32.88
42.96
44.28
44.4
44.28
44.4
44.28
44.4
44.28
44.4
44.4
46.8
47.4
47.28
47.28
47.28
47.28
47.4
47.28
47.28
47.28
47.16
47.16
47.28
47.28
47.16
47.28
47.28
47.16
47.28
47.16
42.36
41.76
41.64
41.76
41.64
41.76
41.64
41.76
41.64
41.76
42.36
42.36
42.48
42.36
42.48
42.48
42.36
42.48
42.36
42.48
30.48
28.92
28.92
29.04
28.92
28.92
28.92
29.04
28.92
28.92
53.76
57.12
57.12
57.12
57.12
57.24
57.12
57.12
57.12
57.24
61.8
62.64
62.64
62.52
62.64
62.52
62.64
62.64
62.52
62.64
51.0
49.68
49.68
49.56
49.68
49.56
49.68
49.56
49.68
49.56
39.48
38.04
38.04
38.16
38.04
38.16
38.04
38.04
38.16
38.04
38.76
38.88
38.88
38.88
38.88
38.88
38.88
38.88
38.88
38.88
44.88
45.72
45.84
45.84
45.84
45.84
45.84
45.84
45.84
45.84
55.08
56.4
56.52
56.4
56.52
56.4
56.4
56.52
56.4
56.52
54.48
54.36
54.36
54.36
54.36
54.36
54.36
54.36
54.36
54.36
46.32
45.36
45.24
45.24
45.24
45.24
45.24
45.24
45.24
45.36
36.84
35.76
35.64
35.76
35.76
35.76
35.76
35.76
35.76
35.76
40.32
41.04
41.04
40.92
41.04
41.04
40.92
41.04
41.04
40.92
52.32
54.0
54.0
54.0
54.0
54.0
54.0
54.0
53.88
54.0
56.04
56.4
56.4
56.4
56.4
56.4
56.4
56.4
56.4
56.4
48.12
47.16
47.16
47.16
47.16
47.16
47.16
47.16
47.16
47.16
34.8
33.12
33.12
33.24
33.12
33.12
33.24
33.12
33.12
33.24
40.08
41.16
41.16
41.16
41.16
41.16
41.16
41.16
41.04
41.16
54.0
55.56
55.68
55.68
55.56
55.68
55.68
55.68
55.56
55.68
52.8
52.32
52.44
52.44
52.32
52.44
52.44
52.32
52.44
52.32
47.28
46.56
46.56
46.56
46.44
46.56
46.56
46.56
46.56
46.56
43.08
42.72
42.84
42.72
42.72
42.84
42.72
42.84
42.72
42.72
40.44
40.08
40.2
40.08
40.2
40.08
40.2
40.08
40.2
40.08
52.44
54.0
54.0
54.12
54.0
54.0
54.0
54.12
54.0
54.0
46.56
45.72
45.72
45.6
45.72
45.72
45.6
45.72
45.72
45.6
51.84
52.56
52.68
52.68
52.68
52.68
52.56
52.68
52.68
52.68
30.96
28.2
28.2
28.2
28.08
28.2
28.2
28.2
28.2
28.08
34.32
35.16
35.16
35.16
35.16
35.04
35.16
35.16
35.16
35.16
51.36
53.52
53.4
53.52
53.52
53.4
53.52
53.52
53.4
53.52
54.36
54.48
54.48
54.6
54.48
54.48
54.48
54.6
54.48
54.48
53.28
53.16
53.16
53.16
53.28
53.16
53.16
53.16
53.16
53.28
31.92
29.64
29.52
29.52
29.52
29.52
29.52
29.52
29.52
29.52
34.8
35.64
35.52
35.52
35.64
35.52
35.64
35.52
35.52
35.64
51.84
53.88
53.76
53.88
53.76
53.88
53.76
53.88
53.76
53.88
52.32
52.2
52.2
52.2
52.08
52.2
52.2
52.2
52.2
52.2
52.2
52.32
52.32
52.44
52.32
52.32
52.32
52.32
52.44
52.32
32.76
30.72
30.72
30.72
30.72
30.72
30.72
30.72
30.72
30.72
37.32
38.28
38.28
38.16
38.28
38.28
38.16
38.28
38.28
38.16
54.48
56.28
56.4
56.28
56.4
56.28
56.28
56.4
56.28
56.4
56.04
56.16
56.16
56.16
56.16
56.04
56.16
56.16
56.16
56.04
37.32
35.16
35.16
35.28
35.16
35.28
35.16
35.28
35.16
35.16
15.6
10.92
41.64
55.08
54.96
54.96
55.08
54.96
54.96
55.08
54.96
54.96
55.68
55.8
55.92
55.92
55.92
55.92
55.92
55.92
55.8
55.92
53.52
52.56
52.56
52.56
52.56
52.56
52.56
52.56
52.56
52.56
39.24
33.72
33.84
33.72
33.72
33.72
33.72
33.72
33.72
33.72
39.84
42.48
42.48
42.48
42.48
42.48
42.48
42.36
42.48
42.48
50.88
54.6
54.72
54.6
54.6
54.6
54.6
54.72
54.6
54.6
57.36
58.44
58.44
58.44
58.56
58.44
58.44
58.56
58.44
58.44
56.16
55.2
55.2
55.2
55.32
55.2
55.2
55.2
55.32
55.2
42.6
37.32
37.32
37.32
37.32
37.32
37.32
37.32
37.32
37.32
29.04
25.44
25.44
25.56
25.44
25.44
25.44
25.44
25.44
25.56
45.48
53.76
53.76
53.76
53.76
53.76
53.76
53.76
53.76
53.88
54.0
54.24
54.12
54.24
54.24
54.12
54.24
54.24
54.12
54.24
53.52
53.4
53.4
53.4
53.4
53.28
53.4
53.4
53.4
53.4
38.16
32.04
32.16
32.04
32.04
32.04
32.04
32.16
32.04
32.04
35.4
36.72
36.72
36.84
36.72
36.72
36.72
36.84
36.72
36.72
50.88
56.76
56.76
56.76
56.76
56.76
56.76
56.64
56.76
56.76
58.68
59.64
59.64
59.64
59.76
59.64
59.64
59.64
59.64
59.64
57.36
56.64
56.52
56.64
56.52
56.64
56.52
56.64
56.52
56.64
48.84
45.84
45.72
45.72
45.84
45.72
45.72
45.84
45.72
45.72
36.6
32.88
32.88
32.88
32.88
32.88
32.88
32.88
32.88
32.88
36.0
37.2
37.32
37.2
37.32
37.2
37.32
37.2
37.32
37.2
49.68
54.84
54.84
54.72
54.84
54.84
54.84
54.84
54.84
54.72
55.32
55.44
55.44
55.56
55.44
55.44
55.56
55.44
55.44
55.44
45.84
41.88
41.76
41.88
41.88
41.88
41.76
41.88
41.88
41.76
33.36
29.76
29.76
29.76
29.88
29.76
29.76
29.76
29.88
29.76
40.68
45.12
45.12
45.12
45.12
45.12
45.12
45.12
45.12
45.12
54.96
58.68
58.68
58.68
58.68
58.68
58.68
58.68
58.68
58.68
56.4
55.68
55.68
55.56
55.68
55.68
55.56
55.68
55.68
55.56
47.52
44.28
44.28
44.4
44.28
44.4
44.28
44.4
44.28
44.4
37.68
35.28
35.28
35.28
35.16
35.28
35.28
35.28
35.28
35.16
41.76
44.28
44.16
44.28
44.28
44.28
44.16
44.28
44.28
44.28
51.72
54.84
54.72
54.84
54.72
54.84
54.84
54.72
54.84
54.72
53.4
52.92
53.04
52.92
52.92
53.04
52.92
52.92
52.92
53.04
51.96
51.72
51.84
51.72
51.72
51.72
51.84
51.72
51.72
51.84
36.6
30.96
30.96
30.84
30.96
30.96
30.96
30.96
30.84
30.96
36.96
39.48
39.36
39.48
39.36
39.48
39.36
39.48
39.36
39.48
47.76
51.0
51.12
51.12
51.0
51.12
51.0
51.12
51.12
51.0
53.04
54.0
54.0
54.0
53.88
54.0
54.0
53.88
54.0
54.0
53.4
53.28
53.28
53.28
53.28
53.16
53.28
53.28
53.28
53.28
38.64
33.12
33.12
33.0
33.12
33.12
33.12
33.12
33.0
33.12
33.84
34.08
34.2
34.2
34.2
34.2
34.08
34.2
34.2
34.2
48.36
53.88
53.88
53.88
54.0
53.88
53.88
53.88
53.88
54.0
36.12
29.4
29.4
29.4
29.4
29.4
29.4
29.4
29.4
29.4
26.28
25.2
25.32
25.2
25.2
25.32
25.2
25.2
25.32
25.2
29.16
30.6
30.72
30.6
30.6
30.72
30.6
30.6
30.72
30.6
50.16
57.24
57.24
57.24
57.24
57.24
57.24
57.24
57.24
57.24
53.64
52.56
52.44
52.56
52.44
52.56
52.44
52.56
52.44
52.56
54.72
55.56
55.44
55.56
55.44
55.56
55.56
55.44
55.56
55.56
49.44
47.52
47.52
47.52
47.52
47.52
47.52
47.4
47.52
47.52
31.92
26.52
26.52
26.52
26.4
26.52
26.52
26.52
26.52
26.52
13.44
39.48
55.8
55.8
55.8
55.8
55.68
55.8
55.8
55.8
55.8
48.36
44.4
44.4
44.4
44.4
44.4
44.4
44.4
44.4
44.4
21.6
25.68
38.88
39.0
38.88
38.88
38.88
39.0
38.88
38.88
39.0
44.16
48.6
48.6
48.6
48.6
48.6
48.6
48.6
48.6
48.6
48.12
47.76
47.76
47.76
47.64
47.76
47.76
47.76
47.64
47.76
49.68
51.48
51.36
51.48
51.36
51.48
51.36
51.48
51.36
51.48
45.84
41.52
41.4
41.52
41.4
41.52
41.4
41.4
41.52
41.4
33.6
27.12
27.12
27.12
27.24
27.12
27.12
27.12
27.12
27.24
36.96
45.0
44.88
44.88
45.0
44.88
44.88
45.0
44.88
45.0
52.32
58.44
58.44
58.32
58.44
58.44
58.44
58.32
58.44
58.44
50.04
43.56
43.68
43.56
43.56
43.56
43.68
43.56
43.56
43.68
45.48
47.04
47.04
47.16
47.04
47.04
47.04
47.04
47.04
47.16
32.76
32.76
45.96
45.84
45.84
45.96
45.84
45.84
45.84
45.96
45.84
51.48
58.2
58.2
58.2
58.32
58.2
58.2
58.2
58.32
58.2
57.36
56.4
56.4
56.4
56.52
56.4
56.4
56.4
56.52
56.4
55.2
54.0
53.88
54.0
54.0
53.88
54.0
53.88
54.0
53.88
44.4
33.12
33.12
33.24
33.12
33.12
33.24
33.12
33.12
33.24
30.84
28.32
28.32
28.32
28.32
28.32
28.32
28.32
28.2
28.32
36.36
45.36
45.48
45.48
45.48
45.48
45.48
45.48
45.48
45.48
40.44
35.04
34.92
34.92
34.92
35.04
34.92
34.92
34.92
34.92
37.44
40.2
40.08
40.2
40.2
40.08
40.2
40.2
40.08
40.2
37.92
35.52
35.52
35.52
35.4
35.52
35.52
35.52
35.4
35.52
39.24
43.56
43.68
43.56
43.56
43.56
43.56
43.56
43.68
43.56
48.0
53.28
53.28
53.16
53.28
53.28
53.16
53.28
53.28
53.28
48.72
43.8
43.8
43.8
43.68
43.8
43.8
43.8
43.8
43.8
39.84
35.4
35.52
35.52
35.52
35.52
35.4
35.52
35.52
35.52
33.24
30.96
31.08
30.96
30.96
31.08
30.96
30.96
31.08
30.96
34.92
39.36
39.48
39.36
39.36
39.48
39.36
39.36
39.48
39.36
35.28
31.08
30.96
30.96
30.96
30.96
31.08
30.96
30.96
30.96
29.88
28.68
28.8
28.8
28.68
28.8
28.8
28.68
28.8
28.8
29.52
30.48
30.48
30.6
30.48
30.48
30.48
30.48
30.48
30.48
26.64
24.6
29.04
28.92
29.04
29.04
28.92
29.04
28.92
29.04
28.92
28.08
26.04
26.16
26.04
26.16
26.04
26.04
26.16
26.04
26.16
25.56
24.72
24.6
24.72
24.6
24.72
24.6
24.72
24.72
24.6
28.8
37.68
37.56
37.68
37.68
37.56
37.68
37.68
37.56
37.68
34.32
27.48
27.36
27.48
27.48
27.48
27.48
27.48
27.36
27.48
32.52
43.56
43.44
43.56
43.44
43.56
43.44
43.56
43.44
43.56
42.72
41.52
41.52
41.52
41.52
41.52
41.52
41.52
41.52
41.52
41.88
42.6
42.6
42.72
42.6
42.6
42.6
42.6
42.6
42.72
42.36
42.12
42.24
42.12
42.12
42.24
42.12
42.24
42.12
42.12
30.72
11.04
26.16
26.16
26.28
26.16
26.28
26.16
26.28
26.16
26.28
31.32
49.08
48.96
49.08
48.96
48.96
49.08
48.96
48.96
49.08
50.64
56.88
56.88
56.76
56.88
56.76
56.88
56.76
56.88
56.76
56.16
53.88
53.88
53.76
53.88
53.88
53.88
53.88
53.88
53.88
48.24
30.12
30.12
30.12
30.12
30.12
30.12
30.12
30.12
30.12
32.52
40.44
40.56
40.44
40.56
40.44
40.56
40.44
40.56
40.44
39.12
34.92
34.8
34.92
34.8
34.92
34.8
34.92
34.8
34.92
36.12
40.44
40.56
40.44
40.56
40.56
40.44
40.56
40.44
40.56
39.36
35.76
35.76
35.76
35.64
35.76
35.76
35.76
35.76
35.76
35.28
34.44
34.44
34.44
34.32
34.44
34.44
34.44
34.32
34.44
34.92
36.72
36.84
36.72
36.84
36.72
36.72
36.84
36.72
36.72
38.52
44.28
44.28
44.28
44.28
44.28
44.28
44.28
44.28
44.28
42.24
36.0
36.0
35.88
36.0
36.0
35.88
36.0
35.88
36.0
35.52
34.56
34.44
34.44
34.44
34.44
34.44
34.44
34.56
34.44
33.36
30.12
30.24
30.24
30.12
30.24
30.24
30.12
30.24
30.12
29.52
27.84
27.84
27.84
27.84
27.72
27.84
27.84
27.84
27.84
27.36
26.52
26.64
26.52
26.52
26.52
26.64
26.52
26.52
26.64
25.92
24.84
24.96
24.84
24.84
24.84
24.84
24.84
24.84
24.84
26.64
31.44
31.56
31.44
31.56
31.44
31.56
31.44
31.56
31.44
30.84
29.4
29.4
29.4
29.4
29.4
29.4
29.4
29.4
29.4
30.48
33.6
33.6
33.48
33.6
33.6
33.48
33.6
33.6
33.48
30.36
24.36
28.8
28.68
28.8
28.8
28.68
28.8
28.8
28.68
28.8
30.96
41.76
41.76
41.76
41.76
41.76
41.76
41.76
41.76
41.76
39.48
29.4
29.28
29.4
29.28
29.28
29.4
29.28
29.28
29.4
32.16
45.24
45.36
45.24
45.24
45.24
45.24
45.24
45.36
45.24
43.8
38.4
38.28
38.4
38.4
38.28
38.4
38.28
38.4
38.28
38.4
39.0
38.88
39.0
38.88
39.0
39.0
38.88
39.0
38.88
39.0
39.84
39.72
39.72
39.84
39.72
39.72
39.84
39.72
39.72
39.12
36.6
36.48
36.6
36.48
36.48
36.6
36.48
36.6
36.48
36.12
34.56
34.56
34.56
34.44
34.56
34.56
34.56
34.56
34.56
37.92
53.04
53.04
53.04
53.04
53.04
52.92
53.04
53.04
53.04
52.8
52.08
52.2
52.08
52.2
52.08
52.2
52.08
52.2
52.08
51.24
47.88
48.0
47.88
47.88
47.88
47.88
47.88
47.88
47.88
44.16
27.96
27.96
27.96
28.08
27.96
27.96
27.96
27.96
27.96
29.28
34.44
34.32
34.44
34.44
34.32
34.44
34.44
34.44
34.32
36.36
44.4
44.4
44.4
44.28
44.4
44.4
44.4
44.28
44.4
46.56
55.68
55.68
55.68
55.68
55.68
55.68
55.68
55.68
55.68
55.2
54.0
54.0
54.0
53.88
54.0
54.0
54.0
53.88
54.0
49.08
29.76
29.76
29.76
29.76
29.76
29.76
29.76
29.76
29.76
31.08
37.08
37.08
37.08
37.08
37.08
37.08
36.96
37.08
37.08
37.68
40.2
40.2
40.2
40.2
40.2
40.2
40.2
40.2
40.2
41.64
47.52
47.52
47.52
47.52
47.52
47.52
47.64
47.52
47.52
47.16
46.32
46.2
46.2
46.2
46.2
46.32
46.2
46.2
46.2
44.4
37.44
37.44
37.44
37.32
37.44
37.44
37.44
37.44
37.44
36.12
31.8
31.68
31.8
31.68
31.8
31.8
31.68
31.8
31.68
36.84
55.56
55.56
55.56
55.56
55.56
55.56
55.56
55.56
55.56
54.84
52.44
52.32
52.44
52.44
52.32
52.44
52.44
52.32
52.44
52.92
54.96
54.96
54.96
55.08
54.96
54.96
55.08
54.96
54.96
51.84
40.32
40.2
40.32
40.32
40.32
40.2
40.32
40.32
40.32
38.16
30.72
30.72
30.72
30.72
30.72
30.6
30.72
30.72
30.72
36.12
57.12
57.0
57.12
57.0
57.0
57.12
57.0
57.12
57.0
47.88
14.28
19.2
29.04
29.04
29.04
29.04
29.04
29.04
29.04
29.04
29.04
29.04
25.32
25.44
25.32
25.32
25.44
25.32
25.44
25.32
25.44
25.68
46.68
46.8
46.68
46.68
46.68
46.68
46.68
46.68
46.68
46.56
39.24
39.24
39.36
39.24
39.24
39.24
39.24
39.36
39.24
39.0
32.16
32.16
32.16
32.16
32.16
32.16
32.16
32.16
32.16
31.92
22.56
36.72
38.16
38.16
38.04
38.16
38.16
38.16
38.16
38.16
38.16
54.48
56.16
56.04
56.04
56.04
56.04
56.16
56.04
56.04
56.04
48.24
47.64
47.52
47.64
47.52
47.52
47.64
47.52
47.64
47.52
45.84
45.72
45.6
45.72
45.72
45.6
45.72
45.72
45.72
45.6
43.2
43.08
42.96
43.08
42.96
43.08
42.96
42.96
43.08
42.96
35.64
34.92
35.04
35.04
34.92
35.04
35.04
34.92
35.04
35.04
40.32
40.92
41.04
40.92
40.92
40.92
40.92
40.92
40.92
40.92
50.64
51.48
51.48
51.48
51.48
51.48
51.48
51.48
51.48
51.48
29.52
27.72
27.6
27.6
27.6
27.72
27.6
27.6
27.6
27.6
20.76
13.08
31.08
39.48
39.6
39.48
39.6
39.48
39.6
39.48
39.48
39.6
40.92
41.52
41.52
41.52
41.4
41.52
41.52
41.52
41.52
41.52
47.88
50.76
50.76
50.76
50.76
50.64
50.76
50.76
50.76
50.76
43.68
40.8
40.68
40.8
40.68
40.8
40.68
40.8
40.68
40.8
39.0
38.28
38.28
38.28
38.28
38.28
38.28
38.28
38.28
38.4
44.04
46.8
46.8
46.8
46.8
46.8
46.8
46.8
46.8
46.8
51.24
53.16
53.16
53.16
53.16
53.28
53.16
53.16
53.16
53.16
55.44
56.4
56.4
56.4
56.4
56.4
56.4
56.4
56.4
56.4
51.12
49.08
48.96
48.96
49.08
48.96
49.08
48.96
48.96
49.08
33.24
26.76
26.76
26.76
26.76
26.76
26.64
26.76
26.76
26.76
37.08
41.52
41.52
41.52
41.52
41.52
41.52
41.52
41.52
41.52
50.76
54.84
54.72
54.72
54.72
54.84
54.72
54.72
54.72
54.84
57.12
58.32
58.2
58.32
58.2
58.2
58.32
58.2
58.32
58.2
50.04
46.92
46.8
46.8
46.8
46.8
46.8
46.8
46.8
46.8
36.72
32.52
32.64
32.64
32.64
32.64
32.64
32.52
32.64
32.64
40.56
43.8
43.8
43.8
43.8
43.8
43.8
43.8
43.8
43.92
51.24
54.48
54.48
54.48
54.48
54.48
54.6
54.48
54.48
54.48
52.2
51.48
51.36
51.36
51.36
51.36
51.48
51.36
51.36
51.36
49.2
48.36
48.36
48.48
48.36
48.36
48.48
48.36
48.36
48.48
37.56
33.24
33.12
33.24
33.12
33.24
33.24
33.12
33.24
33.12
39.12
41.4
41.52
41.4
41.52
41.4
41.52
41.4
41.52
41.4
