4.68
4.56
4.56
4.56
6.36
11.76
11.76
11.76
11.76
11.52
11.4
11.52
11.4
11.4
11.88
12.12
12.12
12.12
11.88
11.88
11.88
11.88
11.88
12.12
12.84
12.84
12.96
12.84
9.6
6.72
6.84
6.84
6.84
1.2
0.12
0.12
0.12
0.12
0.12
0.12
0.12
0.12
0.12
5.04
7.68
7.68
7.68
7.68
9.6
9.6
9.48
9.6
10.8
13.2
13.2
13.2
13.2
12.6
12.36
12.24
12.36
12.36
16.2
17.04
16.92
17.04
16.32
10.92
11.04
11.04
11.04
12.0
14.28
14.28
14.28
14.28
15.96
17.04
17.04
17.04
17.04
14.4
14.16
14.28
14.16
14.28
15.84
15.84
15.72
15.84
15.48
15.36
15.24
15.36
15.24
13.2
12.24
12.36
12.24
12.24
10.68
10.56
10.56
10.56
12.0
19.68
19.56
19.68
19.68
20.16
21.24
21.24
21.36
21.24
22.68
23.4
23.52
23.52
23.4
26.16
27.0
27.0
27.0
27.0
27.0
27.0
27.0
26.88
27.0
27.36
27.6
27.48
27.48
27.6
27.48
27.6
27.48
27.48
27.6
22.32
21.36
21.36
21.36
20.64
14.88
14.76
14.88
14.88
14.76
15.12
15.0
15.12
15.12
14.4
14.28
14.16
14.28
14.16
15.6
15.84
15.84
15.96
15.84
16.8
16.8
16.8
16.8
17.4
18.96
18.96
18.96
18.96
15.96
14.04
14.04
14.16
14.04
4.8
3.36
3.48
3.36
4.92
16.32
16.2
16.32
16.32
13.8
9.84
9.84
9.72
9.84
14.04
16.44
16.44
16.56
16.44
14.4
14.16
14.28
14.16
16.8
33.12
33.12
33.12
33.12
33.12
33.12
33.12
33.12
33.12
30.24
15.0
15.12
15.12
15.12
21.24
30.24
30.36
30.24
30.36
30.24
30.24
30.36
30.24
30.24
27.84
24.48
24.6
24.6
24.48
24.6
24.6
24.6
24.48
24.6
28.08
32.28
32.28
32.28
32.28
32.4
32.28
32.28
32.28
32.28
29.4
25.8
25.8
25.8
25.68
25.8
25.8
25.8
25.8
25.8
24.72
23.76
23.88
23.76
23.88
26.4
34.56
34.56
34.56
34.68
34.56
34.56
34.56
34.68
34.56
32.28
25.68
25.8
25.68
25.8
25.68
25.68
25.8
25.68
25.68
24.96
22.92
22.92
22.92
22.92
28.32
33.48
33.48
33.48
33.48
33.48
33.48
33.48
33.48
33.48
37.8
41.76
41.88
41.76
41.76
41.88
41.76
41.76
41.88
41.76
37.92
34.32
34.44
34.44
34.44
34.44
34.32
34.44
34.44
34.44
35.88
37.44
37.44
37.32
37.44
37.32
37.44
37.32
37.44
37.32
29.88
23.04
22.92
23.04
23.04
34.68
38.64
38.76
38.76
38.76
38.76
38.76
38.64
38.76
38.76
35.16
34.08
33.96
33.96
34.08
33.96
34.08
33.96
34.08
33.96
34.32
34.56
34.56
34.44
34.56
34.56
34.44
34.56
34.56
34.44
18.0
12.84
12.84
12.72
13.2
32.04
32.16
32.04
32.04
32.16
32.04
32.16
32.04
32.04
31.68
14.16
14.16
14.16
14.16
18.6
30.36
30.48
30.36
30.48
30.36
30.48
30.36
30.48
30.36
26.52
17.4
17.28
17.4
17.28
21.72
25.56
25.56
25.44
25.56
25.56
25.44
25.56
25.56
25.44
26.16
26.64
26.52
26.64
26.64
26.64
26.64
26.52
26.64
26.64
25.44
24.84
24.72
24.72
24.84
24.72
24.84
24.72
24.72
24.84
25.68
26.28
26.4
26.4
26.4
26.4
26.4
26.4
26.28
26.4
24.6
23.64
23.64
23.52
23.64
23.28
23.52
23.4
23.4
23.28
22.92
22.8
22.92
22.8
24.36
30.48
30.36
30.48
30.36
30.48
30.36
30.48
30.36
30.48
29.16
25.56
25.44
25.44
25.56
25.44
25.56
25.44
25.44
25.56
28.68
38.76
38.64
38.76
38.76
38.64
38.76
38.76
38.64
38.76
34.08
20.16
20.28
20.28
20.16
24.6
29.4
29.28
29.28
29.4
29.28
29.28
29.4
29.28
29.4
35.04
40.8
40.68
40.8
40.8
40.8
40.68
40.8
40.8
40.8
39.36
38.16
38.28
38.16
38.28
38.16
38.28
38.16
38.28
38.16
30.48
23.16
23.16
23.16
23.16
22.68
22.44
22.56
22.44
22.56
29.04
29.52
29.52
29.4
29.52
29.4
29.52
29.52
29.4
29.52
15.96
15.6
15.6
15.6
16.2
18.36
18.36
18.36
18.36
15.84
13.44
13.44
13.32
13.44
15.6
16.56
16.44
16.44
16.32
11.04
10.92
11.04
10.92
13.8
21.72
21.6
21.72
21.6
13.68
6.36
6.36
6.36
6.24
6.6
6.48
6.6
6.6
6.6
8.64
8.64
8.64
8.64
11.52
18.72
18.72
18.72
18.72
18.12
17.88
17.88
17.88
17.88
22.2
23.28
23.28
23.4
23.16
23.76
23.64
23.64
23.64
23.76
22.56
22.56
22.68
22.68
22.68
23.52
23.4
23.52
23.4
21.96
19.68
19.8
19.68
19.8
17.52
16.44
16.56
16.44
16.44
16.44
16.44
16.44
16.44
16.92
20.04
19.92
19.92
20.04
19.32
18.72
18.84
18.72
18.72
22.32
24.12
24.24
24.24
24.24
24.24
24.12
24.24
24.24
24.24
22.2
21.36
21.48
21.36
21.48
26.04
26.52
26.4
26.52
26.52
26.52
26.4
26.52
26.52
26.52
23.04
22.92
23.04
23.04
23.16
25.92
25.92
25.92
25.92
25.92
25.92
25.92
25.92
25.92
25.56
24.6
24.6
24.48
24.6
24.6
24.48
24.6
24.6
24.48
24.84
26.88
26.88
26.88
26.88
26.76
26.88
26.88
26.88
26.88
26.52
25.32
25.32
25.44
25.32
25.44
25.32
25.44
25.32
25.44
24.6
22.08
21.96
22.08
22.08
21.24
20.64
20.64
20.76
20.64
7.32
1.68
1.8
1.8
1.68
32.28
33.48
33.6
33.6
33.48
33.6
33.48
33.6
33.48
33.6
22.8
22.56
22.56
22.56
24.36
33.0
33.0
33.0
33.0
33.0
33.0
33.0
33.0
33.0
30.84
22.56
22.56
22.44
22.56
25.2
28.92
28.8
28.8
28.92
28.8
28.92
28.8
28.8
28.92
25.32
21.24
21.24
21.24
21.24
22.2
22.56
22.68
22.68
22.68
13.68
12.84
12.72
12.84
14.88
25.92
25.8
25.92
25.92
25.8
25.92
25.92
25.8
25.92
24.0
15.6
15.48
15.48
15.48
19.92
25.8
25.68
25.8
25.8
25.8
25.8
25.68
25.8
25.8
25.56
25.44
25.32
25.44
25.44
25.44
25.44
25.32
25.44
25.44
21.36
17.04
17.04
17.04
17.04
17.76
18.12
18.12
18.12
18.24
18.48
18.72
18.72
18.6
19.08
20.52
20.52
20.64
20.52
20.76
21.24
21.24
21.24
21.24
25.08
26.88
26.76
26.88
26.76
26.88
26.76
26.88
26.76
26.88
22.8
21.36
21.36
21.36
21.48
15.0
15.0
15.12
15.0
18.6
29.52
29.64
29.52
29.52
29.64
29.52
29.64
29.52
29.64
27.0
19.8
19.92
19.92
19.8
21.12
22.56
22.56
22.44
22.56
16.44
13.92
13.92
14.04
13.92
19.92
20.28
20.28
20.28
23.88
37.92
37.92
37.92
37.92
38.04
37.92
37.92
37.92
37.92
36.0
29.04
29.16
29.04
29.04
29.04
29.04
29.04
29.04
29.04
27.96
24.6
24.48
24.6
24.48
24.48
24.6
24.48
24.48
24.6
24.24
23.88
23.88
23.88
23.88
23.88
23.88
24.24
24.12
24.12
24.12
24.12
24.12
24.24
24.12
24.12
17.88
17.04
17.04
17.04
17.16
19.68
19.68
19.56
19.68
17.52
14.16
14.16
14.16
14.16
20.4
24.0
24.12
24.0
24.12
24.0
24.0
24.12
24.0
24.12
19.92
17.76
17.76
17.76
17.76
17.76
18.0
17.88
18.0
18.84
24.48
24.36
24.48
24.36
24.48
24.36
24.48
24.36
24.48
24.0
22.2
22.2
22.2
22.2
22.44
23.28
23.28
23.4
23.28
21.84
21.24
21.12
21.24
21.24
25.32
26.28
26.16
26.16
26.16
26.28
26.16
26.16
26.28
26.16
26.76
27.0
27.0
26.88
27.0
27.0
27.0
26.88
27.0
27.0
25.92
25.8
25.92
25.92
25.8
25.92
25.92
25.8
25.92
25.92
24.0
23.88
23.88
23.88
23.88
23.4
21.6
21.72
21.72
21.72
13.8
3.24
3.24
3.24
3.24
15.72
21.6
21.6
21.6
21.6
2.16
0.12
0.12
0.12
0.12
0.12
0.12
0.12
0.12
0.12
2.16
3.84
3.72
3.72
5.4
14.88
14.88
14.76
14.88
15.36
16.2
16.08
16.2
16.2
17.28
18.0
18.0
18.0
18.0
17.64
17.76
17.76
17.76
17.88
18.96
18.84
18.96
18.84
17.64
15.96
16.08
16.08
15.96
15.0
14.52
14.52
14.52
14.52
15.0
15.12
15.12
15.12
15.48
17.16
17.28
17.16
17.16
16.68
16.32
16.32
16.32
16.32
18.36
19.32
19.44
19.32
19.32
22.2
22.32
22.44
22.44
22.08
21.72
21.6
21.72
21.6
17.28
10.8
10.92
10.8
10.92
12.12
12.96
12.96
13.08
12.96
4.8
4.2
4.2
4.2
3.48
0.12
0.12
0.12
0.12
0.12
0.12
0.12
0.12
0.12
4.2
28.2
28.2
28.08
28.2
28.2
28.08
28.2
28.2
28.2
31.56
44.88
45.0
44.88
45.0
44.88
44.88
45.0
44.88
45.0
45.24
47.04
47.04
47.04
47.04
47.04
47.16
47.04
47.04
47.04
46.68
45.48
45.48
45.48
45.48
45.48
45.48
45.36
45.48
45.48
44.88
43.2
43.2
43.2
43.2
43.2
43.2
43.2
43.2
43.2
41.52
35.28
35.28
35.4
35.28
35.28
35.28
35.28
35.28
35.28
35.76
38.4
38.28
38.4
38.28
38.28
38.4
38.28
38.4
38.28
37.2
32.76
32.64
32.76
32.76
32.64
32.76
32.64
32.76
32.76
31.2
25.92
25.92
25.92
25.8
25.92
25.92
25.92
25.8
25.92
28.8
40.2
40.32
40.2
40.2
40.32
40.2
40.32
40.2
40.32
43.44
56.64
56.64
56.76
56.64
56.64
56.64
56.64
56.64
56.76
55.92
53.76
53.64
53.64
53.64
53.76
53.64
53.64
53.64
53.76
51.6
43.92
44.04
44.04
44.04
44.04
43.92
44.04
44.04
44.04
40.56
27.48
27.48
27.36
27.48
27.48
27.48
27.36
27.48
27.48
32.64
51.36
51.36
51.36
51.36
51.36
51.36
51.36
51.36
51.36
51.96
54.12
54.12
54.12
54.12
54.0
54.12
54.12
54.12
54.12
52.08
45.36
45.48
45.48
45.36
45.48
45.48
45.48
45.36
45.48
46.32
49.68
49.8
49.8
49.68
49.8
49.8
49.68
49.8
49.8
46.44
34.32
34.44
34.32
34.32
34.44
34.32
34.44
34.32
34.44
35.28
39.48
39.36
39.48
39.36
39.48
39.36
39.48
39.36
39.48
43.92
61.2
61.32
61.32
61.2
61.32
61.32
61.2
61.32
61.32
58.2
48.0
47.88
48.0
47.88
48.0
47.88
48.0
47.88
48.0
48.24
50.04
49.92
50.04
50.04
50.04
49.92
50.04
50.04
49.92
45.24
26.28
26.28
26.16
26.28
26.28
26.28
26.16
26.28
26.28
30.48
46.08
46.08
46.08
46.08
46.08
46.08
46.08
46.2
46.08
48.24
57.24
57.12
57.12
57.12
57.12
57.12
57.12
57.12
57.12
56.76
55.2
55.2
55.2
55.32
55.2
55.2
55.2
55.2
55.32
54.6
53.16
53.16
53.16
53.16
53.16
53.16
53.16
53.16
53.16
48.0
31.08
30.96
31.08
31.08
31.08
30.96
31.08
31.08
31.08
32.64
38.04
38.04
38.16
38.04
38.04
38.16
38.04
38.04
38.16
42.36
56.28
56.4
56.28
56.4
56.28
56.28
56.4
56.28
56.28
55.92
54.72
54.72
54.72
54.72
54.72
54.72
54.72
54.72
54.84
53.88
51.36
51.36
51.48
51.36
51.48
51.36
51.48
51.36
51.48
45.0
27.24
27.12
27.24
27.12
27.12
27.24
27.12
27.24
27.12
30.84
40.56
40.56
40.68
40.56
40.56
40.56
40.56
40.56
40.56
44.64
55.56
55.56
55.56
55.56
55.68
55.56
55.56
55.56
55.56
55.2
54.36
54.36
54.36
54.36
54.36
54.36
54.36
54.36
54.36
54.24
54.24
54.24
54.24
54.24
54.24
54.24
54.24
54.12
54.24
48.12
32.52
32.52
32.52
32.52
32.52
32.52
32.52
32.4
32.52
33.36
36.0
35.88
35.88
36.0
35.88
35.88
35.88
36.0
35.88
40.44
52.2
52.08
52.2
52.2
52.08
52.2
52.08
52.2
52.08
53.4
56.88
56.88
56.88
56.88
56.76
56.88
56.88
56.88
56.76
56.04
54.0
54.0
54.0
54.0
54.0
54.0
54.0
54.0
54.0
49.32
36.84
36.84
36.84
36.84
36.84
36.84
36.84
36.84
36.84
36.12
34.44
34.44
34.44
34.44
34.44
34.44
34.44
34.44
34.44
38.88
50.76
50.88
50.76
50.88
50.76
50.76
50.88
50.76
50.88
51.48
53.4
53.4
53.4
53.28
53.4
53.4
53.4
53.4
53.28
53.04
52.2
52.32
52.2
52.2
52.2
52.2
52.2
52.2
52.32
47.16
34.68
34.68
34.68
34.68
34.68
34.68
34.68
34.68
34.68
33.96
32.16
32.28
32.16
32.16
32.28
32.16
32.28
32.16
32.16
39.24
56.04
55.92
55.92
56.04
55.92
55.92
56.04
55.92
55.92
56.04
56.16
56.28
56.16
56.16
56.28
56.16
56.28
56.16
56.16
55.56
54.36
54.24
54.36
54.24
54.36
54.24
54.36
54.24
54.24
48.12
34.2
34.2
34.32
34.2
34.2
34.2
34.2
34.32
34.2
27.48
12.6
12.6
12.6
12.48
23.04
31.08
31.2
31.08
31.08
31.2
31.08
31.2
31.08
31.2
44.76
55.2
55.2
55.2
55.2
55.2
55.2
55.2
55.2
55.2
55.2
55.08
55.2
55.2
55.08
55.2
55.2
55.08
55.2
55.2
40.56
30.0
30.12
30.0
30.12
30.12
30.0
30.12
30.0
30.12
36.24
40.92
40.8
40.92
40.8
40.92
40.8
40.92
40.92
40.8
49.2
55.44
55.44
55.44
55.32
55.44
55.44
55.44
55.32
55.44
54.24
53.64
53.52
53.64
53.52
53.64
53.52
53.64
53.52
53.64
54.72
55.44
55.56
55.56
55.56
55.56
55.56
55.56
55.44
55.56
38.88
27.48
27.36
27.48
27.36
27.36
27.48
27.36
27.48
27.36
32.4
35.64
35.64
35.64
35.52
35.64
35.64
35.64
35.64
35.64
47.76
55.68
55.68
55.56
55.68
55.68
55.56
55.68
55.68
55.56
56.52
56.88
57.0
57.0
56.88
57.0
56.88
57.0
56.88
57.0
56.52
56.4
56.4
56.28
56.4
56.4
56.28
56.4
56.4
56.28
45.48
39.36
39.24
39.36
39.24
39.36
39.24
39.36
39.24
39.36
35.52
33.36
33.48
33.36
33.48
33.36
33.48
33.36
33.48
33.36
42.72
47.76
47.88
47.88
47.76
47.88
47.88
47.76
47.88
47.88
55.08
59.64
59.64
59.64
59.52
59.64
59.64
59.52
59.64
59.64
57.36
56.28
56.16
56.28
56.16
56.28
56.16
56.28
56.28
56.16
44.52
38.4
38.28
38.28
38.4
38.28
38.28
38.4
38.28
38.4
33.96
31.8
31.68
31.8
31.8
31.8
31.8
31.8
31.8
31.8
43.56
50.16
50.16
50.16
50.16
50.28
50.16
50.16
50.16
50.16
52.08
53.16
53.28
53.28
53.28
53.16
53.28
53.28
53.28
53.16
51.96
51.12
51.24
51.12
51.24
51.12
51.24
51.12
51.24
51.24
38.16
31.68
31.56
31.68
31.56
31.68
31.56
31.68
31.56
31.68
29.28
28.44
28.32
28.44
28.32
28.44
28.32
28.44
28.32
28.44
46.08
54.24
54.12
54.24
54.24
54.12
54.24
54.24
54.12
54.24
54.0
53.76
53.88
53.76
53.88
53.88
53.76
53.88
53.88
53.76
54.48
54.84
54.84
54.84
54.84
54.84
54.84
54.84
54.84
54.84
42.48
37.44
37.44
37.32
37.44
37.44
37.44
37.44
37.44
37.32
32.52
30.6
30.6
30.6
30.48
30.6
30.6
30.6
30.6
30.48
50.4
57.84
57.84
57.72
57.84
57.84
57.72
57.84
57.84
57.72
55.8
55.2
55.08
55.2
55.08
55.08
55.2
55.08
55.2
55.08
54.96
55.08
54.96
55.08
55.08
54.96
55.08
54.96
55.08
54.96
36.6
30.48
30.36
30.48
30.48
30.48
30.48
30.48
30.36
30.48
30.24
30.36
30.36
30.24
30.36
30.24
30.36
30.24
30.36
30.36
48.24
53.4
53.52
53.4
53.4
53.52
53.4
53.4
53.52
53.4
52.44
52.2
52.2
52.2
52.08
52.2
52.2
52.2
52.2
52.2
53.4
53.88
53.76
53.76
53.88
53.76
53.76
53.88
53.76
53.88
41.76
39.12
39.0
39.12
39.0
39.12
39.0
39.12
39.0
39.12
37.44
37.32
37.32
37.32
37.44
37.32
37.32
37.32
37.32
37.32
45.72
47.88
47.88
47.76
47.88
47.88
47.76
47.88
47.88
47.88
52.44
53.76
53.76
53.76
53.76
53.64
53.76
53.76
53.76
53.76
53.28
53.28
53.28
53.16
53.28
53.28
53.16
53.28
53.16
53.28
42.72
40.08
40.08
40.08
40.08
39.96
40.08
40.08
40.08
40.08
31.08
28.8
28.8
28.8
28.8
28.8
28.8
28.8
28.8
28.8
44.52
48.12
48.0
48.12
48.0
48.12
48.0
48.12
48.12
48.0
52.8
53.88
54.0
53.88
54.0
54.0
53.88
54.0
54.0
53.88
54.72
54.96
54.96
54.96
54.96
54.96
54.96
54.96
54.96
54.96
43.32
40.68
40.68
40.68
40.56
40.68
40.68
40.68
40.68
40.68
28.8
26.04
26.16
26.04
26.16
26.04
26.16
26.04
26.16
26.04
46.44
50.64
50.52
50.64
50.64
50.64
50.64
50.64
50.64
50.64
53.76
54.6
54.6
54.48
54.6
54.48
54.6
54.6
54.48
54.6
54.96
55.08
54.96
55.08
55.08
55.08
55.08
54.96
55.08
55.08
41.88
39.24
39.24
39.12
39.24
39.24
39.24
39.24
39.24
39.24
35.76
35.16
35.16
35.28
35.16
35.16
35.16
35.28
35.16
35.16
47.76
50.28
50.28
50.4
50.28
50.4
50.28
50.4
50.28
50.4
53.88
54.6
54.6
54.6
54.6
54.6
54.6
54.48
54.6
54.6
54.12
54.12
54.12
54.0
54.12
54.0
54.12
54.0
54.12
54.12
46.08
44.76
44.88
44.76
44.88
44.88
44.76
44.88
44.76
44.88
35.04
33.48
33.36
33.48
33.36
33.48
33.36
33.48
33.36
33.48
44.4
46.32
46.44
46.32
46.32
46.44
46.32
46.32
46.44
46.32
51.72
52.8
52.8
52.8
52.8
52.8
52.68
52.8
52.8
52.8
57.6
58.44
58.56
58.44
58.56
58.44
58.44
58.56
58.44
58.56
44.64
42.36
42.24
42.36
42.24
42.36
42.24
42.36
42.24
42.36
38.64
38.16
38.04
38.04
38.16
38.04
38.16
38.04
38.16
38.04
45.84
47.4
47.4
47.4
47.4
47.4
47.4
47.4
47.4
47.4
52.68
53.76
53.88
53.76
53.88
53.76
53.88
53.76
53.88
53.76
52.44
52.2
52.2
52.2
52.2
52.2
52.08
52.2
52.2
52.2
46.2
45.0
45.12
45.0
45.0
45.0
45.12
45.0
45.0
45.12
35.04
33.24
33.12
33.24
33.24
33.12
33.24
33.12
33.24
33.24
42.72
44.88
44.76
44.76
44.76
44.88
44.76
44.76
44.76
44.88
48.24
49.08
49.2
49.08
49.08
49.2
49.08
49.08
49.2
49.08
52.2
52.92
53.04
52.92
53.04
52.92
53.04
52.92
52.92
53.04
46.2
44.76
44.76
44.64
44.76
44.64
44.76
44.76
44.64
44.76
34.68
32.4
32.52
32.52
32.4
32.52
32.4
32.52
32.52
32.4
46.44
49.56
49.68
49.68
49.56
49.68
49.68
49.56
49.68
49.68
55.8
57.48
57.48
57.48
57.36
57.48
57.48
57.36
57.48
57.48
46.68
44.16
44.28
44.16
44.28
44.16
44.16
44.28
44.16
44.28
34.8
32.64
32.64
32.64
32.64
32.64
32.64
32.64
32.52
32.64
29.04
28.32
28.32
28.32
28.32
28.2
28.32
28.32
28.32
28.32
51.36
56.16
56.16
56.16
56.16
56.16
56.16
56.16
56.16
56.16
42.24
39.24
39.36
39.36
39.36
39.36
39.36
39.36
39.36
39.24
39.48
39.6
39.48
39.6
39.6
39.48
39.6
39.6
39.48
39.6
38.88
38.88
38.76
38.88
38.76
38.88
38.76
38.88
38.76
38.88
27.36
25.08
24.96
24.96
24.96
25.08
24.96
24.96
25.08
24.96
51.6
56.88
56.76
56.88
56.88
56.76
56.88
56.76
56.88
56.88
44.64
42.48
42.6
42.48
42.6
42.6
42.48
42.6
42.48
42.6
43.08
43.2
43.32
43.32
43.2
43.32
43.32
43.32
43.2
43.32
34.56
33.0
32.88
32.88
33.0
32.88
32.88
33.0
32.88
32.88
29.88
29.28
29.4
29.28
29.28
29.4
29.28
29.4
29.28
29.28
50.88
54.72
54.84
54.72
54.72
54.72
54.72
54.84
54.72
54.72
40.08
37.68
37.68
37.68
37.68
37.68
37.68
37.8
37.68
37.68
39.0
39.36
39.24
39.36
39.24
39.36
39.36
39.24
39.36
39.24
25.44
23.28
23.28
23.16
22.68
9.6
9.6
9.6
9.6
11.04
14.76
14.64
14.76
14.64
12.96
11.64
11.64
11.76
11.64
15.6
16.56
16.56
16.44
16.68
18.24
18.12
18.24
18.24
20.04
24.0
23.88
23.88
24.0
22.44
21.72
21.72
21.6
21.72
17.04
16.44
16.32
16.32
17.88
30.84
30.84
30.96
30.84
30.84
30.96
30.84
30.84
30.96
30.36
27.36
27.36
27.36
27.36
27.36
27.36
27.36
27.36
27.36
27.24
27.36
27.24
27.36
27.24
27.36
27.36
27.24
27.36
27.24
28.44
35.04
35.04
35.04
34.92
35.04
35.04
35.04
34.92
35.04
34.8
34.56
34.56
34.44
34.56
34.56
34.44
34.56
34.56
34.44
35.52
40.56
40.44
40.56
40.56
40.44
40.56
40.56
40.56
40.44
39.96
37.2
37.08
37.2
37.2
37.2
37.08
37.2
37.2
37.08
36.36
31.8
31.8
31.8
31.8
31.8
31.8
31.68
31.8
31.8
35.16
54.96
54.96
54.84
54.96
54.96
54.84
54.96
54.96
54.96
52.56
41.16
41.28
41.16
41.16
41.16
41.16
41.16
41.16
41.16
41.4
43.32
43.44
43.32
43.32
43.32
43.32
43.32
43.44
43.32
42.84
41.16
41.16
41.04
41.16
41.16
41.04
41.16
41.04
41.16
39.48
30.84
30.96
30.84
30.84
30.84
30.84
30.96
30.84
30.84
34.44
54.0
54.0
54.0
54.0
54.0
54.0
54.0
53.88
54.0
53.52
50.76
50.88
50.88
50.88
50.88
50.88
50.88
50.88
50.76
47.64
31.08
30.96
31.08
31.08
30.96
31.08
31.08
30.96
31.08
32.04
36.96
36.96
36.96
36.96
36.96
36.96
36.96
36.96
36.96
35.28
28.32
28.44
28.32
28.32
28.44
28.32
28.32
28.44
28.32
31.92
46.2
46.32
46.2
46.32
46.2
46.32
46.32
46.2
46.32
45.0
40.32
40.32
40.32
40.32
40.32
40.32
40.32
40.32
40.32
40.08
39.72
39.72
39.6
39.72
39.72
39.72
39.72
39.6
39.72
37.8
28.2
28.32
28.32
28.2
28.32
28.32
28.2
28.32
28.32
29.64
36.48
36.48
36.48
36.48
36.48
36.48
36.48
36.48
36.48
38.52
48.24
48.36
48.24
48.36
48.24
48.36
48.24
48.36
48.24
46.92
40.8
40.68
40.8
40.68
40.8
40.68
40.68
40.8
40.68
40.44
39.36
39.36
39.36
39.36
39.36
39.36
39.36
39.36
39.36
38.52
35.16
35.16
35.04
35.16
35.16
35.04
35.16
35.16
35.16
33.24
24.24
24.12
24.24
24.24
24.24
24.24
24.12
24.24
24.24
24.24
25.2
25.2
25.08
25.2
25.2
25.2
25.08
25.2
25.2
29.76
47.88
47.76
47.76
47.88
47.76
47.88
47.76
47.76
47.88
49.44
56.16
56.04
56.16
56.04
56.16
56.04
56.16
56.04
56.16
50.28
27.0
27.0
27.0
27.12
27.0
27.0
27.0
27.12
27.0
28.44
33.96
33.96
33.84
33.96
33.96
33.96
33.96
33.96
33.96
36.72
47.52
47.4
47.4
47.4
47.4
47.4
47.4
47.4
47.52
47.52
48.0
48.12
48.12
48.12
48.12
48.0
48.12
48.12
48.12
46.56
40.68
40.68
40.68
40.68
40.56
40.68
40.68
40.68
40.68
37.56
25.2
25.08
25.2
25.08
25.2
25.2
25.08
25.2
25.08
24.96
24.0
24.0
24.0
24.0
24.0
24.0
24.0
24.0
24.0
28.68
44.52
44.52
44.52
44.52
44.52
44.52
44.52
44.52
44.4
46.32
52.32
52.44
52.32
52.44
52.44
52.32
52.44
52.44
52.32
49.32
38.16
38.28
38.16
38.28
38.16
38.28
38.16
38.28
38.16
41.88
54.84
54.72
54.84
54.84
54.72
54.84
54.84
54.84
54.72
50.76
37.44
37.32
37.44
37.32
37.44
37.44
37.32
37.44
37.32
37.92
39.6
39.72
39.6
39.72
39.72
39.6
39.72
39.72
39.6
43.32
56.52
56.52
56.52
56.52
56.52
56.52
56.52
56.52
56.52
55.8
53.28
53.28
53.28
53.4
53.28
53.28
53.28
53.4
53.28
51.6
46.08
46.08
46.08
46.08
46.08
46.08
46.08
46.08
46.08
41.88
27.72
27.72
27.72
27.72
27.72
27.72
27.72
27.72
27.72
30.12
38.64
38.52
38.64
38.52
38.52
38.64
38.52
38.64
38.52
41.76
53.16
53.16
53.16
53.04
53.16
53.16
53.16
53.16
53.04
53.28
53.76
53.76
53.64
53.76
53.76
53.76
53.76
53.76
53.64
53.64
53.4
53.52
53.4
53.4
53.4
53.4
53.4
53.4
53.4
48.36
31.32
31.32
31.44
31.32
31.32
31.44
31.32
31.32
31.44
30.72
29.52
29.4
29.4
29.52
29.4
29.4
29.52
29.4
29.52
36.24
55.8
55.92
55.92
55.8
55.92
55.92
55.92
55.8
55.92
55.68
55.08
55.2
55.2
55.08
55.2
55.2
55.2
55.08
55.2
55.44
56.28
56.28
56.4
56.28
56.28
56.28
56.4
56.28
56.28
49.44
31.68
31.68
31.68
31.8
31.68
31.68
31.8
31.68
31.68
31.8
32.16
32.16
32.16
32.28
32.16
32.16
32.16
32.16
32.16
38.64
53.28
53.28
53.28
53.28
53.28
53.28
53.28
53.28
53.28
53.76
54.84
54.96
54.84
54.84
54.84
54.96
54.84
54.84
54.84
52.32
46.8
46.68
46.8
46.68
46.8
46.8
46.68
46.8
46.68
41.64
29.64
29.64
29.64
29.64
29.64
29.64
29.64
29.64
29.52
31.92
36.72
36.84
36.72
36.84
36.72
36.84
36.72
36.84
36.72
42.84
55.92
55.8
55.8
55.92
55.8
55.8
55.92
55.8
55.8
55.08
53.4
53.52
53.52
53.52
53.4
53.52
53.52
53.52
53.4
53.52
53.76
53.64
53.76
53.76
53.64
53.76
53.64
53.76
53.76
45.24
29.04
29.04
29.04
29.04
28.92
29.04
29.04
29.04
29.04
28.32
27.24
27.12
27.24
27.24
27.12
27.24
27.24
27.12
27.24
36.84
52.92
52.92
52.92
52.8
52.92
52.92
52.92
52.92
52.92
53.16
53.88
53.88
53.88
53.76
53.88
53.88
53.88
53.88
53.76
54.0
54.0
54.0
54.0
54.12
54.0
54.0
54.12
54.0
54.0
46.92
35.88
35.76
35.88
35.88
35.88
35.76
35.88
35.88
35.88
33.0
28.8
28.8
28.8
28.8
28.8
28.8
28.8
28.8
28.8
38.76
53.16
53.16
53.16
53.16
53.04
53.16
53.16
53.16
53.16
53.88
55.08
55.08
55.08
55.08
55.08
55.08
55.08
55.08
55.08
56.04
57.6
57.72
57.6
57.6
57.6
57.6
57.6
57.72
57.6
52.08
44.64
44.64
44.76
44.64
44.64
44.76
44.64
44.76
44.64
39.0
31.08
31.2
31.2
31.08
31.2
31.2
31.08
31.2
31.2
37.68
47.04
46.92
47.04
46.92
47.04
46.92
47.04
47.04
46.92
49.56
53.52
53.52
53.52
53.52
53.52
53.52
53.52
53.52
53.52
56.4
60.84
60.84
60.84
60.84
60.72
60.84
60.84
60.84
60.84
49.44
33.24
33.24
33.24
33.24
33.12
33.24
33.24
33.24
33.24
30.36
26.28
26.4
26.4
26.4
26.4
26.4
26.28
26.4
26.4
39.6
57.12
57.24
57.24
57.24
57.12
57.24
57.24
57.24
57.12
56.76
56.04
56.16
56.16
56.16
56.04
56.16
56.16
56.16
56.16
50.28
42.72
42.84
42.72
42.84
42.84
42.72
42.84
42.72
42.84
33.24
20.16
20.16
20.16
20.16
26.88
30.48
30.36
30.36
30.48
30.36
30.48
30.36
30.48
30.36
37.2
40.56
40.44
40.44
40.56
40.44
40.44
40.56
40.44
40.44
42.48
43.56
43.44
43.44
43.44
43.56
43.44
43.44
43.44
43.56
52.8
57.12
57.24
57.24
57.24
57.24
57.12
57.24
57.24
57.24
50.64
47.64
47.76
47.76
47.64
47.76
47.64
47.76
47.76
47.64
38.88
34.8
34.68
34.8
34.68
34.8
34.68
34.68
34.8
34.68
37.68
39.12
39.12
39.12
39.12
39.12
39.24
39.12
39.12
39.12
50.4
56.16
56.04
56.16
56.16
56.16
56.04
56.16
56.16
56.16
55.32
55.2
55.2
55.08
55.2
55.2
55.08
55.2
55.2
55.08
50.04
47.52
47.64
47.52
47.52
47.64
47.52
47.52
47.64
47.52
36.84
31.44
31.32
31.44
31.44
31.32
31.44
31.32
31.44
31.44
16.08
9.0
9.0
9.12
9.0
50.64
53.16
53.28
53.28
53.28
53.16
53.28
53.28
53.16
53.28
54.48
54.6
54.6
54.6
54.6
54.6
54.6
54.6
54.6
54.48
42.0
41.28
41.16
41.28
41.16
41.28
41.28
41.16
41.28
41.16
33.48
33.0
33.0
33.0
33.0
33.0
33.0
33.0
33.0
33.0
46.08
47.28
47.16
47.28
47.16
47.28
47.16
47.28
47.16
47.28
50.04
50.52
50.4
50.4
50.52
50.4
50.4
50.52
50.4
50.52
53.16
53.64
53.64
53.64
53.64
53.64
53.64
53.64
53.52
53.64
48.48
48.0
47.88
48.0
47.88
48.0
47.88
48.0
47.88
48.0
36.96
36.0
36.0
36.0
36.0
35.88
36.0
36.0
36.0
36.0
40.92
41.52
41.52
41.64
41.52
41.52
41.52
41.52
41.52
41.64
52.2
53.64
53.52
53.52
53.64
53.52
53.52
53.64
53.52
53.64
53.88
54.0
53.88
54.0
54.0
53.88
54.0
54.0
54.0
53.88
48.84
48.36
48.36
48.36
48.36
48.48
48.36
48.36
48.36
48.36
36.96
35.88
35.88
35.88
35.76
35.88
35.88
35.88
35.76
35.88
32.28
31.92
32.04
31.92
31.92
31.92
32.04
31.92
31.92
31.92
48.96
50.64
50.76
50.64
50.76
50.64
50.76
50.64
50.64
50.76
53.76
54.12
54.0
54.12
54.0
54.12
54.12
54.0
54.12
54.0
54.36
54.36
54.48
54.36
54.36
54.36
54.48
54.36
54.36
54.36
35.04
33.48
33.6
33.6
33.6
33.48
33.6
33.6
33.6
33.6
33.72
33.84
33.84
33.84
33.96
33.84
33.84
33.84
33.84
33.96
51.24
52.32
52.32
52.44
52.32
52.32
52.44
52.32
52.44
52.32
54.12
54.12
54.24
54.24
54.24
54.24
54.12
54.24
54.24
54.24
52.92
53.04
52.92
52.92
53.04
52.92
53.04
52.92
53.04
52.92
33.72
33.0
33.0
32.88
33.0
33.0
32.88
33.0
33.0
33.0
30.12
30.12
30.12
30.12
30.12
30.12
30.12
30.12
30.12
30.12
52.8
53.52
53.64
53.64
53.52
53.64
53.52
53.64
53.64
53.52
57.6
57.72
57.72
57.72
57.72
57.72
57.72
57.72
57.72
57.72
54.72
54.72
54.72
54.6
54.72
54.72
54.72
54.6
54.72
54.72
35.52
35.28
35.16
35.28
35.16
35.28
35.16
35.28
35.28
35.16
33.24
33.24
33.24
33.36
33.24
33.24
33.24
33.24
33.24
33.36
53.64
54.12
54.0
54.0
54.0
54.12
54.0
54.0
54.12
54.0
57.0
57.0
57.12
57.0
57.12
57.0
57.12
57.0
57.12
57.0
52.68
52.8
52.68
52.8
52.8
52.68
52.8
52.68
52.8
52.56
41.28
41.28
41.16
41.28
41.28
41.28
41.16
41.28
41.28
41.04
25.56
25.56
25.68
25.56
25.68
25.56
25.56
25.68
25.56
26.28
51.48
51.48
51.48
51.48
51.48
51.48
51.48
51.48
51.48
51.48
52.2
52.32
52.2
52.2
52.32
52.2
52.2
52.2
52.32
52.2
54.0
53.88
54.0
54.0
54.0
53.88
54.0
54.0
54.0
53.28
34.32
34.32
34.32
34.32
34.32
34.2
34.32
34.32
34.32
34.2
31.08
31.08
31.08
31.08
31.08
31.08
31.08
31.08
31.08
32.04
52.32
52.32
52.32
52.44
52.32
52.32
52.32
52.32
52.32
52.56
57.0
57.12
57.0
57.0
57.0
57.12
57.0
57.0
57.0
56.76
53.52
53.4
53.4
53.52
53.4
53.4
53.52
53.4
53.52
52.68
43.2
43.2
43.32
43.2
43.2
43.2
43.32
43.2
43.2
42.72
36.72
36.72
36.72
36.72
36.72
36.72
36.72
36.84
36.72
36.96
42.0
41.88
42.0
42.0
42.0
41.88
42.0
42.0
41.88
42.72
55.56
55.56
55.56
55.56
55.56
55.56
55.56
55.56
55.56
55.08
49.92
49.8
49.8
49.92
49.8
49.8
49.92
49.8
49.8
49.92
51.0
51.0
50.88
51.0
51.0
51.0
51.0
51.0
51.0
