19.44
19.44
19.44
19.44
19.44
19.44
19.44
19.44
19.44
20.28
24.72
24.72
24.84
24.72
24.84
24.72
24.72
24.84
24.72
25.08
26.64
26.76
26.64
26.64
26.76
26.64
26.76
26.64
26.76
26.64
26.64
26.64
26.64
26.64
26.64
26.64
26.64
26.64
26.64
27.0
28.2
28.32
28.32
28.32
28.2
28.32
28.32
28.2
28.32
27.96
27.48
27.36
27.36
27.36
27.36
27.36
27.48
27.36
27.36
27.72
29.16
29.04
29.16
29.16
29.16
29.04
29.16
29.16
29.04
29.4
30.6
30.48
30.6
30.48
30.6
30.6
30.48
30.6
30.6
30.96
32.88
32.76
32.76
32.88
32.76
32.88
32.76
32.76
32.88
33.24
35.16
35.04
35.16
35.16
35.16
35.16
35.16
35.04
35.16
36.96
43.32
43.2
43.2
43.2
43.2
43.2
43.32
43.2
43.2
44.52
49.56
49.56
49.56
49.56
49.44
49.56
49.56
49.56
49.56
51.48
58.8
58.92
58.8
58.8
58.8
58.8
58.8
58.92
58.8
55.44
44.64
44.64
44.64
44.64
44.64
44.64
44.64
44.64
44.64
43.44
39.72
39.6
39.6
39.72
39.6
39.6
39.6
39.72
39.6
39.0
36.96
37.08
37.08
37.08
37.08
37.08
37.08
37.08
37.08
33.12
20.88
20.88
20.88
20.88
20.76
20.88
20.88
20.88
20.76
33.36
53.16
53.16
53.04
53.16
53.16
53.16
53.04
53.16
53.16
49.68
44.52
44.4
44.52
44.4
44.52
44.4
44.52
44.4
44.52
42.6
39.96
39.96
39.84
39.96
39.84
39.96
39.96
39.84
39.96
38.88
37.2
37.32
37.32
37.32
37.2
37.32
37.32
37.32
37.2
31.68
22.68
22.8
22.8
22.8
22.8
22.8
22.8
22.8
22.8
42.36
57.36
57.36
57.36
57.36
57.36
57.36
57.36
57.36
57.36
47.52
40.2
40.2
40.2
40.2
40.2
40.2
40.08
40.2
40.2
39.96
39.84
39.96
39.84
39.96
39.84
39.96
39.84
39.96
39.84
37.2
35.28
35.28
35.28
35.4
35.28
35.28
35.28
35.28
35.28
28.2
22.92
23.04
23.04
22.92
23.04
23.04
23.04
22.92
23.04
46.2
55.8
55.8
55.8
55.8
55.8
55.8
55.8
55.92
55.8
47.16
43.68
43.8
43.68
43.68
43.68
43.68
43.8
43.68
43.68
40.92
39.84
39.96
39.84
39.84
39.84
39.84
39.84
39.96
39.84
39.12
39.0
39.0
39.0
39.0
39.0
39.0
39.0
39.0
39.0
18.0
9.48
9.6
9.48
9.6
9.48
9.6
9.48
9.6
9.6
25.08
27.12
27.12
27.12
27.12
27.12
27.12
27.12
27.24
27.12
57.84
61.32
61.44
61.32
61.44
61.32
61.44
61.32
61.32
61.44
54.96
54.36
54.24
54.36
54.36
54.24
54.36
54.36
54.24
54.36
43.68
42.6
42.48
42.6
42.6
42.6
42.48
42.6
42.6
42.6
29.76
28.32
28.44
28.44
28.44
28.32
28.44
28.44
28.44
28.32
48.36
50.52
50.52
50.64
50.52
50.52
50.64
50.52
50.52
50.64
41.76
40.92
40.92
41.04
40.92
40.92
40.92
40.92
40.92
40.92
39.96
39.96
39.96
39.96
39.96
39.96
39.96
39.96
39.96
39.96
40.32
40.32
40.32
40.32
40.2
40.32
40.32
40.32
40.32
40.32
30.84
29.76
29.64
29.76
29.76
29.76
29.76
29.76
29.76
29.76
48.72
50.64
50.64
50.76
50.64
50.64
50.64
50.76
50.64
50.64
39.96
38.88
39.0
38.88
38.88
39.0
38.88
39.0
38.88
38.88
39.6
39.72
39.6
39.72
39.6
39.6
39.72
39.6
39.72
39.6
38.88
38.76
38.88
38.76
38.88
38.76
38.88
38.76
38.88
38.76
26.52
25.44
25.44
25.44
25.44
25.44
25.44
25.32
25.44
25.44
53.76
56.28
56.28
56.28
56.28
56.28
56.28
56.28
56.28
56.28
38.88
37.2
37.32
37.32
37.32
37.32
37.32
37.32
37.32
37.32
25.32
24.6
24.48
24.48
24.6
24.48
24.48
24.6
24.48
24.48
39.6
40.56
40.68
40.68
40.68
40.68
40.68
40.56
40.68
40.68
19.56
18.0
17.88
18.0
18.0
18.0
17.88
18.0
18.0
18.84
26.16
26.16
26.16
26.28
26.16
26.16
26.28
26.16
26.16
29.64
55.08
55.2
55.08
55.2
55.2
55.08
55.2
55.08
55.2
51.84
28.2
28.32
28.2
28.2
28.32
28.2
28.32
28.2
28.2
28.92
33.24
33.24
33.36
33.24
33.24
33.36
33.24
33.24
33.36
33.48
35.52
35.52
35.52
35.52
35.64
35.52
35.52
35.52
35.52
34.2
26.16
26.04
26.16
26.04
26.16
26.16
26.04
26.16
26.16
29.64
51.36
51.48
51.36
51.48
51.48
51.36
51.48
51.36
51.48
49.56
38.52
38.52
38.4
38.52
38.4
38.52
38.52
38.4
38.52
37.2
30.24
30.36
30.24
30.36
30.24
30.36
30.24
30.36
30.24
29.4
24.48
24.48
24.36
24.48
24.48
24.48
24.48
24.36
24.48
23.64
20.04
19.92
20.04
19.92
20.04
20.04
19.92
20.04
19.92
22.8
29.28
29.16
29.28
29.16
29.28
29.16
29.28
29.16
29.16
27.96
25.08
25.2
25.2
25.08
25.2
25.2
25.08
25.2
25.2
24.12
22.2
22.32
22.2
22.32
22.32
22.2
22.32
22.2
22.32
23.64
25.32
25.44
25.32
25.44
25.32
25.44
25.32
25.32
25.44
23.88
22.32
22.44
22.32
22.44
22.32
22.32
22.44
22.32
22.44
26.4
29.04
29.04
29.04
29.04
29.04
29.04
29.04
29.04
29.04
29.76
30.36
30.36
30.24
30.36
30.36
30.36
30.36
30.36
30.24
28.92
27.96
27.96
28.08
27.96
28.08
27.96
28.08
27.96
27.96
27.72
27.72
27.72
27.6
27.72
27.72
27.72
27.6
27.72
27.72
20.28
16.2
16.2
16.08
16.2
16.2
16.2
16.2
16.2
16.2
20.4
21.48
21.48
21.48
21.36
21.48
21.48
21.48
21.48
21.36
26.76
26.76
26.76
26.88
26.76
26.76
26.88
26.76
26.76
26.64
23.4
23.4
23.4
23.4
23.52
23.4
23.4
23.4
23.4
22.68
20.4
20.52
20.4
20.4
20.52
20.4
20.4
20.4
20.52
20.28
20.28
20.28
20.4
20.28
20.28
20.4
20.28
20.28
20.4
22.32
24.6
24.6
24.6
24.72
24.6
24.6
24.6
24.6
24.6
24.36
24.24
24.24
24.12
24.24
24.24
24.12
24.24
24.24
24.24
22.44
21.12
21.0
21.12
21.12
21.12
21.0
21.12
21.12
21.12
17.4
16.08
16.2
16.08
16.08
16.08
16.08
16.08
16.08
16.08
23.52
24.72
24.6
24.6
24.72
24.6
24.6
24.72
24.6
24.72
23.76
23.76
23.76
23.88
23.76
23.76
23.76
23.88
23.76
23.76
26.88
27.36
27.36
27.24
27.36
27.36
27.24
27.36
27.24
27.36
22.44
21.84
21.84
21.96
21.84
21.84
21.96
21.84
21.84
21.84
22.2
22.08
22.2
22.2
22.2
22.08
22.2
22.2
22.08
22.68
25.08
25.08
25.08
25.08
25.08
25.08
25.08
25.08
25.08
25.08
25.56
25.44
25.56
25.44
25.56
25.44
25.56
25.56
25.44
25.08
24.0
24.0
23.88
24.0
24.0
24.0
23.88
24.0
24.0
22.2
17.04
16.92
17.04
17.04
16.92
17.04
16.92
17.04
17.04
15.48
13.68
13.68
13.68
13.68
13.56
13.68
13.68
13.68
13.68
16.56
18.6
18.72
18.6
18.6
18.72
18.6
18.72
18.6
18.72
17.88
17.76
17.88
17.76
17.76
17.88
17.76
17.88
17.76
17.76
10.32
9.72
9.72
9.72
9.72
9.72
9.72
9.72
9.72
11.28
25.32
25.32
25.32
25.32
25.32
25.32
25.32
25.32
25.32
25.2
24.0
24.12
24.0
24.12
24.12
24.0
24.12
24.12
24.0
24.96
31.92
31.92
31.8
31.92
31.92
31.8
31.92
31.92
31.8
30.96
25.32
25.32
25.44
25.32
25.32
25.32
25.32
25.44
25.32
24.48
20.52
20.52
20.52
20.4
20.52
20.52
20.4
20.52
20.52
18.48
14.4
14.28
14.28
14.28
14.28
14.4
14.28
14.28
14.28
13.56
12.96
12.96
12.96
12.96
12.96
12.96
12.96
12.96
12.96
9.24
7.32
7.32
7.32
7.32
7.44
7.32
7.32
7.32
7.32
7.08
7.08
7.08
7.08
7.2
7.08
7.08
7.08
7.08
7.08
9.0
9.12
9.0
9.0
9.12
9.0
9.12
9.0
9.0
8.52
6.6
6.6
6.6
6.6
6.6
6.6
6.6
6.6
6.6
8.64
12.12
12.0
12.12
12.12
12.0
12.12
12.12
12.12
12.0
18.0
22.68
22.68
22.68
22.56
22.68
22.68
22.68
22.68
22.68
19.32
18.36
18.24
18.24
18.36
18.24
18.24
18.36
18.24
18.24
15.6
15.24
15.24
15.24
15.36
15.24
15.24
15.24
15.24
15.72
22.56
22.68
22.68
22.56
22.68
22.68
22.56
22.68
22.68
22.68
23.52
23.4
23.52
23.52
23.52
23.52
23.52
23.52
23.4
24.12
25.8
25.8
25.8
25.8
25.8
25.68
25.8
25.8
25.8
24.6
22.2
22.2
22.2
22.32
22.2
22.2
22.2
22.2
22.32
22.8
23.88
23.88
23.76
23.88
23.88
23.88
23.88
23.88
23.76
20.52
16.32
16.2
16.32
16.32
16.32
16.32
16.32
16.32
16.32
16.2
16.44
16.44
16.44
16.44
16.32
16.44
16.44
16.44
16.44
13.68
12.96
13.08
13.08
13.08
13.08
13.08
13.08
13.08
12.96
14.28
14.16
14.28
14.28
14.28
14.28
14.16
14.28
14.28
13.44
9.48
9.36
9.48
9.36
9.48
9.48
9.36
9.48
9.36
11.76
16.56
16.56
16.56
16.68
16.56
16.56
16.56
16.56
16.56
15.36
14.28
14.4
14.28
14.28
14.4
14.28
14.28
14.4
14.28
15.12
15.72
15.72
15.72
15.72
15.72
15.72
15.6
15.72
15.72
13.8
13.68
13.68
13.68
13.68
13.68
13.68
13.68
13.68
13.08
1.68
1.68
1.68
1.8
1.68
1.68
1.68
1.68
1.68
3.96
12.0
12.0
12.0
12.0
12.0
12.0
12.0
12.0
12.0
14.04
17.16
17.28
17.28
17.16
17.28
17.16
17.28
17.16
17.28
13.2
10.56
10.56
10.56
10.56
10.44
10.56
10.56
10.56
10.56
9.36
9.24
9.12
9.12
9.12
9.12
9.24
9.12
9.12
9.12
15.24
15.6
15.72
15.6
15.6
15.72
15.6
15.6
15.6
16.08
19.8
19.8
19.92
19.8
19.8
19.8
19.8
19.8
19.8
19.08
17.76
17.76
17.76
17.76
17.76
17.88
17.76
17.76
17.76
19.8
22.44
22.32
22.44
22.32
22.44
22.32
22.32
22.44
22.32
24.84
26.52
26.4
26.4
26.52
26.4
26.4
26.4
26.52
26.4
26.28
26.4
26.4
26.28
26.4
26.4
26.4
26.28
26.4
26.4
29.88
31.92
31.92
31.92
31.92
31.92
31.92
31.92
31.92
31.92
34.56
36.12
36.12
36.12
36.12
36.12
36.12
36.12
36.12
36.12
29.88
26.4
26.52
26.4
26.52
26.4
26.52
26.4
26.52
26.4
28.8
30.24
30.12
30.12
30.12
30.24
30.12
30.12
30.12
30.24
28.56
27.84
27.96
27.84
27.84
27.96
27.84
27.96
27.84
27.84
22.08
19.32
19.32
19.32
19.32
19.32
19.32
19.32
19.32
19.32
18.84
18.96
18.84
18.96
18.84
18.84
18.96
18.84
18.96
18.84
20.16
20.16
20.16
20.16
20.28
20.16
20.16
20.16
20.28
18.72
13.32
13.2
13.2
13.2
13.2
13.32
13.2
13.2
13.2
14.76
17.52
17.52
17.52
17.52
17.52
17.52
17.52
17.52
17.52
17.64
17.88
17.76
17.76
17.88
17.76
17.76
17.88
17.76
17.76
15.72
15.0
15.0
15.0
15.0
15.0
15.0
15.0
15.0
15.0
15.48
15.72
15.6
15.6
15.6
15.6
15.72
15.6
15.6
15.6
15.84
15.72
15.84
15.84
15.84
15.72
15.84
15.84
15.84
16.68
19.8
19.8
19.92
19.8
19.8
19.8
19.8
19.92
19.8
17.28
13.92
14.04
13.92
13.92
13.92
13.92
14.04
13.92
13.92
14.88
15.6
15.72
15.6
15.6
15.6
15.72
15.6
15.6
15.6
7.44
4.8
4.8
4.68
4.8
4.8
4.8
4.68
4.8
4.8
30.84
32.76
32.88
32.76
32.88
32.76
32.88
32.76
32.88
32.76
16.8
15.84
15.84
15.96
15.84
15.84
15.84
15.96
15.84
17.52
30.0
30.12
30.12
30.0
30.12
30.12
30.0
30.12
30.12
29.04
22.8
22.68
22.68
22.8
22.68
22.68
22.8
22.68
22.8
22.92
24.0
24.0
24.0
24.0
24.0
24.0
24.0
24.0
24.0
23.88
23.76
23.88
23.76
23.76
23.76
23.88
23.76
23.76
23.88
21.12
17.64
17.52
17.52
17.52
17.52
17.52
17.52
17.52
17.52
15.84
14.64
14.76
14.64
14.64
14.64
14.64
14.76
14.64
14.64
11.04
9.96
9.84
9.84
9.84
9.96
9.84
9.84
9.84
9.84
9.6
9.6
9.6
9.72
9.6
9.6
9.6
9.6
9.6
9.12
5.4
5.52
5.4
5.4
5.52
5.4
5.4
5.52
5.4
8.64
17.04
16.92
17.04
16.92
17.04
16.92
17.04
16.92
17.04
9.12
0.12
0.12
0.12
0.12
0.12
0.12
0.24
0.12
0.12
0.84
1.44
1.44
1.44
1.44
1.32
1.44
1.44
1.44
1.44
24.24
29.4
29.28
29.4
29.28
29.4
29.4
29.28
29.4
29.28
30.12
30.36
30.24
30.36
30.36
30.24
30.36
30.24
30.36
30.24
21.12
19.32
19.32
19.2
19.32
19.32
19.32
19.32
19.32
19.2
27.36
27.48
27.36
27.48
27.36
27.48
27.36
27.48
27.36
27.48
11.4
11.4
11.4
11.4
11.4
11.4
11.4
11.4
11.4
15.72
35.28
35.4
35.4
35.4
35.4
35.4
35.28
35.4
35.4
33.96
28.08
27.96
27.96
27.96
27.96
27.96
27.96
27.96
27.96
26.16
18.24
18.36
18.24
18.36
18.24
18.24
18.36
18.24
18.36
22.8
31.2
31.2
31.2
31.2
31.2
31.2
31.2
31.2
31.08
26.4
18.24
18.24
18.12
18.24
18.24
18.24
18.24
18.24
18.24
22.56
26.4
26.4
26.4
26.28
26.4
26.4
26.4
26.28
26.4
24.48
23.16
23.16
23.16
23.16
23.16
23.04
23.16
23.16
23.16
22.2
21.96
21.96
21.84
21.96
21.96
21.96
21.84
21.96
21.96
16.92
16.2
16.2
16.08
16.2
16.2
16.2
16.2
16.08
16.2
17.28
17.28
17.4
17.28
17.28
17.28
17.4
17.28
17.28
15.0
6.36
6.36
6.36
6.36
6.36
6.36
6.36
6.36
6.36
12.84
23.52
23.52
23.52
23.52
23.52
23.52
23.52
23.4
23.52
18.96
15.12
15.24
15.12
15.12
15.12
15.12
15.12
15.12
15.12
20.88
23.28
23.28
23.28
23.28
23.28
23.28
23.28
23.28
23.28
22.44
22.44
22.44
22.44
22.44
22.44
22.44
22.44
22.44
22.44
28.56
28.92
28.8
28.92
28.92
28.8
28.92
28.8
28.92
28.8
23.88
23.88
23.88
23.88
23.88
23.88
23.88
23.76
23.88
23.88
20.76
20.76
20.88
20.76
20.88
20.76
20.76
20.88
20.76
20.52
19.92
19.8
19.8
19.92
19.8
19.8
19.92
19.8
19.8
20.16
21.0
21.12
21.0
21.12
21.0
21.12
21.0
21.12
21.0
19.2
17.28
17.16
17.28
17.16
17.28
17.16
17.28
17.16
17.28
16.68
16.68
16.56
16.56
16.56
16.56
16.68
16.56
16.56
16.56
17.28
17.4
17.52
17.4
17.4
17.52
17.4
17.4
17.52
17.28
12.12
12.24
12.12
12.24
12.12
12.24
12.12
12.24
12.12
12.36
12.96
13.08
12.96
12.96
13.08
12.96
12.96
13.08
12.96
10.2
5.88
5.76
5.88
5.76
5.88
5.76
5.88
5.76
5.88
13.68
20.04
20.16
20.04
20.16
20.16
20.04
20.16
20.04
20.16
17.04
15.96
16.08
15.96
15.96
16.08
15.96
15.96
16.08
15.96
14.64
14.52
14.64
14.52
14.52
14.64
14.52
14.52
14.52
15.12
20.52
20.52
20.52
20.64
20.52
20.52
20.52
20.52
20.64
20.76
22.2
22.2
22.08
22.2
22.08
22.2
22.08
22.2
22.08
19.68
16.32
16.32
16.32
16.44
16.32
16.32
16.32
16.44
16.32
30.24
39.6
39.72
39.6
39.72
39.72
39.6
39.72
39.6
39.72
25.56
16.2
16.2
16.2
16.32
16.2
16.2
16.2
16.32
16.2
14.4
13.92
13.8
13.92
13.92
13.92
13.92
13.92
13.92
13.8
9.96
9.84
9.96
9.84
9.84
9.84
9.84
9.84
9.84
9.48
7.56
7.68
7.68
7.56
7.68
7.68
7.56
7.68
7.68
7.2
6.36
6.24
6.36
6.36
6.36
6.36
6.36
6.24
6.36
13.32
20.76
20.76
20.76
20.64
20.76
20.76
20.76
20.76
20.76
14.28
11.28
11.16
11.28
11.28
11.16
11.28
11.28
11.16
11.28
18.48
20.04
19.92
20.04
19.92
20.04
19.92
20.04
19.92
19.92
21.48
21.6
21.48
21.48
21.48
21.6
21.48
21.48
21.48
20.4
16.44
16.32
16.32
16.32
16.32
16.32
16.32
16.44
16.32
16.08
15.96
15.96
15.96
15.96
15.96
15.96
15.96
15.96
15.96
15.84
15.72
15.84
15.84
15.72
15.84
15.72
15.84
15.72
15.84
15.12
14.76
14.88
14.76
14.88
14.88
14.76
14.88
14.76
14.88
15.48
15.72
15.72
15.72
15.72
15.72
15.72
15.72
15.72
15.84
17.4
17.4
17.4
17.28
17.4
17.4
17.4
17.4
17.4
16.32
12.96
12.96
12.96
12.96
12.96
12.96
12.96
12.96
12.96
12.24
11.64
11.64
11.64
11.64
11.64
11.64
11.64
11.64
11.64
13.2
14.28
14.4
14.28
14.28
14.28
14.4
14.28
14.28
14.28
15.84
16.32
16.44
16.32
16.32
16.32
16.44
16.32
16.32
16.32
13.68
13.8
13.68
13.8
13.68
13.8
13.68
13.68
13.8
11.76
0.84
0.84
0.96
0.84
0.84
0.96
0.84
0.96
0.84
6.96
19.2
19.32
19.32
19.2
19.32
19.32
19.2
19.32
19.32
20.04
21.12
21.0
21.12
21.0
21.12
21.0
21.12
21.0
21.12
23.04
24.0
24.12
24.0
24.12
24.12
24.0
24.12
24.0
24.12
21.6
20.64
20.64
20.76
20.64
20.64
20.64
20.64
20.76
20.64
20.64
20.88
20.88
20.88
20.88
20.88
20.88
20.76
20.88
21.12
28.08
28.08
27.96
28.08
28.08
28.08
27.96
28.08
28.08
27.6
20.04
20.04
20.04
20.16
20.04
20.04
20.04
20.04
20.04
17.88
10.2
10.08
10.08
10.2
10.08
10.2
10.08
10.08
10.2
10.2
10.56
10.56
10.44
10.56
10.56
10.56
10.56
10.56
10.56
9.96
9.6
9.6
9.48
9.6
9.6
9.6
9.6
9.48
9.6
9.6
9.6
9.6
9.6
9.6
9.6
9.72
9.6
9.6
9.6
17.76
18.48
18.48
18.36
18.48
18.48
18.36
18.48
18.48
18.96
24.84
24.84
24.72
24.84
24.84
24.84
24.84
24.72
24.84
24.48
22.44
22.44
22.56
22.44
22.44
22.44
22.44
22.56
22.44
20.4
15.36
15.24
15.36
15.36
15.24
15.36
15.24
15.36
15.36
12.24
8.76
8.76
8.64
8.76
8.64
8.76
8.76
8.64
8.76
10.44
11.64
11.52
11.64
11.64
11.52
11.64
11.52
11.64
11.52
14.16
14.64
14.76
14.64
14.76
14.76
14.64
14.76
14.64
14.76
7.32
7.32
7.44
7.32
7.32
7.32
7.44
7.32
7.32
10.08
23.76
23.76
23.76
23.76
23.76
23.76
23.76
23.76
23.76
22.2
15.24
15.12
15.24
15.12
15.12
15.24
15.12
15.24
15.12
12.72
8.64
8.64
8.64
8.64
8.64
8.64
8.64
8.64
8.52
3.96
0.12
0.12
0.12
0.12
0.12
0.12
0.12
0.12
0.12
18.96
37.08
37.08
37.08
37.2
37.08
37.08
37.2
37.08
37.08
28.32
20.64
20.64
20.64
20.76
20.64
20.64
20.64
20.76
20.64
17.76
16.8
16.8
16.8
16.8
16.8
16.8
16.8
16.8
16.8
13.32
12.96
12.96
13.08
12.96
12.96
12.96
13.08
12.96
12.72
11.4
11.4
11.4
11.28
11.4
11.4
11.4
11.4
11.28
11.28
10.68
10.56
10.68
10.68
10.68
10.68
10.68
10.68
10.68
12.6
15.12
15.12
15.12
15.12
15.12
15.12
15.12
15.12
15.12
13.68
12.84
12.72
12.84
12.84
12.84
12.84
12.84
12.84
12.72
11.28
10.92
10.92
10.92
10.92
10.92
10.92
11.04
10.92
10.92
20.28
20.52
20.52
20.64
20.52
20.64
20.52
20.64
20.52
19.92
17.04
17.16
17.04
17.04
17.04
17.04
17.04
17.16
17.04
18.0
20.04
20.04
20.04
20.04
20.04
20.04
20.04
20.04
20.04
18.6
17.28
17.28
17.28
17.16
17.28
17.28
17.28
17.28
17.28
16.2
15.72
15.84
15.84
15.84
15.72
15.84
15.84
15.72
15.84
16.2
16.44
16.32
16.32
16.32
16.44
16.32
16.32
16.44
16.2
15.0
14.88
15.0
15.0
15.0
14.88
15.0
15.0
15.0
15.12
16.32
16.32
16.32
16.32
16.32
16.32
16.2
16.32
16.32
15.48
14.04
14.04
14.04
13.92
14.04
14.04
14.04
14.04
14.04
12.72
11.76
11.76
11.76
11.64
11.76
11.76
11.76
11.64
11.76
8.88
7.68
7.68
7.8
7.68
7.68
7.68
7.8
7.68
7.68
6.12
6.12
6.24
6.12
6.12
6.12
6.12
6.12
6.12
6.36
10.44
10.32
10.44
10.32
10.44
10.32
10.44
10.32
10.32
9.24
6.36
6.36
6.36
6.24
6.36
6.36
6.36
6.36
6.24
5.16
3.84
3.84
3.72
3.84
3.84
3.72
3.84
3.84
3.72
2.52
1.92
1.92
1.8
1.92
1.92
1.92
1.8
1.92
1.92
10.68
12.96
13.08
12.96
12.96
13.08
12.96
12.96
13.08
12.96
3.72
3.48
3.6
3.6
3.48
3.6
3.48
3.6
3.6
3.0
0.6
0.48
0.48
0.48
0.6
0.48
0.48
0.6
0.48
0.36
0.12
0.12
0.12
0.12
0.12
0.12
0.12
0.12
0.12
0.12
0.12
0.12
0.12
0.12
0.12
0.12
0.12
0.12
0.12
0.12
0.12
0.12
0.12
0.12
0.12
0.12
0.12
0.12
0.12
0.12
0.12
0.12
0.12
0.12
0.12
0.12
0.12
0.12
0.12
0.12
0.12
0.12
0.12
0.12
0.12
0.12
0.12
0.12
0.12
0.12
3.72
7.2
7.32
7.2
7.2
7.32
7.2
7.32
7.2
11.16
15.0
15.0
15.0
15.0
15.0
14.88
15.0
15.0
15.0
8.76
6.12
6.24
6.24
6.12
6.24
6.24
6.12
6.24
6.24
0.72
0.12
0.12
0.12
0.12
0.12
0.12
0.12
0.12
0.12
17.52
21.24
21.24
21.24
21.24
21.24
21.24
21.24
21.24
20.76
8.76
8.88
8.88
8.76
8.88
8.88
8.88
8.76
8.88
8.64
8.04
8.04
8.04
8.04
8.04
8.04
8.04
8.04
8.04
6.84
5.04
5.16
5.04
5.04
5.04
5.16
5.04
5.04
5.16
6.12
7.08
7.08
7.08
7.08
6.96
7.08
7.08
7.08
7.08
9.6
10.44
10.44
10.44
10.44
10.44
10.44
10.44
10.44
10.44
8.52
8.4
8.4
8.52
8.4
8.4
8.4
8.4
8.52
7.8
3.72
3.72
3.72
3.72
3.72
3.72
3.84
3.72
3.72
7.2
15.96
15.96
15.96
15.96
15.96
15.96
15.84
15.96
15.96
12.72
9.24
9.12
9.12
9.12
9.12
9.12
9.12
9.12
9.12
9.36
9.72
9.84
9.72
9.72
9.72
9.72
9.72
9.72
9.72
8.16
7.92
7.92
7.92
7.92
7.92
7.92
7.8
7.92
