31.92
31.92
31.8
31.92
31.8
31.92
31.92
31.8
31.92
31.8
46.68
46.68
46.8
46.68
46.68
46.8
46.68
46.68
46.8
46.68
28.08
28.08
28.08
28.08
28.08
28.08
28.08
28.08
28.08
28.08
56.76
56.88
56.88
56.88
56.76
56.88
56.88
56.88
56.76
56.88
52.32
52.32
52.32
52.32
52.32
52.32
52.32
52.32
52.32
52.32
46.2
46.2
46.2
46.2
46.32
46.2
46.2
46.2
46.32
46.2
42.6
42.48
42.6
42.48
42.6
42.48
42.6
42.6
42.48
42.6
28.32
28.32
28.32
28.2
28.32
28.32
28.32
28.32
28.2
28.32
37.8
37.92
37.92
37.92
37.92
37.92
37.92
37.92
37.8
37.92
54.96
55.2
55.2
55.2
55.2
55.2
55.2
55.2
55.2
55.2
35.16
35.04
35.04
35.04
35.04
35.04
35.04
35.16
35.04
35.04
27.72
27.6
27.6
27.72
27.6
27.6
27.72
27.6
27.72
27.6
24.48
24.72
24.6
24.6
24.6
24.6
24.6
24.6
24.6
24.6
23.16
23.16
23.16
23.16
12.72
8.04
7.92
8.04
8.52
9.6
9.48
9.6
9.84
15.24
15.12
15.24
15.12
5.16
1.92
1.92
1.8
19.68
42.36
42.36
42.48
42.36
42.36
42.36
42.48
42.36
42.36
38.16
33.0
32.88
33.0
32.88
33.0
32.88
32.88
33.0
32.88
31.8
30.6
30.6
30.48
30.6
30.48
30.6
30.48
30.6
30.48
31.68
33.24
33.12
33.24
33.12
33.12
33.24
33.12
33.24
33.12
30.48
27.0
27.0
27.0
27.0
27.0
27.0
27.0
27.0
27.0
27.96
29.28
29.4
29.28
29.4
29.28
29.4
29.28
29.4
29.28
26.88
23.88
23.76
23.88
23.88
22.44
22.44
22.44
22.44
19.08
17.16
17.04
17.04
15.6
11.88
12.0
11.88
11.88
16.32
16.68
16.56
16.68
13.56
12.0
12.12
12.0
15.0
20.52
20.52
20.52
20.16
14.88
14.88
14.88
14.88
6.36
3.0
3.0
3.0
1.8
0.12
0.12
0.12
0.12
0.12
0.12
0.12
0.12
0.12
0.12
2.04
2.28
2.4
2.52
6.36
6.24
6.24
6.36
10.2
11.4
11.4
11.4
10.68
9.96
9.96
9.96
9.84
9.48
9.36
9.36
9.48
11.88
12.48
12.36
12.48
10.8
9.24
9.36
9.36
8.52
5.64
5.76
5.76
5.76
1.32
0.96
0.96
0.84
7.2
11.04
11.04
11.04
8.28
1.68
1.8
1.8
1.68
32.64
33.12
33.0
33.12
33.0
33.12
33.12
33.0
33.12
33.0
34.8
34.8
34.8
34.8
34.68
34.8
34.8
34.8
34.8
34.8
37.8
37.8
37.8
37.92
37.8
37.8
37.92
37.8
37.8
37.92
46.92
47.16
47.16
47.16
47.16
47.16
47.16
47.16
47.04
47.16
36.0
35.88
36.0
35.88
36.0
35.88
36.0
35.88
36.0
35.88
26.28
26.28
26.28
26.28
26.16
26.28
26.28
26.28
26.28
26.28
23.16
23.28
23.28
23.28
21.72
20.64
20.64
20.76
20.76
21.6
21.6
21.48
21.6
14.88
14.64
14.52
14.64
15.72
16.56
16.56
16.56
16.56
16.8
16.68
16.8
16.8
14.76
14.88
14.88
14.76
14.52
14.28
14.28
14.28
15.96
18.84
18.96
18.96
18.84
20.16
20.28
20.16
20.28
19.56
19.56
19.44
19.56
18.36
16.92
16.92
16.8
16.92
17.04
17.04
17.04
17.04
15.72
15.48
15.36
15.48
14.52
13.68
13.8
13.68
13.92
15.0
15.12
15.0
15.0
13.44
13.08
12.96
13.08
13.56
13.92
13.8
13.92
13.92
14.28
14.4
14.28
14.28
1.56
0.12
0.12
0.12
15.48
27.24
27.24
27.12
27.24
27.24
27.24
27.24
27.12
27.24
22.56
19.44
19.44
19.32
18.72
17.16
17.16
17.28
17.16
17.16
17.28
17.28
17.16
18.72
19.68
19.68
19.68
19.8
20.04
20.16
20.16
20.16
22.92
23.04
23.04
23.04
21.48
20.52
20.64
20.52
21.0
22.32
22.32
22.32
22.32
22.8
22.92
22.92
22.92
25.2
26.88
27.0
26.88
27.0
26.88
26.88
27.0
26.88
26.88
29.04
30.48
30.48
30.48
30.36
30.48
30.48
30.48
30.48
30.48
31.32
32.16
32.28
32.16
32.16
32.16
32.16
32.16
32.16
32.16
29.64
28.2
28.2
28.08
28.2
28.2
28.08
28.2
28.2
28.2
45.72
57.84
57.72
57.84
57.72
57.72
57.84
57.72
57.84
57.72
50.76
46.08
46.08
46.2
46.08
46.08
46.08
46.08
46.08
46.08
38.28
32.76
32.76
32.88
32.76
32.76
32.88
32.76
32.76
32.88
33.96
35.04
34.92
34.92
35.04
34.92
35.04
34.92
34.92
35.04
49.68
60.12
60.0
60.12
60.12
60.0
60.12
60.12
60.0
60.12
62.4
64.08
64.2
64.08
64.2
64.08
64.2
64.08
64.2
64.08
60.48
57.84
57.72
57.84
57.84
57.72
57.84
57.84
57.72
57.84
51.36
46.56
46.56
46.56
46.56
46.68
46.56
46.56
46.56
46.56
44.52
43.2
43.2
43.08
43.2
43.2
43.08
43.2
43.08
43.2
45.6
47.4
47.4
47.4
47.4
47.4
47.4
47.52
47.4
47.4
49.56
51.24
51.24
51.36
51.24
51.24
51.24
51.24
51.36
51.24
51.48
51.72
51.72
51.72
51.72
51.72
51.72
51.72
51.72
51.72
47.04
43.2
43.2
43.2
43.2
43.2
43.32
43.2
43.2
43.2
40.32
38.04
38.04
38.04
38.04
38.16
38.04
38.04
38.04
38.04
45.0
50.88
50.76
50.88
50.76
50.76
50.88
50.76
50.76
50.88
49.68
49.08
49.08
49.08
49.08
48.96
49.08
49.08
49.08
49.08
43.44
38.88
38.88
38.88
38.88
38.76
38.88
38.88
38.88
38.88
31.08
24.48
24.48
24.48
24.36
24.48
24.48
24.48
24.48
24.48
18.48
13.44
13.32
13.44
17.64
31.8
31.92
31.92
31.8
31.92
31.92
31.8
31.92
31.92
29.88
23.52
23.64
23.64
23.52
17.04
14.16
14.28
14.28
13.8
13.32
13.32
13.32
12.96
10.32
10.32
10.32
10.32
6.96
5.88
6.0
5.88
4.2
2.16
2.16
2.16
1.8
0.12
0.12
0.12
0.12
0.12
0.12
0.12
0.12
0.12
0.96
14.64
14.76
14.76
14.64
7.8
6.36
6.36
6.48
5.88
5.64
5.76
5.64
6.0
7.44
7.44
7.44
7.44
13.92
14.64
14.76
14.64
13.56
12.6
12.6
12.6
12.0
10.68
10.68
10.68
10.56
9.12
9.24
9.12
9.12
10.08
10.68
10.68
10.68
11.28
12.6
12.6
12.6
12.24
6.6
6.6
6.6
6.6
3.36
2.16
2.16
2.16
1.32
0.12
0.12
0.12
0.12
0.12
0.12
0.12
0.12
0.12
1.92
7.32
7.32
7.32
6.96
5.28
5.16
5.28
5.16
10.56
12.0
12.0
12.0
9.6
7.2
7.32
7.2
7.2
7.68
7.68
7.8
7.68
7.92
8.04
8.16
8.04
5.76
3.84
3.96
3.84
4.08
4.68
4.56
4.68
4.56
19.56
20.64
20.64
20.64
16.56
14.04
14.16
14.04
12.36
8.64
8.64
8.64
8.64
15.48
15.48
15.6
15.48
13.8
12.96
13.08
13.08
12.84
12.36
12.48
12.36
12.36
11.4
11.4
11.4
11.52
9.96
9.72
9.72
9.72
11.16
12.96
12.84
12.96
12.72
11.28
11.28
11.4
11.28
10.2
9.84
9.96
9.96
10.68
11.52
11.52
11.4
11.52
11.4
11.52
11.4
11.52
12.12
12.24
12.24
12.24
9.96
8.28
8.28
8.4
7.8
6.72
6.84
6.84
6.72
18.6
19.08
19.2
19.2
13.08
9.72
9.84
9.72
11.16
14.04
14.04
14.04
14.04
13.8
13.92
13.92
13.8
11.64
10.68
10.8
10.68
10.68
10.56
10.68
10.56
9.72
0.12
0.12
0.12
0.12
0.12
0.12
0.12
0.12
0.12
0.84
22.08
22.08
21.96
22.08
15.72
13.92
13.92
13.92
9.96
5.52
5.4
5.4
4.68
0.12
0.12
0.12
0.12
0.12
0.12
0.12
0.12
0.12
1.08
13.44
13.56
13.44
13.56
17.28
18.0
18.0
18.0
11.16
5.4
5.4
5.4
4.2
0.12
0.12
0.12
0.12
0.12
0.12
0.12
0.12
0.12
3.72
21.72
21.84
21.84
21.84
10.8
9.6
9.72
9.6
10.44
10.92
11.04
10.92
10.32
8.64
8.64
8.64
8.64
9.48
9.6
9.48
9.6
9.96
10.2
10.2
10.32
10.2
10.68
10.56
10.56
10.56
11.64
11.52
11.52
11.64
11.64
11.88
11.76
11.88
11.4
11.16
11.04
11.04
10.8
9.72
9.6
9.6
9.6
9.24
9.12
9.24
9.12
9.96
10.56
10.56
10.68
10.44
10.32
10.32
10.32
10.32
10.92
11.16
11.16
11.16
10.56
10.2
10.2
10.2
9.84
8.64
8.64
8.64
8.64
2.76
2.28
2.28
2.4
0.84
0.12
0.12
0.12
0.12
0.12
0.12
0.12
0.12
0.12
0.12
0.12
0.36
0.6
0.48
0.12
0.12
0.12
0.12
0.12
0.12
0.12
0.12
0.12
8.28
29.28
29.28
29.28
29.28
29.4
29.28
29.28
29.28
29.28
22.44
7.92
7.92
7.92
7.92
7.56
7.68
7.56
7.56
8.04
8.28
8.4
8.28
8.88
9.6
9.6
9.6
9.84
12.48
12.6
12.48
12.6
15.48
16.44
16.44
16.44
12.96
8.88
8.88
8.88
10.92
23.4
23.52
23.4
23.52
21.48
21.0
21.0
20.88
19.8
18.24
18.24
18.24
17.64
12.36
12.24
12.36
12.36
16.44
17.64
17.52
17.64
21.48
26.28
26.28
26.28
26.28
26.4
26.28
26.28
26.28
26.28
27.0
28.08
28.2
28.08
28.08
28.08
28.08
28.08
28.2
28.08
28.56
29.4
29.52
29.4
29.4
29.4
29.4
29.52
29.4
29.4
28.2
26.76
26.88
26.88
26.88
26.88
26.88
26.88
26.88
26.88
28.68
31.08
30.96
30.96
31.08
30.96
30.96
30.96
31.08
30.96
25.8
19.8
19.8
19.68
19.08
15.84
15.84
15.72
15.84
23.16
24.72
24.72
24.6
24.72
24.72
24.72
24.6
24.72
24.72
27.72
28.32
28.32
28.32
28.44
28.32
28.32
28.32
28.32
28.44
31.08
31.8
31.68
31.8
31.8
31.8
31.68
31.8
31.8
31.8
34.44
34.92
35.04
35.04
35.04
35.04
35.04
35.04
34.92
35.04
37.56
38.16
38.04
38.16
38.04
38.16
38.04
38.16
38.04
38.16
38.52
38.88
38.76
38.76
38.88
38.76
38.88
38.76
38.76
38.88
37.08
36.72
36.84
36.72
36.84
36.72
36.84
36.72
36.84
36.72
31.68
30.84
30.84
30.84
30.84
30.84
30.84
30.84
30.84
30.84
28.08
27.72
27.6
27.72
27.6
27.72
27.6
27.72
27.6
27.72
25.08
24.72
24.84
24.72
24.84
24.72
24.84
24.72
24.84
24.72
29.52
30.6
30.48
30.6
30.48
30.6
30.48
30.6
30.48
30.6
25.8
25.08
25.08
25.2
25.08
25.08
25.08
25.08
25.08
25.2
33.84
35.52
35.64
35.64
35.52
35.64
35.64
35.52
35.64
35.64
30.48
29.64
29.76
29.64
29.64
29.64
29.76
29.64
29.64
29.64
37.44
39.0
38.88
38.88
39.0
38.88
39.0
38.88
39.0
38.88
47.76
49.56
49.44
49.56
49.44
49.56
49.56
49.44
49.56
49.44
37.68
35.52
35.64
35.52
35.52
35.52
35.52
35.52
35.64
35.52
39.0
39.84
39.84
39.84
39.84
39.84
39.96
39.84
39.84
39.84
36.48
35.88
35.88
35.88
36.0
35.88
35.88
35.88
35.88
36.0
36.6
36.96
36.84
36.96
36.96
36.84
36.96
36.96
36.96
36.84
41.28
42.24
42.24
42.36
42.24
42.24
42.24
42.24
42.24
42.24
45.12
45.84
45.84
45.84
45.84
45.84
45.72
45.84
45.84
45.84
37.92
36.6
36.48
36.6
36.48
36.6
36.48
36.6
36.48
36.6
30.12
29.04
29.16
29.04
29.04
29.16
29.04
29.04
29.16
29.04
45.24
48.36
48.48
48.36
48.36
48.36
48.36
48.48
48.36
48.36
60.12
62.4
62.4
62.4
62.52
62.4
62.4
62.4
62.52
62.4
38.04
33.24
33.24
33.24
33.12
33.24
33.24
33.24
33.12
33.24
31.2
30.96
30.96
30.96
30.84
30.96
30.96
30.96
30.84
30.96
26.04
25.2
25.08
25.2
25.08
25.2
25.08
25.2
25.08
25.2
28.56
29.52
29.52
29.52
29.4
29.52
29.52
29.52
29.4
29.52
28.2
27.96
28.08
27.96
27.96
27.96
28.08
27.96
27.96
27.96
25.8
25.44
25.44
25.44
25.44
25.44
25.44
25.44
25.44
25.44
23.64
23.28
23.28
23.28
22.44
21.48
21.6
21.6
21.84
25.56
25.56
25.56
25.56
25.56
25.56
25.68
25.56
25.56
25.56
26.4
26.4
26.28
26.4
26.28
26.4
26.4
26.28
26.4
25.8
22.32
22.32
22.32
22.32
23.52
24.0
24.0
24.0
24.0
24.0
24.0
24.0
24.0
24.0
21.12
20.16
20.16
20.16
20.28
20.76
20.64
20.76
20.52
20.28
20.16
20.16
20.28
11.04
8.64
8.52
8.52
8.16
7.8
7.8
7.92
10.56
26.4
26.52
26.52
26.52
26.4
26.52
26.52
26.52
26.4
26.64
27.84
27.84
27.84
27.84
27.84
27.84
27.72
27.84
27.84
27.0
22.92
22.92
22.92
22.92
20.64
20.04
20.04
20.16
18.48
16.8
16.68
16.8
17.28
21.0
21.0
21.0
21.0
13.08
11.28
11.28
11.16
20.52
30.36
30.36
30.36
30.36
30.24
30.36
30.36
30.36
30.36
23.4
16.32
16.32
16.2
16.56
18.36
18.24
18.24
18.24
19.8
20.04
20.16
20.16
20.28
20.88
20.76
20.76
20.4
18.84
18.96
18.84
18.84
23.76
24.24
24.36
24.36
24.24
24.36
24.24
24.36
24.24
24.36
18.12
17.64
17.52
17.64
21.0
23.52
23.64
23.52
22.56
16.44
16.44
16.44
16.56
13.8
13.2
13.32
13.2
13.08
12.84
12.72
12.84
12.96
13.44
13.44
13.56
13.44
17.52
18.24
18.24
18.12
16.08
14.4
14.4
14.52
15.0
17.4
17.52
17.4
17.52
20.52
20.88
20.88
20.88
19.56
18.84
18.72
18.84
18.84
19.44
19.44
19.56
19.44
23.28
23.52
23.52
23.52
22.2
21.12
21.24
21.12
21.48
23.52
23.52
23.52
23.64
21.0
20.28
20.28
20.28
19.44
18.24
18.36
18.36
18.48
21.12
21.12
21.24
21.12
6.96
1.92
1.92
1.92
12.36
27.12
27.12
27.12
27.12
27.12
27.12
27.12
27.12
27.12
28.44
30.6
30.48
30.6
30.48
30.48
30.6
30.48
30.6
30.48
25.8
19.44
19.44
19.44
19.44
20.4
20.28
20.4
20.4
20.4
20.4
20.4
20.4
18.36
16.08
16.08
15.96
16.08
16.68
16.68
16.68
16.68
15.72
15.72
15.6
15.6
14.28
12.84
12.84
12.84
12.6
11.76
11.76
11.76
11.76
11.88
12.0
12.0
12.0
10.44
9.48
9.6
9.48
10.8
15.36
15.24
15.24
15.36
10.44
10.2
10.32
10.2
6.36
3.96
4.08
4.08
3.72
3.12
3.24
3.12
3.24
19.32
19.32
19.32
19.32
13.32
10.8
10.68
10.68
10.8
10.8
10.8
10.8
10.8
12.36
12.36
12.36
12.36
8.64
7.44
7.44
7.56
4.8
1.8
1.8
1.8
1.56
0.6
0.48
0.48
0.6
0.12
0.12
0.12
0.12
0.12
0.12
0.12
0.12
0.12
0.12
9.24
12.72
12.72
12.72
17.16
21.72
21.6
21.6
20.52
15.72
15.72
15.72
15.72
13.56
13.44
13.32
13.44
11.4
10.08
10.08
10.08
9.6
8.28
8.16
8.28
8.28
2.52
2.28
2.16
2.28
0.84
0.12
0.12
0.12
0.12
0.12
0.12
0.12
0.12
0.12
13.56
23.28
23.4
23.28
19.32
9.48
9.36
9.36
9.48
10.8
10.8
10.92
10.92
9.72
9.0
9.12
9.12
5.88
0.12
0.12
0.12
0.12
0.12
0.12
0.12
0.12
0.12
3.24
10.56
10.44
10.44
9.6
2.64
2.76
2.64
2.76
11.4
13.8
13.8
13.8
7.56
1.2
1.2
1.32
3.48
14.16
14.16
14.16
14.16
8.64
7.92
8.04
7.92
4.92
2.88
2.76
2.76
2.04
0.12
0.12
0.12
0.12
0.12
0.12
0.12
0.12
0.12
0.24
5.76
5.76
5.76
5.76
10.08
10.44
10.44
10.44
7.08
4.92
5.04
5.04
3.6
0.84
0.72
0.84
0.72
10.44
10.56
10.56
10.56
5.64
3.48
3.48
3.48
4.32
5.88
5.88
5.88
5.88
5.52
5.52
5.4
5.52
7.92
8.76
8.76
8.76
13.56
19.44
19.44
19.56
17.64
7.08
7.08
7.08
7.08
7.92
8.16
8.16
8.16
10.56
12.84
12.84
12.72
12.96
13.2
13.2
13.2
13.2
10.32
10.08
9.96
10.08
9.24
9.0
8.88
9.0
9.36
10.68
10.68
10.68
10.68
9.24
9.36
9.24
9.24
8.76
8.76
8.64
8.76
8.04
6.84
6.84
6.84
6.84
6.6
6.6
6.6
6.6
3.48
2.28
2.28
2.28
1.44
0.12
0.12
0.12
0.12
0.12
0.12
0.12
0.12
0.12
8.4
22.2
22.2
22.08
21.12
8.16
8.28
8.16
8.16
4.8
3.84
3.84
3.84
4.44
5.28
5.28
5.28
4.56
0.24
0.36
0.36
0.24
9.72
11.76
11.64
11.76
6.12
1.2
1.32
1.2
3.84
13.2
13.32
13.32
13.2
9.96
9.84
9.72
9.72
10.68
11.52
11.52
11.52
11.88
12.6
12.6
12.6
12.72
10.32
10.32
10.32
10.32
11.16
11.64
11.52
11.64
10.8
9.6
9.6
9.6
9.36
7.08
7.2
7.08
7.08
5.4
4.92
5.04
4.92
4.56
4.32
4.32
4.44
5.16
12.6
12.72
12.6
12.6
13.68
14.04
13.92
14.04
13.92
13.92
13.8
13.92
14.04
15.12
15.24
15.12
15.12
21.84
23.04
23.04
23.04
26.4
29.88
30.0
30.0
29.88
30.0
29.88
30.0
30.0
29.88
29.16
28.44
28.56
28.44
28.44
28.56
28.44
28.56
28.44
28.56
24.0
19.92
19.92
19.92
20.52
23.4
23.52
23.52
23.4
23.88
24.0
24.0
24.0
24.0
24.0
24.0
24.0
24.0
24.0
32.4
34.32
34.32
34.32
34.2
34.32
34.32
34.32
34.32
34.32
15.36
11.28
11.28
11.28
20.28
28.92
28.92
28.92
29.04
28.92
28.92
29.04
28.92
28.92
28.68
28.56
28.44
28.44
28.44
28.56
28.44
28.44
28.44
28.56
24.72
21.24
21.24
21.24
22.44
28.2
28.2
28.2
28.2
28.2
28.2
28.2
28.2
28.08
27.96
27.6
27.48
27.48
27.6
27.48
27.48
27.48
27.6
27.48
25.44
17.4
17.4
17.4
17.4
17.88
18.12
18.12
18.12
28.56
36.36
36.36
36.24
36.36
36.36
36.36
36.24
36.36
36.36
34.56
33.6
33.48
33.48
33.6
33.48
33.48
33.48
33.6
33.48
27.12
22.68
22.68
22.56
22.92
24.12
24.24
24.24
24.12
24.24
24.12
24.24
24.12
24.24
24.36
25.44
25.44
25.44
25.44
25.44
25.44
25.56
25.44
25.44
25.32
25.44
25.32
25.44
25.32
25.44
25.44
25.32
25.44
25.32
25.2
24.72
24.6
24.72
24.72
24.72
24.72
24.6
24.72
24.72
24.84
25.44
25.44
25.32
25.44
25.44
25.44
25.44
25.32
25.44
25.68
26.4
26.4
26.52
26.4
26.4
26.52
26.4
26.4
26.52
26.04
24.6
24.72
24.72
24.6
24.72
24.6
24.72
24.72
24.6
24.48
23.64
23.76
23.64
23.64
28.08
30.48
30.36
30.48
30.36
30.48
30.36
30.48
30.36
30.48
32.16
33.24
33.24
33.24
33.24
33.24
33.24
33.24
33.24
33.24
32.04
31.68
31.56
31.68
31.68
31.56
31.68
31.68
31.56
31.68
31.2
30.96
31.08
30.96
31.08
31.08
30.96
31.08
30.96
31.08
21.0
16.32
16.2
16.32
21.36
30.96
30.96
30.96
30.84
30.96
30.96
30.96
30.84
30.96
32.28
34.68
34.8
34.8
34.68
34.8
34.8
34.68
34.8
34.8
32.64
29.04
29.16
29.16
29.04
29.16
29.16
29.04
29.16
29.16
30.36
33.0
32.88
33.0
33.0
32.88
33.0
32.88
33.0
32.88
33.12
33.48
33.36
33.48
33.48
33.48
33.48
33.48
33.36
33.48
32.16
29.88
29.88
29.88
29.88
29.76
29.88
29.88
29.88
29.88
30.24
31.32
31.2
31.2
31.2
31.32
31.2
31.2
31.32
31.2
31.08
30.6
30.72
30.6
30.72
30.6
30.72
30.72
30.6
30.72
29.64
28.32
28.32
28.32
28.2
28.32
28.32
28.32
28.2
28.32
27.72
26.88
26.76
26.88
26.88
26.76
26.88
26.76
26.88
26.88
27.36
28.32
28.32
28.32
28.44
28.32
28.32
28.32
28.44
28.32
27.96
27.6
27.48
27.6
27.48
27.6
27.6
27.48
27.6
27.48
26.16
24.0
24.0
23.88
24.0
21.96
18.0
17.88
18.0
18.0
18.72
18.84
18.96
18.84
16.68
15.84
15.96
15.84
16.32
17.4
17.4
17.28
17.52
21.0
21.0
21.0
21.0
20.28
20.04
20.04
20.16
21.24
23.28
23.28
23.28
23.28
21.72
21.84
21.84
21.72
21.84
21.96
21.96
21.96
20.52
17.64
17.64
17.52
17.64
17.04
17.28
17.16
17.16
19.56
20.88
20.76
20.88
18.12
13.44
13.44
13.44
13.8
27.0
26.88
27.0
26.88
26.88
27.0
26.88
27.0
26.88
27.12
35.76
35.64
35.64
35.64
35.64
35.76
35.64
35.64
35.64
35.16
25.92
26.04
25.92
25.92
25.92
26.04
25.92
25.92
25.92
26.04
27.72
27.72
27.72
27.72
27.84
27.72
27.72
27.72
27.72
27.6
25.2
25.2
25.08
25.2
25.2
25.2
25.2
25.2
25.08
24.96
20.4
20.28
20.28
20.4
21.0
21.36
21.36
21.48
21.96
23.4
23.4
23.4
23.4
21.48
21.36
21.48
21.36
20.28
19.68
19.56
19.68
20.16
22.68
22.8
22.68
22.68
19.56
18.96
18.96
19.08
11.04
4.32
4.2
4.32
7.8
21.0
21.0
21.12
21.0
25.44
26.04
26.16
26.04
26.16
26.04
26.04
26.16
26.04
26.04
16.44
15.48
15.36
15.48
17.88
19.92
19.92
19.92
20.28
21.84
21.84
21.84
21.84
20.64
20.76
20.76
20.76
21.72
22.2
22.32
22.32
22.92
24.84
24.72
24.84
24.72
24.72
24.84
24.72
24.72
24.84
24.36
23.64
23.52
23.64
23.64
24.48
24.84
24.84
24.84
24.72
24.84
24.84
24.84
24.84
24.84
23.4
23.04
23.04
23.04
22.92
23.04
22.92
22.92
22.92
23.64
23.76
23.64
23.76
23.28
23.16
23.16
23.28
23.52
24.96
25.08
25.08
25.08
25.08
25.08
25.08
25.08
25.08
25.08
26.04
25.92
26.04
25.92
25.92
26.04
25.92
26.04
25.92
25.92
26.16
26.04
26.04
26.04
26.16
26.04
26.04
26.04
26.16
26.28
27.12
27.12
27.24
27.12
27.12
27.12
27.24
27.12
27.12
27.0
26.16
26.28
26.28
26.16
26.28
26.16
26.28
26.28
26.16
26.4
26.76
26.76
26.76
26.76
26.76
26.76
26.64
26.76
26.76
26.76
27.0
26.88
26.88
27.0
26.88
27.0
26.88
26.88
27.0
26.88
26.88
26.88
26.88
26.88
26.88
26.88
26.88
26.88
26.88
27.0
27.24
27.24
27.24
27.24
27.36
27.24
27.24
27.24
27.24
27.0
26.28
26.4
26.28
26.28
26.28
26.4
26.28
26.28
26.4
25.68
24.36
24.48
24.36
24.36
24.36
24.48
24.36
24.36
24.36
24.48
24.84
24.72
24.84
24.84
24.72
24.84
24.84
24.72
24.84
25.8
29.28
29.28
29.28
29.28
29.4
29.28
29.28
29.28
29.28
30.12
33.48
33.36
33.36
33.36
33.36
33.36
33.36
33.36
33.36
31.8
26.64
26.76
26.64
26.64
26.76
26.64
26.76
26.64
26.76
26.76
27.48
27.48
27.48
27.48
27.48
27.48
27.48
27.48
27.48
27.24
27.0
27.0
26.88
27.0
27.0
26.88
27.0
27.0
26.88
27.0
27.6
27.6
27.48
27.6
27.6
27.48
27.6
27.6
27.6
27.72
29.28
29.16
29.16
29.16
29.28
29.16
29.16
29.16
29.16
28.56
26.4
26.4
26.4
26.28
26.4
26.4
26.4
26.4
26.4
26.64
27.72
27.72
27.72
27.72
27.84
27.72
27.72
27.72
27.72
27.36
26.4
26.52
26.4
26.4
26.4
26.52
26.4
26.4
26.4
26.28
25.8
25.92
25.8
25.92
25.8
25.92
25.8
25.8
25.92
26.64
29.52
29.52
29.64
29.52
29.52
29.52
29.52
29.52
29.52
28.92
26.64
26.64
26.64
26.64
26.76
26.64
26.64
26.64
26.76
27.36
29.88
29.88
29.88
29.88
29.88
29.88
29.88
30.0
29.88
29.76
30.0
29.88
30.0
29.88
30.0
30.0
29.88
30.0
30.0
30.48
32.64
32.76
32.64
32.64
32.76
32.64
32.64
32.76
32.64
32.64
32.76
32.76
32.76
32.88
32.76
32.76
32.76
32.76
32.76
32.64
32.88
32.88
32.76
32.88
32.76
32.88
32.88
32.76
32.88
33.24
34.56
34.56
34.44
34.56
34.56
34.56
34.56
34.56
34.56
34.32
33.84
33.84
33.72
33.84
33.84
33.84
33.72
33.84
33.84
33.72
33.72
33.72
33.6
33.72
33.72
33.72
33.72
33.6
33.72
33.6
33.72
33.84
33.72
33.72
33.72
33.84
33.72
33.72
33.72
33.0
30.72
30.6
30.72
30.72
30.6
30.72
30.6
30.72
30.6
32.04
36.6
36.6
36.6
36.6
36.72
36.6
36.6
36.6
36.6
31.68
15.48
15.6
15.48
15.48
40.44
42.96
42.84
42.96
42.84
42.96
42.96
42.84
42.96
42.96
29.76
28.68
28.56
28.56
28.68
28.56
28.56
28.68
28.56
28.56
28.56
28.68
28.56
28.68
28.56
28.68
28.56
28.68
28.56
28.68
41.28
42.48
42.6
42.6
42.6
42.6
42.6
42.6
42.6
42.6
30.12
28.8
28.92
28.92
28.92
28.8
28.92
28.92
28.92
28.8
28.2
28.08
28.08
28.08
28.08
28.08
28.2
28.08
28.08
28.08
28.44
28.56
28.44
28.56
28.56
28.56
28.44
28.56
28.56
28.56
27.48
27.6
27.48
27.6
27.6
27.48
27.6
27.48
27.6
27.48
22.68
22.32
22.2
22.32
28.56
33.6
33.48
33.48
33.6
33.48
33.48
33.48
33.6
33.48
36.24
38.52
38.4
38.52
38.4
38.4
38.52
38.4
38.52
38.4
35.76
33.84
33.84
33.72
33.84
33.84
33.84
33.72
33.84
33.84
33.6
33.48
33.6
33.6
33.6
33.48
33.6
33.6
33.6
33.48
33.72
33.72
33.84
33.84
33.72
33.84
33.72
33.84
33.72
33.84
33.6
33.72
33.72
33.72
33.72
33.72
33.72
33.72
33.72
33.72
33.6
33.72
33.6
33.72
33.6
33.72
33.6
33.72
33.6
33.72
33.6
33.72
33.72
33.72
33.72
33.72
33.72
33.72
33.72
33.72
31.92
30.6
30.6
30.6
30.6
30.6
30.72
30.6
30.6
30.6
29.28
28.32
28.32
28.44
28.32
28.44
28.32
28.44
28.32
28.32
26.4
25.08
25.08
24.96
25.08
24.96
25.08
24.96
25.08
24.96
25.32
25.56
25.68
25.56
25.56
25.56
25.68
25.56
25.56
25.56
25.8
26.04
26.04
25.92
26.04
26.04
25.92
26.04
26.04
25.92
27.6
29.04
28.92
28.92
28.92
29.04
28.92
28.92
28.92
28.92
28.8
28.8
28.68
28.68
28.68
28.68
28.8
28.68
28.68
28.68
27.48
26.52
26.52
26.52
26.52
26.52
26.52
26.52
26.52
26.52
26.16
25.92
26.04
25.92
25.92
25.92
26.04
25.92
25.92
26.04
24.12
23.04
23.04
23.04
22.68
21.84
21.96
21.84
21.84
22.92
23.16
23.16
23.16
21.72
20.64
20.64
20.64
20.28
19.2
19.2
19.2
19.2
19.08
19.2
19.2
19.08
16.44
14.16
14.16
14.16
14.4
15.0
15.0
15.0
15.0
5.88
5.52
5.4
5.4
15.0
21.12
21.12
21.0
16.08
4.56
4.56
4.56
4.56
20.4
20.52
20.64
20.52
13.92
10.92
10.92
10.92
9.24
6.48
6.6
6.48
6.12
0.12
0.12
0.12
0.12
0.12
0.12
0.12
0.12
0.12
0.12
10.08
11.4
11.4
11.4
21.12
25.8
25.68
25.68
25.8
25.68
25.68
25.8
25.68
25.68
23.64
22.68
22.56
22.68
22.08
21.24
21.24
21.24
21.24
20.88
21.0
21.0
20.88
20.4
20.16
20.16
20.16
21.0
23.28
23.28
23.4
23.28
21.96
21.84
21.84
21.96
22.68
23.64
23.64
23.52
23.4
22.32
22.2
22.2
22.2
23.64
24.24
24.36
24.24
24.24
24.36
24.24
24.24
24.36
24.24
24.0
23.88
23.76
23.88
26.04
29.88
30.0
29.88
29.88
29.88
30.0
29.88
29.88
29.88
31.56
34.44
34.32
34.32
34.32
34.44
34.32
34.32
34.32
34.44
31.68
27.48
27.48
27.48
27.6
27.48
27.48
27.48
27.48
27.6
27.84
28.68
28.8
28.68
28.68
28.68
28.68
28.68
28.68
28.68
27.96
27.24
27.12
27.12
27.12
27.12
27.12
27.12
27.12
27.24
28.32
30.36
30.36
30.48
30.36
30.36
30.36
30.48
30.36
30.36
27.0
21.48
21.48
21.48
21.96
29.64
29.76
29.64
29.76
29.64
29.76
29.76
29.64
29.76
29.52
28.68
28.68
28.56
28.68
28.68
28.56
28.68
28.68
28.68
28.56
27.96
27.96
27.84
27.96
27.96
27.96
27.96
27.96
27.96
27.72
27.36
27.24
27.36
27.24
27.36
27.24
27.36
27.24
27.24
27.12
25.2
25.2
25.2
25.08
25.2
25.2
25.2
25.2
25.2
24.48
16.8
16.68
16.8
16.68
18.36
18.96
19.08
18.96
22.2
26.64
26.76
26.64
26.64
26.76
26.64
26.64
26.64
26.76
20.88
13.56
13.56
13.56
12.48
4.56
4.68
4.56
4.56
0.96
0.12
0.12
0.12
11.4
22.8
22.68
22.68
21.96
17.64
17.64
17.64
17.64
36.96
40.68
40.68
40.8
40.68
40.8
40.68
40.8
40.68
40.68
35.16
33.96
34.08
33.96
34.08
34.08
33.96
34.08
33.96
34.08
38.64
39.48
39.6
39.6
39.6
39.48
39.6
39.6
39.6
39.48
42.24
42.72
42.84
42.84
42.72
42.84
42.72
42.84
42.72
42.84
35.28
33.84
33.84
33.84
33.96
33.84
33.84
33.96
33.84
33.84
43.68
45.72
45.72
45.72
45.6
45.72
45.72
45.72
45.6
45.72
52.44
53.88
53.88
53.76
53.88
53.88
53.76
53.88
53.88
53.76
44.76
42.96
43.08
42.96
43.08
42.96
43.08
42.96
43.08
43.08
30.6
28.32
28.32
28.32
28.44
28.32
28.32
28.32
28.32
28.44
23.04
22.2
22.32
22.2
21.36
20.76
20.76
20.64
20.04
17.4
17.28
17.4
17.28
14.4
13.92
13.92
14.04
16.08
18.0
17.88
17.88
18.6
21.0
21.0
21.0
21.0
20.52
20.52
20.64
20.52
22.08
23.4
23.28
23.28
23.04
21.84
21.84
21.96
21.84
25.56
26.52
26.52
26.52
26.52
26.52
26.52
26.64
26.52
26.52
27.96
28.44
28.32
28.44
28.44
28.32
28.44
28.32
28.44
28.44
25.44
25.08
25.08
24.96
25.08
24.96
25.08
24.96
25.08
24.96
23.16
22.68
22.8
22.68
22.92
23.16
23.28
23.28
22.68
18.0
18.0
17.88
18.0
10.44
7.92
7.92
7.92
12.72
19.44
19.32
19.44
20.52
29.52
29.52
29.52
29.52
29.52
29.52
29.52
29.4
29.52
29.16
26.04
26.04
26.04
26.04
26.04
26.16
26.04
26.04
26.04
25.08
18.24
18.36
18.36
18.24
24.72
26.28
26.28
26.16
26.28
26.28
26.28
26.28
26.28
26.28
23.04
22.44
22.44
22.44
23.76
25.56
25.44
25.56
25.44
25.56
25.44
25.56
25.44
25.44
27.48
29.64
29.64
29.64
29.64
29.76
29.64
29.64
29.64
29.64
25.44
21.12
21.12
21.12
21.84
27.48
27.36
27.48
27.36
27.36
27.48
27.36
27.48
27.36
26.4
19.68
19.68
19.8
19.68
23.88
24.84
24.84
24.96
24.84
24.96
24.84
24.84
24.96
24.84
23.16
22.92
22.8
22.92
21.84
20.76
20.64
20.76
21.12
27.36
27.48
27.36
27.48
27.36
27.48
27.36
27.48
27.36
27.12
23.4
23.52
23.4
23.4
21.72
21.12
21.12
21.12
20.52
19.8
19.8
19.8
19.68
17.88
17.76
17.88
17.76
15.12
14.28
14.16
14.28
16.8
20.4
20.4
20.52
19.44
10.08
10.08
10.08
10.08
10.92
11.28
11.28
11.4
11.16
11.52
11.4
11.52
11.28
10.68
10.8
10.68
10.68
1.8
0.12
0.12
0.12
0.12
0.12
0.12
0.12
0.12
0.12
18.72
22.32
22.2
22.32
12.36
3.24
3.24
3.24
7.2
22.32
22.44
22.32
22.44
12.24
10.44
10.44
10.44
9.96
9.72
9.6
9.72
8.04
3.0
3.12
3.0
3.0
8.4
9.12
9.12
9.12
9.84
10.68
10.56
10.56
11.52
13.68
13.56
13.68
13.68
8.76
8.64
8.64
8.64
9.12
9.24
9.36
9.36
8.88
8.04
8.04
8.04
7.8
6.0
6.0
5.88
6.0
10.68
12.36
12.36
12.36
13.56
15.12
15.12
15.12
14.64
12.0
12.0
11.88
12.0
9.96
9.48
9.48
9.48
11.16
12.72
12.84
12.72
12.96
14.52
14.4
14.4
14.52
14.52
14.76
14.76
14.64
12.36
10.56
10.68
10.56
10.8
11.52
11.52
11.4
11.52
16.2
16.68
16.68
16.68
13.08
11.04
11.16
11.16
8.88
4.68
4.68
4.56
4.68
10.8
10.8
10.8
10.8
15.48
17.4
17.52
17.52
15.84
13.56
13.68
13.56
13.2
9.84
9.84
9.72
9.84
9.0
9.0
8.88
8.88
9.0
9.24
9.24
9.12
8.88
8.04
8.16
8.04
8.04
6.96
6.84
6.84
6.84
5.04
3.48
3.6
3.6
2.76
0.12
0.12
0.12
0.12
0.12
0.12
0.12
0.12
0.12
0.12
0.12
0.12
0.12
0.24
0.12
0.12
0.12
0.12
0.12
0.12
0.12
0.12
0.12
0.12
10.56
16.8
16.8
16.68
12.48
6.0
5.88
6.0
5.88
5.88
5.88
5.76
5.88
9.96
11.28
11.16
11.28
12.6
14.16
14.16
14.16
13.8
11.88
11.76
11.88
11.76
10.8
10.68
10.68
10.68
12.24
13.8
13.68
13.8
13.44
12.6
12.48
12.6
12.48
12.36
12.36
12.36
12.24
12.84
13.44
13.44
13.44
14.16
16.56
16.56
16.56
16.44
14.28
14.04
14.16
14.16
18.84
21.6
21.6
21.48
21.84
22.8
22.8
22.8
22.8
25.44
25.56
25.56
25.56
25.56
25.56
25.56
25.56
25.56
25.56
20.16
20.28
20.16
20.28
10.44
6.12
6.0
6.12
13.68
26.04
26.04
26.04
26.04
26.04
26.04
26.04
26.16
26.04
17.88
4.8
4.8
4.8
6.84
34.32
34.44
34.44
34.44
34.32
34.44
34.44
34.32
34.44
33.6
22.44
22.44
22.44
22.44
21.0
20.64
20.76
20.76
20.4
20.52
20.4
20.52
20.4
20.52
20.64
20.64
20.64
21.36
21.84
21.84
21.72
23.04
24.6
24.6
24.48
24.6
24.6
24.6
24.6
24.6
24.6
22.08
19.08
19.08
19.08
18.84
18.0
18.0
17.88
18.0
18.12
18.24
18.12
18.24
16.8
15.48
15.48
15.48
18.6
31.2
31.32
31.32
31.32
31.2
31.32
31.32
31.32
31.2
29.28
21.0
21.0
21.0
21.12
22.2
22.56
22.56
22.56
20.52
18.96
18.84
18.96
19.2
20.76
20.88
20.88
20.76
15.96
15.48
15.48
15.36
17.16
18.48
18.48
18.6
16.68
12.36
12.24
12.36
12.24
11.28
11.28
11.28
11.4
13.08
14.28
14.28
14.28
14.88
16.08
16.08
16.08
16.08
20.16
20.28
20.16
20.28
19.32
19.08
19.08
19.2
19.08
19.44
19.32
19.44
19.2
18.84
18.72
18.72
18.72
18.96
19.2
19.32
19.2
18.48
17.76
17.76
17.76
17.52
17.4
17.28
17.4
17.28
18.72
19.08
19.08
19.08
18.24
17.4
17.52
17.52
17.52
18.0
18.0
18.12
18.0
15.6
15.36
15.36
15.24
17.76
19.8
19.68
19.68
19.68
19.8
19.68
19.8
19.68
21.0
21.12
21.12
21.12
11.64
5.04
5.16
5.16
8.4
17.16
17.16
17.16
17.16
32.88
33.36
33.48
33.36
33.36
33.48
33.36
33.48
33.36
33.48
19.2
18.96
18.84
18.84
19.08
19.2
19.32
19.2
18.72
17.76
17.76
17.76
17.64
16.68
16.56
16.68
16.56
15.84
15.6
15.72
15.6
15.72
15.96
15.96
15.96
15.96
15.96
15.96
15.96
15.96
3.84
0.12
0.12
0.12
0.12
0.12
0.12
0.12
0.12
0.12
17.64
33.6
33.6
33.72
33.6
33.6
33.6
33.6
33.6
33.6
19.08
7.8
7.8
7.8
7.8
7.8
7.8
7.8
7.8
20.88
21.84
21.84
21.84
20.88
20.52
20.52
20.52
17.76
11.16
11.28
11.28
11.16
12.72
12.72
12.84
12.72
13.32
13.56
13.68
13.68
15.72
19.8
19.8
19.92
19.8
23.4
23.4
23.4
23.4
24.84
25.68
25.68
25.68
25.68
25.68
25.68
25.8
25.68
25.68
25.56
25.8
25.8
25.8
25.68
25.8
25.8
25.8
25.68
25.8
25.44
25.44
25.44
25.32
25.44
25.44
25.44
25.32
25.44
25.44
26.64
27.36
27.36
27.24
27.36
27.36
27.24
27.36
27.36
27.36
26.04
25.68
25.56
25.56
25.56
25.68
25.56
25.56
25.56
25.68
23.16
22.2
22.2
22.2
21.48
20.4
20.4
20.4
20.4
21.0
21.0
21.0
21.12
17.28
15.84
15.84
15.96
12.96
8.64
8.76
8.76
8.16
3.36
3.48
3.36
3.36
0.72
0.12
0.12
0.12
5.52
12.24
12.24
12.24
13.2
18.0
18.0
18.0
18.0
8.28
6.84
6.72
6.72
4.08
1.92
1.92
1.8
1.56
0.12
0.12
0.12
0.12
9.24
10.2
10.08
10.2
7.44
5.88
5.76
5.88
8.64
15.6
15.6
15.6
15.6
10.32
10.32
10.44
10.32
10.92
11.16
11.16
11.28
11.64
12.6
12.72
12.72
12.6
12.96
13.08
12.96
12.96
13.8
14.28
14.28
14.16
18.12
23.16
23.28
23.28
23.28
21.84
21.96
21.96
21.96
22.56
22.92
23.04
23.04
22.2
20.4
20.4
20.4
20.52
