2.4
18.96
29.28
29.28
29.16
29.28
29.28
29.28
29.28
29.16
29.28
32.4
36.48
36.6
36.6
36.6
36.6
36.48
36.6
36.6
36.6
39.12
42.6
42.6
42.72
42.6
42.6
42.72
42.6
42.6
42.72
36.96
29.28
29.28
29.28
29.28
29.28
29.28
29.28
29.28
29.28
38.16
50.4
50.4
50.4
50.4
50.52
50.4
50.4
50.4
50.4
42.72
32.28
32.28
32.28
32.28
32.28
32.28
32.28
32.28
32.28
36.48
42.6
42.48
42.6
42.48
42.48
42.6
42.48
42.48
42.6
45.48
49.8
49.92
49.8
49.8
49.92
49.8
49.8
49.92
49.8
49.92
50.28
50.28
50.28
50.28
50.16
50.28
50.28
50.28
50.28
51.72
54.0
53.88
54.0
53.88
54.0
53.88
54.0
53.88
54.0
52.32
50.28
50.28
50.28
50.28
50.28
50.28
50.28
50.16
50.28
44.76
37.32
37.32
37.32
37.32
37.32
37.2
37.32
37.32
37.32
44.4
54.6
54.6
54.48
54.6
54.48
54.6
54.48
54.6
54.48
56.52
59.52
59.4
59.4
59.4
59.4
59.4
59.4
59.52
59.4
60.24
61.56
61.56
61.56
61.56
61.56
61.56
61.56
61.56
61.56
48.72
31.32
31.32
31.2
31.32
31.32
31.32
31.2
31.32
31.32
30.12
28.56
28.68
28.68
28.68
28.56
28.68
28.68
28.56
28.68
43.08
63.36
63.24
63.36
63.36
63.36
63.24
63.36
63.36
63.24
63.48
64.08
63.96
63.96
64.08
63.96
63.96
64.08
63.96
63.96
63.6
63.24
63.36
63.24
63.24
63.24
63.36
63.24
63.24
63.36
53.4
39.96
40.08
40.08
39.96
40.08
40.08
39.96
40.08
39.96
34.92
27.84
27.96
27.84
27.84
27.96
27.84
27.84
27.96
27.84
43.92
66.24
66.24
66.24
66.24
66.24
66.12
66.24
66.24
66.24
63.24
59.16
59.16
59.16
59.16
59.16
59.28
59.16
59.16
59.16
60.12
61.44
61.56
61.44
61.44
61.56
61.44
61.56
61.44
61.44
50.4
34.44
34.32
34.44
34.32
34.44
34.44
34.32
34.44
34.32
33.72
33.0
33.0
33.0
33.0
33.0
33.0
33.0
33.0
33.0
43.2
58.32
58.2
58.2
58.2
58.32
58.2
58.2
58.2
58.32
59.04
60.6
60.48
60.48
60.6
60.48
60.48
60.6
60.48
60.48
60.72
61.08
61.2
61.08
61.08
61.08
61.08
61.08
61.2
61.08
49.68
33.36
33.48
33.48
33.36
33.48
33.48
33.36
33.48
33.48
29.64
24.48
24.48
24.36
24.48
24.48
24.48
24.36
24.48
24.48
39.0
60.24
60.36
60.24
60.24
60.24
60.24
60.24
60.24
60.36
60.48
61.08
61.08
61.08
61.08
61.08
61.08
61.08
61.08
61.08
60.96
61.2
61.2
61.2
61.08
61.2
61.2
61.08
61.2
61.2
51.48
38.04
38.04
38.04
38.04
38.04
38.04
38.04
38.04
38.04
35.16
31.08
31.08
31.08
31.08
31.08
31.08
31.08
31.08
31.08
40.44
54.36
54.36
54.36
54.36
54.36
54.36
54.36
54.36
54.36
57.0
61.2
61.08
61.08
61.2
61.08
61.2
61.08
61.08
61.2
61.8
63.24
63.12
63.24
63.12
63.24
63.12
63.24
63.12
63.24
49.08
29.16
29.04
29.16
29.04
29.16
29.04
29.16
29.16
29.04
30.48
32.76
32.64
32.76
32.64
32.76
32.64
32.76
32.64
32.76
43.8
59.88
59.88
59.88
59.76
59.88
59.88
59.88
59.88
59.88
51.48
39.84
39.72
39.84
39.72
39.84
39.72
39.72
39.84
39.72
38.4
36.24
36.36
36.24
36.36
36.24
36.36
36.24
36.36
36.36
33.24
29.04
29.16
29.04
29.04
29.16
29.04
29.04
29.16
29.04
34.2
41.52
41.64
41.64
41.52
41.64
41.64
41.52
41.64
41.64
44.28
48.24
48.36
48.36
48.36
48.36
48.24
48.36
48.36
48.36
39.96
27.84
27.96
27.84
27.84
27.96
27.84
27.96
27.84
27.96
31.2
36.0
36.12
36.0
36.12
36.0
36.12
36.0
36.0
36.12
28.8
29.88
36.84
36.84
36.84
36.96
36.84
36.84
36.84
36.84
36.96
30.48
26.76
26.76
26.76
26.76
26.76
26.76
26.88
26.76
26.76
30.72
33.36
33.36
33.36
33.36
33.36
33.36
33.36
33.36
33.36
35.64
37.2
37.2
37.2
37.2
37.2
37.2
37.2
37.2
37.08
34.8
33.24
33.36
33.24
33.36
33.36
33.24
33.36
33.36
33.24
35.64
37.08
37.08
36.96
37.08
37.08
37.08
37.08
37.08
37.08
51.0
59.52
59.64
59.64
59.64
59.64
59.64
59.52
59.64
59.64
60.72
61.56
61.44
61.56
61.56
61.44
61.56
61.44
61.56
61.44
58.32
56.52
56.52
56.4
56.52
56.52
56.4
56.52
56.52
56.4
44.76
37.56
37.68
37.56
37.68
37.56
37.68
37.56
37.68
37.56
31.68
28.08
28.2
28.2
28.08
28.2
28.08
28.2
28.08
28.2
47.4
59.4
59.28
59.4
59.28
59.4
59.28
59.4
59.28
59.4
60.72
61.44
61.56
61.56
61.56
61.56
61.56
61.56
61.56
61.56
61.68
61.92
61.92
61.92
61.92
61.92
61.92
61.92
61.92
61.92
56.64
53.4
53.4
53.52
53.4
53.4
53.52
53.4
53.52
53.4
38.64
29.76
29.64
29.76
29.76
29.64
29.76
29.76
29.64
29.76
50.52
63.36
63.36
63.36
63.36
63.36
63.36
63.36
63.36
63.36
62.64
62.4
62.28
62.4
62.4
62.4
62.28
62.4
62.4
62.4
61.32
60.96
60.96
60.96
60.96
60.96
60.96
60.84
60.96
60.96
49.92
43.2
43.08
43.2
43.2
43.2
43.2
43.2
43.2
43.2
39.84
37.92
37.8
37.92
37.92
37.8
37.92
37.92
37.8
37.92
39.0
39.96
39.84
39.84
39.84
39.96
39.84
39.84
39.84
39.96
54.0
62.88
62.76
62.88
62.88
62.76
62.88
62.76
62.88
62.88
61.08
60.12
60.12
60.12
60.12
60.12
60.12
60.12
60.12
60.12
53.16
48.96
48.84
48.96
48.84
48.96
48.84
48.96
48.96
48.84
36.96
29.4
29.52
29.4
29.4
29.4
29.4
29.52
29.4
29.4
45.24
55.2
55.32
55.2
55.32
55.32
55.2
55.32
55.32
55.2
59.64
62.52
62.4
62.52
62.4
62.52
62.52
62.4
62.52
62.4
64.2
65.16
65.16
65.28
65.16
65.28
65.16
65.16
65.28
65.16
54.6
47.28
47.16
47.28
47.28
47.16
47.28
47.28
47.28
47.16
34.56
25.56
25.68
25.68
25.56
25.68
25.68
25.56
25.68
25.68
29.88
33.12
33.12
33.12
33.0
33.12
33.12
33.12
33.12
33.12
30.24
28.44
28.44
28.44
28.56
28.44
28.44
28.44
28.44
28.44
29.28
30.12
30.0
30.0
30.0
30.12
30.0
30.0
30.12
30.0
30.0
30.0
29.88
30.0
30.0
30.0
29.88
30.0
30.0
29.88
30.24
30.48
30.48
30.48
30.48
30.48
30.48
30.48
30.48
30.48
31.32
32.04
31.92
32.04
32.04
31.92
32.04
32.04
32.04
31.92
32.28
32.52
32.52
32.52
32.52
32.52
32.52
32.52
32.52
32.4
35.04
36.6
36.72
36.72
36.6
36.72
36.6
36.72
36.6
36.72
39.72
41.88
42.0
41.88
42.0
41.88
42.0
41.88
42.0
42.0
44.4
46.32
46.32
46.32
46.44
46.32
46.32
46.32
46.32
46.32
39.84
35.52
35.64
35.52
35.52
35.52
35.52
35.64
35.52
35.52
42.0
46.56
46.68
46.56
46.56
46.56
46.56
46.56
46.56
46.56
54.72
60.6
60.48
60.48
60.6
60.48
60.6
60.48
60.6
60.48
60.84
61.08
61.08
60.96
61.08
61.08
61.08
61.08
61.08
61.08
67.32
71.76
71.76
71.88
71.76
71.88
71.76
71.88
71.76
71.76
58.2
48.12
48.24
48.24
48.24
48.12
48.24
48.24
48.24
48.12
57.0
63.36
63.48
63.36
63.48
63.36
63.48
63.36
63.36
63.48
64.2
64.8
64.92
64.8
64.8
64.92
64.8
64.8
64.92
64.8
50.76
40.68
40.68
40.8
40.68
40.68
40.68
40.68
40.68
40.68
49.56
55.8
55.92
55.92
55.92
55.8
55.92
55.92
55.92
55.92
46.92
40.8
40.8
40.68
40.8
40.8
40.68
40.8
40.68
40.8
47.76
52.8
52.8
52.8
52.8
52.92
52.8
52.8
52.8
52.8
60.12
65.52
65.52
65.52
65.52
65.52
65.52
65.52
65.52
65.52
63.72
62.64
62.64
62.64
62.52
62.64
62.64
62.64
62.64
62.64
58.2
55.08
54.96
55.08
55.08
54.96
55.08
55.08
54.96
55.08
56.64
58.08
58.08
57.96
58.08
57.96
58.08
58.08
57.96
58.08
74.64
87.12
87.24
87.12
87.12
87.24
87.12
87.24
87.12
87.24
86.76
86.64
86.64
86.64
86.64
86.64
86.64
86.64
86.76
86.64
80.4
75.72
75.84
75.72
75.84
75.84
75.72
75.84
75.72
75.84
79.92
83.04
83.04
83.04
83.04
83.04
83.04
83.16
83.04
83.04
83.4
83.88
83.88
83.88
83.88
83.88
83.88
84.0
83.88
83.88
75.6
69.48
69.48
69.48
69.48
69.48
69.48
69.6
69.48
69.48
67.8
66.48
66.48
66.48
66.48
66.48
66.6
66.48
66.48
66.48
65.16
64.32
64.32
64.32
64.2
64.32
64.32
64.32
64.2
64.32
44.28
27.96
27.96
27.96
27.96
27.96
28.08
27.96
27.96
27.96
44.52
57.96
58.08
58.08
58.08
57.96
58.08
58.08
58.08
57.96
47.16
38.4
38.28
38.4
38.28
38.4
38.4
38.28
38.4
38.28
39.96
41.16
41.28
41.16
41.28
41.28
41.16
41.28
41.28
41.16
41.04
40.92
40.8
40.92
40.92
40.92
40.92
40.8
40.92
40.92
41.88
42.84
42.96
42.84
42.84
42.96
42.84
42.96
42.84
42.84
42.6
42.24
42.36
42.36
42.36
42.24
42.36
42.36
42.36
42.36
41.16
40.44
40.44
40.44
40.44
40.32
40.44
40.44
40.44
40.44
41.16
42.0
41.88
41.88
41.88
41.88
41.88
41.88
41.88
41.88
40.32
39.0
39.12
39.0
39.12
39.0
39.12
39.12
39.0
39.12
40.44
41.64
41.76
41.76
41.64
41.76
41.76
41.64
41.76
41.76
43.92
45.96
45.84
45.96
45.96
45.84
45.96
45.96
45.84
45.96
44.16
42.96
42.96
42.84
42.96
42.96
42.84
42.96
42.96
42.84
42.24
41.76
41.76
41.88
41.76
41.76
41.76
41.76
41.88
41.76
40.56
39.84
39.84
39.96
39.84
39.84
39.84
39.84
39.84
39.84
38.28
36.84
36.96
36.84
36.96
36.84
36.96
36.96
36.84
36.96
33.96
31.8
31.68
31.8
31.68
31.8
31.68
31.8
31.8
31.68
37.2
41.76
41.76
41.76
41.76
41.76
41.76
41.64
41.76
41.76
35.88
30.96
30.96
30.96
30.96
31.08
30.96
30.96
30.96
30.96
31.08
31.2
31.08
31.2
31.08
31.08
31.2
31.08
31.2
31.08
37.68
42.96
43.08
43.08
43.08
42.96
43.08
43.08
42.96
43.08
43.56
44.04
43.92
44.04
44.04
43.92
44.04
43.92
44.04
44.04
46.08
48.0
47.88
48.0
47.88
47.88
48.0
47.88
48.0
47.88
45.72
43.92
43.92
43.92
43.92
43.92
43.92
43.92
43.92
43.92
42.96
42.24
42.24
42.24
42.24
42.24
42.24
42.24
42.24
42.24
40.2
38.88
38.76
38.76
38.76
38.76
38.88
38.76
38.76
38.76
33.84
29.88
29.76
29.88
29.76
29.88
29.76
29.88
29.76
29.76
28.2
27.0
27.0
27.0
27.0
27.0
27.0
27.0
27.0
27.0
28.08
29.04
28.92
29.04
28.92
29.04
28.92
29.04
28.92
29.04
30.0
31.2
31.2
31.2
31.2
31.08
31.2
31.2
31.2
31.2
30.6
30.36
30.24
30.24
30.36
30.24
30.24
30.36
30.24
30.36
28.2
26.76
26.64
26.76
26.64
26.76
26.76
26.64
26.76
26.64
26.64
26.64
26.76
26.76
26.64
26.76
26.64
26.76
26.64
26.76
26.64
26.76
26.64
26.76
26.76
26.64
26.76
26.76
26.64
26.76
33.84
39.72
39.84
39.72
39.72
39.84
39.72
39.84
39.72
39.84
40.32
40.8
40.8
40.8
40.92
40.8
40.8
40.8
40.92
40.8
42.12
43.32
43.32
43.32
43.32
43.32
43.2
43.32
43.32
43.32
50.76
57.0
56.88
57.0
56.88
57.0
56.88
56.88
57.0
56.88
63.48
69.0
68.88
69.0
68.88
69.0
68.88
68.88
69.0
68.88
72.96
76.68
76.68
76.68
76.68
76.68
76.68
76.56
76.68
76.68
86.16
94.68
94.8
94.68
94.8
94.68
94.68
94.8
94.68
94.8
88.56
83.52
83.4
83.52
83.52
83.4
83.52
83.52
83.4
83.52
87.84
91.68
91.8
91.68
91.68
91.8
91.68
91.68
91.68
91.8
92.16
92.52
92.52
92.64
92.52
92.52
92.64
92.52
92.52
92.52
99.24
104.52
104.4
104.52
104.52
104.52
104.4
104.52
104.52
104.4
104.4
104.4
104.4
104.52
104.4
104.4
104.4
104.52
104.4
104.4
103.32
102.72
102.72
102.72
102.72
102.6
102.72
102.72
102.72
102.72
100.8
99.48
99.6
99.48
99.6
99.48
99.6
99.48
99.6
99.48
100.68
101.64
101.52
101.64
101.64
101.64
101.52
101.64
101.64
101.52
100.44
99.72
99.72
99.72
99.72
99.72
99.72
99.72
99.72
99.72
102.6
105.0
104.88
105.0
104.88
105.0
104.88
105.0
104.88
105.0
104.76
104.64
104.76
104.64
104.64
104.76
104.64
104.64
104.76
104.64
103.32
102.24
102.24
102.24
102.24
102.24
102.24
102.24
102.12
102.24
103.8
105.12
105.12
105.12
105.12
105.12
105.12
105.12
105.12
105.24
104.64
104.52
104.4
104.4
104.52
104.4
104.4
104.52
104.4
104.4
104.64
104.76
104.76
104.64
104.76
104.76
104.76
104.76
104.76
104.64
104.4
104.16
104.16
104.16
104.28
104.16
104.16
104.16
104.16
104.16
99.96
96.96
96.84
96.84
96.84
96.84
96.84
96.84
96.84
96.84
96.72
96.84
96.84
96.84
96.84
96.84
96.84
96.84
96.84
96.84
96.36
96.0
96.0
96.0
96.0
96.0
96.0
96.0
96.0
96.0
95.88
95.76
95.76
95.88
95.76
95.88
95.76
95.88
95.76
95.88
95.52
95.52
95.52
95.52
95.52
95.52
95.52
95.64
95.52
95.52
96.0
96.6
96.6
96.6
96.48
96.6
96.6
96.6
96.48
96.6
96.12
96.0
96.0
95.88
96.0
95.88
96.0
96.0
95.88
96.0
96.0
96.12
96.0
96.12
96.0
96.12
96.12
96.0
96.12
96.12
96.0
96.12
96.12
96.0
96.12
96.12
96.12
96.12
96.0
96.12
94.8
94.08
94.08
94.08
94.08
93.96
94.08
94.08
94.08
94.08
96.0
97.2
97.2
97.2
97.2
97.2
97.2
97.2
97.2
97.2
96.72
96.6
96.6
96.6
96.6
96.6
96.6
96.6
96.6
96.6
95.4
94.92
94.92
94.8
94.92
94.8
94.92
94.92
94.8
94.92
96.36
97.08
97.2
97.08
97.2
97.08
97.08
97.2
97.08
97.2
95.76
95.28
95.28
95.28
95.28
95.28
95.28
95.16
95.28
95.28
95.64
96.0
95.88
96.0
95.88
96.0
95.88
96.0
95.88
96.0
96.24
96.48
96.36
96.48
96.36
96.48
96.36
96.48
96.36
96.48
95.88
95.76
95.76
95.64
95.76
95.76
95.76
95.76
95.76
95.64
95.52
95.4
95.4
95.4
95.4
95.28
95.4
95.4
95.4
95.4
96.72
97.2
97.2
97.2
97.2
97.2
97.2
97.2
97.2
97.2
95.28
94.68
94.8
94.8
94.68
94.8
94.68
94.8
94.8
94.68
95.52
95.76
95.88
95.76
95.76
95.76
95.76
95.88
95.76
95.76
94.8
94.56
94.68
94.56
94.56
94.56
94.56
94.56
94.56
94.68
86.16
83.88
83.88
84.0
83.88
83.88
83.88
84.0
83.88
83.88
105.0
111.0
110.88
111.0
111.0
111.0
110.88
111.0
111.0
111.0
99.24
96.0
96.0
96.0
96.0
95.88
96.0
96.0
96.0
96.0
96.0
96.0
96.0
96.0
96.12
96.0
96.0
96.0
96.0
96.12
95.88
95.88
95.88
95.88
95.88
95.88
95.88
95.88
96.0
95.88
95.76
96.0
96.0
95.88
96.0
96.0
96.0
95.88
96.0
96.0
93.12
92.4
92.52
92.4
92.52
92.4
92.52
92.4
92.52
92.4
91.56
91.32
91.44
91.32
91.44
91.32
91.44
91.32
91.44
91.32
94.56
95.16
95.16
95.16
95.16
95.16
95.16
95.16
95.16
95.04
102.48
103.92
103.92
103.92
104.04
103.92
103.92
103.92
103.92
103.92
97.8
96.84
96.84
96.84
96.84
96.84
96.84
96.84
96.84
96.84
95.88
95.76
95.88
95.76
95.76
95.76
95.88
95.76
95.76
95.88
96.24
96.48
96.36
96.48
96.48
96.48
96.48
96.36
96.48
96.48
96.0
95.88
95.88
96.0
95.88
95.88
96.0
95.88
95.88
96.0
96.0
96.0
96.0
96.0
96.0
96.0
96.0
96.0
96.0
96.0
95.88
95.88
95.88
95.88
95.88
95.88
95.88
96.0
95.88
95.88
96.0
96.12
96.12
96.12
96.12
96.12
96.12
96.12
96.12
96.12
95.52
95.64
95.64
95.52
95.64
95.52
95.64
95.52
95.64
95.64
96.12
96.36
96.24
96.36
96.36
96.36
96.24
96.36
96.36
96.24
96.0
96.0
96.0
96.0
96.0
96.0
96.0
96.0
96.0
96.0
95.88
96.0
96.0
96.0
96.0
96.0
96.0
96.0
96.0
96.0
95.04
95.16
95.04
95.16
95.04
95.04
95.16
95.04
95.16
95.04
91.92
91.8
91.8
91.68
91.8
91.8
91.8
91.8
91.8
91.8
100.56
100.92
100.8
100.92
100.8
100.92
100.92
100.8
100.92
100.92
96.36
96.24
96.24
96.24
96.24
96.24
96.24
96.24
96.36
96.24
95.88
96.0
96.0
96.0
96.0
96.0
96.0
96.0
96.0
96.0
95.76
95.76
95.76
95.88
95.76
95.76
95.76
95.76
95.88
95.76
96.12
96.12
96.24
96.12
96.24
96.12
96.24
96.12
96.24
96.0
96.0
96.0
96.0
96.0
96.0
95.88
96.0
96.0
96.0
96.0
96.0
96.12
96.0
96.12
96.12
96.0
96.12
96.0
96.12
95.88
92.04
91.92
91.92
92.04
91.92
91.92
91.92
92.04
91.92
92.28
99.36
99.36
99.36
99.36
99.36
99.36
99.48
99.36
99.36
99.24
96.12
96.12
96.12
96.24
96.12
96.12
96.12
96.24
96.12
95.76
89.52
89.4
89.52
89.52
89.52
89.52
89.52
89.52
89.4
90.12
99.96
99.84
99.84
99.84
99.84
99.84
99.96
99.84
99.84
99.72
99.12
99.0
99.12
99.12
99.0
99.12
99.0
99.12
99.0
98.88
96.0
96.0
96.12
96.0
96.0
96.12
96.0
96.0
96.12
95.88
96.0
96.0
95.88
96.0
96.0
95.88
96.0
96.0
95.88
96.0
96.0
96.12
96.12
96.0
96.12
96.12
96.0
96.12
96.12
95.88
95.88
95.88
95.88
95.88
95.88
95.76
95.88
95.88
95.88
95.28
90.96
91.08
91.08
90.96
91.08
91.08
90.96
91.08
91.08
91.08
91.44
91.56
91.56
91.56
91.56
91.56
91.44
91.56
91.56
92.16
96.6
96.48
96.6
96.48
96.6
96.48
96.6
96.48
96.6
94.92
85.44
85.32
85.32
85.44
85.32
85.44
85.32
85.32
85.44
81.96
61.08
61.08
61.08
61.08
61.08
61.08
61.08
61.08
61.2
58.2
41.88
41.88
41.88
41.88
41.88
41.76
41.88
41.88
41.88
41.16
37.68
37.68
37.68
37.56
37.68
37.68
37.56
37.68
37.68
37.32
36.0
36.0
36.0
36.0
36.0
36.0
36.0
36.0
35.88
36.24
37.92
38.04
38.04
37.92
38.04
37.92
38.04
38.04
37.92
38.52
41.4
41.28
41.4
41.4
41.4
41.4
41.4
41.28
41.4
41.52
42.0
42.0
42.12
42.0
42.12
42.0
42.12
42.0
42.0
40.44
30.48
30.48
30.48
30.48
30.6
30.48
30.48
30.48
30.48
30.12
29.16
29.16
29.16
29.16
29.16
29.04
29.16
29.16
29.16
30.24
37.8
37.68
37.68
37.8
37.68
37.68
37.68
37.8
37.68
36.84
32.04
32.04
32.16
32.04
32.04
32.04
32.16
32.04
32.04
32.4
34.56
34.44
34.56
34.56
34.56
34.56
34.56
34.44
34.56
32.4
26.04
38.28
38.28
38.28
38.28
38.28
38.28
38.28
38.28
38.28
36.72
33.72
33.72
33.84
33.72
33.72
33.72
33.72
33.84
33.72
33.24
32.4
32.52
32.4
32.4
32.4
32.4
32.52
32.4
32.4
29.64
24.48
24.36
24.48
24.48
24.36
24.48
24.48
24.48
24.36
26.4
30.12
30.24
30.12
30.12
30.12
30.12
30.12
30.12
30.12
27.48
27.12
31.8
31.92
31.8
31.92
31.8
31.92
31.8
31.92
31.8
29.64
27.36
27.48
27.36
27.36
27.36
27.36
27.36
27.48
27.36
27.6
28.08
27.96
28.08
27.96
28.08
27.96
28.08
27.96
28.08
28.68
29.4
29.4
29.4
29.4
29.4
29.52
29.4
29.4
29.4
29.28
29.4
29.28
29.28
29.4
29.28
29.28
29.4
29.28
29.28
29.28
29.4
29.4
29.28
29.4
29.4
29.28
29.4
29.4
29.28
28.92
28.32
28.44
28.44
28.44
28.44
28.44
28.44
28.44
28.32
28.32
28.2
28.2
28.2
28.08
28.2
28.2
28.2
28.2
28.2
28.44
28.92
28.92
28.8
28.92
28.92
28.8
28.92
28.8
28.92
28.2
27.72
27.6
27.6
27.6
27.6
27.72
27.6
27.6
27.6
28.92
30.12
30.12
30.12
30.12
30.24
30.12
30.12
30.12
30.24
31.92
33.84
33.72
33.84
33.84
33.84
33.84
33.84
33.84
33.84
34.56
35.4
35.28
35.4
35.4
35.28
35.4
35.4
35.28
35.4
33.36
31.56
31.44
31.56
31.56
31.44
31.56
31.44
31.56
31.56
35.64
40.2
40.32
40.2
40.32
40.2
40.32
40.2
40.32
40.2
41.04
42.0
42.0
42.0
42.0
42.0
42.0
42.0
42.0
42.0
42.48
43.08
42.96
43.08
42.96
42.96
43.08
42.96
43.08
42.96
42.12
41.4
41.4
41.4
41.28
41.4
41.4
41.28
41.4
41.4
43.56
45.96
45.96
45.96
45.96
45.96
45.96
45.96
45.96
45.84
47.4
48.72
48.84
48.72
48.84
48.72
48.72
48.84
48.72
48.84
