30.36
30.24
30.36
30.24
30.36
30.24
30.24
30.36
30.24
30.36
57.72
57.96
58.08
58.08
58.08
58.08
58.08
58.08
58.08
58.08
57.36
57.48
57.48
57.48
57.48
57.36
57.48
57.48
57.48
57.48
56.88
57.0
57.0
57.0
57.0
56.88
57.0
57.0
57.0
57.0
66.6
66.84
66.84
66.84
66.84
66.84
66.84
66.84
66.84
66.84
47.52
47.4
47.28
47.4
47.28
47.4
47.28
47.4
47.4
47.28
47.28
47.28
47.4
47.28
47.28
47.4
47.28
47.28
47.4
47.28
50.16
50.16
50.16
50.16
50.16
50.28
50.16
50.16
50.16
50.16
52.56
52.56
52.44
52.56
52.56
52.44
52.56
52.56
52.44
52.56
55.2
55.32
55.32
55.32
55.2
55.32
55.32
55.32
55.2
55.44
63.96
63.96
63.84
63.96
63.84
63.96
63.84
63.96
63.96
63.84
61.08
61.2
61.08
61.2
61.08
61.2
61.08
61.2
61.08
61.08
61.32
61.32
61.32
61.32
61.32
61.32
61.44
61.32
61.32
61.32
61.68
61.68
61.68
61.8
61.68
61.68
61.8
61.68
61.68
61.68
55.2
55.08
55.2
55.08
55.2
55.08
55.2
55.08
55.2
54.48
27.72
27.72
27.72
27.6
27.72
27.72
27.72
27.72
27.72
27.72
33.72
33.72
33.72
33.72
33.72
33.72
33.72
33.72
33.72
34.2
60.84
60.84
60.84
60.84
60.84
60.84
60.84
60.84
60.84
60.72
59.16
59.04
59.16
59.04
59.16
59.04
59.16
59.04
59.16
59.04
62.76
62.88
62.76
62.88
62.88
62.76
62.88
62.76
62.88
62.88
28.44
28.44
28.56
28.44
28.56
28.44
28.56
28.44
28.44
28.56
14.52
14.4
14.52
14.52
18.36
45.36
45.36
45.36
45.36
45.48
45.36
45.36
45.36
45.36
47.64
61.2
61.2
61.08
61.2
61.2
61.2
61.2
61.08
61.2
61.44
63.12
63.0
63.0
63.12
63.0
63.12
63.0
63.0
63.12
58.44
30.0
30.12
30.12
30.0
30.12
30.12
30.0
30.12
30.12
32.4
47.4
47.4
47.4
47.4
47.52
47.4
47.4
47.4
47.4
49.68
63.24
63.12
63.12
63.12
63.12
63.12
63.12
63.12
63.12
62.88
61.44
61.32
61.32
61.44
61.32
61.32
61.44
61.32
61.32
61.8
64.92
64.92
64.8
64.92
64.92
64.8
64.92
64.92
64.8
59.52
29.4
29.28
29.4
29.4
29.28
29.4
29.4
29.28
29.4
29.04
28.2
28.2
28.2
28.2
28.2
28.2
28.2
28.2
28.2
32.76
61.56
61.44
61.56
61.44
61.44
61.56
61.44
61.56
61.44
61.8
64.08
64.08
64.2
64.08
64.08
64.08
64.2
64.08
64.08
63.6
60.84
60.72
60.72
60.84
60.72
60.72
60.84
60.72
60.72
56.4
29.76
29.76
29.64
29.76
29.76
29.64
29.76
29.76
29.64
29.76
30.84
30.72
30.84
30.84
30.72
30.84
30.72
30.84
30.72
34.68
61.8
61.8
61.8
61.8
61.8
61.8
61.8
61.8
61.8
61.68
60.48
60.48
60.6
60.48
60.48
60.48
60.6
60.48
60.48
61.08
65.52
65.4
65.52
65.52
65.52
65.4
65.52
65.52
65.52
61.68
34.8
34.8
34.68
34.8
34.8
34.8
34.68
34.8
34.8
34.32
32.16
32.16
32.16
32.28
32.16
32.16
32.16
32.16
32.16
34.68
57.0
56.88
57.0
56.88
57.0
56.88
57.0
57.0
56.88
57.36
61.56
61.56
61.56
61.56
61.56
61.56
61.44
61.56
61.56
61.8
64.8
64.8
64.8
64.92
64.8
64.8
64.8
64.8
64.8
62.52
39.36
39.36
39.36
39.36
39.36
39.24
39.36
39.36
39.36
36.96
10.08
10.2
10.08
10.08
13.56
25.8
25.8
25.8
25.8
25.8
25.8
25.8
25.68
25.8
33.36
60.0
60.12
60.12
60.0
60.12
60.0
60.12
60.12
60.0
60.0
59.52
59.52
59.52
59.52
59.52
59.52
59.52
59.52
59.52
54.96
37.2
37.2
37.08
37.2
37.2
37.08
37.2
37.08
37.2
36.96
36.24
36.12
36.24
36.24
36.24
36.12
36.24
36.24
36.12
39.72
55.56
55.56
55.56
55.56
55.56
55.56
55.56
55.56
55.56
56.4
60.0
60.12
60.12
60.0
60.12
60.12
60.0
60.12
60.12
59.64
58.2
58.08
58.2
58.2
58.2
58.08
58.2
58.2
58.2
54.12
34.92
35.04
34.92
35.04
34.92
34.92
35.04
34.92
34.92
34.08
29.64
29.64
29.64
29.76
29.64
29.64
29.64
29.64
29.64
34.08
57.48
57.36
57.48
57.48
57.48
57.36
57.48
57.48
57.36
57.36
57.24
57.24
57.36
57.24
57.24
57.24
57.36
57.24
57.24
57.72
60.36
60.48
60.36
60.48
60.36
60.48
60.36
60.48
60.36
57.6
40.92
40.92
40.92
40.92
40.92
40.92
40.92
40.92
40.92
40.44
37.2
37.32
37.2
37.32
37.2
37.32
37.2
37.32
37.2
39.96
60.72
60.6
60.6
60.72
60.6
60.72
60.6
60.72
60.6
60.36
58.32
58.2
58.32
58.32
58.2
58.32
58.2
58.32
58.32
58.2
57.6
57.6
57.6
57.6
57.6
57.72
57.6
57.6
57.6
55.8
39.84
39.84
39.72
39.84
39.84
39.84
39.84
39.84
39.84
38.28
24.48
24.48
24.48
24.6
24.48
24.48
24.48
24.48
24.6
27.48
55.2
55.32
55.32
55.32
55.32
55.32
55.32
55.2
55.32
55.2
55.56
55.44
55.44
55.44
55.44
55.44
55.44
55.56
55.44
55.68
57.96
58.08
58.08
57.96
58.08
58.08
57.96
58.08
58.08
55.92
38.04
37.92
38.04
37.92
38.04
37.92
38.04
37.92
38.04
36.6
25.68
25.8
25.68
25.8
25.68
25.68
25.8
25.68
25.68
29.4
58.92
58.92
59.04
58.92
58.92
59.04
58.92
59.04
58.92
59.16
60.96
60.96
61.08
60.96
61.08
60.96
61.08
60.96
61.08
60.72
59.52
59.64
59.52
59.64
59.52
59.52
59.64
59.52
59.64
57.84
43.56
43.68
43.56
43.68
43.56
43.68
43.56
43.56
43.68
42.0
28.68
28.68
28.68
28.68
28.68
28.68
28.68
28.68
28.68
30.36
48.12
48.12
48.12
48.24
48.12
48.12
48.24
48.12
48.12
49.08
58.56
58.56
58.56
58.56
58.56
58.56
58.56
58.56
58.56
58.56
60.0
60.0
60.0
59.88
60.0
60.0
59.88
60.0
60.0
58.08
36.12
36.12
36.24
36.12
36.12
36.24
36.12
36.12
36.24
34.08
7.08
7.2
7.2
7.2
12.36
32.4
32.4
32.4
32.28
32.4
32.4
32.4
32.28
32.4
38.04
59.88
59.88
59.88
59.88
59.88
59.88
59.88
59.76
59.88
58.92
55.8
55.8
55.68
55.8
55.8
55.68
55.8
55.68
55.8
51.24
32.16
32.28
32.28
32.28
32.28
32.28
32.28
32.28
32.28
32.52
34.32
34.32
34.32
34.32
34.32
34.32
34.32
34.32
34.32
36.12
44.16
44.16
44.16
44.16
44.16
44.16
44.16
44.16
44.16
45.96
54.24
54.24
54.12
54.24
54.24
54.24
54.24
54.24
54.24
50.28
32.88
32.88
32.88
32.88
32.88
32.88
32.88
32.88
32.88
34.44
41.76
41.88
41.88
41.76
41.88
41.88
41.76
41.88
41.88
39.84
30.96
30.96
30.96
30.84
30.96
30.96
30.96
30.96
30.84
35.64
59.28
59.28
59.28
59.16
59.28
59.28
59.28
59.16
59.28
59.28
59.52
59.52
59.52
59.64
59.52
59.52
59.52
59.52
59.52
59.04
56.16
56.16
56.16
56.16
56.16
56.16
56.16
56.28
56.16
52.92
33.48
33.48
33.6
33.48
33.48
33.6
33.48
33.48
33.6
33.6
34.32
34.32
34.32
34.32
34.44
34.32
34.32
34.32
34.32
35.88
47.76
47.76
47.76
47.76
47.76
47.64
47.76
47.76
47.76
49.32
60.72
60.6
60.6
60.72
60.6
60.6
60.72
60.6
60.72
58.92
46.92
47.04
47.04
47.04
47.04
47.04
47.04
47.04
47.04
44.88
30.72
30.84
30.84
30.72
30.84
30.84
30.72
30.84
30.84
30.36
28.32
28.32
28.32
28.32
28.2
28.32
28.32
28.32
28.32
30.72
50.16
50.28
50.28
50.28
50.28
50.28
50.28
50.28
50.28
51.72
63.0
63.12
63.12
63.0
63.12
63.0
63.12
63.12
63.0
61.8
51.48
51.48
51.48
51.48
51.48
51.48
51.48
51.48
51.48
50.28
42.0
42.0
42.0
42.0
42.0
42.0
42.0
42.0
42.0
39.96
24.6
24.6
24.6
24.6
24.6
24.6
24.6
24.6
24.6
27.48
49.56
49.56
49.68
49.56
49.56
49.56
49.56
49.56
49.56
50.88
59.4
59.52
59.4
59.4
59.52
59.4
59.4
59.52
59.4
57.72
45.0
45.12
45.12
45.12
45.12
45.12
45.0
45.12
45.12
44.04
37.8
37.8
37.68
37.8
37.8
37.68
37.8
37.8
37.68
36.48
27.48
27.6
27.48
27.48
27.48
27.6
27.48
27.48
27.6
29.88
48.36
48.24
48.36
48.36
48.36
48.36
48.24
48.36
48.36
47.16
38.16
38.28
38.28
38.16
38.28
38.28
38.28
38.16
38.28
38.28
38.52
38.64
38.52
38.64
38.52
38.52
38.64
38.52
38.64
37.44
30.0
29.88
30.0
29.88
30.0
29.88
30.0
29.88
30.0
29.4
26.88
26.88
26.88
26.88
26.88
26.88
26.76
26.88
26.88
31.08
62.52
62.4
62.52
62.52
62.52
62.4
62.52
62.52
62.52
61.68
57.12
57.0
57.12
57.0
57.12
57.0
57.12
57.0
57.12
54.96
41.52
41.52
41.64
41.52
41.52
41.64
41.52
41.64
41.52
41.04
38.4
38.28
38.4
38.28
38.4
38.28
38.28
38.4
38.28
36.72
25.8
25.8
25.92
25.8
25.92
25.8
25.92
25.8
25.92
28.44
46.56
46.68
46.56
46.68
46.56
46.68
46.56
46.56
46.68
44.28
30.84
30.72
30.72
30.72
30.72
30.84
30.72
30.72
30.72
31.08
33.96
34.08
33.96
33.96
33.96
33.96
33.96
33.96
34.08
33.48
30.12
30.24
30.24
30.24
30.24
30.12
30.24
30.24
30.24
29.16
22.68
22.68
22.56
22.68
23.52
26.64
26.64
26.64
26.64
26.64
26.64
26.64
26.64
26.64
25.68
23.04
23.16
23.04
23.16
22.32
20.52
20.52
20.52
20.52
20.4
20.4
20.4
20.52
20.4
23.28
26.04
25.92
25.92
26.04
25.92
25.92
26.04
25.92
26.04
24.48
23.52
23.52
23.52
23.52
22.68
21.96
21.84
21.96
21.96
16.8
13.44
13.44
13.32
13.44
16.68
18.0
18.0
18.12
18.0
19.2
19.56
19.44
19.56
19.56
15.48
15.48
15.48
15.6
14.88
11.52
11.52
11.52
11.52
15.24
25.68
25.68
25.68
25.68
25.68
25.68
25.68
25.68
25.68
26.04
26.88
27.0
26.88
27.0
26.88
26.88
27.0
26.88
26.88
21.84
8.28
8.28
8.28
8.28
24.6
48.24
48.36
48.36
48.24
48.36
48.24
48.36
48.36
48.24
52.68
58.8
58.68
58.68
58.8
58.68
58.8
58.68
58.8
58.68
60.0
62.04
62.04
62.04
61.92
62.04
62.04
62.04
62.04
61.92
58.32
52.92
52.8
52.92
52.92
52.92
52.92
52.8
52.92
52.92
41.28
24.6
24.6
24.6
24.6
24.6
24.6
24.72
24.6
24.6
34.44
48.96
48.84
48.84
48.84
48.84
48.84
48.84
48.96
48.84
47.88
46.56
46.68
46.68
46.68
46.56
46.68
46.68
46.68
46.56
39.0
28.68
28.8
28.8
28.8
28.68
28.8
28.8
28.8
28.68
27.36
25.32
25.44
25.44
25.44
25.44
25.32
25.44
25.44
25.44
24.24
22.68
22.68
22.68
22.68
42.36
60.24
60.24
60.12
60.24
60.12
60.24
60.24
60.12
60.24
60.96
61.8
61.68
61.8
61.68
61.8
61.68
61.8
61.68
61.8
57.84
54.24
54.36
54.24
54.24
54.24
54.24
54.36
54.24
54.24
55.44
56.64
56.64
56.64
56.64
56.64
56.64
56.64
56.64
56.64
40.32
25.8
25.8
25.8
25.8
25.8
25.92
25.8
25.8
25.8
29.52
33.0
33.0
32.88
33.0
33.0
32.88
33.0
33.0
32.88
44.04
54.48
54.48
54.48
54.48
54.36
54.48
54.48
54.48
54.36
39.96
26.76
26.76
26.76
26.76
26.76
26.76
26.64
26.76
26.76
26.4
26.16
26.16
26.16
26.16
26.16
26.16
26.04
26.16
26.16
23.4
21.0
21.0
21.0
21.0
23.76
25.32
25.32
25.32
25.44
25.32
25.32
25.44
25.32
25.32
33.48
38.28
38.16
38.28
38.16
38.28
38.28
38.16
38.28
38.16
41.52
43.32
43.32
43.32
43.32
43.32
43.32
43.32
43.2
43.32
36.0
32.4
32.28
32.4
32.28
32.28
32.4
32.28
32.4
32.28
21.96
16.68
16.56
16.56
16.56
22.44
24.12
24.12
24.0
24.12
24.12
24.12
24.0
24.12
24.12
46.32
52.44
52.32
52.44
52.32
52.44
52.32
52.44
52.32
52.44
41.76
39.24
39.12
39.12
39.24
39.12
39.12
39.24
39.12
39.24
23.76
19.56
19.44
19.56
19.56
17.76
17.64
17.76
17.64
17.52
16.44
16.44
16.32
16.44
16.56
17.88
17.76
17.88
17.88
17.88
18.6
18.48
18.6
18.48
13.92
8.28
8.4
8.28
8.4
3.48
0.12
0.12
0.12
0.12
0.12
0.12
0.12
0.12
0.12
4.08
9.0
8.88
9.0
8.88
14.16
16.2
16.08
16.08
16.08
13.56
13.32
13.2
13.32
13.2
13.8
13.8
13.8
13.92
13.56
12.0
12.12
12.0
12.12
12.0
12.36
12.48
12.36
12.36
11.76
11.28
11.28
11.28
11.28
7.32
4.2
4.08
4.2
4.2
1.2
0.12
0.12
0.12
0.12
0.12
0.12
0.12
0.12
0.12
21.48
32.4
32.4
32.4
32.4
32.4
32.4
32.4
32.28
32.4
45.12
50.64
50.64
50.64
50.52
50.64
50.64
50.64
50.64
50.64
49.2
48.72
48.72
48.84
48.72
48.72
48.72
48.72
48.84
48.72
53.64
55.56
55.56
55.68
55.56
55.56
55.56
55.56
55.68
55.56
52.32
51.36
51.36
51.24
51.36
51.24
51.36
51.36
51.24
51.36
32.4
25.68
25.68
25.68
25.56
25.68
25.68
25.56
25.68
25.68
33.6
36.6
36.72
36.72
36.6
36.72
36.72
36.72
36.6
36.72
51.72
57.6
57.6
57.6
57.6
57.6
57.6
57.6
57.72
57.6
55.08
54.24
54.12
54.24
54.24
54.12
54.24
54.24
54.12
54.24
57.0
58.2
58.2
58.2
58.32
58.2
58.2
58.2
58.2
58.2
41.52
34.44
34.44
34.32
34.44
34.44
34.44
34.32
34.44
34.44
31.92
30.96
30.84
30.96
30.84
30.96
30.84
30.96
30.84
30.96
50.52
59.52
59.52
59.52
59.64
59.52
59.52
59.52
59.52
59.52
50.16
45.84
45.84
45.84
45.84
45.84
45.84
45.84
45.96
45.84
48.24
49.56
49.56
49.56
49.56
49.44
49.56
49.56
49.56
49.56
32.28
24.96
24.84
24.96
24.96
24.96
24.84
24.96
24.96
24.96
32.88
36.36
36.36
36.36
36.36
36.36
36.36
36.36
36.48
36.36
52.2
58.8
58.68
58.8
58.8
58.68
58.8
58.68
58.8
58.8
59.4
60.0
59.88
59.88
60.0
59.88
60.0
59.88
60.0
59.88
59.4
59.28
59.16
59.28
59.16
59.28
59.16
59.28
59.28
59.16
36.48
25.8
25.92
25.8
25.8
25.8
25.92
25.8
25.8
25.92
30.72
33.24
33.24
33.24
33.24
33.12
33.24
33.24
33.24
33.24
50.28
58.8
58.8
58.92
58.8
58.8
58.8
58.8
58.92
58.8
60.36
61.32
61.32
61.2
61.32
61.2
61.32
61.32
61.2
61.32
44.16
35.04
35.04
35.04
35.04
35.04
35.04
35.04
35.04
35.04
23.16
16.44
16.56
16.44
16.56
32.16
36.72
36.72
36.72
36.72
36.72
36.72
36.72
36.6
36.72
54.72
60.12
60.12
60.24
60.12
60.12
60.12
60.12
60.12
60.12
58.08
57.6
57.6
57.6
57.72
57.6
57.6
57.6
57.6
57.6
54.72
53.88
53.88
53.76
53.88
53.88
53.88
53.88
53.76
53.88
46.2
43.68
43.68
43.68
43.68
43.68
43.68
43.8
43.68
43.68
26.52
20.88
21.0
20.88
20.88
54.24
59.88
59.88
59.76
59.88
59.76
59.88
59.88
59.76
59.88
59.76
59.64
59.76
59.76
59.64
59.76
59.64
59.76
59.76
59.64
58.8
58.68
58.56
58.68
58.68
58.56
58.68
58.68
58.56
58.68
44.52
41.88
41.76
41.76
41.76
41.76
41.76
41.88
41.76
41.76
30.84
28.8
28.8
28.8
28.8
28.8
28.8
28.8
28.8
28.8
54.72
60.24
60.12
60.12
60.12
60.12
60.12
60.12
60.12
60.24
58.8
58.56
58.56
58.68
58.56
58.56
58.56
58.68
58.56
58.56
40.44
36.12
36.24
36.24
36.12
36.24
36.12
36.24
36.12
36.24
33.24
32.64
32.64
32.64
32.64
32.64
32.64
32.64
32.52
32.64
26.64
25.08
25.2
25.08
25.2
25.08
25.2
25.08
25.08
25.2
35.64
38.52
38.4
38.52
38.52
38.52
38.4
38.52
38.52
38.52
34.68
33.84
33.96
33.84
33.84
33.84
33.84
33.84
33.96
33.84
33.96
33.96
34.08
34.08
34.08
33.96
34.08
34.08
33.96
34.08
29.28
27.84
27.84
27.84
27.84
27.84
27.84
27.84
27.84
27.84
34.8
36.96
36.96
36.84
36.96
36.96
36.84
36.96
36.96
36.84
45.12
47.64
47.64
47.64
47.64
47.64
47.64
47.64
47.64
47.64
51.84
53.28
53.28
53.16
53.28
53.16
53.28
53.16
53.28
53.16
54.36
54.84
54.84
54.84
54.84
54.84
54.84
54.84
54.84
54.84
45.84
43.8
43.8
43.8
43.8
43.8
43.8
43.8
43.8
43.8
20.4
15.0
15.12
15.0
15.0
23.64
24.24
24.12
24.24
24.12
24.24
24.24
24.12
24.24
24.12
54.24
56.28
56.28
56.28
56.28
56.28
56.16
56.28
56.28
56.28
60.36
60.6
60.6
60.72
60.6
60.72
60.6
60.6
60.72
60.6
44.64
43.92
43.92
44.04
43.92
43.92
43.92
43.92
43.92
44.04
26.64
26.16
26.16
26.16
26.04
26.16
26.16
26.16
26.16
26.16
55.2
56.4
56.4
56.4
56.4
56.4
56.4
56.4
56.4
56.52
57.48
57.72
57.6
57.72
57.72
57.6
57.72
57.72
57.6
57.72
58.44
58.56
58.56
58.56
58.44
58.56
58.56
58.56
58.56
58.56
51.24
51.0
51.0
51.0
51.0
51.0
51.0
51.0
51.0
51.0
31.44
31.08
30.96
31.08
31.08
30.96
31.08
30.96
31.08
31.08
45.12
45.6
45.72
45.72
45.6
45.72
45.72
45.6
45.72
45.72
58.2
58.68
58.68
58.68
58.56
58.68
58.68
58.56
58.68
58.68
63.6
63.84
63.84
63.84
63.84
63.96
63.84
63.84
63.84
63.84
50.88
50.28
50.28
50.28
50.28
50.28
50.28
50.28
50.28
50.28
28.08
27.24
27.24
27.24
27.24
27.24
27.24
27.24
27.24
27.24
49.32
50.4
50.4
50.4
50.28
50.4
50.4
50.28
50.4
50.4
55.08
55.32
55.32
55.44
55.32
55.32
55.32
55.44
55.32
55.32
50.88
50.76
50.88
50.76
50.76
50.76
50.88
50.76
50.76
50.76
50.88
51.0
50.88
50.88
51.0
50.88
50.88
51.0
50.88
50.88
29.76
29.4
29.4
29.28
29.4
29.4
29.28
29.4
29.4
29.28
54.0
54.48
54.48
54.48
54.48
54.48
54.48
54.48
54.48
54.6
57.6
57.72
57.72
57.72
57.72
57.84
57.72
57.72
57.72
57.72
60.24
60.36
60.36
60.24
60.36
60.36
60.24
60.36
60.36
60.36
52.32
52.2
52.2
52.2
52.2
52.2
52.08
52.2
52.2
52.2
22.44
21.48
21.6
21.6
23.76
47.76
47.64
47.64
47.76
47.64
47.64
47.64
47.76
47.64
48.48
56.16
56.04
56.16
56.04
56.16
56.04
56.16
56.04
56.16
56.4
60.12
60.24
60.12
60.24
60.12
60.24
60.12
60.24
60.12
60.0
59.04
59.04
59.04
59.16
59.04
59.04
59.04
59.04
59.16
56.4
27.6
27.48
27.6
27.48
27.6
27.6
27.48
27.6
27.6
28.56
40.68
40.8
40.8
40.68
40.8
40.8
40.8
40.68
40.8
41.88
57.0
57.12
57.0
57.12
57.0
57.12
57.0
57.12
57.0
57.0
57.24
57.12
57.24
57.24
57.12
57.24
57.24
57.24
57.12
57.36
60.72
60.6
60.72
60.72
60.6
60.72
60.72
60.72
60.6
59.04
27.24
27.24
27.24
27.24
27.24
27.24
27.24
27.24
27.24
27.84
41.52
41.64
41.52
41.64
41.52
41.64
41.52
41.52
41.64
42.48
57.48
57.36
57.48
57.36
57.48
57.48
57.36
57.48
57.36
57.36
56.76
56.64
56.76
56.76
56.76
56.64
56.76
56.76
56.64
56.64
56.04
56.04
56.04
56.04
56.04
56.04
56.04
56.04
56.04
54.96
30.12
30.12
30.12
30.12
30.24
30.12
30.12
30.12
30.12
30.84
48.84
48.84
48.84
48.84
48.84
48.96
48.84
48.84
48.84
49.2
56.16
56.28
56.16
56.16
56.28
56.16
56.28
56.16
56.16
56.16
55.92
55.8
55.92
55.92
55.92
55.8
55.92
55.92
55.92
55.92
59.88
59.76
59.88
59.76
59.88
59.76
59.88
59.76
59.88
58.32
26.76
26.76
26.76
26.76
26.76
26.76
26.76
26.76
26.76
27.0
35.64
35.52
35.64
35.52
35.52
35.64
35.52
35.64
35.52
36.24
58.44
58.56
58.44
58.44
58.44
58.44
58.56
58.44
58.44
58.32
58.08
58.08
58.08
58.08
58.08
57.96
58.08
58.08
58.08
57.96
57.96
57.96
57.96
57.96
57.96
57.96
57.96
57.96
57.96
57.48
30.96
31.08
30.96
30.96
31.08
30.96
31.08
30.96
31.08
30.96
35.52
35.4
35.4
35.52
35.4
35.4
35.52
35.4
35.4
35.52
57.72
57.72
57.72
57.72
57.72
57.72
57.84
57.72
57.72
57.72
56.16
56.04
56.16
56.16
56.16
56.16
56.16
56.04
56.16
56.16
39.6
39.48
39.36
39.36
39.48
39.36
39.36
39.36
39.48
39.36
26.28
25.92
26.04
25.92
25.92
26.04
25.92
26.04
25.92
26.04
38.52
38.88
38.88
38.88
38.88
38.88
38.88
38.88
38.88
38.88
40.8
40.8
40.8
40.8
40.8
40.8
40.8
40.8
40.8
40.8
30.48
30.48
30.36
30.36
30.36
30.36
30.36
30.36
30.36
30.36
32.64
32.64
32.76
32.76
32.64
32.76
32.76
32.64
32.76
32.76
26.28
26.28
26.16
26.28
26.16
26.28
26.16
26.28
26.16
26.28
40.32
40.92
40.92
40.92
40.92
40.92
40.92
40.8
40.92
40.92
30.6
30.12
30.12
30.12
30.24
30.12
30.12
30.12
30.12
30.24
24.36
24.36
24.24
24.24
24.24
24.24
24.24
24.24
24.24
24.24
25.8
25.92
25.92
25.92
25.8
25.92
25.92
25.92
25.92
25.92
23.4
23.4
23.28
23.28
23.4
27.12
27.6
27.48
27.6
27.6
27.48
27.6
27.48
27.6
27.6
27.48
27.72
27.6
27.6
27.72
27.6
27.6
27.72
27.6
27.6
27.48
27.48
27.36
27.48
27.48
27.48
27.36
27.48
27.48
27.48
23.52
23.4
23.28
23.28
23.4
27.24
27.6
27.48
27.48
27.48
27.48
27.48
27.48
27.6
27.48
27.0
27.12
27.12
27.12
27.24
27.12
27.12
27.12
27.12
27.12
20.4
20.52
20.4
20.52
19.8
16.2
16.32
16.2
16.2
19.68
29.64
29.76
29.64
29.76
29.64
29.76
29.64
29.76
29.64
27.48
21.6
21.6
21.6
21.6
21.24
20.76
20.88
20.76
20.76
19.92
18.96
18.96
18.96
18.96
18.6
18.36
18.36
18.36
18.36
18.6
18.96
18.96
18.84
18.96
20.04
20.4
20.28
20.4
20.28
17.76
17.88
17.88
17.88
18.12
20.76
20.88
20.88
20.88
19.8
17.4
17.52
17.4
17.52
16.56
15.6
15.48
15.6
15.6
9.36
4.2
4.2
4.2
4.2
25.2
35.28
35.28
35.28
35.28
35.28
35.28
35.28
35.16
35.28
38.16
39.48
39.6
39.6
39.6
39.6
39.6
39.6
39.48
39.6
54.24
61.8
61.8
61.8
61.92
61.8
61.8
61.92
61.8
61.8
62.4
62.88
62.88
62.88
62.88
62.88
62.88
62.88
62.88
62.88
46.56
38.04
38.16
38.04
38.04
38.04
38.16
38.04
38.04
38.16
35.88
34.68
34.8
34.8
34.68
34.8
34.8
34.68
34.8
34.8
31.56
29.88
29.76
29.88
29.88
29.88
29.88
29.88
29.88
29.76
31.44
32.64
32.52
32.64
32.52
32.52
32.64
32.52
32.52
32.64
33.96
34.8
34.92
34.92
34.8
34.92
34.92
34.8
34.92
34.8
32.88
31.8
31.68
31.8
31.68
31.8
31.68
31.8
31.68
31.8
31.56
31.68
31.68
31.68
31.8
31.68
31.68
31.68
31.68
31.68
28.44
26.64
26.64
26.52
26.64
26.64
26.64
26.52
26.64
26.64
30.36
32.64
32.76
32.76
32.76
32.64
32.76
32.76
32.76
32.64
29.64
27.72
27.72
27.72
27.72
27.72
27.72
27.6
27.72
27.72
23.88
21.72
21.6
21.6
21.6
