20.16
20.16
20.04
20.16
20.16
20.04
20.16
20.16
25.8
25.92
25.92
25.92
25.92
25.92
26.04
25.92
25.92
25.92
24.48
24.6
24.48
24.6
24.6
24.48
24.6
24.48
24.6
24.6
11.76
11.4
11.4
11.52
11.4
11.4
11.4
11.4
20.64
20.76
20.88
20.76
20.88
20.76
20.76
20.88
19.56
19.56
19.56
19.56
19.68
19.56
19.56
19.68
25.44
25.56
25.68
25.56
25.68
25.56
25.68
25.56
25.68
25.56
15.96
15.96
15.96
15.84
15.96
15.84
15.96
15.84
18.36
18.36
18.36
18.36
18.36
18.36
18.36
18.36
24.96
25.08
25.2
25.08
25.08
25.2
25.08
25.2
25.08
25.2
29.52
29.76
29.88
29.76
29.76
29.88
29.76
29.88
29.76
29.76
22.68
22.32
22.32
22.32
22.2
22.32
22.32
22.32
15.48
15.24
15.36
15.24
15.36
15.24
15.24
15.36
10.68
10.56
10.68
10.56
10.56
10.56
10.68
10.56
16.68
16.8
16.92
16.8
16.92
16.8
16.92
16.8
16.68
16.92
16.8
16.8
16.8
16.8
16.8
16.8
18.0
18.0
18.0
18.12
18.0
18.0
18.0
18.12
23.88
24.0
24.0
24.12
24.0
24.0
24.12
24.0
24.0
24.0
32.4
32.64
32.64
32.64
32.64
32.64
32.64
32.64
32.64
32.52
50.88
51.24
51.24
51.12
51.24
51.24
51.24
51.24
51.24
51.12
50.52
50.4
50.52
50.4
50.52
50.4
50.52
50.4
50.52
50.4
43.2
42.96
43.08
42.96
43.08
42.96
43.08
42.96
43.08
42.96
35.16
35.04
35.04
35.16
35.04
35.04
35.04
35.16
35.04
35.04
22.2
21.96
22.08
22.08
22.08
22.08
22.08
22.08
13.8
13.92
13.92
13.92
13.92
13.92
13.92
13.92
35.28
35.28
35.28
35.28
35.28
35.28
35.28
35.4
35.28
35.28
27.0
27.0
27.0
27.0
27.0
27.0
27.0
27.0
27.12
27.0
25.08
25.08
25.08
25.08
25.08
25.08
25.08
25.08
25.08
25.08
22.56
22.68
22.56
22.68
22.56
22.56
22.68
22.56
28.08
28.08
28.08
28.08
28.08
28.08
28.08
28.08
28.08
28.08
41.76
41.76
41.88
41.88
41.76
41.88
41.88
41.88
41.76
41.88
39.36
39.36
39.48
39.36
39.48
39.36
39.48
39.36
39.48
39.36
24.48
24.48
24.6
24.48
24.48
24.6
24.48
24.48
24.6
24.48
47.28
47.64
47.64
47.64
47.52
47.64
47.64
47.64
47.52
47.64
25.2
25.2
25.2
25.32
25.2
25.2
25.32
25.2
25.2
25.32
21.48
21.48
21.48
21.48
21.48
21.48
21.36
21.48
15.84
15.96
15.84
15.96
15.96
15.84
15.96
15.84
14.88
15.0
15.0
14.88
15.0
15.0
14.88
14.88
12.24
12.36
12.36
12.36
12.24
12.36
12.36
13.2
43.8
43.8
43.8
43.8
43.8
43.8
43.8
43.8
43.8
44.16
51.96
51.84
51.96
51.96
51.96
51.96
51.96
51.84
51.96
52.2
58.2
58.2
58.2
58.2
58.2
58.2
58.2
58.2
58.2
57.36
39.0
39.0
38.88
39.0
39.0
38.88
39.0
38.88
39.0
38.88
36.36
36.36
36.36
36.48
36.36
36.36
36.48
36.36
36.36
37.32
57.48
57.36
57.36
57.36
57.36
57.36
57.36
57.48
57.36
57.48
60.12
60.12
60.12
60.24
60.12
60.12
60.12
60.24
60.12
60.0
58.56
58.56
58.44
58.56
58.56
58.56
58.56
58.44
58.56
58.2
43.44
43.44
43.44
43.44
43.32
43.44
43.44
43.44
43.44
43.2
30.12
30.12
30.12
30.12
30.24
30.12
30.12
30.12
30.24
30.6
55.44
55.44
55.44
55.44
55.44
55.44
55.56
55.44
55.44
55.44
60.48
60.6
60.6
60.6
60.6
60.6
60.6
60.48
60.6
60.6
60.12
60.12
60.24
60.12
60.12
60.24
60.12
60.12
60.24
60.12
49.56
49.56
49.56
49.56
49.56
49.56
49.56
49.56
49.56
49.68
20.28
20.16
20.04
20.04
20.16
20.04
20.16
20.04
54.48
55.2
55.2
55.32
55.2
55.32
55.2
55.2
55.32
55.2
42.0
41.76
41.76
41.88
41.76
41.76
41.76
41.88
41.76
41.76
36.6
36.6
36.6
36.6
36.6
36.48
36.6
36.6
36.6
36.6
34.56
34.56
34.68
34.56
34.68
34.56
34.56
34.68
34.56
34.68
27.24
27.36
27.24
27.24
27.24
27.36
27.24
27.24
27.24
27.36
57.48
58.2
58.32
58.2
58.2
58.32
58.2
58.2
58.32
58.2
56.04
56.04
56.04
55.92
56.04
56.04
56.04
55.92
56.04
56.04
41.28
41.04
40.92
41.04
41.04
41.04
41.04
41.04
41.04
41.04
21.72
21.6
21.6
21.48
21.6
21.48
21.6
21.6
30.36
30.6
30.6
30.6
30.6
30.6
30.6
30.6
30.6
30.72
43.92
44.16
44.28
44.16
44.28
44.16
44.28
44.16
44.28
44.16
44.76
44.76
44.76
44.76
44.76
44.76
44.76
44.76
44.76
44.76
42.84
42.84
42.84
42.84
42.84
42.84
42.84
42.84
42.84
42.84
38.16
38.16
38.16
38.16
38.16
38.16
38.16
38.16
38.16
38.28
11.16
11.16
11.28
11.16
11.16
11.28
11.16
11.4
33.72
33.6
33.72
33.6
33.72
33.6
33.6
33.72
33.6
33.96
62.88
63.0
63.0
63.0
62.88
63.0
63.0
62.88
63.0
63.0
64.8
64.92
64.8
64.92
64.8
64.92
64.8
64.92
64.8
64.92
51.6
51.6
51.6
51.6
51.72
51.6
51.6
51.6
51.6
51.24
23.4
23.28
23.28
23.28
23.28
23.28
23.28
23.4
52.44
53.52
53.4
53.52
53.52
53.52
53.52
53.4
53.52
53.52
60.6
60.84
60.96
60.84
60.96
60.84
60.96
60.96
60.84
60.96
58.08
57.96
57.96
58.08
57.96
58.08
57.96
57.96
58.08
57.96
57.84
57.96
57.84
57.96
57.84
57.96
57.84
57.96
57.96
57.84
36.72
35.88
35.88
36.0
35.88
35.88
35.88
36.0
35.88
35.88
48.12
48.6
48.6
48.6
48.6
48.72
48.6
48.6
48.6
48.72
63.0
63.48
63.36
63.48
63.48
63.48
63.48
63.48
63.48
63.48
60.0
59.88
59.76
59.88
59.88
59.88
59.88
59.88
59.88
59.88
68.88
69.36
69.36
69.36
69.36
69.36
69.36
69.36
69.36
69.36
32.16
29.88
29.88
29.88
29.76
29.88
29.88
29.88
29.76
29.88
34.08
34.44
34.44
34.44
34.44
34.44
34.44
34.44
34.44
34.44
58.32
60.48
60.48
60.48
60.6
60.48
60.48
60.48
60.48
60.48
61.56
61.68
61.8
61.68
61.8
61.68
61.8
61.68
61.8
61.68
61.2
61.08
61.08
61.08
61.08
61.08
61.2
61.08
61.08
61.08
30.36
26.64
26.64
26.64
26.64
26.64
26.64
26.64
26.64
26.64
41.88
44.28
44.16
44.16
44.16
44.16
44.16
44.16
44.16
44.16
59.28
61.2
61.2
61.2
61.2
61.2
61.2
61.2
61.2
61.2
58.92
58.8
58.68
58.8
58.68
58.8
58.68
58.8
58.68
58.68
60.48
60.84
60.84
60.84
60.84
60.72
60.84
60.84
60.84
60.84
30.24
25.2
25.32
25.2
25.32
25.2
25.32
25.2
25.32
25.2
33.48
34.92
35.04
34.92
35.04
34.92
34.92
35.04
34.92
34.92
56.04
59.88
59.76
59.76
59.88
59.76
59.88
59.76
59.88
59.76
49.44
47.52
47.52
47.52
47.52
47.52
47.52
47.52
47.52
47.52
38.04
36.24
36.24
36.36
36.24
36.24
36.36
36.24
36.24
36.36
24.72
22.92
22.8
22.92
22.8
22.92
22.8
22.92
32.88
35.88
35.88
35.88
35.88
35.88
35.88
35.88
35.88
35.88
33.0
32.52
32.4
32.52
32.4
32.52
32.4
32.4
32.52
32.4
42.6
45.6
45.48
45.48
45.48
45.6
45.48
45.48
45.48
45.6
43.32
42.72
42.84
42.72
42.84
42.72
42.84
42.72
42.84
42.84
27.96
24.0
24.0
24.0
23.88
24.0
24.0
24.0
24.0
34.32
51.6
51.72
51.6
51.6
51.72
51.6
51.72
51.6
51.6
43.44
30.36
30.36
30.24
30.36
30.36
30.24
30.36
30.24
30.36
27.36
22.68
22.56
22.68
22.56
22.68
22.56
22.56
20.52
17.16
17.28
17.28
17.28
17.28
17.28
17.28
19.2
22.32
22.32
22.44
22.32
22.32
22.32
22.44
19.92
16.44
16.56
16.44
16.56
16.44
16.56
16.44
18.0
20.52
20.52
20.4
20.52
20.52
20.4
20.52
20.16
20.16
20.04
20.04
20.16
20.04
20.04
20.16
22.2
25.56
25.56
25.44
25.56
25.56
25.56
25.56
25.56
25.56
22.8
18.84
18.84
18.84
18.84
18.84
18.84
18.84
18.36
18.0
18.12
18.0
18.0
18.0
18.0
18.12
21.6
27.0
27.0
26.88
27.0
27.0
27.0
27.0
27.0
27.0
27.24
27.72
27.72
27.72
27.72
27.72
27.72
27.72
27.72
27.72
30.36
34.56
34.56
34.56
34.56
34.68
34.56
34.56
34.56
34.56
30.96
25.56
25.56
25.56
25.56
25.56
25.56
25.56
25.56
25.56
27.72
31.32
31.2
31.2
31.32
31.2
31.32
31.2
31.32
31.2
31.68
32.64
32.52
32.52
32.52
32.64
32.52
32.52
32.52
32.64
31.68
30.84
30.72
30.72
30.72
30.84
30.72
30.72
30.72
30.72
28.08
24.0
24.0
23.88
24.0
24.0
23.88
24.0
24.0
23.88
23.04
23.16
23.16
23.16
23.04
23.16
23.16
23.16
20.28
20.52
20.4
20.4
20.52
20.4
20.4
20.52
30.48
30.72
30.6
30.72
30.72
30.72
30.72
30.72
30.6
30.72
28.44
28.56
28.44
28.56
28.44
28.44
28.56
28.44
28.44
28.56
28.56
28.8
28.8
28.8
28.68
28.8
28.8
28.8
28.68
28.8
23.04
23.04
23.04
22.92
23.04
22.92
23.04
23.04
48.12
52.2
52.08
52.08
52.2
52.08
52.08
52.08
52.2
52.08
31.92
29.28
29.28
29.28
29.28
29.28
29.28
29.28
29.28
29.28
21.48
20.52
20.4
20.52
20.52
20.52
20.4
20.52
52.08
56.52
56.52
56.52
56.52
56.52
56.52
56.52
56.52
56.52
36.96
34.8
34.8
34.8
34.8
34.68
34.8
34.8
34.8
34.8
43.68
44.76
44.76
44.76
44.76
44.76
44.76
44.88
44.76
44.76
59.16
60.96
60.96
60.96
60.96
60.84
60.96
60.96
60.96
60.84
62.52
62.76
62.88
62.76
62.76
62.76
62.76
62.88
62.76
62.76
59.16
58.8
58.8
58.68
58.8
58.68
58.8
58.8
58.68
58.8
40.32
37.8
37.8
37.68
37.8
37.8
37.68
37.8
37.8
37.68
33.6
33.12
33.12
33.0
33.12
33.12
33.0
33.12
33.12
33.0
50.4
53.04
53.04
52.92
53.04
53.04
53.04
53.04
52.92
53.04
59.76
60.72
60.84
60.72
60.72
60.72
60.84
60.72
60.72
60.72
61.2
61.32
61.44
61.32
61.32
61.32
61.32
61.32
61.44
61.32
42.84
39.96
39.96
39.84
39.96
39.96
39.96
39.96
39.96
39.96
34.8
34.2
34.08
34.2
34.08
34.2
34.08
34.2
34.08
34.2
55.44
58.92
58.92
59.04
58.92
58.92
58.92
59.04
58.92
58.92
62.16
62.64
62.76
62.64
62.76
62.64
62.76
62.64
62.76
62.64
63.0
63.0
63.12
63.0
63.0
63.0
63.12
63.0
63.0
63.0
47.04
43.92
44.04
44.04
44.04
44.04
44.04
43.92
44.04
44.04
33.96
32.16
32.28
32.16
32.16
32.28
32.16
32.28
32.16
32.28
50.04
53.4
53.4
53.28
53.4
53.28
53.4
53.4
53.28
53.4
59.88
61.32
61.2
61.32
61.2
61.32
61.2
61.32
61.2
61.32
62.28
62.52
62.64
62.52
62.52
62.52
62.52
62.52
62.52
62.64
45.48
42.0
42.12
42.12
42.12
42.0
42.12
42.12
42.12
42.0
10.56
4.44
4.44
4.56
4.44
4.44
4.44
4.56
2.88
2.76
2.76
2.76
2.76
2.76
2.64
2.76
49.08
56.64
56.52
56.64
56.64
56.52
56.64
56.64
56.52
56.64
59.28
59.88
59.88
59.76
59.88
59.76
59.88
59.88
59.76
59.88
43.32
40.56
40.68
40.56
40.56
40.68
40.56
40.68
40.56
40.68
40.2
40.32
40.2
40.2
40.32
40.2
40.32
40.2
40.2
40.32
55.8
58.2
58.08
58.2
58.2
58.08
58.2
58.2
58.08
58.2
62.16
62.88
62.88
62.88
62.88
62.88
62.76
62.88
62.88
62.88
44.4
41.4
41.4
41.4
41.4
41.4
41.4
41.4
41.4
41.4
29.16
27.24
27.36
27.36
27.36
27.24
27.36
27.36
27.36
27.24
26.52
26.52
26.52
26.52
26.52
26.52
26.52
26.52
26.52
26.52
35.16
36.6
36.6
36.6
36.6
36.6
36.6
36.6
36.6
36.6
34.32
33.96
33.96
33.96
33.96
33.96
33.96
33.96
33.96
33.96
32.64
32.52
32.52
32.4
32.52
32.52
32.52
32.4
32.52
32.52
28.8
28.44
28.32
28.44
28.32
28.44
28.32
28.44
28.32
28.44
36.0
37.2
37.32
37.2
37.32
37.2
37.32
37.2
37.32
37.2
39.24
39.72
39.72
39.72
39.72
39.72
39.72
39.72
39.72
39.72
41.76
42.24
42.24
42.12
42.24
42.24
42.12
42.24
42.12
42.24
50.52
51.84
51.84
51.84
51.84
51.84
51.84
51.72
51.84
51.84
43.32
42.12
42.12
42.12
42.12
42.24
42.12
42.12
42.12
42.12
31.32
29.88
29.88
30.0
29.88
30.0
29.88
30.0
29.88
30.0
57.24
60.84
60.72
60.72
60.84
60.72
60.84
60.72
60.72
60.84
57.36
56.88
57.0
56.88
57.0
56.88
57.0
56.88
56.88
57.0
36.12
33.96
33.84
33.96
33.96
33.96
33.84
33.96
33.96
33.84
29.52
29.16
29.04
29.04
29.04
29.04
29.16
29.04
29.04
29.04
31.2
31.56
31.44
31.56
31.44
31.56
31.44
31.56
31.56
31.44
25.2
24.48
24.6
24.48
24.48
24.48
24.48
24.48
24.6
24.48
19.32
18.84
18.84
18.84
18.72
18.84
18.84
18.84
28.2
29.76
29.76
29.64
29.76
29.76
29.64
29.76
29.76
29.64
17.4
15.6
15.72
15.6
15.6
15.72
15.6
15.6
31.2
33.48
33.36
33.36
33.36
33.48
33.36
33.36
33.36
33.48
49.2
51.36
51.36
51.48
51.36
51.48
51.36
51.36
51.48
51.36
40.56
39.24
39.36
39.24
39.36
39.24
39.24
39.36
39.24
39.36
34.56
34.08
34.08
34.08
33.96
34.08
34.08
34.08
34.08
34.08
42.0
43.2
43.08
43.08
43.08
43.2
43.08
43.08
43.2
43.08
27.12
25.32
25.44
25.32
25.32
25.44
25.32
25.44
25.32
25.44
45.36
47.88
48.0
47.88
48.0
47.88
48.0
47.88
47.88
48.0
38.52
37.44
37.56
37.56
37.44
37.56
37.56
37.44
37.56
37.56
32.04
31.68
31.56
31.56
31.56
31.56
31.68
31.56
31.56
31.56
31.92
32.04
32.04
31.92
32.04
31.92
32.04
32.04
31.92
32.04
27.48
27.12
27.12
27.12
27.12
27.0
27.12
27.12
27.12
27.0
38.16
39.6
39.72
39.6
39.6
39.72
39.6
39.6
39.72
39.6
47.88
49.08
49.08
49.08
49.08
49.08
49.08
49.08
49.08
49.08
42.0
41.16
41.28
41.16
41.16
41.28
41.16
41.16
41.28
41.16
34.8
33.96
34.08
33.96
34.08
33.96
34.08
33.96
34.08
33.96
26.28
25.56
25.44
25.44
25.44
25.44
25.44
25.56
25.44
25.44
32.4
33.36
33.48
33.48
33.36
33.48
33.48
33.48
33.36
33.48
42.48
43.92
43.92
43.92
43.92
43.92
43.92
43.92
43.92
44.04
43.2
43.32
43.32
43.32
43.32
43.32
43.2
43.32
43.32
43.32
48.96
49.92
49.92
49.92
49.92
49.92
49.92
49.92
49.92
49.92
28.32
25.44
25.56
25.44
25.44
25.44
25.44
25.44
25.56
25.44
54.12
58.44
58.56
58.56
58.56
58.44
58.56
58.56
58.44
58.56
57.48
57.48
57.6
57.48
57.48
57.48
57.48
57.48
57.48
57.48
56.4
56.28
56.28
56.16
56.28
56.28
56.28
56.28
56.28
56.28
56.4
56.4
56.4
56.52
56.4
56.4
56.52
56.4
56.52
56.4
35.64
32.88
32.88
32.88
32.88
33.0
32.88
32.88
32.88
32.88
31.08
30.96
30.84
30.96
30.84
30.96
30.84
30.96
30.84
30.96
53.88
57.12
57.0
57.12
57.0
57.12
57.0
57.12
57.0
57.12
62.4
63.24
63.12
63.24
63.24
63.24
63.12
63.24
63.24
63.24
64.32
64.8
64.68
64.68
64.68
64.8
64.68
64.68
64.8
64.68
37.68
32.88
33.0
33.0
32.88
33.0
32.88
33.0
32.88
33.0
30.0
29.64
29.64
29.64
29.64
29.64
29.64
29.64
29.64
29.64
56.28
61.32
61.44
61.32
61.32
61.44
61.32
61.32
61.44
61.32
62.04
62.4
62.28
62.28
62.4
62.28
62.28
62.28
62.4
62.28
58.2
57.36
57.36
57.36
57.36
57.36
57.36
57.36
57.36
57.36
30.96
25.68
25.8
25.68
25.68
25.68
25.68
25.68
25.68
25.8
36.6
39.12
39.12
39.12
39.12
39.12
39.12
39.24
39.12
39.12
54.48
58.08
57.96
58.08
58.08
57.96
58.08
58.08
57.96
58.08
60.6
61.32
61.32
61.32
61.2
61.32
61.32
61.32
61.32
61.2
32.04
25.08
24.96
25.08
25.08
25.08
25.08
25.08
25.08
24.96
21.96
21.12
21.12
21.12
21.24
21.12
21.12
21.12
33.12
36.48
36.6
36.48
36.48
36.6
36.48
36.6
36.48
36.48
20.4
15.96
15.96
15.96
15.96
15.96
15.84
15.96
20.64
22.08
21.96
21.96
22.08
21.96
22.08
21.96
25.08
26.04
26.04
26.04
26.04
26.04
26.04
26.04
26.04
26.04
28.92
29.88
29.76
29.76
29.88
29.76
29.76
29.88
29.76
29.76
39.12
41.64
41.64
41.76
41.64
41.76
41.64
41.76
41.64
41.76
37.08
35.88
35.88
36.0
35.88
35.88
35.88
35.88
36.0
35.88
37.68
38.28
38.28
38.16
38.28
38.28
38.28
38.16
38.28
38.28
43.56
44.88
44.88
45.0
44.88
44.88
44.88
44.88
45.0
44.88
18.24
12.12
12.12
12.12
12.12
12.12
12.0
12.12
21.48
23.64
23.64
23.64
23.52
23.64
23.64
23.64
50.88
57.72
57.72
57.84
57.72
57.84
57.72
57.84
57.72
57.72
59.4
59.88
59.88
59.76
59.88
59.88
59.88
59.88
59.88
59.88
57.72
57.12
57.24
57.12
57.12
57.12
57.24
57.12
57.12
57.24
33.36
26.76
26.76
26.88
26.76
26.76
26.88
26.76
26.76
26.88
39.0
42.72
42.72
42.84
42.72
42.72
42.84
42.72
42.72
42.84
37.8
36.48
36.48
36.48
36.48
36.36
36.48
36.48
36.48
36.48
35.76
35.52
35.52
35.64
35.52
35.52
35.64
35.52
35.52
35.52
37.68
38.28
38.28
38.28
38.16
38.28
38.28
38.28
38.28
38.28
34.8
34.08
33.96
33.96
34.08
33.96
33.96
34.08
33.96
33.96
15.36
10.56
10.44
10.44
10.44
10.56
10.44
10.44
15.36
16.44
16.56
16.44
16.56
16.44
16.56
16.44
31.08
34.68
34.56
34.68
34.56
34.56
34.68
34.56
34.68
34.56
26.88
25.2
25.08
25.08
25.2
25.08
25.2
25.08
25.08
25.2
17.64
15.72
15.72
15.84
15.72
15.72
15.84
15.72
19.68
20.64
20.76
20.64
20.64
20.64
20.76
20.64
18.72
18.48
18.36
18.48
18.36
18.48
18.48
18.36
31.2
34.32
34.32
34.32
34.32
34.2
34.32
34.32
34.32
34.32
37.8
38.88
38.76
38.76
38.76
38.88
38.76
38.76
38.76
38.88
35.4
34.68
34.68
34.68
34.68
34.68
34.68
34.68
34.68
34.68
39.84
41.16
41.16
41.16
41.16
41.16
41.16
41.16
41.04
41.16
42.84
43.2
43.2
43.2
43.2
43.2
43.2
43.2
43.08
43.2
44.4
44.52
44.64
44.64
44.64
44.64
44.52
44.64
44.64
44.64
32.88
30.24
30.36
30.36
30.24
30.36
30.36
30.24
30.36
30.36
26.16
25.32
25.32
25.32
25.32
25.2
25.32
25.32
25.32
25.32
39.48
43.2
43.2
43.2
43.2
43.2
43.2
43.2
43.2
43.2
40.8
40.32
40.32
40.32
40.32
40.32
40.32
40.32
40.32
40.32
29.76
27.48
27.36
27.48
27.48
27.48
27.36
27.48
27.48
27.36
27.6
27.72
27.6
27.6
27.6
27.72
27.6
27.6
27.6
27.72
23.76
23.04
23.16
23.04
23.04
23.04
23.04
23.16
24.24
24.96
24.96
24.96
24.96
25.08
24.96
24.96
24.96
24.96
32.88
36.6
36.48
36.48
36.48
36.48
36.48
36.48
36.6
36.48
38.16
39.12
39.12
39.12
39.0
39.12
39.12
39.0
39.12
39.12
35.76
34.44
34.44
34.44
34.32
34.44
34.44
34.44
34.44
34.32
30.0
28.2
28.2
28.08
28.2
28.2
28.2
28.2
28.2
28.2
30.6
31.8
31.92
31.8
31.92
31.8
31.92
31.92
31.8
31.92
22.44
18.48
18.36
18.36
18.36
18.48
18.36
18.36
29.4
34.08
34.2
34.2
34.08
34.2
34.2
34.08
34.2
34.08
41.52
44.64
44.76
44.64
44.64
44.64
44.76
44.64
44.64
44.64
38.76
36.48
36.6
36.48
36.48
36.48
36.48
36.48
36.48
36.48
36.6
36.84
36.84
36.84
36.84
36.84
36.84
36.84
36.84
36.84
27.96
24.36
24.36
24.36
24.36
24.48
24.36
24.36
24.36
24.36
21.6
20.64
20.52
20.52
20.64
20.52
20.52
20.52
24.96
27.0
27.0
27.0
27.0
27.0
27.0
27.0
27.0
27.0
23.88
22.44
22.56
22.44
22.56
22.44
22.56
22.44
28.68
31.68
31.68
31.56
31.68
31.56
31.68
31.68
31.56
31.68
31.56
31.68
31.56
31.68
31.68
31.56
31.68
31.56
31.68
31.56
25.92
23.52
23.4
23.52
23.52
23.4
23.52
23.4
25.08
26.04
26.04
26.04
26.16
26.04
26.04
26.04
26.16
26.04
26.4
26.64
26.64
26.64
26.76
26.64
26.64
26.64
26.76
26.64
32.88
36.96
36.96
36.84
36.96
36.96
36.96
36.84
36.96
36.96
35.52
34.8
34.68
34.8
34.8
34.68
34.8
34.8
34.68
34.8
36.96
38.52
38.52
38.52
38.52
38.52
38.52
38.52
38.52
38.52
36.0
34.44
34.56
34.44
34.56
34.56
34.44
34.56
34.44
34.56
36.0
37.2
37.08
37.08
37.08
37.2
37.08
37.08
37.08
37.2
34.68
33.24
33.36
33.36
33.36
33.24
33.36
33.36
33.24
33.36
45.6
53.28
53.16
53.16
53.16
53.28
53.16
53.16
53.16
53.16
43.44
37.68
37.8
37.68
37.8
37.8
37.68
37.8
37.68
37.8
31.2
27.36
27.48
27.36
27.48
27.36
27.48
27.48
27.36
27.48
25.08
23.76
23.76
23.76
23.76
23.76
23.64
23.76
27.84
30.48
30.36
30.48
30.48
30.48
30.48
30.48
30.36
30.48
30.6
30.6
30.48
30.6
30.6
30.6
30.6
30.6
30.6
30.6
27.0
24.72
24.84
24.72
24.72
24.72
24.72
24.84
24.72
24.72
23.76
23.04
23.04
23.04
23.04
23.04
23.04
23.04
21.84
20.88
20.76
20.76
20.88
20.76
20.76
20.88
20.76
21.12
21.12
21.0
21.12
21.12
21.12
21.0
22.2
23.76
23.76
23.64
23.76
23.76
23.64
23.76
30.96
43.08
43.08
43.08
43.2
43.08
43.08
43.08
43.08
43.08
43.68
44.52
44.52
44.4
44.52
44.52
44.52
44.52
44.4
44.52
40.56
34.68
34.68
34.68
34.68
34.68
34.68
34.68
34.68
34.68
32.64
30.0
30.0
29.88
30.0
29.88
30.0
30.0
29.88
30.0
25.32
18.36
18.48
18.36
18.36
18.36
18.36
18.48
23.64
32.28
32.28
32.16
32.28
32.28
32.16
32.28
32.28
32.28
32.88
34.08
34.2
34.2
34.08
34.2
34.2
34.08
34.2
34.2
26.64
14.88
14.88
14.76
14.88
14.76
14.88
14.76
17.28
21.24
21.36
21.24
21.24
21.36
21.24
21.36
21.96
23.76
23.64
23.64
23.64
23.64
23.76
23.64
23.64
24.48
24.48
24.48
24.48
24.48
24.48
24.48
24.48
24.48
24.36
24.24
24.12
24.24
24.24
24.12
24.24
24.24
24.24
24.12
23.76
22.08
22.2
22.08
22.08
22.08
22.08
22.08
22.32
23.52
23.52
23.64
23.52
23.52
23.64
23.52
23.28
22.44
22.44
22.44
22.32
22.44
22.44
22.44
21.84
18.0
18.12
18.0
18.0
18.0
18.12
18.0
18.0
18.48
18.48
18.48
18.48
18.48
18.48
18.48
18.6
20.64
20.64
20.52
20.64
20.52
20.64
20.52
19.44
11.4
11.52
11.52
11.4
11.52
11.4
11.52
12.96
23.16
23.28
23.16
23.28
23.16
23.28
23.16
23.4
25.32
25.44
25.44
25.44
25.44
25.44
25.32
25.44
25.44
25.44
25.56
25.68
25.68
25.56
25.68
25.68
25.56
25.68
25.68
25.44
24.0
24.12
24.12
24.12
24.0
24.12
24.12
24.12
24.0
24.36
28.44
28.44
28.44
28.44
28.44
28.44
28.44
28.44
28.44
28.2
26.52
26.52
26.52
26.4
26.52
26.52
26.52
26.52
26.52
26.52
27.72
27.84
27.72
27.72
27.72
27.84
27.72
27.72
27.72
27.6
26.88
26.76
26.88
26.76
26.88
26.76
26.88
26.88
26.76
26.64
23.28
23.16
23.28
23.16
23.28
23.16
23.28
23.28
31.32
31.44
31.56
31.56
31.44
31.56
31.56
31.44
31.56
31.56
31.44
31.56
31.56
31.56
31.44
31.56
31.56
31.56
31.56
31.56
27.6
27.72
27.72
27.6
27.72
27.6
27.72
27.6
27.72
27.72
25.56
25.56
25.68
25.68
25.56
25.68
25.56
25.68
25.68
25.56
25.2
25.08
25.2
25.08
25.2
25.2
25.08
25.2
25.08
25.2
23.76
23.88
23.88
23.88
23.76
23.88
23.88
23.88
25.92
26.88
26.76
26.76
26.88
26.76
26.76
26.88
26.76
26.76
25.68
25.32
25.32
25.32
25.32
25.32
25.32
25.44
25.32
25.32
24.84
24.84
24.72
24.72
24.84
24.72
24.84
24.72
24.72
24.84
25.92
26.4
26.52
26.52
26.52
26.4
26.52
26.52
26.4
26.52
23.4
22.32
22.32
22.32
22.32
22.32
22.32
22.32
24.48
25.56
25.44
25.44
25.56
25.44
25.44
25.56
25.44
25.56
26.4
27.0
27.12
27.0
27.0
27.0
27.0
27.12
27.0
27.0
27.24
27.48
27.36
27.36
27.48
27.36
27.48
27.36
27.36
27.48
28.2
28.68
28.8
28.68
28.68
28.8
28.68
28.8
28.68
28.68
19.44
15.36
15.24
15.36
15.24
15.36
15.24
15.36
18.96
20.64
20.76
20.64
20.76
20.64
20.64
20.76
16.68
15.12
15.12
15.0
15.12
15.12
15.12
15.12
15.36
15.6
15.6
15.48
15.6
15.48
15.6
15.48
14.28
14.04
13.92
14.04
13.92
13.92
14.04
13.92
13.68
13.68
13.56
13.68
13.56
13.56
13.68
13.56
15.6
16.44
16.44
16.44
16.32
16.44
16.44
16.44
17.16
17.64
17.64
17.64
17.64
17.64
17.64
17.76
18.48
18.84
18.84
18.96
18.84
18.84
18.96
18.84
20.4
21.0
21.0
21.0
21.12
21.0
21.0
21.0
26.16
27.96
27.96
27.96
27.96
27.96
27.96
27.84
27.96
27.96
29.88
30.6
30.48
30.6
30.6
30.6
30.6
30.6
30.6
30.48
30.36
30.36
30.36
30.24
30.36
30.36
30.24
30.36
30.36
30.24
32.16
32.88
32.88
32.88
32.76
32.88
32.88
32.88
32.76
32.88
33.6
33.84
33.84
33.96
33.84
33.84
33.84
33.96
33.84
33.84
28.92
27.0
26.88
27.0
27.0
27.0
27.0
27.0
27.0
26.88
24.96
24.12
24.12
24.24
24.12
24.24
24.12
24.12
24.24
24.12
23.88
23.64
23.64
23.76
23.64
23.76
23.64
23.64
24.72
25.32
25.32
25.32
25.32
25.2
25.32
25.32
25.32
25.32
24.72
24.48
24.6
24.6
24.6
24.48
24.6
24.6
24.48
24.6
22.68
21.72
21.84
21.72
21.72
21.84
21.72
21.84
23.28
24.24
24.12
24.24
24.24
24.24
24.24
24.24
24.12
24.24
23.52
23.16
23.16
23.28
23.16
23.16
23.16
23.28
25.08
26.88
26.88
26.88
27.0
26.88
26.88
26.88
27.0
26.88
26.16
25.8
25.8
25.68
25.8
25.68
25.8
25.8
25.68
25.8
24.84
24.24
24.12
24.24
24.12
24.24
24.24
24.12
24.24
24.12
26.64
28.92
28.92
29.04
28.92
28.92
29.04
28.92
28.92
29.04
29.28
29.76
29.88
29.88
29.76
29.88
29.88
29.76
29.88
29.88
29.28
28.92
29.04
28.92
28.92
28.92
29.04
28.92
28.92
28.92
27.24
25.44
25.44
25.44
25.44
25.44
25.44
25.44
25.44
25.44
22.8
20.04
20.04
20.16
20.04
20.16
20.04
20.04
22.32
24.72
24.6
24.72
24.6
24.72
24.6
24.72
24.6
24.72
24.48
24.48
24.48
24.48
24.48
24.48
24.48
24.48
24.48
24.48
24.6
24.96
24.96
24.96
24.84
24.96
24.96
24.96
24.84
24.96
24.24
23.64
23.64
23.76
23.64
23.64
23.64
23.64
22.8
21.72
21.72
21.72
21.72
21.72
21.72
21.6
19.68
16.2
16.2
16.32
16.2
16.32
16.2
16.2
16.2
16.08
16.08
16.2
16.08
16.2
16.08
16.08
18.96
23.52
23.52
23.52
23.64
23.52
23.52
23.52
23.28
23.4
23.28
23.28
23.28
23.28
23.28
23.4
23.76
25.68
25.68
25.56
25.68
25.68
25.56
25.68
25.68
25.56
25.08
23.64
23.64
23.64
23.64
23.64
23.64
23.64
22.08
16.68
16.68
16.68
16.68
16.68
16.68
16.8
15.24
10.56
10.56
10.56
10.56
10.56
10.44
10.56
12.6
19.8
19.8
19.8
19.8
19.8
19.8
19.8
19.2
17.28
17.4
17.4
17.4
17.28
17.4
17.4
17.76
19.44
19.44
19.44
19.44
19.44
19.44
19.44
18.24
14.28
14.28
14.28
14.28
14.28
14.4
14.28
14.4
15.48
15.36
15.48
15.36
15.48
15.48
15.36
15.72
16.56
16.68
16.56
16.68
16.56
16.68
16.56
15.0
10.2
10.32
10.2
10.2
10.32
10.2
10.2
9.6
7.32
7.44
7.44
7.32
7.44
7.44
7.32
12.96
28.32
28.2
28.32
28.2
28.32
28.2
28.32
28.2
28.2
29.76
33.84
33.72
33.84
33.84
33.84
33.84
33.84
33.72
33.84
32.64
29.4
29.52
29.4
29.4
29.4
29.4
29.4
29.52
29.4
28.56
25.92
26.04
26.04
25.92
26.04
25.92
26.04
26.04
25.92
32.28
52.08
51.96
52.08
52.08
52.08
52.08
52.08
52.08
52.08
46.56
30.72
30.72
30.72
30.6
30.72
30.72
30.6
30.72
30.72
31.32
33.6
33.6
33.48
33.6
33.6
33.6
33.48
33.6
33.6
33.48
33.48
33.6
33.48
33.6
33.48
33.6
33.48
33.6
33.6
32.04
27.72
27.6
27.72
27.72
27.72
27.6
27.72
27.72
27.72
29.52
36.24
36.12
36.24
36.12
36.24
36.24
36.12
36.24
36.24
31.32
15.48
15.48
15.48
15.36
15.48
15.48
15.48
16.68
20.64
20.64
20.64
20.64
20.64
20.64
20.64
22.56
28.68
28.56
28.56
28.68
28.56
28.68
28.56
28.56
28.68
27.72
25.32
25.32
25.32
25.32
25.32
25.32
25.32
25.32
25.32
24.36
21.12
21.12
21.24
21.12
21.12
21.12
21.24
21.84
24.72
24.72
24.84
24.72
24.72
24.72
24.84
24.72
24.72
24.96
26.04
26.16
26.04
26.04
26.04
26.04
26.04
26.16
26.04
25.56
24.48
24.48
24.6
24.48
24.48
24.48
24.48
24.48
24.48
24.0
22.44
22.56
22.44
22.56
22.44
22.56
22.44
23.4
26.88
27.0
27.0
27.0
26.88
27.0
27.0
27.0
26.88
27.12
27.84
27.84
27.96
27.84
27.84
27.96
27.84
27.84
27.84
27.6
26.64
26.76
26.64
26.64
26.76
26.64
26.76
26.64
26.64
28.2
35.04
35.04
35.04
35.04
34.92
35.04
35.04
35.04
35.04
34.56
32.76
32.88
32.76
32.88
32.76
32.88
32.76
32.88
32.76
33.0
34.2
34.2
34.2
34.2
34.2
34.2
34.2
34.2
34.2
32.64
25.92
25.92
25.92
25.92
25.92
25.92
25.92
25.8
25.92
25.44
23.28
23.28
23.16
23.28
23.16
23.28
23.16
23.28
24.48
24.6
24.48
24.6
24.48
24.48
24.6
24.48
24.6
24.36
23.52
23.4
23.4
23.52
23.4
23.4
23.52
23.4
24.72
24.72
24.72
24.84
24.72
24.72
24.72
24.72
24.84
24.6
25.44
25.44
25.44
25.56
25.44
25.44
25.44
25.44
25.44
25.44
25.32
25.32
25.32
25.32
25.32
25.32
25.32
25.32
25.32
25.32
25.44
25.44
25.44
25.44
25.44
25.44
25.44
25.44
25.44
25.32
23.64
23.64
23.64
23.64
23.64
23.64
23.64
23.64
25.56
25.92
25.92
25.92
25.92
26.04
25.92
25.92
25.92
25.92
27.6
27.96
27.84
27.84
27.96
27.84
27.96
27.84
27.84
27.96
28.32
28.32
28.44
28.44
28.44
28.32
28.44
28.44
28.44
28.32
29.52
29.88
29.76
29.88
29.76
29.88
29.76
29.88
29.76
29.88
21.36
19.8
19.92
19.8
19.8
19.8
19.8
19.8
23.4
24.24
24.36
24.24
24.24
24.24
24.24
24.24
24.24
24.24
25.8
26.16
26.04
26.16
26.04
26.16
26.04
26.16
26.16
26.04
25.08
24.72
24.84
24.72
24.84
24.72
24.84
24.72
24.72
24.84
23.4
23.16
23.16
23.16
23.16
23.04
23.16
23.16
25.8
26.76
26.76
26.76
26.88
26.76
26.76
26.88
26.76
26.76
35.76
39.0
39.0
39.0
39.12
39.0
39.0
39.0
39.0
39.0
36.84
36.24
36.12
36.12
36.24
36.12
36.12
36.12
36.24
36.12
38.88
39.96
39.96
40.08
39.96
39.96
39.96
40.08
39.96
39.96
42.6
43.8
43.68
43.68
43.68
43.68
43.8
43.68
43.68
43.68
40.8
39.84
39.96
39.84
39.84
39.84
39.84
39.96
39.84
39.84
31.32
28.32
28.44
28.44
28.44
28.32
28.44
28.44
28.32
28.44
52.08
60.36
60.48
60.36
60.48
60.36
60.36
60.48
60.36
60.48
60.24
60.12
60.24
60.12
60.24
60.12
60.24
60.12
60.12
60.24
58.56
57.96
58.08
58.08
57.96
58.08
57.96
58.08
58.08
57.96
48.72
44.88
44.88
44.76
44.88
44.88
44.88
44.88
44.88
44.76
27.12
20.28
20.28
20.16
20.28
20.28
20.28
20.16
42.36
51.48
51.36
51.48
51.48
51.36
51.48
51.48
51.48
51.36
57.12
59.4
59.28
59.4
59.4
59.4
59.4
59.28
59.4
59.4
60.24
60.84
60.84
60.84
60.84
60.72
60.84
60.84
60.84
60.84
57.0
55.68
55.56
55.56
55.56
55.56
55.68
55.56
55.56
55.56
22.92
9.0
9.0
9.0
9.0
8.88
9.0
9.0
19.08
23.4
23.28
23.4
23.28
23.28
23.4
23.28
45.48
54.12
54.24
54.24
54.12
54.24
54.24
54.24
54.12
54.24
60.72
63.48
63.48
63.48
63.48
63.48
63.48
63.48
63.48
63.48
50.88
45.72
45.84
45.84
45.84
45.84
45.72
45.84
45.84
45.84
28.68
22.2
22.08
22.08
22.2
22.08
22.08
22.2
38.76
45.36
45.36
45.36
45.36
45.36
45.36
45.36
45.36
45.36
23.88
16.08
15.96
16.08
16.08
15.96
16.08
16.08
12.48
11.52
11.52
11.4
11.52
11.52
11.52
11.4
13.92
14.88
14.88
14.76
14.88
14.88
14.88
14.76
33.24
39.12
39.12
39.12
39.12
39.12
39.12
39.0
39.12
39.12
38.76
38.76
38.64
38.76
38.76
38.76
38.64
38.76
38.76
38.76
28.8
25.8
25.8
25.68
25.8
25.8
25.8
25.8
25.8
25.8
22.08
21.12
21.12
21.12
21.12
21.12
21.0
21.12
15.36
13.68
13.68
13.68
13.68
13.68
13.68
13.68
15.96
16.68
16.68
16.68
16.8
16.68
16.68
16.68
16.92
16.92
17.04
17.04
17.04
17.04
16.92
17.04
17.28
17.52
17.52
17.4
17.52
17.52
17.52
17.52
17.4
17.64
17.52
17.64
17.52
17.52
17.64
17.52
17.28
17.28
17.28
17.16
17.28
17.28
17.28
17.16
20.28
21.0
21.0
21.0
21.0
21.0
21.0
21.0
23.88
24.6
24.6
24.48
24.6
24.6
24.6
24.6
24.6
24.6
29.4
30.84
30.72
30.72
30.72
30.72
30.72
30.84
30.72
30.72
29.4
29.04
29.04
29.04
29.04
29.04
28.92
29.04
29.04
29.04
29.28
29.4
29.4
29.4
29.28
29.4
29.4
29.4
29.28
29.4
26.76
26.16
26.04
26.16
26.04
26.16
26.04
26.16
26.04
26.16
27.24
27.72
27.72
27.6
27.72
27.72
27.72
27.72
27.72
27.6
27.6
27.6
27.72
27.6
27.6
27.6
27.72
27.6
27.6
27.6
27.96
28.2
28.08
28.2
28.08
28.08
28.2
28.08
28.2
28.08
28.92
29.16
29.16
29.16
29.16
29.28
29.16
29.16
29.16
29.16
22.56
20.4
20.4
20.4
20.28
20.4
20.4
20.4
20.64
21.0
21.0
20.88
21.0
20.88
21.0
20.88
21.12
21.36
21.24
21.36
21.24
21.36
21.24
21.36
22.68
23.4
23.4
23.4
23.52
23.4
23.4
23.4
21.84
21.24
21.12
21.24
21.24
21.24
21.24
21.24
21.84
22.32
22.2
22.32
22.32
22.32
22.32
22.2
23.04
23.64
23.64
23.52
23.64
23.64
23.52
23.64
21.72
20.28
20.16
20.28
20.28
20.16
20.28
20.28
20.4
20.76
20.76
20.88
20.76
20.88
20.76
20.76
21.84
22.8
22.92
22.92
22.92
22.92
22.8
22.92
22.56
22.56
22.44
22.56
22.44
22.56
22.44
22.56
22.92
23.76
23.64
23.64
23.76
23.64
23.64
23.76
23.52
23.64
23.76
23.64
23.76
23.64
23.76
23.64
23.76
24.24
24.36
24.36
24.48
24.36
24.36
24.48
24.36
24.36
24.48
18.84
18.84
18.72
18.84
18.84
18.72
18.84
18.72
23.52
23.76
23.76
23.76
23.76
23.76
23.76
23.76
24.84
25.2
25.2
25.2
25.2
25.2
25.2
25.2
25.2
25.2
26.88
27.36
27.36
27.36
27.24
27.36
27.36
27.36
27.36
27.36
28.2
28.44
28.44
28.56
28.44
28.44
28.44
28.44
28.44
28.44
24.84
24.24
24.24
24.24
24.24
24.24
24.24
24.24
24.24
24.24
23.52
23.4
23.4
23.4
23.4
23.4
23.4
23.4
28.44
30.12
30.12
30.12
30.12
30.12
30.12
30.12
30.12
30.12
26.64
25.56
25.68
25.56
25.56
25.68
25.56
25.56
25.68
25.56
25.68
25.92
25.8
25.92
25.8
25.92
25.8
25.8
25.92
25.8
27.0
27.24
27.36
27.36
27.24
27.36
27.36
27.24
27.36
27.36
24.96
24.24
24.36
24.24
24.24
24.36
24.24
24.24
24.24
24.36
24.6
24.96
24.84
24.96
24.84
24.96
24.84
24.96
24.84
24.96
23.04
22.44
22.44
22.44
22.44
22.44
22.44
22.32
23.76
24.48
24.48
24.36
24.48
24.48
24.48
24.36
24.48
24.48
25.32
26.04
25.92
25.92
25.92
25.92
25.92
26.04
25.92
25.92
