0.36
5.16
8.04
7.2
7.08
3.24
0.12
0.12
0.12
0.12
0.12
0.12
0.12
0.12
0.12
3.72
17.52
20.04
19.44
19.68
16.8
15.96
21.6
24.24
24.12
24.24
24.12
24.24
24.12
24.24
24.12
24.24
27.24
29.52
29.52
29.52
29.52
29.52
29.52
29.52
29.52
29.52
35.28
39.24
39.36
39.24
39.36
39.24
39.36
39.24
39.36
39.24
37.92
37.2
37.2
37.2
37.2
37.2
37.2
37.2
37.2
37.2
35.52
34.56
34.56
34.56
34.56
34.68
34.56
34.56
34.56
34.56
23.16
18.12
12.24
12.12
17.76
30.24
32.88
32.88
32.88
32.88
32.88
32.88
32.88
32.88
32.88
31.56
31.44
31.44
31.44
31.44
31.32
31.44
31.44
31.44
31.44
29.28
28.92
29.04
28.92
28.92
29.04
28.92
29.04
28.92
28.92
31.32
31.92
31.92
31.92
31.8
31.92
31.92
31.92
31.92
31.92
33.48
33.96
33.96
33.96
33.96
33.96
33.96
33.96
33.96
33.96
34.2
34.32
34.44
34.32
34.32
34.44
34.32
34.32
34.32
34.44
31.08
30.48
30.48
30.6
30.48
30.48
30.6
30.48
30.6
30.48
33.84
34.8
34.68
34.68
34.68
34.68
34.68
34.68
34.8
34.68
28.2
27.0
26.88
27.0
27.0
26.88
27.0
27.0
26.88
27.0
24.96
24.6
24.72
24.6
24.6
24.72
24.6
24.72
24.6
24.6
6.6
33.48
36.84
36.96
36.84
36.84
36.96
36.84
36.84
36.96
36.84
23.4
24.0
24.36
24.36
24.36
24.36
24.36
24.36
24.36
24.24
24.36
21.72
20.16
22.2
18.72
22.08
21.84
22.68
20.64
16.68
22.68
17.52
13.2
15.6
16.32
16.56
16.08
18.72
21.96
24.24
26.52
26.52
26.52
26.4
26.52
26.52
26.4
26.52
26.52
26.16
25.92
26.04
25.92
26.04
25.92
26.04
25.92
26.04
25.92
26.28
26.88
27.0
26.88
26.88
26.88
26.88
27.0
26.88
26.88
26.52
26.28
26.4
26.28
26.28
26.28
26.28
26.28
26.4
26.28
25.44
24.24
24.36
24.24
24.36
24.24
24.36
24.36
24.24
24.36
25.08
26.52
26.52
26.4
26.52
26.52
26.4
26.52
26.4
26.52
26.4
26.28
26.28
26.28
26.28
26.28
26.28
26.28
26.28
26.28
25.92
25.68
25.68
25.56
25.68
25.56
25.68
25.56
25.68
25.68
26.16
27.12
27.24
27.12
27.12
27.12
27.12
27.12
27.12
27.24
28.08
29.52
29.52
29.52
29.52
29.52
29.52
29.52
29.52
29.52
29.16
28.92
28.92
29.04
28.92
28.92
29.04
28.92
29.04
28.92
26.4
24.24
25.68
25.68
25.68
25.8
25.68
25.68
25.8
25.68
25.68
26.04
27.0
27.0
27.0
26.88
27.0
27.0
27.0
26.88
27.0
25.92
21.6
19.92
24.48
24.48
24.6
24.48
24.48
24.48
24.48
24.6
24.48
25.92
28.92
28.92
28.92
28.92
28.92
28.92
28.92
28.92
28.92
31.56
36.6
36.6
36.48
36.6
36.6
36.6
36.48
36.6
36.6
36.6
36.84
36.84
36.84
36.84
36.84
36.84
36.84
36.84
36.84
35.88
34.8
34.68
34.68
34.68
34.68
34.68
34.68
34.8
34.68
34.92
35.4
35.52
35.4
35.52
35.52
35.4
35.52
35.4
35.52
32.76
28.44
28.56
28.44
28.44
28.44
28.44
28.44
28.44
28.56
30.12
33.12
33.24
33.24
33.12
33.24
33.24
33.12
33.24
33.12
34.08
35.4
35.52
35.4
35.52
35.4
35.52
35.4
35.52
35.4
35.16
34.68
34.68
34.68
34.8
34.68
34.68
34.68
34.68
34.8
35.16
36.12
36.12
36.12
36.12
36.12
36.12
36.12
36.24
36.12
34.44
32.16
32.04
32.16
32.04
32.16
32.04
32.16
32.04
32.16
34.44
38.64
38.76
38.64
38.76
38.64
38.64
38.76
38.64
38.76
37.8
36.36
36.48
36.36
36.48
36.48
36.36
36.48
36.36
36.48
33.24
27.84
27.96
27.84
27.96
27.84
27.96
27.96
27.84
27.96
24.84
25.32
32.4
32.4
32.4
32.4
32.4
32.4
32.4
32.4
32.4
38.4
46.2
46.2
46.2
46.2
46.2
46.2
46.2
46.2
46.2
49.8
54.36
54.36
54.36
54.36
54.36
54.36
54.36
54.36
54.48
54.24
54.36
54.36
54.36
54.36
54.36
54.36
54.36
54.36
54.36
48.96
42.0
42.0
42.0
42.0
41.88
42.0
42.0
42.0
42.0
36.72
30.12
30.12
30.12
30.0
30.12
30.12
30.12
30.12
30.0
34.08
39.48
39.48
39.48
39.48
39.48
39.48
39.48
39.48
39.48
41.04
43.2
43.32
43.32
43.32
43.2
43.32
43.32
43.32
43.2
36.0
26.4
26.28
26.4
26.4
26.28
26.4
26.4
26.4
26.28
16.32
3.96
25.68
43.8
43.92
43.8
43.92
43.8
43.92
43.8
43.92
43.8
36.0
29.04
29.16
29.16
29.04
29.16
29.16
29.04
29.16
29.16
26.76
25.08
25.08
24.96
25.08
24.96
25.08
25.08
24.96
25.08
25.92
26.64
26.76
26.64
26.76
26.64
26.64
26.76
26.64
26.76
25.68
25.08
25.2
25.08
25.2
25.08
25.2
25.08
25.2
25.08
24.24
21.0
19.8
20.04
21.84
19.92
15.48
13.92
14.4
15.12
15.48
17.16
21.0
21.24
23.16
27.24
27.24
27.24
27.24
27.24
27.24
27.24
27.24
27.24
27.0
22.2
20.52
18.0
13.92
15.96
18.0
12.6
13.44
19.8
18.24
15.96
20.28
16.8
21.0
29.04
29.04
29.04
29.04
29.04
29.16
29.04
29.04
29.04
35.4
40.56
40.56
40.56
40.56
40.56
40.56
40.56
40.56
40.56
35.04
30.6
30.6
30.72
30.6
30.72
30.6
30.6
30.72
30.6
31.8
32.52
32.64
32.64
32.64
32.52
32.64
32.64
32.52
32.64
30.0
27.84
27.84
27.96
27.84
27.84
27.96
27.84
27.84
27.96
33.6
38.4
38.28
38.28
38.28
38.4
38.28
38.28
38.28
38.28
37.56
36.96
36.96
36.96
36.96
36.84
36.96
36.96
36.96
36.96
36.24
35.76
35.88
35.76
35.88
35.76
35.88
35.76
35.88
35.76
36.0
36.12
36.0
36.12
36.12
36.0
36.12
36.12
36.0
36.12
35.28
34.8
34.8
34.8
34.8
34.8
34.8
34.8
34.8
34.92
32.16
30.48
30.36
30.48
30.36
30.48
30.36
30.48
30.48
30.36
28.92
28.08
27.96
27.96
27.96
27.96
27.96
27.96
27.96
28.08
24.6
17.64
12.0
9.84
20.16
24.36
24.48
24.36
24.48
24.36
24.48
24.36
24.48
24.36
24.84
24.96
25.08
25.08
24.96
25.08
24.96
25.08
25.08
24.96
23.16
21.36
22.8
23.64
23.88
24.24
24.24
24.36
24.24
24.24
24.36
24.24
24.24
24.24
22.68
19.68
18.48
19.2
18.96
20.4
20.28
20.64
21.36
21.0
21.48
18.84
18.48
19.44
15.36
31.8
31.8
31.8
31.8
31.8
31.8
31.8
31.8
31.8
31.44
28.92
28.8
28.8
28.8
28.92
28.8
28.8
28.92
28.8
28.56
27.96
27.96
27.96
27.84
27.96
27.96
27.96
27.84
27.96
27.96
29.04
29.04
29.04
29.04
29.04
29.04
29.04
29.04
29.04
28.92
28.92
28.92
29.04
28.92
28.92
28.92
28.92
28.92
28.92
30.36
39.0
39.0
38.88
39.0
39.0
39.0
38.88
39.0
39.0
38.52
36.12
36.12
36.24
36.12
36.12
36.12
36.24
36.12
36.12
37.56
46.2
46.08
46.2
46.08
46.2
46.08
46.2
46.08
46.2
45.72
43.44
43.44
43.32
43.44
43.44
43.44
43.44
43.44
43.44
43.08
42.36
42.24
42.36
42.24
42.36
42.24
42.36
42.24
42.36
42.6
44.76
44.76
44.88
44.76
44.76
44.88
44.76
44.76
44.88
43.08
33.72
33.84
33.72
33.72
33.84
33.72
33.84
33.72
33.84
33.48
32.76
32.76
32.76
32.76
32.76
32.76
32.76
32.76
32.76
36.84
60.6
60.6
60.6
60.6
60.6
60.6
60.6
60.48
60.6
58.32
45.0
45.0
45.12
45.0
45.0
45.12
45.0
45.0
45.0
45.12
45.6
45.6
45.72
45.6
45.6
45.72
45.6
45.72
45.6
45.12
42.84
42.84
42.96
42.84
42.84
42.84
42.96
42.84
42.84
41.16
31.32
31.32
31.44
31.32
31.32
31.44
31.32
31.32
31.44
34.32
51.0
51.0
50.88
51.0
51.0
50.88
51.0
50.88
51.0
52.44
61.08
60.96
61.08
61.08
60.96
61.08
61.08
61.08
60.96
59.88
52.92
53.04
52.92
52.92
52.92
53.04
52.92
52.92
52.92
51.72
44.28
44.16
44.16
44.28
44.16
44.16
44.28
44.16
44.16
41.76
24.84
24.96
24.96
24.96
24.96
24.84
24.96
24.96
24.96
28.2
48.96
48.96
48.96
49.08
48.96
48.96
48.96
49.08
48.96
49.08
50.52
50.52
50.52
50.4
50.52
50.52
50.52
50.52
50.4
48.96
40.2
40.2
40.2
40.2
40.2
40.2
40.2
40.2
40.2
37.8
23.76
36.48
36.48
36.36
36.48
36.48
36.48
36.48
36.48
36.48
37.56
58.44
58.44
58.44
58.44
58.56
58.44
58.44
58.44
58.44
58.68
63.0
63.12
63.12
63.12
63.12
63.12
63.12
63.12
63.12
63.0
60.24
60.24
60.24
60.24
60.24
60.24
60.24
60.24
60.24
59.4
41.76
41.76
41.76
41.76
41.76
41.76
41.76
41.76
41.76
41.52
33.6
33.6
33.6
33.6
33.72
33.6
33.6
33.6
33.6
33.96
42.96
42.84
42.96
42.84
42.96
42.84
42.84
42.96
42.84
43.68
60.0
60.0
60.0
60.0
60.0
59.88
60.0
60.0
60.0
58.92
33.72
33.6
33.72
33.72
33.72
33.72
33.72
33.72
33.6
33.72
35.88
35.88
35.88
35.88
35.88
35.88
35.88
35.88
35.88
35.52
27.84
27.96
27.84
27.84
27.96
27.84
27.96
27.84
27.96
28.56
45.0
45.0
45.0
45.0
45.0
45.0
45.0
45.0
45.0
45.12
47.64
47.64
47.64
47.64
47.64
47.64
47.52
47.64
47.64
47.4
43.92
43.92
43.92
43.92
43.8
43.92
43.92
43.92
43.92
43.68
39.96
40.08
39.96
39.96
40.08
39.96
39.96
39.96
40.08
39.12
25.92
26.04
25.92
25.92
25.92
25.92
26.04
25.92
25.92
25.32
16.44
8.04
36.72
36.72
36.72
36.72
36.72
36.72
36.72
36.72
36.72
33.24
19.08
42.6
42.72
42.6
42.72
42.6
42.6
42.72
42.6
42.72
39.84
28.44
28.32
28.44
28.32
28.44
28.32
28.44
28.32
28.44
28.56
30.0
30.0
30.0
30.0
30.0
30.0
30.0
29.88
30.0
29.28
26.76
26.76
26.76
26.76
26.76
26.76
26.76
26.76
26.76
26.88
27.6
27.72
27.6
27.72
27.6
27.72
27.72
27.6
27.72
28.56
32.52
32.4
32.52
32.52
32.4
32.52
32.4
32.52
32.52
30.96
26.04
25.92
26.04
25.92
26.04
25.92
26.04
25.92
26.04
24.0
21.48
32.04
31.92
31.92
32.04
31.92
32.04
31.92
31.92
32.04
32.52
34.08
33.96
34.08
34.08
34.08
33.96
34.08
34.08
34.08
34.2
35.04
34.92
35.04
34.92
35.04
34.92
34.92
35.04
34.92
35.64
37.8
37.68
37.68
37.68
37.68
37.8
37.68
37.68
37.68
35.52
30.0
29.88
30.0
29.88
30.0
29.88
30.0
29.88
30.0
29.52
28.68
28.8
28.68
28.8
28.8
28.68
28.8
28.68
28.8
26.64
20.76
20.52
39.0
63.12
63.12
63.24
63.12
63.12
63.24
63.12
63.12
63.24
58.2
50.64
50.64
50.64
50.64
50.64
50.64
50.64
50.64
50.64
48.72
45.84
45.72
45.84
45.72
45.84
45.72
45.72
45.84
45.72
39.0
28.08
28.08
28.08
27.96
28.08
28.08
28.08
27.96
28.08
33.24
41.64
41.76
41.64
41.76
41.76
41.64
41.76
41.76
41.64
36.0
26.76
26.64
26.76
26.64
26.76
26.64
26.76
26.64
26.76
40.2
61.32
61.44
61.32
61.44
61.32
61.44
61.32
61.44
61.32
59.76
57.12
57.12
57.12
57.12
57.12
57.12
57.12
57.0
57.12
45.0
25.56
25.56
25.56
25.56
25.56
25.56
25.56
25.56
25.56
35.28
50.64
50.64
50.76
50.64
50.64
50.64
50.64
50.64
50.76
54.12
59.88
60.0
59.88
59.88
59.88
59.88
59.88
60.0
59.88
61.08
63.12
63.24
63.12
63.24
63.12
63.24
63.12
63.24
63.12
62.16
60.48
60.6
60.48
60.6
60.48
60.48
60.6
60.48
60.48
47.64
24.96
24.96
24.96
24.96
24.84
24.96
24.96
24.96
24.96
30.6
40.56
40.68
40.68
40.56
40.68
40.56
40.68
40.68
40.56
50.04
65.88
65.88
65.88
65.88
65.88
66.0
65.88
65.88
65.88
64.8
63.0
63.12
63.0
63.0
63.12
63.0
63.12
63.0
63.0
60.72
56.4
56.52
56.4
56.52
56.4
56.52
56.4
56.52
56.4
46.08
27.72
27.72
27.72
27.72
27.72
27.84
27.72
27.72
27.72
33.48
43.68
43.68
43.68
43.8
43.68
43.68
43.8
43.68
43.68
50.64
63.24
63.12
63.12
63.24
63.12
63.24
63.12
63.24
63.12
62.76
62.16
62.28
62.16
62.28
62.16
62.16
62.28
62.16
62.28
56.4
45.72
45.72
45.72
45.72
45.72
45.72
45.72
45.72
45.72
39.48
28.08
28.08
28.08
28.08
28.08
28.08
28.08
28.08
28.08
28.32
28.68
28.8
28.8
28.68
28.8
28.8
28.68
28.8
28.8
40.44
61.44
61.56
61.44
61.56
61.44
61.44
61.56
61.44
61.56
62.28
63.84
63.72
63.84
63.72
63.84
63.84
63.72
63.84
63.84
58.2
48.84
48.84
48.72
48.84
48.84
48.84
48.84
48.84
48.72
40.2
25.56
25.56
25.56
25.68
25.56
25.56
25.56
25.56
25.56
30.72
39.36
39.36
39.36
39.36
39.24
39.36
39.36
39.36
39.36
48.96
65.04
64.92
64.92
65.04
64.92
64.92
65.04
64.92
64.92
57.48
45.72
45.72
45.72
45.84
45.72
45.72
45.72
45.72
45.72
43.32
39.96
39.84
39.96
39.84
39.84
39.96
39.84
39.96
39.84
36.36
30.72
30.84
30.72
30.84
30.72
30.84
30.72
30.84
30.72
33.84
38.76
38.64
38.64
38.64
38.64
38.76
38.64
38.64
38.64
48.72
63.84
63.84
63.84
63.84
63.84
63.84
63.84
63.84
63.84
63.6
63.48
63.48
63.48
63.6
63.48
63.48
63.48
63.48
63.48
58.2
51.12
51.12
51.12
51.0
51.12
51.12
51.12
51.12
51.0
42.96
31.92
31.8
31.92
31.8
31.92
31.8
31.92
31.92
31.8
32.16
32.88
32.88
32.76
32.88
32.88
32.88
32.76
32.88
32.88
45.48
61.56
61.68
61.56
61.68
61.68
61.56
61.68
61.68
61.56
61.56
61.44
61.56
61.56
61.44
61.56
61.44
61.56
61.56
61.44
61.2
61.2
61.2
61.08
61.2
61.08
61.2
61.08
61.2
61.08
47.28
27.96
28.08
27.96
27.96
28.08
27.96
28.08
27.96
28.08
27.0
26.04
25.92
25.92
25.92
25.92
25.92
25.92
25.92
26.04
38.16
53.76
53.88
53.76
53.88
53.76
53.88
53.76
53.76
53.88
46.92
38.16
38.16
38.28
38.16
38.28
38.16
38.28
38.16
38.16
39.0
40.08
40.08
40.08
40.08
40.08
39.96
40.08
40.08
40.08
35.4
29.64
29.64
29.64
29.64
29.64
29.64
29.64
29.64
29.64
29.64
29.88
30.0
30.0
29.88
30.0
29.88
30.0
30.0
29.88
20.64
24.12
38.76
38.76
38.76
38.88
38.76
38.76
38.76
38.76
38.76
28.44
22.68
26.4
26.4
26.52
26.4
26.52
26.4
26.52
26.4
26.4
32.04
36.84
36.84
36.84
36.84
36.84
36.84
36.84
36.84
36.84
37.08
37.32
37.44
37.44
37.32
37.44
37.44
37.32
37.44
37.44
37.56
37.92
37.8
37.92
37.92
37.92
37.8
37.92
37.92
37.92
38.88
39.96
39.84
39.96
39.96
39.84
39.96
39.96
39.84
39.96
36.48
33.6
33.6
33.6
33.6
33.6
33.72
33.6
33.6
33.6
38.52
42.96
42.84
42.84
42.96
42.84
42.96
42.84
42.84
42.96
47.16
51.12
51.12
51.0
51.12
51.0
51.12
51.12
51.0
51.12
48.96
47.16
47.04
47.16
47.16
47.16
47.16
47.16
47.16
47.16
47.04
47.16
47.16
47.16
47.16
47.16
47.16
47.28
47.16
47.16
44.76
42.6
42.72
42.6
42.72
42.72
42.6
42.72
42.72
42.6
34.92
28.32
28.32
28.32
28.32
28.32
28.2
28.32
28.32
28.32
42.96
55.08
55.08
55.08
55.08
55.08
55.08
55.08
55.08
55.08
55.68
56.28
56.16
56.28
56.28
56.28
56.28
56.28
56.28
56.28
48.96
43.08
42.96
43.08
42.96
43.08
42.96
43.08
42.96
43.08
43.08
43.08
43.08
43.2
43.08
43.08
43.2
43.08
43.08
43.2
34.8
27.84
27.72
27.84
27.84
27.84
27.84
27.84
27.72
27.84
41.88
54.0
54.0
54.0
54.0
54.0
53.88
54.0
54.0
54.0
45.6
38.52
38.52
38.52
38.4
38.52
38.52
38.4
38.52
38.52
40.68
42.72
42.84
42.72
42.72
42.72
42.72
42.72
42.84
42.72
39.12
36.12
36.12
36.12
36.0
36.12
36.12
36.12
36.12
36.12
34.2
32.76
32.76
32.76
32.76
32.88
32.76
32.76
32.76
32.76
47.04
59.64
59.52
59.52
59.52
59.52
59.52
59.52
59.52
59.52
52.08
45.36
45.36
45.36
45.36
45.36
45.36
45.36
45.36
45.48
43.8
42.6
42.6
42.6
42.6
42.6
42.6
42.6
42.6
42.6
43.2
43.68
43.8
43.68
43.8
43.68
43.8
43.68
43.8
43.68
32.16
45.24
66.12
66.12
66.24
66.12
66.12
66.24
66.12
66.12
66.24
64.44
63.12
63.12
63.12
63.12
63.12
63.12
63.12
63.12
63.12
58.08
53.64
53.52
53.64
53.64
53.64
53.52
53.64
53.64
53.64
45.0
37.32
37.32
37.2
37.32
37.32
37.32
37.2
37.32
37.32
24.0
19.8
25.92
25.92
26.04
25.92
25.92
25.92
26.04
25.92
25.92
43.44
56.16
56.16
56.16
56.04
56.16
56.16
56.16
56.16
56.16
61.2
65.16
65.04
65.04
65.16
65.04
65.16
65.04
65.16
65.04
54.96
47.88
47.88
48.0
47.88
47.88
47.88
48.0
47.88
47.88
34.08
24.6
24.6
24.48
24.6
24.6
24.6
24.48
24.6
24.6
43.8
56.76
56.76
56.64
56.76
56.76
56.64
56.76
56.76
56.64
46.8
40.2
40.2
40.32
40.2
40.2
40.32
40.2
40.2
40.2
39.48
38.88
38.88
38.88
39.0
38.88
38.88
38.88
38.88
38.88
39.72
40.2
40.2
40.2
40.2
40.2
40.2
40.2
40.2
40.2
34.56
30.84
30.84
30.84
30.72
30.84
30.84
30.84
30.84
30.84
46.68
57.0
57.0
57.12
57.0
57.0
57.0
57.0
57.0
57.0
52.92
50.64
50.52
50.52
50.52
50.52
50.52
50.64
50.52
50.52
48.72
47.64
47.64
47.64
47.64
47.64
47.52
47.64
47.64
47.64
46.2
45.48
45.36
45.48
45.36
45.36
45.48
45.36
45.48
45.36
35.28
28.8
28.8
28.68
28.8
28.8
28.8
28.8
28.8
28.8
42.24
51.0
51.0
51.0
51.0
51.12
51.0
51.0
51.0
51.0
58.2
62.88
62.76
62.88
62.88
62.88
62.76
62.88
62.88
62.76
62.28
61.8
61.8
61.8
61.8
61.8
61.92
61.8
61.8
61.8
54.96
50.64
50.52
50.52
50.64
50.52
50.64
50.52
50.52
50.64
36.96
27.96
28.08
27.96
27.96
28.08
27.96
28.08
27.96
28.08
37.56
43.8
43.8
43.8
43.92
43.8
43.8
43.8
43.8
43.8
55.2
62.52
62.64
62.64
62.64
62.52
62.64
62.64
62.52
62.64
58.68
56.16
56.16
56.16
56.16
56.16
56.16
56.16
56.16
56.16
40.2
29.16
29.16
29.04
29.16
29.16
29.16
29.16
29.16
29.16
27.72
27.12
27.0
27.0
27.12
27.0
27.0
27.12
27.0
27.0
45.84
58.92
58.92
58.92
58.92
58.92
58.92
58.92
58.8
58.92
58.44
58.08
58.08
58.08
58.08
58.08
58.08
58.08
58.08
58.08
49.44
43.08
43.2
43.08
43.08
43.08
43.08
43.08
43.2
43.08
40.08
37.92
37.92
37.92
37.92
37.92
38.04
37.92
37.92
37.92
31.8
27.12
27.24
27.12
27.24
27.12
27.24
27.12
27.24
27.12
39.48
48.6
48.6
48.48
48.6
48.6
48.48
48.6
48.6
48.48
53.28
56.88
56.88
56.88
56.88
56.88
56.88
56.88
56.88
56.88
46.08
37.92
37.92
37.8
37.92
37.92
37.92
37.92
37.92
37.92
40.32
42.24
42.36
42.24
42.24
42.24
42.36
42.24
42.24
42.24
33.6
27.12
27.24
27.12
27.12
27.12
27.12
27.12
27.12
27.12
37.68
45.24
45.36
45.24
45.36
45.36
45.24
45.36
45.36
45.24
48.84
51.24
51.36
51.24
51.36
51.36
51.24
51.36
51.24
51.36
56.16
59.76
59.88
59.76
59.76
59.88
59.76
59.88
59.76
59.88
46.32
36.0
36.0
35.88
36.0
36.0
35.88
36.0
36.0
35.88
31.08
27.48
27.36
27.48
27.36
27.48
27.36
27.36
27.48
27.36
42.36
53.64
53.64
53.76
53.64
53.76
53.64
53.64
53.76
53.64
52.08
50.76
50.88
50.88
50.76
50.88
50.76
50.88
50.88
50.76
44.04
38.76
38.76
38.88
38.76
38.76
38.88
38.76
38.76
38.88
39.96
41.04
41.16
41.04
41.04
41.04
41.16
41.04
41.04
41.04
33.36
27.36
27.36
27.24
27.36
27.36
27.24
27.36
27.36
27.36
41.28
52.56
52.44
52.56
52.44
52.56
52.44
52.56
52.44
52.56
55.8
58.8
58.68
58.68
58.68
58.68
58.8
58.68
58.68
58.68
52.08
46.92
46.92
47.04
46.92
46.92
47.04
46.92
47.04
46.92
44.88
43.2
43.32
43.32
43.2
43.32
43.32
43.32
43.2
43.32
34.32
27.48
27.36
27.48
27.48
27.36
27.48
27.36
27.48
27.36
40.32
50.4
50.28
50.28
50.28
50.28
50.28
50.4
50.28
50.28
54.48
57.84
57.72
57.84
57.84
57.84
57.72
57.84
57.84
57.72
53.88
51.12
51.12
51.12
51.12
51.12
51.12
51.12
51.12
51.12
52.08
53.04
53.04
53.04
53.04
53.04
52.92
53.04
53.04
53.04
40.92
31.92
32.04
31.92
31.92
31.92
32.04
31.92
31.92
31.92
40.92
47.64
47.52
47.64
47.52
47.64
47.52
47.64
47.52
47.64
54.72
60.24
60.24
60.12
60.24
60.24
60.12
60.24
60.12
60.24
56.04
52.8
52.92
52.92
52.92
52.8
52.92
52.92
52.8
52.92
48.84
45.72
45.72
45.72
45.84
45.72
45.72
45.72
45.72
45.72
35.52
27.48
27.6
27.48
27.48
27.6
27.48
27.6
27.48
27.48
37.56
45.0
45.12
45.0
45.12
45.12
45.0
45.12
45.0
45.12
54.96
62.4
62.4
62.4
62.4
62.4
62.4
62.28
62.4
62.4
59.64
57.36
57.48
57.48
57.36
57.48
57.48
57.36
57.48
57.48
49.2
42.96
42.96
42.96
42.96
42.96
42.96
42.96
42.96
42.96
35.28
29.28
29.4
29.4
29.28
29.4
29.4
29.28
29.4
29.4
16.08
28.2
42.6
42.72
42.6
42.6
42.6
42.6
42.6
42.72
42.6
55.2
63.36
63.36
63.36
63.48
63.36
63.36
63.36
63.48
63.36
50.16
42.12
42.12
42.12
42.12
42.12
42.12
42.24
42.12
42.12
30.12
23.52
17.4
13.44
31.08
31.08
31.08
31.08
31.08
31.08
31.08
31.08
31.08
19.92
0.12
0.12
0.12
0.12
0.12
0.12
0.12
0.12
0.12
1.2
13.68
24.12
24.12
24.12
24.12
24.12
24.12
24.12
24.24
24.12
22.56
22.08
24.0
24.96
24.96
24.84
24.96
24.96
24.96
24.96
24.84
24.96
24.6
24.48
24.48
24.48
24.36
24.48
24.48
24.48
24.48
24.36
24.24
24.12
24.12
24.12
24.0
24.12
24.12
24.12
24.12
24.12
23.16
21.36
21.0
23.76
25.8
25.8
25.92
25.8
25.8
25.8
25.8
25.92
25.8
30.12
33.72
33.72
33.6
33.72
33.72
33.72
33.6
33.72
33.72
36.48
38.88
38.88
38.76
38.88
38.88
38.88
38.76
38.88
38.88
36.48
34.92
34.92
34.8
34.92
34.92
34.8
34.92
34.92
34.8
37.2
38.88
38.76
38.88
38.76
38.88
38.76
38.88
38.76
38.88
38.28
38.16
38.04
38.04
38.04
38.04
38.04
38.04
38.16
38.04
35.76
34.2
34.32
34.2
34.2
34.32
34.2
34.2
34.32
34.2
48.96
59.64
59.64
59.76
59.64
59.64
59.64
59.76
59.64
59.64
59.52
59.52
59.64
59.52
59.52
59.52
59.52
59.52
59.64
59.52
57.96
57.0
57.0
56.88
57.0
57.0
56.88
57.0
57.0
56.88
50.04
44.28
44.4
44.28
44.4
44.28
44.4
44.28
44.4
44.28
33.96
25.44
25.32
25.44
25.32
25.44
25.44
25.32
25.44
25.44
38.04
48.0
48.12
48.0
48.12
48.0
48.12
48.0
48.0
48.12
47.64
47.52
47.52
47.52
47.4
47.52
47.52
47.52
47.4
47.52
49.32
50.88
50.76
50.88
50.88
50.88
50.76
50.88
50.88
50.88
43.08
37.2
37.08
37.2
37.2
37.08
37.2
37.08
37.2
37.2
29.16
43.8
58.8
58.8
58.8
58.8
58.92
58.8
58.8
58.8
58.8
59.52
60.24
60.12
60.12
60.24
60.12
60.12
60.24
60.12
60.12
59.28
58.68
58.56
58.68
58.56
58.68
58.56
58.68
58.56
58.68
54.96
52.08
52.2
52.08
52.08
52.08
52.08
52.2
52.08
52.08
39.6
29.4
29.4
29.52
29.4
29.52
29.4
29.52
29.4
29.52
36.84
43.2
43.08
43.08
43.2
43.08
43.2
43.08
43.08
43.2
55.08
65.04
64.92
64.92
65.04
64.92
64.92
65.04
64.92
64.92
62.88
61.08
61.08
61.08
61.08
61.08
61.08
61.2
61.08
61.08
54.96
49.92
49.92
50.04
49.92
49.92
50.04
49.92
50.04
49.92
35.4
32.76
40.92
40.8
40.92
40.8
40.92
40.8
40.92
40.8
40.92
49.2
56.4
56.4
56.4
56.4
56.4
56.4
56.4
56.4
56.4
59.04
61.32
61.44
61.44
61.32
61.44
61.32
61.44
61.44
61.32
63.6
65.64
65.76
65.64
65.64
65.64
65.64
65.76
65.64
65.64
48.0
31.68
31.8
31.68
31.68
31.8
31.68
31.68
31.8
31.68
32.4
33.24
33.24
33.24
33.12
33.24
33.24
33.24
33.12
33.24
48.12
61.92
61.8
61.92
61.92
61.92
61.92
61.92
61.92
61.8
61.56
61.2
61.2
61.2
61.2
61.32
61.2
61.2
61.2
61.2
61.08
61.2
61.2
61.2
61.2
61.08
61.2
61.2
61.2
61.2
48.6
36.72
36.6
36.72
36.6
36.72
36.6
36.72
36.72
36.6
34.2
32.04
31.92
32.04
31.92
32.04
31.92
32.04
31.92
32.04
47.52
62.28
62.4
62.28
62.4
62.4
62.28
62.4
62.4
62.28
61.44
60.72
60.72
60.72
60.72
60.72
60.72
60.72
60.72
60.72
62.64
64.68
64.8
64.8
64.68
64.8
64.68
64.8
64.8
64.68
51.84
37.92
37.92
37.92
37.92
37.92
37.92
37.8
37.92
37.92
36.72
35.76
35.64
35.64
35.76
35.64
35.76
35.64
35.64
35.76
44.52
54.48
54.48
54.48
54.48
54.48
54.48
54.48
54.48
54.48
57.24
60.84
60.72
60.72
60.84
60.72
60.72
60.72
60.84
60.72
60.6
60.48
60.6
60.6
60.48
60.6
60.48
60.6
60.6
60.48
50.16
37.68
37.56
37.56
37.56
37.68
37.56
37.56
37.56
37.68
35.16
32.52
32.4
32.52
32.52
32.4
32.52
32.52
32.4
32.52
45.0
60.36
60.36
60.48
60.36
60.36
60.48
60.36
60.36
60.36
61.8
63.6
63.6
63.72
63.6
63.6
63.72
63.6
63.6
63.72
63.96
64.44
64.44
64.56
64.44
64.44
64.44
64.56
64.44
64.44
57.12
48.24
48.12
48.12
48.24
48.12
48.24
48.12
48.12
48.24
38.88
27.6
27.6
27.6
27.48
27.6
27.6
27.6
27.6
27.6
38.76
52.08
52.08
52.08
52.08
52.08
52.08
51.96
52.08
52.08
56.52
62.04
62.16
62.04
62.04
62.04
62.04
62.16
62.04
62.04
61.56
61.08
60.96
60.96
61.08
60.96
61.08
60.96
60.96
61.08
47.64
30.12
30.12
30.24
30.12
30.12
30.24
30.12
30.12
30.24
29.28
28.56
28.56
28.56
28.56
28.44
28.56
28.56
28.56
28.56
39.0
52.56
52.44
52.56
52.44
52.56
52.44
52.56
52.44
52.56
43.68
32.76
32.64
32.76
32.76
32.64
32.76
32.64
32.76
32.64
31.56
30.0
30.0
30.12
30.0
30.0
30.12
30.0
30.0
30.12
27.96
25.8
25.8
25.8
25.92
25.8
25.8
25.8
25.8
25.8
21.72
20.04
30.6
38.04
37.92
38.04
38.04
37.92
38.04
38.04
37.92
38.04
30.96
24.24
24.24
24.24
24.36
24.24
24.24
24.24
24.24
24.36
20.16
11.28
28.08
40.8
40.8
40.8
40.8
40.8
40.8
40.8
40.8
40.68
27.24
18.12
17.04
13.44
11.64
10.92
25.68
27.12
27.24
27.12
27.24
27.24
27.12
27.24
27.12
27.24
18.6
