0.6
6.0
17.4
35.88
45.48
45.48
45.48
45.48
45.36
45.48
45.48
45.48
45.48
69.6
82.08
81.96
82.08
82.08
82.08
82.08
81.96
82.08
82.08
88.92
92.64
92.76
92.64
92.64
92.64
92.76
92.64
92.64
92.64
84.36
80.16
80.04
80.16
80.04
80.16
80.04
80.16
80.04
80.16
77.16
75.6
75.6
75.48
75.6
75.6
75.6
75.6
75.6
75.6
75.24
75.36
75.24
75.36
75.24
75.36
75.24
75.36
75.24
75.24
67.56
63.48
63.36
63.48
63.36
63.48
63.36
63.48
63.36
63.48
63.12
63.0
63.12
63.0
63.12
63.0
63.0
63.12
63.0
63.0
55.8
51.96
51.96
51.96
52.08
51.96
51.96
51.96
51.96
51.96
36.36
28.08
28.08
28.08
27.96
28.08
28.08
27.96
28.08
28.08
36.6
41.04
41.16
41.04
41.16
41.04
41.16
41.16
41.04
41.16
60.6
70.44
70.32
70.44
70.32
70.44
70.44
70.32
70.44
70.32
72.6
73.8
73.68
73.8
73.68
73.8
73.68
73.8
73.8
73.68
55.8
47.04
47.04
47.04
47.16
47.04
47.04
47.04
47.04
47.04
20.76
8.04
27.12
27.12
27.12
27.12
27.24
27.12
27.12
27.12
27.24
27.12
67.44
67.44
67.56
67.44
67.44
67.56
67.44
67.56
67.44
67.44
37.2
37.32
37.32
37.2
37.32
37.32
37.32
37.2
37.32
37.32
54.6
54.72
54.84
54.84
54.84
54.72
54.84
54.84
54.84
54.72
32.16
32.28
32.28
32.28
32.28
32.28
32.16
32.28
32.28
32.28
52.32
52.56
52.56
52.56
52.56
52.56
52.56
52.56
52.56
52.56
63.0
63.12
63.12
63.12
63.12
63.0
63.12
63.12
63.12
63.12
61.68
61.8
61.68
61.8
61.68
61.8
61.68
61.8
61.8
61.68
60.24
60.36
60.24
60.36
60.24
60.36
60.36
60.24
60.36
60.24
37.2
37.2
37.32
37.2
37.32
37.2
37.32
37.2
37.32
37.2
30.36
30.48
30.36
30.48
30.36
30.36
30.48
30.36
30.48
30.36
40.68
41.04
41.04
41.04
41.04
41.04
40.92
41.04
41.04
41.04
42.12
42.12
42.24
42.12
42.24
42.12
42.12
42.24
42.12
42.24
41.4
41.52
41.52
41.4
41.52
41.52
41.4
41.52
41.52
41.4
27.36
27.24
27.12
27.24
27.24
27.24
27.12
27.24
27.24
27.24
51.72
51.96
52.08
52.08
51.96
52.08
52.08
51.96
52.08
51.96
62.52
62.64
62.52
62.64
62.52
62.64
62.52
62.64
62.52
62.64
37.8
37.92
37.92
37.8
37.92
37.92
37.92
37.8
37.92
37.92
39.0
39.0
38.88
39.0
39.0
39.0
39.0
39.0
39.0
39.0
36.72
36.72
36.72
36.72
36.72
36.72
36.72
36.72
36.72
36.6
14.16
30.6
62.4
62.52
62.52
62.52
62.4
62.52
62.52
62.4
62.52
60.36
56.4
56.28
56.28
56.4
56.28
56.4
56.28
56.28
56.4
51.36
41.76
41.76
41.76
41.76
41.88
41.76
41.76
41.76
41.76
43.56
47.04
47.16
47.04
47.04
47.16
47.04
47.04
47.16
47.04
38.52
22.92
18.72
17.16
37.92
37.92
38.04
37.92
38.04
37.92
37.92
38.04
37.92
38.04
58.08
58.2
58.2
58.2
58.2
58.2
58.2
58.2
58.2
58.08
60.0
60.0
60.0
60.0
60.0
60.0
60.0
60.0
60.0
60.0
45.0
45.0
45.12
45.0
45.12
45.0
45.12
45.0
45.12
45.0
33.6
33.6
33.6
33.72
33.6
33.6
33.6
33.72
33.6
33.36
23.4
21.72
15.36
12.12
9.24
4.32
5.04
12.0
11.52
11.16
10.08
16.32
48.0
48.0
47.88
48.0
48.0
47.88
48.0
48.0
47.88
47.88
47.4
47.52
47.52
47.52
47.4
47.52
47.52
47.4
47.52
43.56
26.88
26.88
26.88
26.88
27.0
26.88
26.88
26.88
26.88
27.0
27.96
27.96
27.96
27.96
27.96
28.08
27.96
27.96
27.96
26.04
19.32
15.84
12.84
11.28
14.28
26.88
26.88
26.76
26.88
26.88
26.76
26.88
26.88
26.76
29.16
38.04
38.04
38.04
38.16
38.04
38.04
38.04
38.04
38.04
42.36
58.8
58.92
58.8
58.8
58.8
58.8
58.8
58.8
58.8
57.24
51.72
51.6
51.72
51.72
51.6
51.72
51.72
51.6
51.72
49.8
43.56
43.44
43.44
43.56
43.44
43.44
43.56
43.44
43.44
42.6
39.6
39.6
39.48
39.6
39.6
39.48
39.6
39.6
39.6
38.64
35.64
35.52
35.64
35.64
35.64
35.64
35.64
35.52
35.64
35.52
35.4
35.4
35.28
35.4
35.4
35.28
35.4
35.4
35.28
35.28
35.16
35.04
35.16
35.16
35.16
35.04
35.16
35.16
35.16
34.32
31.68
31.68
31.68
31.68
31.68
31.56
31.68
31.68
31.68
29.88
23.4
29.88
44.52
44.52
44.4
44.52
44.52
44.4
44.52
44.52
44.52
36.84
20.64
14.88
11.88
35.64
36.36
36.24
36.36
36.24
36.36
36.24
36.36
36.36
36.24
29.16
29.16
29.04
29.04
29.04
29.04
29.16
29.04
29.04
29.04
43.44
43.8
43.68
43.8
43.8
43.8
43.68
43.8
43.8
43.68
31.2
30.96
31.08
31.08
31.08
31.08
30.96
31.08
31.08
31.08
43.92
44.16
44.16
44.16
44.16
44.16
44.16
44.16
44.16
44.16
36.36
36.36
36.36
36.48
36.36
36.36
36.36
36.48
36.36
36.36
7.92
16.92
36.6
36.48
36.6
36.48
36.6
36.6
36.48
36.6
36.48
37.8
40.44
40.44
40.44
40.44
40.44
40.44
40.44
40.44
40.44
39.84
38.64
38.76
38.64
38.64
38.76
38.64
38.64
38.76
38.64
39.0
39.96
39.84
39.96
39.84
39.96
39.96
39.84
39.96
39.84
34.92
24.0
24.12
24.12
24.0
24.12
24.12
24.12
24.0
24.12
19.2
9.48
45.96
64.68
64.8
64.68
64.8
64.8
64.68
64.8
64.68
64.8
49.08
41.28
41.28
41.28
41.28
41.16
41.28
41.28
41.28
41.28
31.92
27.12
27.0
27.12
27.12
27.0
27.12
27.0
27.12
27.12
14.04
7.56
26.04
26.28
26.28
26.16
26.28
26.28
26.28
26.16
26.28
26.28
17.16
15.84
12.72
16.08
17.88
17.28
17.16
16.8
18.84
20.28
25.56
26.16
26.28
26.16
26.16
26.16
26.16
26.28
26.16
26.16
21.72
20.4
17.52
17.4
17.76
14.88
14.64
15.24
15.48
15.84
19.32
19.68
18.12
17.04
15.96
8.64
6.84
7.44
11.28
15.72
18.72
19.08
16.32
16.2
16.08
21.6
23.04
22.56
22.68
23.28
20.4
17.52
23.64
24.96
25.08
24.96
25.08
25.08
24.96
25.08
24.96
25.08
20.64
20.16
22.44
20.28
17.64
17.64
17.76
19.2
16.8
13.8
20.4
22.68
23.4
20.28
13.32
12.12
11.52
18.6
18.12
16.56
13.2
11.28
8.4
6.12
0.12
0.12
0.12
0.12
0.12
0.12
0.12
0.12
0.12
1.08
8.16
5.4
3.72
27.6
29.52
29.52
29.64
29.52
29.52
29.52
29.52
29.52
29.52
17.88
17.64
19.68
20.52
21.24
21.48
22.56
27.24
27.24
27.24
27.12
27.24
27.24
27.24
27.12
27.24
23.64
8.16
17.4
26.04
25.92
26.04
25.92
26.04
26.04
25.92
26.04
25.92
19.92
14.52
15.84
18.48
29.52
29.64
29.52
29.64
29.64
29.52
29.64
29.52
29.64
28.44
24.24
24.24
24.24
24.24
24.24
24.24
24.24
24.24
24.24
24.72
26.64
26.52
26.64
26.64
26.64
26.64
26.52
26.64
26.64
26.52
26.28
26.4
26.4
26.4
26.4
26.28
26.4
26.4
26.4
26.52
27.6
27.6
27.6
27.6
27.6
27.48
27.6
27.6
27.6
30.12
39.12
39.12
39.12
39.12
39.12
39.0
39.12
39.12
39.12
38.52
36.84
36.72
36.84
36.84
36.72
36.84
36.72
36.84
36.84
35.88
33.0
33.0
32.88
33.0
33.0
33.0
33.0
33.0
33.0
33.36
35.16
35.28
35.16
35.16
35.28
35.16
35.16
35.16
35.28
32.28
22.08
22.44
22.92
15.48
13.68
14.52
13.44
12.6
12.24
12.36
14.76
14.4
14.04
12.0
11.64
12.84
15.6
19.68
17.52
16.92
15.36
16.44
18.24
17.76
17.28
9.72
10.92
12.84
18.48
21.48
33.96
33.96
33.84
33.96
33.96
33.96
33.96
33.96
33.96
33.72
28.56
28.44
28.56
28.44
28.56
28.44
28.56
28.56
28.44
28.08
20.76
17.52
12.24
11.88
11.64
7.68
19.68
40.92
41.04
41.04
40.92
41.04
41.04
41.04
40.92
41.04
42.36
44.76
44.76
44.76
44.88
44.76
44.76
44.76
44.76
44.76
33.0
12.72
25.56
31.2
31.08
31.08
31.2
31.08
31.2
31.08
31.08
31.2
52.92
63.0
62.88
62.88
62.88
63.0
62.88
62.88
63.0
62.88
49.8
44.16
44.04
44.16
44.04
44.16
44.04
44.16
44.04
44.16
45.6
46.32
46.44
46.32
46.44
46.32
46.44
46.32
46.32
46.44
29.04
22.2
49.32
49.44
49.44
49.32
49.44
49.32
49.44
49.44
49.32
49.68
64.92
64.92
64.92
64.92
64.92
64.92
64.92
64.92
64.92
64.44
44.4
44.4
44.52
44.4
44.4
44.4
44.4
44.52
44.4
44.4
46.44
46.44
46.44
46.44
46.56
46.44
46.44
46.44
46.44
45.84
28.08
28.08
28.08
28.08
28.2
28.08
28.08
28.08
28.2
28.32
36.6
36.72
36.72
36.72
36.6
36.72
36.72
36.6
36.72
37.56
64.68
64.68
64.8
64.68
64.68
64.8
64.68
64.68
64.8
63.96
42.24
42.12
42.24
42.24
42.12
42.24
42.12
42.24
42.24
41.76
31.56
31.56
31.44
31.56
31.56
31.44
31.56
31.56
31.44
31.68
37.44
37.44
37.44
37.44
37.44
37.32
37.44
37.44
37.44
37.44
37.32
37.2
37.32
37.32
37.32
37.2
37.32
37.32
37.2
38.76
60.84
60.72
60.84
60.84
60.84
60.84
60.72
60.84
60.84
60.72
61.08
61.08
61.08
60.96
61.08
61.08
61.08
61.08
61.08
60.24
48.72
48.72
48.72
48.84
48.72
48.72
48.72
48.72
48.72
47.28
28.2
28.32
28.2
28.32
28.2
28.2
28.32
28.2
28.32
27.72
22.68
26.52
33.72
33.6
33.6
33.6
33.6
33.6
33.6
33.72
33.6
41.64
56.88
57.0
56.88
56.88
56.88
56.88
56.88
56.88
56.88
50.76
39.72
39.72
39.84
39.72
39.72
39.72
39.72
39.72
39.72
33.96
23.76
24.36
24.84
24.84
24.84
24.96
24.84
24.84
24.84
24.84
24.84
22.44
21.0
22.68
23.04
24.0
23.88
21.48
21.24
20.76
20.52
20.64
19.92
20.76
23.64
21.84
20.76
22.44
22.8
24.6
24.6
24.6
24.6
24.6
24.6
24.6
24.6
24.6
24.0
20.64
22.56
24.84
24.96
24.84
24.84
24.84
24.96
24.84
24.84
24.96
23.04
21.48
23.16
23.76
19.68
19.32
24.0
23.88
26.52
31.92
31.8
31.8
31.8
31.92
31.8
31.8
31.8
31.92
32.76
34.92
34.92
34.92
34.8
34.92
34.92
34.92
34.92
34.8
34.68
34.44
34.56
34.44
34.56
34.44
34.44
34.56
34.44
34.56
38.64
46.92
46.8
46.8
46.92
46.8
46.8
46.92
46.8
46.92
45.84
44.52
44.52
44.4
44.52
44.52
44.52
44.52
44.4
44.52
37.56
25.68
25.8
25.8
25.68
25.8
25.68
25.8
25.68
25.8
26.88
28.8
28.8
28.8
28.8
28.8
28.92
28.8
28.8
28.8
20.16
7.08
40.56
53.4
53.52
53.52
53.52
53.52
53.52
53.4
53.52
53.52
41.76
37.68
37.56
37.56
37.68
37.56
37.56
37.68
37.56
37.56
41.52
42.96
43.08
42.96
43.08
43.08
42.96
43.08
42.96
43.08
40.08
39.0
39.0
39.0
39.12
39.0
39.0
39.0
39.0
39.12
27.0
22.2
22.08
15.0
2.88
28.08
39.36
39.36
39.36
39.36
39.36
39.36
39.36
39.36
39.36
20.76
12.36
21.96
25.32
33.72
33.84
33.72
33.84
33.72
33.84
33.72
33.84
33.72
30.96
24.6
24.72
24.6
24.6
24.72
24.6
24.6
24.6
24.72
24.24
23.52
29.4
37.2
37.2
37.2
37.2
37.2
37.2
37.2
37.2
37.2
30.48
21.24
24.72
25.92
26.04
26.04
25.92
26.04
25.92
26.04
25.92
26.04
53.16
61.8
61.92
61.8
61.8
61.8
61.92
61.8
61.8
61.8
59.16
58.32
58.32
58.32
58.32
58.32
58.32
58.32
58.32
58.32
55.08
54.0
54.12
54.12
54.0
54.12
54.0
54.12
54.0
54.12
28.8
24.12
50.76
50.88
50.76
50.88
50.76
50.88
50.76
50.88
50.76
51.72
60.0
60.0
60.12
60.0
60.12
60.0
60.12
60.0
60.12
60.24
62.88
63.0
62.88
62.88
63.0
62.88
63.0
62.88
62.88
60.96
40.2
40.32
40.2
40.32
40.32
40.2
40.32
40.2
40.32
38.88
23.28
31.8
46.44
46.44
46.56
46.44
46.44
46.44
46.56
46.44
46.44
43.32
38.28
38.28
38.28
38.28
38.28
38.28
38.28
38.28
38.28
38.52
39.24
39.12
39.12
39.12
39.24
39.12
39.12
39.24
39.12
40.2
42.12
42.0
42.12
42.12
42.0
42.12
42.0
42.12
42.12
37.32
29.64
29.76
29.76
29.76
29.64
29.76
29.76
29.76
29.76
30.48
32.04
32.04
32.04
32.16
32.04
32.04
32.04
32.04
32.04
33.96
37.08
36.96
37.08
37.08
36.96
37.08
37.08
36.96
37.08
34.08
29.28
29.4
29.28
29.4
29.28
29.28
29.4
29.28
29.4
24.48
17.52
19.92
20.64
17.4
15.84
13.56
17.28
18.72
14.28
15.72
18.48
15.84
14.76
19.32
24.24
34.68
34.56
34.68
34.68
34.68
34.68
34.56
34.68
34.68
36.72
41.4
41.28
41.4
41.28
41.4
41.4
41.28
41.4
41.28
39.36
35.64
35.64
35.64
35.64
35.64
35.64
35.64
35.64
35.64
37.92
42.48
42.6
42.6
42.48
42.6
42.6
42.48
42.6
42.6
36.24
24.0
24.0
24.12
24.0
24.12
24.0
24.0
24.12
24.0
27.36
33.72
33.6
33.72
33.72
33.72
33.6
33.72
33.72
33.72
38.04
46.68
46.68
46.8
46.68
46.68
46.8
46.68
46.68
46.8
38.76
24.36
24.24
24.36
24.24
24.36
24.24
24.36
24.24
24.36
26.76
31.56
31.56
31.56
31.56
31.56
31.56
31.56
31.56
31.56
28.92
24.24
24.24
24.24
24.24
24.24
24.24
24.24
24.24
24.24
25.92
29.16
29.28
29.16
29.28
29.16
29.16
29.28
29.16
29.16
31.08
34.44
34.44
34.56
34.44
34.44
34.44
34.44
34.56
34.44
32.64
29.64
29.64
29.64
29.52
29.64
29.64
29.64
29.64
29.64
30.84
33.36
33.36
33.48
33.36
33.36
33.48
33.36
33.36
33.48
30.0
24.12
24.12
24.12
24.12
24.12
24.0
24.12
24.12
24.12
23.64
22.8
23.52
24.0
24.0
24.0
24.0
24.0
24.0
24.12
24.0
24.0
23.52
23.4
20.52
20.04
19.32
17.52
16.44
15.96
15.6
14.52
14.04
13.68
12.6
12.24
11.52
11.88
12.24
6.0
7.32
15.36
12.84
10.68
11.4
10.56
5.76
5.28
4.68
5.76
6.12
5.64
5.04
4.56
2.64
2.28
2.52
3.36
4.2
6.36
7.92
13.92
18.6
23.88
21.72
10.32
5.28
0.24
26.76
33.12
33.0
33.12
33.12
33.0
33.12
33.12
33.12
33.0
23.52
23.28
40.8
40.8
40.8
40.8
40.8
40.92
40.8
40.8
40.8
39.84
32.64
32.52
32.64
32.52
32.52
32.64
32.52
32.64
32.52
32.16
29.52
29.64
29.52
29.52
29.64
29.52
29.52
29.64
29.52
29.28
27.36
27.48
27.48
27.36
27.48
27.36
27.48
27.48
27.36
29.04
41.04
41.16
41.16
41.04
41.16
41.04
41.16
41.16
41.04
40.68
37.92
37.8
37.92
37.8
37.92
37.8
37.8
37.92
37.8
37.56
35.16
35.16
35.28
35.16
35.16
35.28
35.16
35.16
35.28
34.56
29.4
29.4
29.4
29.4
29.4
29.4
29.28
29.4
29.4
29.88
34.2
34.08
34.2
34.2
34.08
34.2
34.2
34.2
34.08
32.76
20.4
21.84
24.0
24.0
24.12
24.0
24.12
24.0
24.0
24.12
24.0
22.92
21.24
27.24
29.52
29.52
29.52
29.52
29.52
29.52
29.52
29.52
29.52
31.44
32.28
32.28
32.28
32.16
32.28
32.28
32.28
32.28
32.28
27.84
26.28
26.4
26.28
26.4
26.28
26.4
26.28
26.4
26.28
27.12
27.36
27.48
27.36
27.48
27.36
27.36
27.48
27.36
27.48
22.8
22.32
42.6
42.6
42.6
42.72
42.6
42.6
42.6
42.6
42.6
42.36
38.52
38.64
38.64
38.52
38.64
38.64
38.52
38.64
38.64
39.12
50.88
51.0
50.88
51.0
50.88
51.0
51.0
50.88
51.0
50.52
45.36
45.24
45.24
45.36
45.24
45.36
45.24
45.36
45.24
44.28
32.52
32.52
32.4
32.52
32.4
32.52
32.52
32.4
32.52
32.76
38.4
38.28
38.4
38.4
38.4
38.4
38.4
38.4
38.4
39.36
58.92
58.92
58.92
58.92
58.92
58.92
58.92
58.92
58.92
58.08
45.6
45.48
45.48
45.48
45.6
45.48
45.48
45.48
45.48
45.36
43.08
43.2
43.08
43.2
43.08
43.08
43.2
43.08
43.2
41.76
25.2
25.2
25.2
25.2
25.2
25.2
25.2
25.2
25.2
25.68
31.44
31.56
31.56
31.44
31.56
31.56
31.44
31.56
31.56
31.2
29.76
29.64
29.76
29.76
29.64
29.76
29.64
29.76
29.64
31.2
48.6
48.72
48.72
48.6
48.72
48.6
48.72
48.6
48.72
49.08
54.6
54.6
54.48
54.6
54.6
54.48
54.6
54.6
54.48
53.52
43.92
43.92
43.92
43.92
43.92
43.92
43.92
43.92
43.92
42.24
27.84
27.96
27.96
27.84
27.96
27.96
27.84
27.96
27.96
30.96
59.64
59.52
59.52
59.64
59.52
59.64
59.52
59.64
59.52
57.84
42.24
42.36
42.36
42.36
42.24
42.36
42.36
42.36
42.24
41.52
34.32
34.2
34.32
34.32
34.2
34.32
34.2
34.32
34.32
34.92
42.24
42.24
42.24
42.12
42.24
42.24
42.24
42.12
42.24
39.6
16.68
15.48
14.28
40.08
48.72
48.72
48.72
48.72
48.72
48.72
48.72
48.72
48.72
40.08
37.32
37.44
37.32
37.32
37.44
37.32
37.32
37.32
37.44
39.96
40.92
40.92
40.92
40.92
40.92
40.92
40.92
40.92
40.92
26.64
23.16
56.76
56.64
56.76
56.76
56.76
56.64
56.76
56.76
56.64
56.76
57.84
57.96
57.84
57.96
57.84
57.96
57.96
57.84
57.96
57.24
49.32
49.32
49.32
49.2
49.32
49.32
49.32
49.32
49.32
47.64
23.04
25.08
28.92
28.8
28.92
28.8
28.92
28.8
28.92
28.8
28.8
40.2
58.68
58.8
58.8
58.8
58.68
58.8
58.8
58.8
58.68
58.08
57.0
56.88
57.0
57.0
56.88
57.0
57.0
56.88
57.0
51.12
41.88
41.88
42.0
41.88
41.88
41.88
41.88
41.88
41.88
41.16
39.84
39.72
39.84
39.84
39.84
39.84
39.84
39.84
39.84
34.68
26.28
26.4
26.4
26.28
26.4
26.28
26.4
26.28
26.4
38.88
58.68
58.68
58.56
58.68
58.68
58.68
58.68
58.56
58.68
59.52
61.08
60.96
61.08
61.08
61.08
60.96
61.08
61.08
60.96
60.48
59.4
59.4
59.4
59.52
59.4
59.4
59.4
59.52
59.4
50.88
37.68
37.68
37.68
37.68
37.68
37.68
37.56
37.68
37.68
32.64
24.48
24.6
24.48
24.48
24.48
24.6
24.48
24.48
24.48
30.96
40.92
41.04
40.92
41.04
41.04
40.92
41.04
40.92
41.04
37.44
32.4
32.28
32.28
32.4
32.28
32.28
32.28
32.4
32.28
30.12
26.88
26.88
26.88
26.88
26.88
26.88
26.88
26.88
26.88
24.72
21.24
34.32
40.2
40.2
40.2
40.2
40.2
40.2
40.2
40.2
40.2
32.16
28.68
28.68
28.68
28.68
28.68
28.68
28.8
28.68
28.68
25.2
23.88
25.68
31.32
31.44
31.32
31.32
31.44
31.32
31.44
31.32
31.32
30.72
28.8
28.92
28.92
28.92
28.8
28.92
28.92
28.8
28.92
32.52
42.84
42.96
42.96
42.96
42.96
42.84
42.96
42.96
42.96
40.56
34.44
34.32
34.44
34.44
34.32
34.44
34.44
34.32
34.44
33.96
32.88
32.76
32.88
32.88
32.88
32.88
32.88
32.76
32.88
32.88
33.0
33.0
33.0
33.12
33.0
33.0
33.0
33.0
33.12
31.44
27.6
27.72
27.6
27.6
27.72
27.6
27.6
27.72
27.6
29.64
34.92
34.92
34.92
34.92
34.92
35.04
34.92
34.92
34.92
36.84
41.76
41.88
41.88
41.88
41.88
41.76
41.88
41.88
41.88
36.0
22.56
25.56
27.84
27.84
27.84
27.84
27.96
27.84
27.84
27.84
27.84
27.6
27.6
27.48
27.48
27.6
27.48
27.48
27.6
27.48
27.48
30.24
32.28
32.4
32.28
32.4
32.28
32.28
32.4
32.28
32.28
47.64
59.16
59.28
59.16
59.16
59.28
59.16
59.28
59.16
59.28
60.84
62.16
62.16
62.16
62.16
62.16
62.16
62.16
62.16
62.16
50.04
40.92
41.04
40.92
40.92
40.92
41.04
40.92
40.92
41.04
21.84
8.16
9.96
12.0
18.12
20.28
22.08
23.04
23.28
24.6
24.72
24.72
24.6
24.72
24.6
24.72
24.72
24.6
24.72
25.8
25.8
25.68
25.8
25.8
25.8
25.8
25.8
25.8
24.24
6.72
10.08
15.24
10.68
9.24
11.16
23.4
42.72
42.72
42.72
42.72
42.84
42.72
42.72
42.72
42.72
34.92
22.8
34.92
40.92
40.92
40.92
40.92
40.92
40.92
40.92
40.92
40.92
51.24
55.8
55.92
55.8
55.92
55.8
55.92
55.8
55.92
55.8
49.68
47.04
46.92
46.92
46.92
46.92
46.92
46.92
47.04
46.92
28.56
21.12
39.96
39.96
39.96
39.84
39.96
39.96
39.96
39.96
39.84
40.32
57.24
57.24
57.12
57.24
57.24
57.24
57.12
57.24
57.24
56.88
48.0
48.12
48.12
48.12
48.0
48.12
48.12
48.12
48.0
47.28
29.16
29.04
29.16
29.04
29.16
29.04
29.16
29.04
29.16
28.56
19.92
29.28
45.36
45.48
45.48
45.48
45.36
45.48
45.48
45.48
45.36
43.56
40.32
40.32
40.32
40.32
40.32
40.32
40.32
40.32
40.32
40.32
40.32
40.2
40.32
40.2
40.32
40.32
40.2
40.32
40.32
36.24
30.0
30.0
30.0
30.0
30.0
30.0
30.0
30.0
30.0
29.64
29.28
29.4
29.28
29.28
29.28
29.28
29.28
29.28
29.4
37.8
51.96
51.96
51.96
51.96
51.96
51.96
51.96
51.96
51.96
48.36
42.84
42.84
42.96
42.84
42.84
42.96
42.84
42.84
42.96
41.04
38.64
38.76
38.64
38.64
38.64
38.64
38.64
38.64
38.76
35.76
31.56
31.68
31.68
31.68
31.68
31.68
31.56
31.68
31.68
27.84
22.2
47.76
57.72
57.72
57.72
57.72
57.84
57.72
57.72
57.72
57.72
45.36
40.56
40.68
40.56
40.56
40.68
40.56
40.56
40.68
40.56
41.64
42.0
42.12
42.0
42.12
42.0
42.0
42.12
42.0
42.12
34.8
32.16
32.16
32.16
32.04
32.16
32.16
32.16
32.04
32.16
26.16
24.12
24.24
24.12
24.12
24.12
24.12
24.12
24.12
24.12
33.12
36.24
36.24
36.24
36.24
36.36
36.24
36.24
36.24
36.24
27.24
24.0
24.0
24.0
24.12
24.0
24.0
24.0
24.12
24.0
35.04
38.76
38.88
38.76
38.76
38.88
38.76
38.76
38.88
38.76
33.6
32.04
32.04
32.04
32.04
31.92
32.04
32.04
32.04
32.04
21.6
20.28
42.24
42.24
42.24
42.24
42.24
42.24
42.36
42.24
42.24
41.76
37.44
37.32
37.32
37.32
37.32
37.44
37.32
37.32
37.32
37.44
37.32
37.32
37.44
37.32
37.44
37.32
37.44
37.32
37.44
36.12
23.88
21.24
9.6
10.32
11.04
15.24
16.44
18.84
18.84
19.08
21.24
21.0
14.4
11.64
8.16
21.12
25.32
25.32
25.44
25.32
25.32
25.32
25.44
25.32
25.32
25.44
25.56
25.44
25.56
25.56
25.44
25.56
25.56
25.56
25.44
32.52
34.68
34.68
34.68
34.68
34.68
34.68
34.56
34.68
34.68
33.36
33.0
33.0
33.0
33.0
33.0
33.0
33.0
33.0
33.0
33.84
34.2
34.2
34.2
34.2
34.32
34.2
34.2
34.2
34.2
22.92
19.8
21.24
20.52
19.56
21.12
22.2
57.84
57.72
57.84
57.72
57.72
57.84
57.72
57.84
57.72
57.36
16.92
22.44
33.24
33.12
33.24
33.24
33.24
33.24
33.24
33.24
33.24
29.52
22.92
34.56
40.68
40.8
40.68
40.8
40.68
40.8
40.68
40.8
40.68
29.16
23.16
35.76
37.8
37.8
37.8
37.8
37.8
37.8
37.8
37.8
37.8
30.6
29.52
29.52
29.52
29.52
29.52
29.52
29.52
29.52
29.64
31.68
32.04
32.04
32.16
32.04
32.04
32.04
32.16
32.04
32.04
43.08
44.76
44.64
44.76
44.64
44.76
44.64
44.64
44.76
44.64
33.48
31.92
31.92
31.92
31.92
31.92
32.04
31.92
31.92
31.92
25.2
24.6
24.48
24.48
24.6
24.48
24.48
24.6
24.48
24.48
33.24
34.08
34.2
34.08
34.2
34.08
34.2
34.2
34.08
34.2
23.76
25.44
36.0
36.12
36.12
36.0
36.12
36.0
36.12
36.12
36.0
35.28
32.64
32.52
32.52
32.52
32.52
32.52
32.52
32.52
32.64
31.08
25.8
25.92
25.92
25.92
25.92
25.92
25.8
25.92
25.92
26.16
27.36
27.48
27.36
27.36
27.36
27.48
27.36
27.36
27.48
25.56
18.84
26.4
33.24
33.12
33.24
33.24
33.12
33.24
33.12
33.24
33.24
28.8
25.08
25.08
24.96
25.08
25.08
25.08
25.08
24.96
25.08
28.08
31.08
30.96
30.96
31.08
30.96
30.96
31.08
30.96
30.96
33.48
35.88
35.76
35.76
35.76
35.76
35.76
35.76
35.76
35.76
35.88
36.12
36.12
36.12
36.0
36.12
36.12
36.12
36.12
36.12
39.12
42.0
42.12
42.0
42.12
42.0
42.12
42.0
42.12
42.12
38.76
35.76
35.76
35.76
35.88
35.76
35.76
35.76
35.88
35.76
33.36
31.32
31.32
31.32
31.2
31.32
31.32
31.32
31.2
31.32
33.48
35.76
35.64
35.76
35.64
35.76
35.64
35.76
35.64
35.64
33.12
30.84
30.72
30.84
30.72
30.72
30.84
30.72
30.84
30.72
37.8
44.52
44.52
44.52
44.52
44.52
44.52
44.52
44.52
44.52
43.68
42.72
42.84
42.84
42.72
42.84
42.84
42.72
42.84
42.84
37.8
33.6
33.6
33.6
33.6
33.6
33.72
33.6
33.6
33.6
32.16
30.96
30.96
30.96
30.84
30.96
30.96
30.96
30.96
30.84
29.04
27.24
27.24
27.24
27.24
27.24
27.24
27.24
27.24
27.24
35.4
43.2
43.08
43.08
43.2
43.08
43.08
43.08
43.2
43.08
36.48
30.6
30.6
30.72
30.6
30.6
30.6
30.72
30.6
30.6
26.52
23.16
23.88
24.24
24.24
24.24
24.12
24.24
24.24
24.24
24.24
24.24
18.24
14.28
0.12
0.12
0.12
0.12
0.12
0.12
0.12
0.12
0.12
0.12
0.12
26.76
54.96
54.96
54.96
54.96
54.96
55.08
54.96
54.96
54.96
45.48
36.48
36.6
36.48
36.6
36.48
36.6
36.48
36.6
36.48
32.28
28.08
28.2
28.08
28.2
28.08
28.2
28.08
28.2
28.08
31.68
35.28
35.16
35.28
35.28
35.16
35.28
35.28
35.16
35.28
33.24
31.2
31.2
31.2
31.32
31.2
31.2
31.2
31.2
31.32
28.08
25.44
25.32
25.32
25.44
25.32
25.32
25.44
25.32
25.32
22.2
19.08
18.6
18.0
16.08
22.92
29.76
29.76
29.76
29.88
29.76
29.76
29.88
29.76
29.76
37.68
45.72
45.72
45.6
45.72
45.72
45.72
45.72
45.6
45.72
41.52
37.44
37.44
37.44
37.44
37.56
37.44
37.44
37.44
37.44
36.72
36.12
36.24
36.12
36.12
36.24
36.12
36.12
36.24
36.12
41.28
46.92
46.8
46.92
46.92
46.92
46.8
46.92
46.92
46.92
46.8
46.8
46.8
46.8
46.92
46.8
46.8
46.8
46.92
46.8
43.56
40.68
40.68
40.68
40.68
40.56
40.68
40.68
40.68
40.68
43.08
45.48
45.6
45.48
45.48
45.6
45.48
45.48
45.6
45.48
38.16
31.44
31.44
31.44
31.44
31.44
31.44
31.44
31.44
31.44
30.0
28.92
28.8
28.8
28.8
28.92
28.8
28.8
28.92
28.8
28.92
29.16
29.16
29.16
29.16
29.16
29.16
29.16
29.16
29.16
33.72
37.8
37.92
37.8
37.92
37.8
37.92
37.8
37.8
37.92
36.84
36.0
36.12
36.0
36.12
36.0
36.12
36.0
36.0
36.12
32.64
29.64
29.52
29.52
29.64
29.52
29.64
29.52
29.64
29.52
40.2
50.28
50.16
50.28
50.28
50.16
50.28
50.16
50.28
50.28
54.72
59.16
59.04
59.04
59.04
59.04
59.16
59.04
59.04
59.04
61.8
64.2
64.32
64.2
64.2
64.2
64.2
64.32
64.2
64.2
60.12
56.64
56.52
56.64
56.52
56.52
56.64
56.52
56.64
56.52
46.08
37.2
37.08
37.08
37.08
37.2
37.08
37.08
37.08
37.2
30.72
25.2
25.08
25.08
25.2
25.08
25.2
25.08
25.08
25.2
43.56
60.0
60.0
60.0
60.0
60.12
60.0
60.0
60.0
60.12
61.32
62.64
62.64
62.64
62.64
62.64
62.64
62.64
62.64
62.64
62.04
61.8
61.8
61.8
61.8
61.8
61.8
61.68
61.8
61.8
54.12
47.28
47.4
47.28
47.4
47.4
47.28
47.4
47.28
47.4
37.68
29.52
29.64
29.52
29.64
29.64
29.52
29.64
29.52
29.64
35.76
41.04
41.16
41.16
41.16
41.04
41.16
41.16
41.16
41.04
